2025-05-26 09:19:45,648 - INFO - ====== WebDriver manager ======
2025-05-26 09:19:45,836 - INFO - Get LATEST chromedriver version for google-chrome
2025-05-26 09:19:47,337 - INFO - Get LATEST chromedriver version for google-chrome
2025-05-26 09:19:48,855 - INFO - Get LATEST chromedriver version for google-chrome
2025-05-26 09:19:52,516 - INFO - WebDriver version 133.0.6943.141 selected
2025-05-26 09:19:52,527 - INFO - Modern chrome version https://storage.googleapis.com/chrome-for-testing-public/133.0.6943.141/linux64/chromedriver-linux64.zip
2025-05-26 09:19:52,528 - INFO - About to download new driver from https://storage.googleapis.com/chrome-for-testing-public/133.0.6943.141/linux64/chromedriver-linux64.zip
2025-05-26 09:19:54,169 - INFO - Driver downloading response is 200
2025-05-26 09:20:16,424 - INFO - Get LATEST chromedriver version for google-chrome
2025-05-26 09:20:18,349 - INFO - Driver has been saved in cache [/home/may/.wdm/drivers/chromedriver/linux64/133.0.6943.141]
2025-05-26 09:20:19,373 - INFO - Scraping role: Software-Developer, page: 1, URL: https://sg.jobsdb.com/Software-Developer-jobs?page=1
2025-05-26 09:20:37,588 - INFO - Scraping role: Software-Developer, page: 2, URL: https://sg.jobsdb.com/Software-Developer-jobs?page=2
2025-05-26 09:20:46,906 - INFO - Scraping role: Software-Developer, page: 3, URL: https://sg.jobsdb.com/Software-Developer-jobs?page=3
2025-05-26 09:20:56,154 - INFO - Scraping role: Software-Developer, page: 4, URL: https://sg.jobsdb.com/Software-Developer-jobs?page=4
2025-05-26 09:21:07,369 - INFO - Scraping role: Software-Developer, page: 5, URL: https://sg.jobsdb.com/Software-Developer-jobs?page=5
2025-05-26 09:21:17,993 - INFO - Scraping role: Software-Developer, page: 6, URL: https://sg.jobsdb.com/Software-Developer-jobs?page=6
2025-05-26 09:21:28,675 - INFO - Scraping role: Software-Developer, page: 7, URL: https://sg.jobsdb.com/Software-Developer-jobs?page=7
2025-05-26 09:21:38,855 - INFO - Scraping role: Software-Developer, page: 8, URL: https://sg.jobsdb.com/Software-Developer-jobs?page=8
2025-05-26 09:21:48,663 - INFO - Scraping role: Software-Developer, page: 9, URL: https://sg.jobsdb.com/Software-Developer-jobs?page=9
2025-05-26 09:21:59,613 - INFO - Scraping role: Software-Developer, page: 10, URL: https://sg.jobsdb.com/Software-Developer-jobs?page=10
2025-05-26 09:22:10,293 - INFO - Scraping role: Software-Developer, page: 11, URL: https://sg.jobsdb.com/Software-Developer-jobs?page=11
2025-05-26 09:22:19,615 - INFO - Scraping role: Software-Developer, page: 12, URL: https://sg.jobsdb.com/Software-Developer-jobs?page=12
2025-05-26 09:22:30,285 - INFO - Scraping role: Software-Developer, page: 13, URL: https://sg.jobsdb.com/Software-Developer-jobs?page=13
2025-05-26 09:22:40,351 - INFO - Scraping role: Software-Developer, page: 14, URL: https://sg.jobsdb.com/Software-Developer-jobs?page=14
2025-05-26 09:22:51,107 - INFO - Scraping role: Software-Developer, page: 15, URL: https://sg.jobsdb.com/Software-Developer-jobs?page=15
2025-05-26 09:23:01,518 - INFO - Scraping role: Software-Developer, page: 16, URL: https://sg.jobsdb.com/Software-Developer-jobs?page=16
2025-05-26 09:23:10,883 - INFO - Scraping role: Software-Developer, page: 17, URL: https://sg.jobsdb.com/Software-Developer-jobs?page=17
2025-05-26 09:23:20,713 - INFO - Scraping role: Software-Developer, page: 18, URL: https://sg.jobsdb.com/Software-Developer-jobs?page=18
2025-05-26 09:23:32,311 - INFO - Scraping role: Software-Developer, page: 19, URL: https://sg.jobsdb.com/Software-Developer-jobs?page=19
2025-05-26 09:23:42,014 - INFO - Scraping role: Software-Developer, page: 20, URL: https://sg.jobsdb.com/Software-Developer-jobs?page=20
2025-05-26 09:23:51,448 - INFO - Scraping role: Software-Developer, page: 21, URL: https://sg.jobsdb.com/Software-Developer-jobs?page=21
2025-05-26 09:24:00,752 - INFO - Scraping role: Software-Developer, page: 22, URL: https://sg.jobsdb.com/Software-Developer-jobs?page=22
2025-05-26 09:24:10,043 - INFO - Scraping role: Software-Developer, page: 23, URL: https://sg.jobsdb.com/Software-Developer-jobs?page=23
2025-05-26 09:24:19,571 - INFO - Scraping role: Software-Developer, page: 24, URL: https://sg.jobsdb.com/Software-Developer-jobs?page=24
2025-05-26 09:24:28,966 - INFO - Scraping role: Software-Developer, page: 25, URL: https://sg.jobsdb.com/Software-Developer-jobs?page=25
2025-05-26 09:24:38,393 - INFO - Scraping role: Software-Developer, page: 26, URL: https://sg.jobsdb.com/Software-Developer-jobs?page=26
2025-05-26 09:24:48,283 - INFO - Scraping role: Software-Developer, page: 27, URL: https://sg.jobsdb.com/Software-Developer-jobs?page=27
2025-05-26 09:24:57,671 - INFO - Scraping role: Software-Developer, page: 28, URL: https://sg.jobsdb.com/Software-Developer-jobs?page=28
2025-05-26 09:25:07,134 - INFO - Scraping role: Software-Developer, page: 29, URL: https://sg.jobsdb.com/Software-Developer-jobs?page=29
2025-05-26 09:25:16,508 - INFO - Scraping role: Software-Developer, page: 30, URL: https://sg.jobsdb.com/Software-Developer-jobs?page=30
2025-05-26 09:25:26,028 - INFO - Scraping role: Software-Developer, page: 31, URL: https://sg.jobsdb.com/Software-Developer-jobs?page=31
2025-05-26 09:25:35,473 - INFO - Scraping role: Software-Developer, page: 32, URL: https://sg.jobsdb.com/Software-Developer-jobs?page=32
2025-05-26 09:25:45,067 - INFO - Scraping role: Software-Developer, page: 33, URL: https://sg.jobsdb.com/Software-Developer-jobs?page=33
2025-05-26 09:25:54,578 - INFO - Scraping role: Software-Developer, page: 34, URL: https://sg.jobsdb.com/Software-Developer-jobs?page=34
2025-05-26 09:26:04,157 - INFO - Scraping role: Software-Developer, page: 35, URL: https://sg.jobsdb.com/Software-Developer-jobs?page=35
2025-05-26 09:26:13,659 - INFO - Scraping role: Software-Developer, page: 36, URL: https://sg.jobsdb.com/Software-Developer-jobs?page=36
2025-05-26 09:26:23,189 - INFO - Scraping role: Software-Developer, page: 37, URL: https://sg.jobsdb.com/Software-Developer-jobs?page=37
2025-05-26 09:26:33,115 - INFO - Scraping role: Software-Developer, page: 38, URL: https://sg.jobsdb.com/Software-Developer-jobs?page=38
2025-05-26 09:26:43,839 - INFO - Scraping role: Software-Developer, page: 39, URL: https://sg.jobsdb.com/Software-Developer-jobs?page=39
2025-05-26 09:26:55,005 - INFO - Scraping role: Software-Developer, page: 40, URL: https://sg.jobsdb.com/Software-Developer-jobs?page=40
2025-05-26 09:27:05,048 - INFO - Scraping role: Software-Developer, page: 41, URL: https://sg.jobsdb.com/Software-Developer-jobs?page=41
2025-05-26 09:27:14,722 - INFO - Scraping role: Software-Developer, page: 42, URL: https://sg.jobsdb.com/Software-Developer-jobs?page=42
2025-05-26 09:27:24,201 - INFO - Scraping role: Software-Developer, page: 43, URL: https://sg.jobsdb.com/Software-Developer-jobs?page=43
2025-05-26 09:27:33,467 - INFO - Scraping role: Software-Developer, page: 44, URL: https://sg.jobsdb.com/Software-Developer-jobs?page=44
2025-05-26 09:27:42,825 - INFO - Scraping role: Software-Developer, page: 45, URL: https://sg.jobsdb.com/Software-Developer-jobs?page=45
2025-05-26 09:27:52,349 - INFO - Scraping role: Software-Developer, page: 46, URL: https://sg.jobsdb.com/Software-Developer-jobs?page=46
2025-05-26 09:28:02,664 - INFO - Scraping role: Software-Developer, page: 47, URL: https://sg.jobsdb.com/Software-Developer-jobs?page=47
2025-05-26 09:28:13,387 - INFO - Scraping role: Software-Developer, page: 48, URL: https://sg.jobsdb.com/Software-Developer-jobs?page=48
2025-05-26 09:28:22,889 - INFO - Scraping role: Software-Developer, page: 49, URL: https://sg.jobsdb.com/Software-Developer-jobs?page=49
2025-05-26 09:28:32,323 - INFO - Scraping role: Software-Developer, page: 50, URL: https://sg.jobsdb.com/Software-Developer-jobs?page=50
2025-05-26 09:28:41,776 - INFO - Scraping role: Web-Developer, page: 1, URL: https://sg.jobsdb.com/Web-Developer-jobs?page=1
2025-05-26 09:28:53,272 - INFO - Scraping role: Web-Developer, page: 2, URL: https://sg.jobsdb.com/Web-Developer-jobs?page=2
2025-05-26 09:29:02,792 - INFO - Scraping role: Web-Developer, page: 3, URL: https://sg.jobsdb.com/Web-Developer-jobs?page=3
2025-05-26 09:29:12,341 - INFO - Scraping role: Web-Developer, page: 4, URL: https://sg.jobsdb.com/Web-Developer-jobs?page=4
2025-05-26 09:29:21,800 - INFO - Scraping role: Web-Developer, page: 5, URL: https://sg.jobsdb.com/Web-Developer-jobs?page=5
2025-05-26 09:29:31,216 - INFO - Scraping role: Web-Developer, page: 6, URL: https://sg.jobsdb.com/Web-Developer-jobs?page=6
2025-05-26 09:29:40,393 - INFO - Scraping role: Web-Developer, page: 7, URL: https://sg.jobsdb.com/Web-Developer-jobs?page=7
2025-05-26 09:29:49,998 - INFO - Scraping role: Web-Developer, page: 8, URL: https://sg.jobsdb.com/Web-Developer-jobs?page=8
2025-05-26 09:29:59,435 - INFO - Scraping role: Web-Developer, page: 9, URL: https://sg.jobsdb.com/Web-Developer-jobs?page=9
2025-05-26 09:30:08,835 - INFO - Scraping role: Web-Developer, page: 10, URL: https://sg.jobsdb.com/Web-Developer-jobs?page=10
2025-05-26 09:30:18,285 - INFO - Scraping role: Web-Developer, page: 11, URL: https://sg.jobsdb.com/Web-Developer-jobs?page=11
2025-05-26 09:30:27,904 - INFO - Scraping role: Web-Developer, page: 12, URL: https://sg.jobsdb.com/Web-Developer-jobs?page=12
2025-05-26 09:30:37,437 - INFO - Scraping role: Web-Developer, page: 13, URL: https://sg.jobsdb.com/Web-Developer-jobs?page=13
2025-05-26 09:30:46,927 - INFO - Scraping role: Web-Developer, page: 14, URL: https://sg.jobsdb.com/Web-Developer-jobs?page=14
2025-05-26 09:30:56,725 - INFO - Scraping role: Web-Developer, page: 15, URL: https://sg.jobsdb.com/Web-Developer-jobs?page=15
2025-05-26 09:31:06,411 - INFO - Scraping role: Web-Developer, page: 16, URL: https://sg.jobsdb.com/Web-Developer-jobs?page=16
2025-05-26 09:31:15,923 - INFO - Scraping role: Web-Developer, page: 17, URL: https://sg.jobsdb.com/Web-Developer-jobs?page=17
2025-05-26 09:31:25,386 - INFO - Scraping role: Web-Developer, page: 18, URL: https://sg.jobsdb.com/Web-Developer-jobs?page=18
2025-05-26 09:31:34,630 - INFO - Scraping role: Web-Developer, page: 19, URL: https://sg.jobsdb.com/Web-Developer-jobs?page=19
2025-05-26 09:31:44,015 - INFO - Scraping role: Web-Developer, page: 20, URL: https://sg.jobsdb.com/Web-Developer-jobs?page=20
2025-05-26 09:31:53,416 - INFO - Scraping role: Web-Developer, page: 21, URL: https://sg.jobsdb.com/Web-Developer-jobs?page=21
2025-05-26 09:32:02,997 - INFO - Scraping role: Web-Developer, page: 22, URL: https://sg.jobsdb.com/Web-Developer-jobs?page=22
2025-05-26 09:32:12,192 - INFO - Scraping role: Web-Developer, page: 23, URL: https://sg.jobsdb.com/Web-Developer-jobs?page=23
2025-05-26 09:32:21,595 - INFO - Scraping role: Web-Developer, page: 24, URL: https://sg.jobsdb.com/Web-Developer-jobs?page=24
2025-05-26 09:32:30,974 - INFO - Scraping role: Web-Developer, page: 25, URL: https://sg.jobsdb.com/Web-Developer-jobs?page=25
2025-05-26 09:32:40,354 - INFO - Scraping role: Web-Developer, page: 26, URL: https://sg.jobsdb.com/Web-Developer-jobs?page=26
2025-05-26 09:32:49,696 - INFO - Scraping role: Web-Developer, page: 27, URL: https://sg.jobsdb.com/Web-Developer-jobs?page=27
2025-05-26 09:32:59,081 - INFO - Scraping role: Web-Developer, page: 28, URL: https://sg.jobsdb.com/Web-Developer-jobs?page=28
2025-05-26 09:33:08,638 - INFO - Scraping role: Web-Developer, page: 29, URL: https://sg.jobsdb.com/Web-Developer-jobs?page=29
2025-05-26 09:33:18,047 - INFO - Scraping role: Web-Developer, page: 30, URL: https://sg.jobsdb.com/Web-Developer-jobs?page=30
2025-05-26 09:33:27,855 - INFO - Scraping role: Web-Developer, page: 31, URL: https://sg.jobsdb.com/Web-Developer-jobs?page=31
2025-05-26 09:33:37,157 - INFO - Scraping role: Web-Developer, page: 32, URL: https://sg.jobsdb.com/Web-Developer-jobs?page=32
2025-05-26 09:33:46,688 - INFO - Scraping role: Web-Developer, page: 33, URL: https://sg.jobsdb.com/Web-Developer-jobs?page=33
2025-05-26 09:33:58,616 - INFO - Scraping role: Web-Developer, page: 34, URL: https://sg.jobsdb.com/Web-Developer-jobs?page=34
2025-05-26 09:34:08,553 - INFO - Scraping role: Web-Developer, page: 35, URL: https://sg.jobsdb.com/Web-Developer-jobs?page=35
2025-05-26 09:34:19,808 - INFO - Scraping role: Web-Developer, page: 36, URL: https://sg.jobsdb.com/Web-Developer-jobs?page=36
2025-05-26 09:34:30,927 - INFO - Scraping role: Web-Developer, page: 37, URL: https://sg.jobsdb.com/Web-Developer-jobs?page=37
2025-05-26 09:34:42,334 - INFO - Scraping role: Web-Developer, page: 38, URL: https://sg.jobsdb.com/Web-Developer-jobs?page=38
2025-05-26 09:34:54,463 - INFO - Scraping role: Web-Developer, page: 39, URL: https://sg.jobsdb.com/Web-Developer-jobs?page=39
2025-05-26 09:35:04,570 - INFO - Scraping role: Web-Developer, page: 40, URL: https://sg.jobsdb.com/Web-Developer-jobs?page=40
2025-05-26 09:35:14,270 - INFO - Scraping role: Web-Developer, page: 41, URL: https://sg.jobsdb.com/Web-Developer-jobs?page=41
2025-05-26 09:35:23,782 - INFO - Scraping role: Web-Developer, page: 42, URL: https://sg.jobsdb.com/Web-Developer-jobs?page=42
2025-05-26 09:35:34,879 - INFO - Scraping role: Web-Developer, page: 43, URL: https://sg.jobsdb.com/Web-Developer-jobs?page=43
2025-05-26 09:35:44,923 - INFO - Scraping role: Web-Developer, page: 44, URL: https://sg.jobsdb.com/Web-Developer-jobs?page=44
2025-05-26 09:35:54,584 - INFO - Scraping role: Web-Developer, page: 45, URL: https://sg.jobsdb.com/Web-Developer-jobs?page=45
2025-05-26 09:36:04,257 - INFO - Scraping role: Web-Developer, page: 46, URL: https://sg.jobsdb.com/Web-Developer-jobs?page=46
2025-05-26 09:36:14,852 - INFO - Scraping role: Web-Developer, page: 47, URL: https://sg.jobsdb.com/Web-Developer-jobs?page=47
2025-05-26 09:36:25,713 - INFO - Scraping role: Web-Developer, page: 48, URL: https://sg.jobsdb.com/Web-Developer-jobs?page=48
2025-05-26 09:36:36,862 - INFO - Scraping role: Web-Developer, page: 49, URL: https://sg.jobsdb.com/Web-Developer-jobs?page=49
2025-05-26 09:36:47,983 - INFO - Scraping role: Web-Developer, page: 50, URL: https://sg.jobsdb.com/Web-Developer-jobs?page=50
2025-05-26 09:36:59,040 - INFO - Scraping role: Data-Scientist, page: 1, URL: https://sg.jobsdb.com/Data-Scientist-jobs?page=1
2025-05-26 09:37:08,372 - INFO - Scraping role: Data-Scientist, page: 2, URL: https://sg.jobsdb.com/Data-Scientist-jobs?page=2
2025-05-26 09:37:18,615 - INFO - Scraping role: Data-Scientist, page: 3, URL: https://sg.jobsdb.com/Data-Scientist-jobs?page=3
2025-05-26 09:37:29,062 - INFO - Scraping role: Data-Scientist, page: 4, URL: https://sg.jobsdb.com/Data-Scientist-jobs?page=4
2025-05-26 09:37:40,441 - INFO - Scraping role: Data-Scientist, page: 5, URL: https://sg.jobsdb.com/Data-Scientist-jobs?page=5
2025-05-26 09:37:50,943 - INFO - Scraping role: Data-Scientist, page: 6, URL: https://sg.jobsdb.com/Data-Scientist-jobs?page=6
2025-05-26 09:38:01,939 - INFO - Scraping role: Data-Scientist, page: 7, URL: https://sg.jobsdb.com/Data-Scientist-jobs?page=7
2025-05-26 09:38:12,211 - INFO - Scraping role: Data-Scientist, page: 8, URL: https://sg.jobsdb.com/Data-Scientist-jobs?page=8
2025-05-26 09:38:22,366 - INFO - Scraping role: Data-Scientist, page: 9, URL: https://sg.jobsdb.com/Data-Scientist-jobs?page=9
2025-05-26 09:38:33,822 - INFO - Scraping role: Data-Scientist, page: 10, URL: https://sg.jobsdb.com/Data-Scientist-jobs?page=10
2025-05-26 09:38:44,893 - INFO - Scraping role: Data-Scientist, page: 11, URL: https://sg.jobsdb.com/Data-Scientist-jobs?page=11
2025-05-26 09:38:54,047 - INFO - Scraping role: Data-Scientist, page: 12, URL: https://sg.jobsdb.com/Data-Scientist-jobs?page=12
2025-05-26 09:39:03,438 - INFO - Scraping role: Data-Scientist, page: 13, URL: https://sg.jobsdb.com/Data-Scientist-jobs?page=13
2025-05-26 09:39:13,749 - INFO - Scraping role: Data-Scientist, page: 14, URL: https://sg.jobsdb.com/Data-Scientist-jobs?page=14
2025-05-26 09:39:24,061 - INFO - Scraping role: Data-Scientist, page: 15, URL: https://sg.jobsdb.com/Data-Scientist-jobs?page=15
2025-05-26 09:39:34,005 - INFO - Scraping role: Data-Scientist, page: 16, URL: https://sg.jobsdb.com/Data-Scientist-jobs?page=16
2025-05-26 09:39:43,584 - INFO - Scraping role: Data-Scientist, page: 17, URL: https://sg.jobsdb.com/Data-Scientist-jobs?page=17
2025-05-26 09:39:53,834 - INFO - Scraping role: Data-Scientist, page: 18, URL: https://sg.jobsdb.com/Data-Scientist-jobs?page=18
2025-05-26 09:40:04,314 - INFO - Scraping role: Data-Scientist, page: 19, URL: https://sg.jobsdb.com/Data-Scientist-jobs?page=19
2025-05-26 09:40:15,038 - INFO - Scraping role: Data-Scientist, page: 20, URL: https://sg.jobsdb.com/Data-Scientist-jobs?page=20
2025-05-26 09:40:25,266 - INFO - Scraping role: Data-Scientist, page: 21, URL: https://sg.jobsdb.com/Data-Scientist-jobs?page=21
2025-05-26 09:40:35,531 - INFO - Scraping role: Data-Scientist, page: 22, URL: https://sg.jobsdb.com/Data-Scientist-jobs?page=22
2025-05-26 09:40:46,444 - INFO - Scraping role: Data-Scientist, page: 23, URL: https://sg.jobsdb.com/Data-Scientist-jobs?page=23
2025-05-26 09:40:57,841 - INFO - Scraping role: Data-Scientist, page: 24, URL: https://sg.jobsdb.com/Data-Scientist-jobs?page=24
2025-05-26 09:41:07,757 - INFO - Scraping role: Data-Scientist, page: 25, URL: https://sg.jobsdb.com/Data-Scientist-jobs?page=25
2025-05-26 09:41:19,228 - INFO - Scraping role: Data-Scientist, page: 26, URL: https://sg.jobsdb.com/Data-Scientist-jobs?page=26
2025-05-26 09:41:29,704 - INFO - Scraping role: Data-Scientist, page: 27, URL: https://sg.jobsdb.com/Data-Scientist-jobs?page=27
2025-05-26 09:41:41,190 - INFO - Scraping role: Data-Scientist, page: 28, URL: https://sg.jobsdb.com/Data-Scientist-jobs?page=28
2025-05-26 09:41:52,609 - INFO - Scraping role: Data-Scientist, page: 29, URL: https://sg.jobsdb.com/Data-Scientist-jobs?page=29
2025-05-26 09:42:03,981 - INFO - Scraping role: Data-Scientist, page: 30, URL: https://sg.jobsdb.com/Data-Scientist-jobs?page=30
2025-05-26 09:42:14,709 - INFO - Scraping role: Data-Scientist, page: 31, URL: https://sg.jobsdb.com/Data-Scientist-jobs?page=31
2025-05-26 09:42:25,125 - INFO - Scraping role: Data-Scientist, page: 32, URL: https://sg.jobsdb.com/Data-Scientist-jobs?page=32
2025-05-26 09:42:35,695 - INFO - Scraping role: Data-Scientist, page: 33, URL: https://sg.jobsdb.com/Data-Scientist-jobs?page=33
2025-05-26 09:42:46,729 - INFO - Scraping role: Data-Scientist, page: 34, URL: https://sg.jobsdb.com/Data-Scientist-jobs?page=34
2025-05-26 09:42:57,460 - INFO - Scraping role: Data-Scientist, page: 35, URL: https://sg.jobsdb.com/Data-Scientist-jobs?page=35
2025-05-26 09:43:08,669 - INFO - Scraping role: Data-Scientist, page: 36, URL: https://sg.jobsdb.com/Data-Scientist-jobs?page=36
2025-05-26 09:43:19,523 - INFO - Scraping role: Data-Scientist, page: 37, URL: https://sg.jobsdb.com/Data-Scientist-jobs?page=37
2025-05-26 09:43:30,312 - INFO - Scraping role: Data-Scientist, page: 38, URL: https://sg.jobsdb.com/Data-Scientist-jobs?page=38
2025-05-26 09:43:40,882 - INFO - Scraping role: Data-Scientist, page: 39, URL: https://sg.jobsdb.com/Data-Scientist-jobs?page=39
2025-05-26 09:43:51,881 - INFO - Scraping role: Data-Scientist, page: 40, URL: https://sg.jobsdb.com/Data-Scientist-jobs?page=40
2025-05-26 09:44:01,783 - INFO - Scraping role: Data-Scientist, page: 41, URL: https://sg.jobsdb.com/Data-Scientist-jobs?page=41
2025-05-26 09:44:11,659 - INFO - Scraping role: Data-Scientist, page: 42, URL: https://sg.jobsdb.com/Data-Scientist-jobs?page=42
2025-05-26 09:44:23,251 - INFO - Scraping role: Data-Scientist, page: 43, URL: https://sg.jobsdb.com/Data-Scientist-jobs?page=43
2025-05-26 09:44:33,740 - INFO - Scraping role: Data-Scientist, page: 44, URL: https://sg.jobsdb.com/Data-Scientist-jobs?page=44
2025-05-26 09:44:44,425 - INFO - Scraping role: Data-Scientist, page: 45, URL: https://sg.jobsdb.com/Data-Scientist-jobs?page=45
2025-05-26 09:44:55,306 - INFO - Scraping role: Data-Scientist, page: 46, URL: https://sg.jobsdb.com/Data-Scientist-jobs?page=46
2025-05-26 09:45:05,302 - INFO - Scraping role: Data-Scientist, page: 47, URL: https://sg.jobsdb.com/Data-Scientist-jobs?page=47
2025-05-26 09:45:15,509 - INFO - Scraping role: Data-Scientist, page: 48, URL: https://sg.jobsdb.com/Data-Scientist-jobs?page=48
2025-05-26 09:45:25,742 - INFO - Scraping role: Data-Scientist, page: 49, URL: https://sg.jobsdb.com/Data-Scientist-jobs?page=49
2025-05-26 09:45:35,613 - INFO - Scraping role: Data-Scientist, page: 50, URL: https://sg.jobsdb.com/Data-Scientist-jobs?page=50
2025-05-26 09:45:45,618 - INFO - Scraping role: Data-Analyst, page: 1, URL: https://sg.jobsdb.com/Data-Analyst-jobs?page=1
2025-05-26 09:45:56,254 - INFO - Scraping role: Data-Analyst, page: 2, URL: https://sg.jobsdb.com/Data-Analyst-jobs?page=2
2025-05-26 09:46:07,739 - INFO - Scraping role: Data-Analyst, page: 3, URL: https://sg.jobsdb.com/Data-Analyst-jobs?page=3
2025-05-26 09:46:19,741 - INFO - Scraping role: Data-Analyst, page: 4, URL: https://sg.jobsdb.com/Data-Analyst-jobs?page=4
2025-05-26 09:46:28,803 - INFO - Scraping role: Data-Analyst, page: 5, URL: https://sg.jobsdb.com/Data-Analyst-jobs?page=5
2025-05-26 09:46:38,054 - INFO - Scraping role: Data-Analyst, page: 6, URL: https://sg.jobsdb.com/Data-Analyst-jobs?page=6
2025-05-26 09:46:47,631 - INFO - Scraping role: Data-Analyst, page: 7, URL: https://sg.jobsdb.com/Data-Analyst-jobs?page=7
2025-05-26 09:46:57,485 - INFO - Scraping role: Data-Analyst, page: 8, URL: https://sg.jobsdb.com/Data-Analyst-jobs?page=8
2025-05-26 09:47:07,106 - INFO - Scraping role: Data-Analyst, page: 9, URL: https://sg.jobsdb.com/Data-Analyst-jobs?page=9
2025-05-26 09:47:16,626 - INFO - Scraping role: Data-Analyst, page: 10, URL: https://sg.jobsdb.com/Data-Analyst-jobs?page=10
2025-05-26 09:47:27,084 - INFO - Scraping role: Data-Analyst, page: 11, URL: https://sg.jobsdb.com/Data-Analyst-jobs?page=11
2025-05-26 09:47:36,604 - INFO - Scraping role: Data-Analyst, page: 12, URL: https://sg.jobsdb.com/Data-Analyst-jobs?page=12
2025-05-26 09:47:46,173 - INFO - Scraping role: Data-Analyst, page: 13, URL: https://sg.jobsdb.com/Data-Analyst-jobs?page=13
2025-05-26 09:47:55,700 - INFO - Scraping role: Data-Analyst, page: 14, URL: https://sg.jobsdb.com/Data-Analyst-jobs?page=14
2025-05-26 09:48:07,029 - INFO - Scraping role: Data-Analyst, page: 15, URL: https://sg.jobsdb.com/Data-Analyst-jobs?page=15
2025-05-26 09:48:16,650 - INFO - Scraping role: Data-Analyst, page: 16, URL: https://sg.jobsdb.com/Data-Analyst-jobs?page=16
2025-05-26 09:48:27,793 - INFO - Scraping role: Data-Analyst, page: 17, URL: https://sg.jobsdb.com/Data-Analyst-jobs?page=17
2025-05-26 09:48:37,593 - INFO - Scraping role: Data-Analyst, page: 18, URL: https://sg.jobsdb.com/Data-Analyst-jobs?page=18
2025-05-26 09:48:47,396 - INFO - Scraping role: Data-Analyst, page: 19, URL: https://sg.jobsdb.com/Data-Analyst-jobs?page=19
2025-05-26 09:48:57,268 - INFO - Scraping role: Data-Analyst, page: 20, URL: https://sg.jobsdb.com/Data-Analyst-jobs?page=20
2025-05-26 09:49:07,620 - INFO - Scraping role: Data-Analyst, page: 21, URL: https://sg.jobsdb.com/Data-Analyst-jobs?page=21
2025-05-26 09:49:17,451 - INFO - Scraping role: Data-Analyst, page: 22, URL: https://sg.jobsdb.com/Data-Analyst-jobs?page=22
2025-05-26 09:49:27,140 - INFO - Scraping role: Data-Analyst, page: 23, URL: https://sg.jobsdb.com/Data-Analyst-jobs?page=23
2025-05-26 09:49:36,697 - INFO - Scraping role: Data-Analyst, page: 24, URL: https://sg.jobsdb.com/Data-Analyst-jobs?page=24
2025-05-26 09:49:46,501 - INFO - Scraping role: Data-Analyst, page: 25, URL: https://sg.jobsdb.com/Data-Analyst-jobs?page=25
2025-05-26 09:49:56,563 - INFO - Scraping role: Data-Analyst, page: 26, URL: https://sg.jobsdb.com/Data-Analyst-jobs?page=26
2025-05-26 09:50:06,240 - INFO - Scraping role: Data-Analyst, page: 27, URL: https://sg.jobsdb.com/Data-Analyst-jobs?page=27
2025-05-26 09:50:15,847 - INFO - Scraping role: Data-Analyst, page: 28, URL: https://sg.jobsdb.com/Data-Analyst-jobs?page=28
2025-05-26 09:50:25,385 - INFO - Scraping role: Data-Analyst, page: 29, URL: https://sg.jobsdb.com/Data-Analyst-jobs?page=29
2025-05-26 09:50:34,880 - INFO - Scraping role: Data-Analyst, page: 30, URL: https://sg.jobsdb.com/Data-Analyst-jobs?page=30
2025-05-26 09:50:44,767 - INFO - Scraping role: Data-Analyst, page: 31, URL: https://sg.jobsdb.com/Data-Analyst-jobs?page=31
2025-05-26 09:50:54,424 - INFO - Scraping role: Data-Analyst, page: 32, URL: https://sg.jobsdb.com/Data-Analyst-jobs?page=32
2025-05-26 09:51:04,070 - INFO - Scraping role: Data-Analyst, page: 33, URL: https://sg.jobsdb.com/Data-Analyst-jobs?page=33
2025-05-26 09:51:13,564 - INFO - Scraping role: Data-Analyst, page: 34, URL: https://sg.jobsdb.com/Data-Analyst-jobs?page=34
2025-05-26 09:51:24,543 - INFO - Scraping role: Data-Analyst, page: 35, URL: https://sg.jobsdb.com/Data-Analyst-jobs?page=35
2025-05-26 09:51:34,517 - INFO - Scraping role: Data-Analyst, page: 36, URL: https://sg.jobsdb.com/Data-Analyst-jobs?page=36
2025-05-26 09:51:44,301 - INFO - Scraping role: Data-Analyst, page: 37, URL: https://sg.jobsdb.com/Data-Analyst-jobs?page=37
2025-05-26 09:51:54,058 - INFO - Scraping role: Data-Analyst, page: 38, URL: https://sg.jobsdb.com/Data-Analyst-jobs?page=38
2025-05-26 09:52:04,450 - INFO - Scraping role: Data-Analyst, page: 39, URL: https://sg.jobsdb.com/Data-Analyst-jobs?page=39
2025-05-26 09:52:14,335 - INFO - Scraping role: Data-Analyst, page: 40, URL: https://sg.jobsdb.com/Data-Analyst-jobs?page=40
2025-05-26 09:52:23,841 - INFO - Scraping role: Data-Analyst, page: 41, URL: https://sg.jobsdb.com/Data-Analyst-jobs?page=41
2025-05-26 09:52:33,260 - INFO - Scraping role: Data-Analyst, page: 42, URL: https://sg.jobsdb.com/Data-Analyst-jobs?page=42
2025-05-26 09:52:42,743 - INFO - Scraping role: Data-Analyst, page: 43, URL: https://sg.jobsdb.com/Data-Analyst-jobs?page=43
2025-05-26 09:52:52,490 - INFO - Scraping role: Data-Analyst, page: 44, URL: https://sg.jobsdb.com/Data-Analyst-jobs?page=44
2025-05-26 09:53:01,797 - INFO - Scraping role: Data-Analyst, page: 45, URL: https://sg.jobsdb.com/Data-Analyst-jobs?page=45
2025-05-26 09:53:11,311 - INFO - Scraping role: Data-Analyst, page: 46, URL: https://sg.jobsdb.com/Data-Analyst-jobs?page=46
2025-05-26 09:53:20,801 - INFO - Scraping role: Data-Analyst, page: 47, URL: https://sg.jobsdb.com/Data-Analyst-jobs?page=47
2025-05-26 09:53:30,406 - INFO - Scraping role: Data-Analyst, page: 48, URL: https://sg.jobsdb.com/Data-Analyst-jobs?page=48
2025-05-26 09:53:39,961 - INFO - Scraping role: Data-Analyst, page: 49, URL: https://sg.jobsdb.com/Data-Analyst-jobs?page=49
2025-05-26 09:53:49,527 - INFO - Scraping role: Data-Analyst, page: 50, URL: https://sg.jobsdb.com/Data-Analyst-jobs?page=50
2025-05-26 09:53:58,932 - INFO - Scraping role: AI-Engineer, page: 1, URL: https://sg.jobsdb.com/AI-Engineer-jobs?page=1
2025-05-26 09:54:11,021 - INFO - Scraping role: AI-Engineer, page: 2, URL: https://sg.jobsdb.com/AI-Engineer-jobs?page=2
2025-05-26 09:54:22,404 - INFO - Scraping role: AI-Engineer, page: 3, URL: https://sg.jobsdb.com/AI-Engineer-jobs?page=3
2025-05-26 09:54:33,994 - INFO - Scraping role: AI-Engineer, page: 4, URL: https://sg.jobsdb.com/AI-Engineer-jobs?page=4
2025-05-26 09:54:45,162 - INFO - Scraping role: AI-Engineer, page: 5, URL: https://sg.jobsdb.com/AI-Engineer-jobs?page=5
2025-05-26 09:54:56,727 - INFO - Scraping role: AI-Engineer, page: 6, URL: https://sg.jobsdb.com/AI-Engineer-jobs?page=6
2025-05-26 09:55:08,086 - INFO - Scraping role: AI-Engineer, page: 7, URL: https://sg.jobsdb.com/AI-Engineer-jobs?page=7
2025-05-26 09:55:19,690 - INFO - Scraping role: AI-Engineer, page: 8, URL: https://sg.jobsdb.com/AI-Engineer-jobs?page=8
2025-05-26 09:55:31,047 - INFO - Scraping role: AI-Engineer, page: 9, URL: https://sg.jobsdb.com/AI-Engineer-jobs?page=9
2025-05-26 09:55:42,271 - INFO - Scraping role: AI-Engineer, page: 10, URL: https://sg.jobsdb.com/AI-Engineer-jobs?page=10
2025-05-26 09:55:53,675 - INFO - Scraping role: AI-Engineer, page: 11, URL: https://sg.jobsdb.com/AI-Engineer-jobs?page=11
2025-05-26 09:56:05,044 - INFO - Scraping role: AI-Engineer, page: 12, URL: https://sg.jobsdb.com/AI-Engineer-jobs?page=12
2025-05-26 09:56:16,586 - INFO - Scraping role: AI-Engineer, page: 13, URL: https://sg.jobsdb.com/AI-Engineer-jobs?page=13
2025-05-26 09:56:28,306 - INFO - Scraping role: AI-Engineer, page: 14, URL: https://sg.jobsdb.com/AI-Engineer-jobs?page=14
2025-05-26 09:56:40,226 - INFO - Scraping role: AI-Engineer, page: 15, URL: https://sg.jobsdb.com/AI-Engineer-jobs?page=15
2025-05-26 09:56:51,592 - INFO - Scraping role: AI-Engineer, page: 16, URL: https://sg.jobsdb.com/AI-Engineer-jobs?page=16
2025-05-26 09:57:02,870 - INFO - Scraping role: AI-Engineer, page: 17, URL: https://sg.jobsdb.com/AI-Engineer-jobs?page=17
2025-05-26 09:57:14,231 - INFO - Scraping role: AI-Engineer, page: 18, URL: https://sg.jobsdb.com/AI-Engineer-jobs?page=18
2025-05-26 09:57:25,154 - INFO - Scraping role: AI-Engineer, page: 19, URL: https://sg.jobsdb.com/AI-Engineer-jobs?page=19
2025-05-26 09:57:37,486 - INFO - Scraping role: AI-Engineer, page: 20, URL: https://sg.jobsdb.com/AI-Engineer-jobs?page=20
2025-05-26 09:57:49,161 - INFO - Scraping role: AI-Engineer, page: 21, URL: https://sg.jobsdb.com/AI-Engineer-jobs?page=21
2025-05-26 09:58:00,469 - INFO - Scraping role: AI-Engineer, page: 22, URL: https://sg.jobsdb.com/AI-Engineer-jobs?page=22
2025-05-26 09:58:11,819 - INFO - Scraping role: AI-Engineer, page: 23, URL: https://sg.jobsdb.com/AI-Engineer-jobs?page=23
2025-05-26 09:58:23,267 - INFO - Scraping role: AI-Engineer, page: 24, URL: https://sg.jobsdb.com/AI-Engineer-jobs?page=24
2025-05-26 09:58:34,795 - INFO - Scraping role: AI-Engineer, page: 25, URL: https://sg.jobsdb.com/AI-Engineer-jobs?page=25
2025-05-26 09:58:46,310 - INFO - Scraping role: AI-Engineer, page: 26, URL: https://sg.jobsdb.com/AI-Engineer-jobs?page=26
2025-05-26 09:58:57,665 - INFO - Scraping role: AI-Engineer, page: 27, URL: https://sg.jobsdb.com/AI-Engineer-jobs?page=27
2025-05-26 09:59:08,899 - INFO - Scraping role: AI-Engineer, page: 28, URL: https://sg.jobsdb.com/AI-Engineer-jobs?page=28
2025-05-26 09:59:20,296 - INFO - Scraping role: AI-Engineer, page: 29, URL: https://sg.jobsdb.com/AI-Engineer-jobs?page=29
2025-05-26 09:59:31,469 - INFO - Scraping role: AI-Engineer, page: 30, URL: https://sg.jobsdb.com/AI-Engineer-jobs?page=30
2025-05-26 09:59:42,808 - INFO - Scraping role: AI-Engineer, page: 31, URL: https://sg.jobsdb.com/AI-Engineer-jobs?page=31
2025-05-26 09:59:53,972 - INFO - Scraping role: AI-Engineer, page: 32, URL: https://sg.jobsdb.com/AI-Engineer-jobs?page=32
2025-05-26 10:00:05,257 - INFO - Scraping role: AI-Engineer, page: 33, URL: https://sg.jobsdb.com/AI-Engineer-jobs?page=33
2025-05-26 10:00:16,798 - INFO - Scraping role: AI-Engineer, page: 34, URL: https://sg.jobsdb.com/AI-Engineer-jobs?page=34
2025-05-26 10:00:28,344 - INFO - Scraping role: AI-Engineer, page: 35, URL: https://sg.jobsdb.com/AI-Engineer-jobs?page=35
2025-05-26 10:00:39,586 - INFO - Scraping role: AI-Engineer, page: 36, URL: https://sg.jobsdb.com/AI-Engineer-jobs?page=36
2025-05-26 10:00:51,000 - INFO - Scraping role: AI-Engineer, page: 37, URL: https://sg.jobsdb.com/AI-Engineer-jobs?page=37
2025-05-26 10:01:02,240 - INFO - Scraping role: AI-Engineer, page: 38, URL: https://sg.jobsdb.com/AI-Engineer-jobs?page=38
2025-05-26 10:01:13,535 - INFO - Scraping role: AI-Engineer, page: 39, URL: https://sg.jobsdb.com/AI-Engineer-jobs?page=39
2025-05-26 10:01:24,695 - INFO - Scraping role: AI-Engineer, page: 40, URL: https://sg.jobsdb.com/AI-Engineer-jobs?page=40
2025-05-26 10:01:35,882 - INFO - Scraping role: AI-Engineer, page: 41, URL: https://sg.jobsdb.com/AI-Engineer-jobs?page=41
2025-05-26 10:01:47,145 - INFO - Scraping role: AI-Engineer, page: 42, URL: https://sg.jobsdb.com/AI-Engineer-jobs?page=42
2025-05-26 10:01:58,438 - INFO - Scraping role: AI-Engineer, page: 43, URL: https://sg.jobsdb.com/AI-Engineer-jobs?page=43
2025-05-26 10:02:09,868 - INFO - Scraping role: AI-Engineer, page: 44, URL: https://sg.jobsdb.com/AI-Engineer-jobs?page=44
2025-05-26 10:02:21,434 - INFO - Scraping role: AI-Engineer, page: 45, URL: https://sg.jobsdb.com/AI-Engineer-jobs?page=45
2025-05-26 10:02:32,893 - INFO - Scraping role: AI-Engineer, page: 46, URL: https://sg.jobsdb.com/AI-Engineer-jobs?page=46
2025-05-26 10:02:44,260 - INFO - Scraping role: AI-Engineer, page: 47, URL: https://sg.jobsdb.com/AI-Engineer-jobs?page=47
2025-05-26 10:02:55,668 - INFO - Scraping role: AI-Engineer, page: 48, URL: https://sg.jobsdb.com/AI-Engineer-jobs?page=48
2025-05-26 10:03:06,949 - INFO - Scraping role: AI-Engineer, page: 49, URL: https://sg.jobsdb.com/AI-Engineer-jobs?page=49
2025-05-26 10:03:18,119 - INFO - Scraping role: AI-Engineer, page: 50, URL: https://sg.jobsdb.com/AI-Engineer-jobs?page=50
2025-05-26 10:03:29,341 - INFO - Scraping role: Machine-Learning-Engineer, page: 1, URL: https://sg.jobsdb.com/Machine-Learning-Engineer-jobs?page=1
2025-05-26 10:03:40,014 - INFO - Scraping role: Machine-Learning-Engineer, page: 2, URL: https://sg.jobsdb.com/Machine-Learning-Engineer-jobs?page=2
2025-05-26 10:03:50,833 - INFO - Scraping role: Machine-Learning-Engineer, page: 3, URL: https://sg.jobsdb.com/Machine-Learning-Engineer-jobs?page=3
2025-05-26 10:04:01,544 - INFO - Scraping role: Machine-Learning-Engineer, page: 4, URL: https://sg.jobsdb.com/Machine-Learning-Engineer-jobs?page=4
2025-05-26 10:04:12,443 - INFO - Scraping role: Machine-Learning-Engineer, page: 5, URL: https://sg.jobsdb.com/Machine-Learning-Engineer-jobs?page=5
2025-05-26 10:04:23,358 - INFO - Scraping role: Machine-Learning-Engineer, page: 6, URL: https://sg.jobsdb.com/Machine-Learning-Engineer-jobs?page=6
2025-05-26 10:04:34,179 - INFO - Scraping role: Machine-Learning-Engineer, page: 7, URL: https://sg.jobsdb.com/Machine-Learning-Engineer-jobs?page=7
2025-05-26 10:04:45,026 - INFO - Scraping role: Machine-Learning-Engineer, page: 8, URL: https://sg.jobsdb.com/Machine-Learning-Engineer-jobs?page=8
2025-05-26 10:04:55,761 - INFO - Scraping role: Machine-Learning-Engineer, page: 9, URL: https://sg.jobsdb.com/Machine-Learning-Engineer-jobs?page=9
2025-05-26 10:05:06,407 - INFO - Scraping role: Machine-Learning-Engineer, page: 10, URL: https://sg.jobsdb.com/Machine-Learning-Engineer-jobs?page=10
2025-05-26 10:05:17,029 - INFO - Scraping role: Machine-Learning-Engineer, page: 11, URL: https://sg.jobsdb.com/Machine-Learning-Engineer-jobs?page=11
2025-05-26 10:05:27,867 - INFO - Scraping role: Machine-Learning-Engineer, page: 12, URL: https://sg.jobsdb.com/Machine-Learning-Engineer-jobs?page=12
2025-05-26 10:05:38,471 - INFO - Scraping role: Machine-Learning-Engineer, page: 13, URL: https://sg.jobsdb.com/Machine-Learning-Engineer-jobs?page=13
2025-05-26 10:05:49,108 - INFO - Scraping role: Machine-Learning-Engineer, page: 14, URL: https://sg.jobsdb.com/Machine-Learning-Engineer-jobs?page=14
2025-05-26 10:05:59,872 - INFO - Scraping role: Machine-Learning-Engineer, page: 15, URL: https://sg.jobsdb.com/Machine-Learning-Engineer-jobs?page=15
2025-05-26 10:06:10,654 - INFO - Scraping role: Machine-Learning-Engineer, page: 16, URL: https://sg.jobsdb.com/Machine-Learning-Engineer-jobs?page=16
2025-05-26 10:06:20,743 - INFO - Scraping role: Machine-Learning-Engineer, page: 17, URL: https://sg.jobsdb.com/Machine-Learning-Engineer-jobs?page=17
2025-05-26 10:06:31,320 - INFO - Scraping role: Machine-Learning-Engineer, page: 18, URL: https://sg.jobsdb.com/Machine-Learning-Engineer-jobs?page=18
2025-05-26 10:06:40,877 - INFO - Scraping role: Machine-Learning-Engineer, page: 19, URL: https://sg.jobsdb.com/Machine-Learning-Engineer-jobs?page=19
2025-05-26 10:06:50,089 - INFO - Scraping role: Machine-Learning-Engineer, page: 20, URL: https://sg.jobsdb.com/Machine-Learning-Engineer-jobs?page=20
2025-05-26 10:06:59,487 - INFO - Scraping role: Machine-Learning-Engineer, page: 21, URL: https://sg.jobsdb.com/Machine-Learning-Engineer-jobs?page=21
2025-05-26 10:07:09,156 - INFO - Scraping role: Machine-Learning-Engineer, page: 22, URL: https://sg.jobsdb.com/Machine-Learning-Engineer-jobs?page=22
2025-05-26 10:07:18,854 - INFO - Scraping role: Machine-Learning-Engineer, page: 23, URL: https://sg.jobsdb.com/Machine-Learning-Engineer-jobs?page=23
2025-05-26 10:07:28,852 - INFO - Scraping role: Machine-Learning-Engineer, page: 24, URL: https://sg.jobsdb.com/Machine-Learning-Engineer-jobs?page=24
2025-05-26 10:07:38,471 - INFO - Scraping role: Machine-Learning-Engineer, page: 25, URL: https://sg.jobsdb.com/Machine-Learning-Engineer-jobs?page=25
2025-05-26 10:07:47,827 - INFO - Scraping role: Machine-Learning-Engineer, page: 26, URL: https://sg.jobsdb.com/Machine-Learning-Engineer-jobs?page=26
2025-05-26 10:07:57,194 - INFO - Scraping role: Machine-Learning-Engineer, page: 27, URL: https://sg.jobsdb.com/Machine-Learning-Engineer-jobs?page=27
2025-05-26 10:08:06,890 - INFO - Scraping role: Machine-Learning-Engineer, page: 28, URL: https://sg.jobsdb.com/Machine-Learning-Engineer-jobs?page=28
2025-05-26 10:08:16,589 - INFO - Scraping role: Machine-Learning-Engineer, page: 29, URL: https://sg.jobsdb.com/Machine-Learning-Engineer-jobs?page=29
2025-05-26 10:08:25,977 - INFO - Scraping role: Machine-Learning-Engineer, page: 30, URL: https://sg.jobsdb.com/Machine-Learning-Engineer-jobs?page=30
2025-05-26 10:08:35,899 - INFO - Scraping role: Machine-Learning-Engineer, page: 31, URL: https://sg.jobsdb.com/Machine-Learning-Engineer-jobs?page=31
2025-05-26 10:08:45,528 - INFO - Scraping role: Machine-Learning-Engineer, page: 32, URL: https://sg.jobsdb.com/Machine-Learning-Engineer-jobs?page=32
2025-05-26 10:08:54,872 - INFO - Scraping role: Machine-Learning-Engineer, page: 33, URL: https://sg.jobsdb.com/Machine-Learning-Engineer-jobs?page=33
2025-05-26 10:09:04,330 - INFO - Scraping role: Machine-Learning-Engineer, page: 34, URL: https://sg.jobsdb.com/Machine-Learning-Engineer-jobs?page=34
2025-05-26 10:09:13,622 - INFO - Scraping role: Machine-Learning-Engineer, page: 35, URL: https://sg.jobsdb.com/Machine-Learning-Engineer-jobs?page=35
2025-05-26 10:09:23,142 - INFO - Scraping role: Machine-Learning-Engineer, page: 36, URL: https://sg.jobsdb.com/Machine-Learning-Engineer-jobs?page=36
2025-05-26 10:09:32,928 - INFO - Scraping role: Machine-Learning-Engineer, page: 37, URL: https://sg.jobsdb.com/Machine-Learning-Engineer-jobs?page=37
2025-05-26 10:09:43,412 - INFO - Scraping role: Machine-Learning-Engineer, page: 38, URL: https://sg.jobsdb.com/Machine-Learning-Engineer-jobs?page=38
2025-05-26 10:09:53,759 - INFO - Scraping role: Machine-Learning-Engineer, page: 39, URL: https://sg.jobsdb.com/Machine-Learning-Engineer-jobs?page=39
2025-05-26 10:10:04,344 - INFO - Scraping role: Machine-Learning-Engineer, page: 40, URL: https://sg.jobsdb.com/Machine-Learning-Engineer-jobs?page=40
2025-05-26 10:10:14,222 - INFO - Scraping role: Machine-Learning-Engineer, page: 41, URL: https://sg.jobsdb.com/Machine-Learning-Engineer-jobs?page=41
2025-05-26 10:10:23,964 - INFO - Scraping role: Machine-Learning-Engineer, page: 42, URL: https://sg.jobsdb.com/Machine-Learning-Engineer-jobs?page=42
2025-05-26 10:10:34,002 - INFO - Scraping role: Machine-Learning-Engineer, page: 43, URL: https://sg.jobsdb.com/Machine-Learning-Engineer-jobs?page=43
2025-05-26 10:10:44,389 - INFO - Scraping role: Machine-Learning-Engineer, page: 44, URL: https://sg.jobsdb.com/Machine-Learning-Engineer-jobs?page=44
2025-05-26 10:10:54,969 - INFO - Scraping role: Machine-Learning-Engineer, page: 45, URL: https://sg.jobsdb.com/Machine-Learning-Engineer-jobs?page=45
2025-05-26 10:11:04,776 - INFO - Scraping role: Machine-Learning-Engineer, page: 46, URL: https://sg.jobsdb.com/Machine-Learning-Engineer-jobs?page=46
2025-05-26 10:11:15,453 - INFO - Scraping role: Machine-Learning-Engineer, page: 47, URL: https://sg.jobsdb.com/Machine-Learning-Engineer-jobs?page=47
2025-05-26 10:11:25,229 - INFO - Scraping role: Machine-Learning-Engineer, page: 48, URL: https://sg.jobsdb.com/Machine-Learning-Engineer-jobs?page=48
2025-05-26 10:11:35,041 - INFO - Scraping role: Machine-Learning-Engineer, page: 49, URL: https://sg.jobsdb.com/Machine-Learning-Engineer-jobs?page=49
2025-05-26 10:11:44,667 - INFO - Scraping role: Machine-Learning-Engineer, page: 50, URL: https://sg.jobsdb.com/Machine-Learning-Engineer-jobs?page=50
2025-05-26 10:11:54,675 - INFO - Scraping role: DevOps-Engineer, page: 1, URL: https://sg.jobsdb.com/DevOps-Engineer-jobs?page=1
2025-05-26 10:12:04,629 - INFO - Scraping role: DevOps-Engineer, page: 2, URL: https://sg.jobsdb.com/DevOps-Engineer-jobs?page=2
2025-05-26 10:12:14,363 - INFO - Scraping role: DevOps-Engineer, page: 3, URL: https://sg.jobsdb.com/DevOps-Engineer-jobs?page=3
2025-05-26 10:12:24,242 - INFO - Scraping role: DevOps-Engineer, page: 4, URL: https://sg.jobsdb.com/DevOps-Engineer-jobs?page=4
2025-05-26 10:12:34,464 - INFO - Scraping role: DevOps-Engineer, page: 5, URL: https://sg.jobsdb.com/DevOps-Engineer-jobs?page=5
2025-05-26 10:12:44,221 - INFO - Scraping role: DevOps-Engineer, page: 6, URL: https://sg.jobsdb.com/DevOps-Engineer-jobs?page=6
2025-05-26 10:12:54,000 - INFO - Scraping role: DevOps-Engineer, page: 7, URL: https://sg.jobsdb.com/DevOps-Engineer-jobs?page=7
2025-05-26 10:13:03,796 - INFO - Scraping role: DevOps-Engineer, page: 8, URL: https://sg.jobsdb.com/DevOps-Engineer-jobs?page=8
2025-05-26 10:13:13,831 - INFO - Scraping role: DevOps-Engineer, page: 9, URL: https://sg.jobsdb.com/DevOps-Engineer-jobs?page=9
2025-05-26 10:13:24,226 - INFO - Scraping role: DevOps-Engineer, page: 10, URL: https://sg.jobsdb.com/DevOps-Engineer-jobs?page=10
2025-05-26 10:13:33,913 - INFO - Scraping role: DevOps-Engineer, page: 11, URL: https://sg.jobsdb.com/DevOps-Engineer-jobs?page=11
2025-05-26 10:13:44,548 - INFO - Scraping role: DevOps-Engineer, page: 12, URL: https://sg.jobsdb.com/DevOps-Engineer-jobs?page=12
2025-05-26 10:13:54,386 - INFO - Scraping role: DevOps-Engineer, page: 13, URL: https://sg.jobsdb.com/DevOps-Engineer-jobs?page=13
2025-05-26 10:14:04,640 - INFO - Scraping role: DevOps-Engineer, page: 14, URL: https://sg.jobsdb.com/DevOps-Engineer-jobs?page=14
2025-05-26 10:14:15,425 - INFO - Scraping role: DevOps-Engineer, page: 15, URL: https://sg.jobsdb.com/DevOps-Engineer-jobs?page=15
2025-05-26 10:14:25,325 - INFO - Scraping role: DevOps-Engineer, page: 16, URL: https://sg.jobsdb.com/DevOps-Engineer-jobs?page=16
2025-05-26 10:14:35,216 - INFO - Scraping role: DevOps-Engineer, page: 17, URL: https://sg.jobsdb.com/DevOps-Engineer-jobs?page=17
2025-05-26 10:14:46,186 - INFO - Scraping role: DevOps-Engineer, page: 18, URL: https://sg.jobsdb.com/DevOps-Engineer-jobs?page=18
2025-05-26 10:14:56,210 - INFO - Scraping role: DevOps-Engineer, page: 19, URL: https://sg.jobsdb.com/DevOps-Engineer-jobs?page=19
2025-05-26 10:15:06,001 - INFO - Scraping role: DevOps-Engineer, page: 20, URL: https://sg.jobsdb.com/DevOps-Engineer-jobs?page=20
2025-05-26 10:15:20,649 - INFO - Scraping role: DevOps-Engineer, page: 21, URL: https://sg.jobsdb.com/DevOps-Engineer-jobs?page=21
2025-05-26 10:15:31,515 - INFO - Scraping role: DevOps-Engineer, page: 22, URL: https://sg.jobsdb.com/DevOps-Engineer-jobs?page=22
2025-05-26 10:15:41,575 - INFO - Scraping role: DevOps-Engineer, page: 23, URL: https://sg.jobsdb.com/DevOps-Engineer-jobs?page=23
2025-05-26 10:15:51,429 - INFO - Scraping role: DevOps-Engineer, page: 24, URL: https://sg.jobsdb.com/DevOps-Engineer-jobs?page=24
2025-05-26 10:16:00,982 - INFO - Scraping role: DevOps-Engineer, page: 25, URL: https://sg.jobsdb.com/DevOps-Engineer-jobs?page=25
2025-05-26 10:16:11,134 - INFO - Scraping role: DevOps-Engineer, page: 26, URL: https://sg.jobsdb.com/DevOps-Engineer-jobs?page=26
2025-05-26 10:16:20,941 - INFO - Scraping role: DevOps-Engineer, page: 27, URL: https://sg.jobsdb.com/DevOps-Engineer-jobs?page=27
2025-05-26 10:16:31,061 - INFO - Scraping role: DevOps-Engineer, page: 28, URL: https://sg.jobsdb.com/DevOps-Engineer-jobs?page=28
2025-05-26 10:16:41,027 - INFO - Scraping role: DevOps-Engineer, page: 29, URL: https://sg.jobsdb.com/DevOps-Engineer-jobs?page=29
2025-05-26 10:16:50,921 - INFO - Scraping role: DevOps-Engineer, page: 30, URL: https://sg.jobsdb.com/DevOps-Engineer-jobs?page=30
2025-05-26 10:17:00,603 - INFO - Scraping role: DevOps-Engineer, page: 31, URL: https://sg.jobsdb.com/DevOps-Engineer-jobs?page=31
2025-05-26 10:17:10,511 - INFO - Scraping role: DevOps-Engineer, page: 32, URL: https://sg.jobsdb.com/DevOps-Engineer-jobs?page=32
2025-05-26 10:17:20,091 - INFO - Scraping role: DevOps-Engineer, page: 33, URL: https://sg.jobsdb.com/DevOps-Engineer-jobs?page=33
2025-05-26 10:17:29,956 - INFO - Scraping role: DevOps-Engineer, page: 34, URL: https://sg.jobsdb.com/DevOps-Engineer-jobs?page=34
2025-05-26 10:17:39,848 - INFO - Scraping role: DevOps-Engineer, page: 35, URL: https://sg.jobsdb.com/DevOps-Engineer-jobs?page=35
2025-05-26 10:17:51,708 - INFO - Scraping role: DevOps-Engineer, page: 36, URL: https://sg.jobsdb.com/DevOps-Engineer-jobs?page=36
2025-05-26 10:18:03,677 - INFO - Scraping role: DevOps-Engineer, page: 37, URL: https://sg.jobsdb.com/DevOps-Engineer-jobs?page=37
2025-05-26 10:18:15,180 - INFO - Scraping role: DevOps-Engineer, page: 38, URL: https://sg.jobsdb.com/DevOps-Engineer-jobs?page=38
2025-05-26 10:18:25,719 - INFO - Scraping role: DevOps-Engineer, page: 39, URL: https://sg.jobsdb.com/DevOps-Engineer-jobs?page=39
2025-05-26 10:18:35,600 - INFO - Scraping role: DevOps-Engineer, page: 40, URL: https://sg.jobsdb.com/DevOps-Engineer-jobs?page=40
2025-05-26 10:18:46,322 - INFO - Scraping role: DevOps-Engineer, page: 41, URL: https://sg.jobsdb.com/DevOps-Engineer-jobs?page=41
2025-05-26 10:18:56,763 - INFO - Scraping role: DevOps-Engineer, page: 42, URL: https://sg.jobsdb.com/DevOps-Engineer-jobs?page=42
2025-05-26 10:19:07,778 - INFO - Scraping role: DevOps-Engineer, page: 43, URL: https://sg.jobsdb.com/DevOps-Engineer-jobs?page=43
2025-05-26 10:19:19,100 - INFO - Scraping role: DevOps-Engineer, page: 44, URL: https://sg.jobsdb.com/DevOps-Engineer-jobs?page=44
2025-05-26 10:19:30,167 - INFO - Scraping role: DevOps-Engineer, page: 45, URL: https://sg.jobsdb.com/DevOps-Engineer-jobs?page=45
2025-05-26 10:19:41,592 - INFO - Scraping role: DevOps-Engineer, page: 46, URL: https://sg.jobsdb.com/DevOps-Engineer-jobs?page=46
2025-05-26 10:19:52,817 - INFO - Scraping role: DevOps-Engineer, page: 47, URL: https://sg.jobsdb.com/DevOps-Engineer-jobs?page=47
2025-05-26 10:20:04,695 - INFO - Scraping role: DevOps-Engineer, page: 48, URL: https://sg.jobsdb.com/DevOps-Engineer-jobs?page=48
2025-05-26 10:20:14,883 - INFO - Scraping role: DevOps-Engineer, page: 49, URL: https://sg.jobsdb.com/DevOps-Engineer-jobs?page=49
2025-05-26 10:20:25,328 - INFO - Scraping role: DevOps-Engineer, page: 50, URL: https://sg.jobsdb.com/DevOps-Engineer-jobs?page=50
2025-05-26 10:20:37,195 - INFO - Scraping role: Cloud-Engineer, page: 1, URL: https://sg.jobsdb.com/Cloud-Engineer-jobs?page=1
2025-05-26 10:20:47,637 - INFO - Scraping role: Cloud-Engineer, page: 2, URL: https://sg.jobsdb.com/Cloud-Engineer-jobs?page=2
2025-05-26 10:20:57,981 - INFO - Scraping role: Cloud-Engineer, page: 3, URL: https://sg.jobsdb.com/Cloud-Engineer-jobs?page=3
2025-05-26 10:21:07,865 - INFO - Scraping role: Cloud-Engineer, page: 4, URL: https://sg.jobsdb.com/Cloud-Engineer-jobs?page=4
2025-05-26 10:21:17,657 - INFO - Scraping role: Cloud-Engineer, page: 5, URL: https://sg.jobsdb.com/Cloud-Engineer-jobs?page=5
2025-05-26 10:21:27,158 - INFO - Scraping role: Cloud-Engineer, page: 6, URL: https://sg.jobsdb.com/Cloud-Engineer-jobs?page=6
2025-05-26 10:21:38,262 - INFO - Scraping role: Cloud-Engineer, page: 7, URL: https://sg.jobsdb.com/Cloud-Engineer-jobs?page=7
2025-05-26 10:21:48,638 - INFO - Scraping role: Cloud-Engineer, page: 8, URL: https://sg.jobsdb.com/Cloud-Engineer-jobs?page=8
2025-05-26 10:21:59,171 - INFO - Scraping role: Cloud-Engineer, page: 9, URL: https://sg.jobsdb.com/Cloud-Engineer-jobs?page=9
2025-05-26 10:22:09,040 - INFO - Scraping role: Cloud-Engineer, page: 10, URL: https://sg.jobsdb.com/Cloud-Engineer-jobs?page=10
2025-05-26 10:22:19,056 - INFO - Scraping role: Cloud-Engineer, page: 11, URL: https://sg.jobsdb.com/Cloud-Engineer-jobs?page=11
2025-05-26 10:22:29,289 - INFO - Scraping role: Cloud-Engineer, page: 12, URL: https://sg.jobsdb.com/Cloud-Engineer-jobs?page=12
2025-05-26 10:22:39,283 - INFO - Scraping role: Cloud-Engineer, page: 13, URL: https://sg.jobsdb.com/Cloud-Engineer-jobs?page=13
2025-05-26 10:22:49,505 - INFO - Scraping role: Cloud-Engineer, page: 14, URL: https://sg.jobsdb.com/Cloud-Engineer-jobs?page=14
2025-05-26 10:22:58,688 - INFO - Scraping role: Cloud-Engineer, page: 15, URL: https://sg.jobsdb.com/Cloud-Engineer-jobs?page=15
2025-05-26 10:23:08,363 - INFO - Scraping role: Cloud-Engineer, page: 16, URL: https://sg.jobsdb.com/Cloud-Engineer-jobs?page=16
2025-05-26 10:23:19,818 - INFO - Scraping role: Cloud-Engineer, page: 17, URL: https://sg.jobsdb.com/Cloud-Engineer-jobs?page=17
2025-05-26 10:23:30,336 - INFO - Scraping role: Cloud-Engineer, page: 18, URL: https://sg.jobsdb.com/Cloud-Engineer-jobs?page=18
2025-05-26 10:23:41,134 - INFO - Scraping role: Cloud-Engineer, page: 19, URL: https://sg.jobsdb.com/Cloud-Engineer-jobs?page=19
2025-05-26 10:23:51,573 - INFO - Scraping role: Cloud-Engineer, page: 20, URL: https://sg.jobsdb.com/Cloud-Engineer-jobs?page=20
2025-05-26 10:24:03,168 - INFO - Scraping role: Cloud-Engineer, page: 21, URL: https://sg.jobsdb.com/Cloud-Engineer-jobs?page=21
2025-05-26 10:24:14,464 - INFO - Scraping role: Cloud-Engineer, page: 22, URL: https://sg.jobsdb.com/Cloud-Engineer-jobs?page=22
2025-05-26 10:24:23,512 - INFO - Scraping role: Cloud-Engineer, page: 23, URL: https://sg.jobsdb.com/Cloud-Engineer-jobs?page=23
2025-05-26 10:24:34,110 - INFO - Scraping role: Cloud-Engineer, page: 24, URL: https://sg.jobsdb.com/Cloud-Engineer-jobs?page=24
2025-05-26 10:24:44,833 - INFO - Scraping role: Cloud-Engineer, page: 25, URL: https://sg.jobsdb.com/Cloud-Engineer-jobs?page=25
2025-05-26 10:24:54,993 - INFO - Scraping role: Cloud-Engineer, page: 26, URL: https://sg.jobsdb.com/Cloud-Engineer-jobs?page=26
2025-05-26 10:25:05,454 - INFO - Scraping role: Cloud-Engineer, page: 27, URL: https://sg.jobsdb.com/Cloud-Engineer-jobs?page=27
2025-05-26 10:25:15,979 - INFO - Scraping role: Cloud-Engineer, page: 28, URL: https://sg.jobsdb.com/Cloud-Engineer-jobs?page=28
2025-05-26 10:25:26,414 - INFO - Scraping role: Cloud-Engineer, page: 29, URL: https://sg.jobsdb.com/Cloud-Engineer-jobs?page=29
2025-05-26 10:25:36,307 - INFO - Scraping role: Cloud-Engineer, page: 30, URL: https://sg.jobsdb.com/Cloud-Engineer-jobs?page=30
2025-05-26 10:25:46,576 - INFO - Scraping role: Cloud-Engineer, page: 31, URL: https://sg.jobsdb.com/Cloud-Engineer-jobs?page=31
2025-05-26 10:25:56,183 - INFO - Scraping role: Cloud-Engineer, page: 32, URL: https://sg.jobsdb.com/Cloud-Engineer-jobs?page=32
2025-05-26 10:26:05,910 - INFO - Scraping role: Cloud-Engineer, page: 33, URL: https://sg.jobsdb.com/Cloud-Engineer-jobs?page=33
2025-05-26 10:26:15,168 - INFO - Scraping role: Cloud-Engineer, page: 34, URL: https://sg.jobsdb.com/Cloud-Engineer-jobs?page=34
2025-05-26 10:26:25,117 - INFO - Scraping role: Cloud-Engineer, page: 35, URL: https://sg.jobsdb.com/Cloud-Engineer-jobs?page=35
2025-05-26 10:26:36,589 - INFO - Scraping role: Cloud-Engineer, page: 36, URL: https://sg.jobsdb.com/Cloud-Engineer-jobs?page=36
2025-05-26 10:26:46,803 - INFO - Scraping role: Cloud-Engineer, page: 37, URL: https://sg.jobsdb.com/Cloud-Engineer-jobs?page=37
2025-05-26 10:26:57,689 - INFO - Scraping role: Cloud-Engineer, page: 38, URL: https://sg.jobsdb.com/Cloud-Engineer-jobs?page=38
2025-05-26 10:27:07,750 - INFO - Scraping role: Cloud-Engineer, page: 39, URL: https://sg.jobsdb.com/Cloud-Engineer-jobs?page=39
2025-05-26 10:27:17,551 - INFO - Scraping role: Cloud-Engineer, page: 40, URL: https://sg.jobsdb.com/Cloud-Engineer-jobs?page=40
2025-05-26 10:27:27,188 - INFO - Scraping role: Cloud-Engineer, page: 41, URL: https://sg.jobsdb.com/Cloud-Engineer-jobs?page=41
2025-05-26 10:27:36,398 - INFO - Scraping role: Cloud-Engineer, page: 42, URL: https://sg.jobsdb.com/Cloud-Engineer-jobs?page=42
2025-05-26 10:27:46,966 - INFO - Scraping role: Cloud-Engineer, page: 43, URL: https://sg.jobsdb.com/Cloud-Engineer-jobs?page=43
2025-05-26 10:27:56,879 - INFO - Scraping role: Cloud-Engineer, page: 44, URL: https://sg.jobsdb.com/Cloud-Engineer-jobs?page=44
2025-05-26 10:28:06,483 - INFO - Scraping role: Cloud-Engineer, page: 45, URL: https://sg.jobsdb.com/Cloud-Engineer-jobs?page=45
2025-05-26 10:28:16,916 - INFO - Scraping role: Cloud-Engineer, page: 46, URL: https://sg.jobsdb.com/Cloud-Engineer-jobs?page=46
2025-05-26 10:28:26,994 - INFO - Scraping role: Cloud-Engineer, page: 47, URL: https://sg.jobsdb.com/Cloud-Engineer-jobs?page=47
2025-05-26 10:28:36,005 - INFO - Scraping role: Cloud-Engineer, page: 48, URL: https://sg.jobsdb.com/Cloud-Engineer-jobs?page=48
2025-05-26 10:28:45,937 - INFO - Scraping role: Cloud-Engineer, page: 49, URL: https://sg.jobsdb.com/Cloud-Engineer-jobs?page=49
2025-05-26 10:28:55,573 - INFO - Scraping role: Cloud-Engineer, page: 50, URL: https://sg.jobsdb.com/Cloud-Engineer-jobs?page=50
2025-05-26 10:29:05,371 - INFO - Scraping role: Cybersecurity, page: 1, URL: https://sg.jobsdb.com/Cybersecurity-jobs?page=1
2025-05-26 10:29:14,719 - INFO - Scraping role: Cybersecurity, page: 2, URL: https://sg.jobsdb.com/Cybersecurity-jobs?page=2
2025-05-26 10:29:24,188 - INFO - Scraping role: Cybersecurity, page: 3, URL: https://sg.jobsdb.com/Cybersecurity-jobs?page=3
2025-05-26 10:29:33,451 - INFO - Scraping role: Cybersecurity, page: 4, URL: https://sg.jobsdb.com/Cybersecurity-jobs?page=4
2025-05-26 10:29:42,984 - INFO - Scraping role: Cybersecurity, page: 5, URL: https://sg.jobsdb.com/Cybersecurity-jobs?page=5
2025-05-26 10:29:52,239 - INFO - Scraping role: Cybersecurity, page: 6, URL: https://sg.jobsdb.com/Cybersecurity-jobs?page=6
2025-05-26 10:30:01,430 - INFO - Scraping role: Cybersecurity, page: 7, URL: https://sg.jobsdb.com/Cybersecurity-jobs?page=7
2025-05-26 10:30:10,604 - INFO - Scraping role: Cybersecurity, page: 8, URL: https://sg.jobsdb.com/Cybersecurity-jobs?page=8
2025-05-26 10:30:19,980 - INFO - Scraping role: Cybersecurity, page: 9, URL: https://sg.jobsdb.com/Cybersecurity-jobs?page=9
2025-05-26 10:30:28,985 - INFO - Scraping role: Cybersecurity, page: 10, URL: https://sg.jobsdb.com/Cybersecurity-jobs?page=10
2025-05-26 10:30:38,549 - INFO - Scraping role: Cybersecurity, page: 11, URL: https://sg.jobsdb.com/Cybersecurity-jobs?page=11
2025-05-26 10:30:48,097 - INFO - Scraping role: Cybersecurity, page: 12, URL: https://sg.jobsdb.com/Cybersecurity-jobs?page=12
2025-05-26 10:30:57,436 - INFO - Scraping role: Cybersecurity, page: 13, URL: https://sg.jobsdb.com/Cybersecurity-jobs?page=13
2025-05-26 10:31:07,189 - INFO - Scraping role: Cybersecurity, page: 14, URL: https://sg.jobsdb.com/Cybersecurity-jobs?page=14
2025-05-26 10:31:17,014 - INFO - Scraping role: Cybersecurity, page: 15, URL: https://sg.jobsdb.com/Cybersecurity-jobs?page=15
2025-05-26 10:31:26,577 - INFO - Scraping role: Cybersecurity, page: 16, URL: https://sg.jobsdb.com/Cybersecurity-jobs?page=16
2025-05-26 10:31:36,054 - INFO - Scraping role: Cybersecurity, page: 17, URL: https://sg.jobsdb.com/Cybersecurity-jobs?page=17
2025-05-26 10:31:45,711 - INFO - Scraping role: Cybersecurity, page: 18, URL: https://sg.jobsdb.com/Cybersecurity-jobs?page=18
2025-05-26 10:31:56,109 - INFO - Scraping role: Cybersecurity, page: 19, URL: https://sg.jobsdb.com/Cybersecurity-jobs?page=19
2025-05-26 10:32:23,619 - INFO - Scraping role: Cybersecurity, page: 20, URL: https://sg.jobsdb.com/Cybersecurity-jobs?page=20
2025-05-26 10:32:33,599 - INFO - Scraping role: Cybersecurity, page: 21, URL: https://sg.jobsdb.com/Cybersecurity-jobs?page=21
2025-05-26 10:32:43,565 - INFO - Scraping role: Cybersecurity, page: 22, URL: https://sg.jobsdb.com/Cybersecurity-jobs?page=22
2025-05-26 10:32:53,637 - INFO - Scraping role: Cybersecurity, page: 23, URL: https://sg.jobsdb.com/Cybersecurity-jobs?page=23
2025-05-26 10:33:03,765 - INFO - Scraping role: Cybersecurity, page: 24, URL: https://sg.jobsdb.com/Cybersecurity-jobs?page=24
2025-05-26 10:33:13,233 - INFO - Scraping role: Cybersecurity, page: 25, URL: https://sg.jobsdb.com/Cybersecurity-jobs?page=25
2025-05-26 10:33:23,007 - INFO - Scraping role: Cybersecurity, page: 26, URL: https://sg.jobsdb.com/Cybersecurity-jobs?page=26
2025-05-26 10:33:35,257 - INFO - Scraping role: Cybersecurity, page: 27, URL: https://sg.jobsdb.com/Cybersecurity-jobs?page=27
2025-05-26 10:33:45,660 - INFO - Scraping role: Cybersecurity, page: 28, URL: https://sg.jobsdb.com/Cybersecurity-jobs?page=28
2025-05-26 10:33:55,393 - INFO - Scraping role: Cybersecurity, page: 29, URL: https://sg.jobsdb.com/Cybersecurity-jobs?page=29
2025-05-26 10:34:05,249 - INFO - Scraping role: Cybersecurity, page: 30, URL: https://sg.jobsdb.com/Cybersecurity-jobs?page=30
2025-05-26 10:34:16,169 - INFO - Scraping role: Cybersecurity, page: 31, URL: https://sg.jobsdb.com/Cybersecurity-jobs?page=31
2025-05-26 10:34:28,495 - INFO - Scraping role: Cybersecurity, page: 32, URL: https://sg.jobsdb.com/Cybersecurity-jobs?page=32
2025-05-26 10:34:37,691 - INFO - Scraping role: Cybersecurity, page: 33, URL: https://sg.jobsdb.com/Cybersecurity-jobs?page=33
2025-05-26 10:34:48,837 - INFO - Scraping role: Cybersecurity, page: 34, URL: https://sg.jobsdb.com/Cybersecurity-jobs?page=34
2025-05-26 10:34:58,252 - INFO - Scraping role: Cybersecurity, page: 35, URL: https://sg.jobsdb.com/Cybersecurity-jobs?page=35
2025-05-26 10:35:08,405 - INFO - Scraping role: Cybersecurity, page: 36, URL: https://sg.jobsdb.com/Cybersecurity-jobs?page=36
2025-05-26 10:35:18,801 - INFO - Scraping role: Cybersecurity, page: 37, URL: https://sg.jobsdb.com/Cybersecurity-jobs?page=37
2025-05-26 10:35:29,309 - INFO - Scraping role: Cybersecurity, page: 38, URL: https://sg.jobsdb.com/Cybersecurity-jobs?page=38
2025-05-26 10:35:39,653 - INFO - Scraping role: Cybersecurity, page: 39, URL: https://sg.jobsdb.com/Cybersecurity-jobs?page=39
2025-05-26 10:35:50,179 - INFO - Scraping role: Cybersecurity, page: 40, URL: https://sg.jobsdb.com/Cybersecurity-jobs?page=40
2025-05-26 10:36:00,144 - INFO - Scraping role: Cybersecurity, page: 41, URL: https://sg.jobsdb.com/Cybersecurity-jobs?page=41
2025-05-26 10:36:10,505 - INFO - Scraping role: Cybersecurity, page: 42, URL: https://sg.jobsdb.com/Cybersecurity-jobs?page=42
2025-05-26 10:36:23,784 - INFO - Scraping role: Cybersecurity, page: 43, URL: https://sg.jobsdb.com/Cybersecurity-jobs?page=43
2025-05-26 10:36:35,877 - INFO - Scraping role: Cybersecurity, page: 44, URL: https://sg.jobsdb.com/Cybersecurity-jobs?page=44
2025-05-26 10:36:50,030 - INFO - Scraping role: Cybersecurity, page: 45, URL: https://sg.jobsdb.com/Cybersecurity-jobs?page=45
2025-05-26 10:37:00,111 - INFO - Scraping role: Cybersecurity, page: 46, URL: https://sg.jobsdb.com/Cybersecurity-jobs?page=46
2025-05-26 10:37:09,681 - INFO - Scraping role: Cybersecurity, page: 47, URL: https://sg.jobsdb.com/Cybersecurity-jobs?page=47
2025-05-26 10:37:19,353 - INFO - Scraping role: Cybersecurity, page: 48, URL: https://sg.jobsdb.com/Cybersecurity-jobs?page=48
2025-05-26 10:37:28,358 - INFO - Scraping role: Cybersecurity, page: 49, URL: https://sg.jobsdb.com/Cybersecurity-jobs?page=49
2025-05-26 10:37:38,149 - INFO - Scraping role: Cybersecurity, page: 50, URL: https://sg.jobsdb.com/Cybersecurity-jobs?page=50
2025-05-26 10:37:47,719 - INFO - WebDriver closed.
2025-05-26 10:37:47,720 - INFO - Scraping completed. Total jobs collected: 6750
2025-05-26 10:37:47,867 - INFO - Transforming JobsDBSG DataFrame
2025-05-26 10:37:48,125 - INFO - Transformation JobsDBSG complete
