2025-05-24 15:22:57,096 - INFO - Fetched page 1 with 100 jobs.
2025-05-24 15:23:00,171 - INFO - Fetched page 2 with 100 jobs.
2025-05-24 15:23:02,611 - INFO - Fetched page 3 with 100 jobs.
2025-05-24 15:23:05,717 - INFO - Fetched page 4 with 100 jobs.
2025-05-24 15:23:08,178 - INFO - Fetched page 5 with 100 jobs.
2025-05-24 15:23:11,227 - INFO - Fetched page 6 with 100 jobs.
2025-05-24 15:23:13,243 - INFO - Fetched page 7 with 100 jobs.
2025-05-24 15:23:15,769 - INFO - Fetched page 8 with 100 jobs.
2025-05-24 15:23:18,737 - INFO - Fetched page 9 with 100 jobs.
2025-05-24 15:23:21,366 - INFO - Fetched page 10 with 100 jobs.
2025-05-24 15:23:25,055 - INFO - Fetched page 11 with 100 jobs.
2025-05-24 15:23:28,124 - INFO - Fetched page 12 with 100 jobs.
2025-05-24 15:23:31,087 - INFO - Fetched page 13 with 100 jobs.
2025-05-24 15:23:33,245 - INFO - Fetched page 14 with 100 jobs.
2025-05-24 15:23:35,929 - INFO - Fetched page 15 with 100 jobs.
2025-05-24 15:23:37,963 - INFO - Fetched page 16 with 100 jobs.
2025-05-24 15:23:40,386 - INFO - Fetched page 17 with 100 jobs.
2025-05-24 15:23:43,155 - INFO - Fetched page 18 with 100 jobs.
2025-05-24 15:23:45,696 - INFO - Fetched page 19 with 100 jobs.
2025-05-24 15:23:48,400 - INFO - Fetched page 20 with 100 jobs.
2025-05-24 15:23:51,471 - INFO - Fetched page 21 with 100 jobs.
2025-05-24 15:23:54,440 - INFO - Fetched page 22 with 100 jobs.
2025-05-24 15:23:57,512 - INFO - Fetched page 23 with 100 jobs.
2025-05-24 15:24:01,434 - INFO - Fetched page 24 with 100 jobs.
2025-05-24 15:24:03,665 - INFO - Fetched page 25 with 100 jobs.
2025-05-24 15:24:07,037 - INFO - Fetched page 26 with 100 jobs.
2025-05-24 15:24:10,346 - INFO - Fetched page 27 with 100 jobs.
2025-05-24 15:24:14,105 - INFO - Fetched page 28 with 100 jobs.
2025-05-24 15:24:17,072 - INFO - Fetched page 29 with 100 jobs.
2025-05-24 15:24:20,315 - INFO - Fetched page 30 with 100 jobs.
2025-05-24 15:24:24,341 - INFO - Fetched page 31 with 100 jobs.
2025-05-24 15:24:27,208 - INFO - Fetched page 32 with 100 jobs.
2025-05-24 15:24:30,485 - INFO - Fetched page 33 with 100 jobs.
2025-05-24 15:24:34,269 - INFO - Fetched page 34 with 100 jobs.
2025-05-24 15:24:36,730 - INFO - Fetched page 35 with 100 jobs.
2025-05-24 15:24:39,393 - INFO - Fetched page 36 with 100 jobs.
2025-05-24 15:24:42,976 - INFO - Fetched page 37 with 100 jobs.
2025-05-24 15:24:45,134 - INFO - Fetched page 38 with 100 jobs.
2025-05-24 15:24:47,060 - INFO - Fetched page 39 with 100 jobs.
2025-05-24 15:24:50,288 - INFO - Fetched page 40 with 100 jobs.
2025-05-24 15:24:53,730 - INFO - Fetched page 41 with 100 jobs.
2025-05-24 15:24:56,084 - INFO - Fetched page 42 with 100 jobs.
2025-05-24 15:24:57,923 - INFO - Fetched page 43 with 51 jobs.
2025-05-24 15:25:01,605 - INFO - No more jobs found.
2025-05-24 15:25:01,606 - INFO - Scraping completed. Total jobs scraped: 4251
2025-05-24 15:25:03,044 - INFO - Transforming JobsDBTH DataFrame
2025-05-24 15:25:03,078 - INFO - Transformation JobsDBTH complete
