2025-05-18 20:59:01,899 - INFO -  Fetching jobs at start=0...
2025-05-18 20:59:02,413 - INFO -  Total unique jobs collected so far: 16
2025-05-18 20:59:03,414 - INFO -  Fetching jobs at start=15...
2025-05-18 20:59:04,302 - INFO -  Total unique jobs collected so far: 25
2025-05-18 20:59:05,303 - INFO -  Fetching jobs at start=30...
2025-05-18 20:59:05,818 - INFO -  Total unique jobs collected so far: 40
2025-05-18 20:59:06,818 - INFO -  Fetching jobs at start=45...
2025-05-18 20:59:07,447 - INFO -  Total unique jobs collected so far: 55
2025-05-18 20:59:08,447 - INFO -  Fetching jobs at start=60...
2025-05-18 20:59:08,905 - INFO -  Total unique jobs collected so far: 70
2025-05-18 20:59:09,906 - INFO -  Fetching jobs at start=75...
2025-05-18 20:59:10,480 - INFO -  Total unique jobs collected so far: 85
2025-05-18 20:59:11,480 - INFO -  Fetching jobs at start=90...
2025-05-18 20:59:11,942 - INFO -  Total unique jobs collected so far: 99
2025-05-18 20:59:12,942 - INFO -  Fetching jobs at start=105...
2025-05-18 20:59:13,722 - INFO -  Total unique jobs collected so far: 109
2025-05-18 20:59:14,722 - INFO -  Fetching jobs at start=120...
2025-05-18 20:59:15,197 - INFO -  Total unique jobs collected so far: 124
2025-05-18 20:59:16,198 - INFO -  Fetching jobs at start=135...
2025-05-18 20:59:16,657 - INFO -  Total unique jobs collected so far: 135
2025-05-18 20:59:17,658 - INFO -  Fetching jobs at start=150...
2025-05-18 20:59:18,216 - INFO -  Total unique jobs collected so far: 142
2025-05-18 20:59:19,216 - INFO -  Fetching jobs at start=165...
2025-05-18 20:59:19,571 - INFO -  Total unique jobs collected so far: 157
2025-05-18 20:59:20,571 - INFO -  Fetching jobs at start=180...
2025-05-18 20:59:21,046 - INFO -  Total unique jobs collected so far: 163
2025-05-18 20:59:22,047 - INFO -  Fetching jobs at start=195...
2025-05-18 20:59:22,517 - INFO -  Total unique jobs collected so far: 168
2025-05-18 20:59:23,517 - INFO -  Fetching jobs at start=210...
2025-05-18 20:59:24,098 - INFO -  Total unique jobs collected so far: 171
2025-05-18 20:59:25,098 - INFO -  Fetching jobs at start=225...
2025-05-18 20:59:25,566 - INFO -  Total unique jobs collected so far: 185
2025-05-18 20:59:26,566 - INFO -  Fetching jobs at start=240...
2025-05-18 20:59:27,136 - INFO -  Total unique jobs collected so far: 200
2025-05-18 20:59:28,136 - INFO -  Fetching jobs at start=255...
2025-05-18 20:59:28,711 - INFO -  Total unique jobs collected so far: 206
2025-05-18 20:59:29,711 - INFO -  Fetching jobs at start=270...
2025-05-18 20:59:30,168 - INFO -  Total unique jobs collected so far: 215
2025-05-18 20:59:31,168 - INFO -  Fetching jobs at start=285...
2025-05-18 20:59:31,758 - INFO -  Total unique jobs collected so far: 230
2025-05-18 20:59:32,759 - INFO -  Fetching jobs at start=300...
2025-05-18 20:59:33,237 - INFO -  Total unique jobs collected so far: 243
2025-05-18 20:59:34,237 - INFO -  Fetching jobs at start=315...
2025-05-18 20:59:34,892 - INFO -  Total unique jobs collected so far: 257
2025-05-18 20:59:35,893 - INFO -  Fetching jobs at start=330...
2025-05-18 20:59:36,277 - INFO -  Total unique jobs collected so far: 272
2025-05-18 20:59:37,277 - INFO -  Fetching jobs at start=345...
2025-05-18 20:59:37,838 - INFO -  Total unique jobs collected so far: 287
2025-05-18 20:59:38,839 - INFO -  Fetching jobs at start=360...
2025-05-18 20:59:39,307 - INFO -  Total unique jobs collected so far: 301
2025-05-18 20:59:40,308 - INFO -  Fetching jobs at start=375...
2025-05-18 20:59:40,756 - INFO -  Total unique jobs collected so far: 316
2025-05-18 20:59:41,756 - INFO -  Fetching jobs at start=390...
2025-05-18 20:59:42,317 - INFO -  Total unique jobs collected so far: 331
2025-05-18 20:59:43,317 - INFO -  Fetching jobs at start=405...
2025-05-18 20:59:43,787 - INFO -  Total unique jobs collected so far: 342
2025-05-18 20:59:44,787 - INFO -  Fetching jobs at start=420...
2025-05-18 20:59:45,347 - INFO -  Total unique jobs collected so far: 351
2025-05-18 20:59:46,347 - INFO -  Fetching jobs at start=435...
2025-05-18 20:59:46,803 - INFO -  Total unique jobs collected so far: 360
2025-05-18 20:59:47,803 - INFO -  Fetching jobs at start=450...
2025-05-18 20:59:48,361 - INFO -  Total unique jobs collected so far: 366
2025-05-18 20:59:49,361 - INFO -  Fetching jobs at start=465...
2025-05-18 20:59:49,871 - INFO -  No new unique jobs found on this page. Skipped pages so far: 1
2025-05-18 20:59:49,871 - INFO -  Total unique jobs collected so far: 366
2025-05-18 20:59:50,871 - INFO -  Fetching jobs at start=480...
2025-05-18 20:59:51,353 - INFO -  Total unique jobs collected so far: 372
2025-05-18 20:59:52,353 - INFO -  Fetching jobs at start=495...
2025-05-18 20:59:52,831 - INFO -  Total unique jobs collected so far: 385
2025-05-18 20:59:53,832 - INFO -  Fetching jobs at start=510...
2025-05-18 20:59:54,402 - INFO -  Total unique jobs collected so far: 399
2025-05-18 20:59:55,403 - INFO -  Fetching jobs at start=525...
2025-05-18 20:59:55,984 - INFO -  Total unique jobs collected so far: 411
2025-05-18 20:59:56,984 - INFO -  Fetching jobs at start=540...
2025-05-18 20:59:57,340 - INFO -  Total unique jobs collected so far: 413
2025-05-18 20:59:58,340 - INFO -  Fetching jobs at start=555...
2025-05-18 20:59:58,749 - INFO -  No job data returned. Ending.
2025-05-18 20:59:58,749 - INFO -  Total jobs scraped: 413
2025-05-18 20:59:58,749 - INFO -  Total unique jobs scraped: 413
2025-05-18 20:59:58,757 - INFO -  Saved 413 jobs: output/foundit_jobs_20250518_205958.json
