2025-05-26 10:48:43,972 - INFO - ====== WebDriver manager ======
2025-05-26 10:48:44,124 - INFO - Get LATEST chromedriver version for google-chrome
2025-05-26 10:48:45,429 - INFO - Get LATEST chromedriver version for google-chrome
2025-05-26 10:48:46,969 - INFO - Driver [/home/may/.wdm/drivers/chromedriver/linux64/133.0.6943.141/chromedriver-linux64/chromedriver] found in cache
2025-05-26 10:48:47,939 - INFO - Scraping role: Software-Developer, page: 1, URL: https://sg.jobsdb.com/Software-Developer-jobs?page=1
2025-05-26 10:49:06,605 - INFO - Scraping role: Software-Developer, page: 2, URL: https://sg.jobsdb.com/Software-Developer-jobs?page=2
2025-05-26 10:49:16,412 - INFO - Scraping role: Software-Developer, page: 3, URL: https://sg.jobsdb.com/Software-Developer-jobs?page=3
2025-05-26 10:49:26,621 - INFO - Scraping role: Software-Developer, page: 4, URL: https://sg.jobsdb.com/Software-Developer-jobs?page=4
2025-05-26 10:49:37,365 - INFO - Scraping role: Software-Developer, page: 5, URL: https://sg.jobsdb.com/Software-Developer-jobs?page=5
2025-05-26 10:49:47,250 - INFO - Scraping role: Software-Developer, page: 6, URL: https://sg.jobsdb.com/Software-Developer-jobs?page=6
2025-05-26 10:49:57,775 - INFO - Scraping role: Software-Developer, page: 7, URL: https://sg.jobsdb.com/Software-Developer-jobs?page=7
2025-05-26 10:50:07,576 - INFO - Scraping role: Software-Developer, page: 8, URL: https://sg.jobsdb.com/Software-Developer-jobs?page=8
2025-05-26 10:50:17,331 - INFO - Scraping role: Software-Developer, page: 9, URL: https://sg.jobsdb.com/Software-Developer-jobs?page=9
2025-05-26 10:50:26,981 - INFO - Scraping role: Software-Developer, page: 10, URL: https://sg.jobsdb.com/Software-Developer-jobs?page=10
2025-05-26 10:50:36,561 - INFO - Scraping role: Software-Developer, page: 11, URL: https://sg.jobsdb.com/Software-Developer-jobs?page=11
2025-05-26 10:50:46,184 - INFO - Scraping role: Software-Developer, page: 12, URL: https://sg.jobsdb.com/Software-Developer-jobs?page=12
2025-05-26 10:50:55,661 - INFO - Scraping role: Software-Developer, page: 13, URL: https://sg.jobsdb.com/Software-Developer-jobs?page=13
2025-05-26 10:51:05,171 - INFO - Scraping role: Software-Developer, page: 14, URL: https://sg.jobsdb.com/Software-Developer-jobs?page=14
2025-05-26 10:51:14,635 - INFO - Scraping role: Software-Developer, page: 15, URL: https://sg.jobsdb.com/Software-Developer-jobs?page=15
2025-05-26 10:51:25,081 - INFO - Scraping role: Software-Developer, page: 16, URL: https://sg.jobsdb.com/Software-Developer-jobs?page=16
2025-05-26 10:51:34,682 - INFO - Scraping role: Software-Developer, page: 17, URL: https://sg.jobsdb.com/Software-Developer-jobs?page=17
2025-05-26 10:51:44,729 - INFO - Scraping role: Software-Developer, page: 18, URL: https://sg.jobsdb.com/Software-Developer-jobs?page=18
2025-05-26 10:51:55,389 - INFO - Scraping role: Software-Developer, page: 19, URL: https://sg.jobsdb.com/Software-Developer-jobs?page=19
2025-05-26 10:52:05,972 - INFO - Scraping role: Software-Developer, page: 20, URL: https://sg.jobsdb.com/Software-Developer-jobs?page=20
2025-05-26 10:52:18,214 - INFO - Scraping role: Software-Developer, page: 21, URL: https://sg.jobsdb.com/Software-Developer-jobs?page=21
2025-05-26 10:52:29,793 - INFO - Scraping role: Software-Developer, page: 22, URL: https://sg.jobsdb.com/Software-Developer-jobs?page=22
2025-05-26 10:52:41,377 - INFO - Scraping role: Software-Developer, page: 23, URL: https://sg.jobsdb.com/Software-Developer-jobs?page=23
2025-05-26 10:52:53,148 - INFO - Scraping role: Software-Developer, page: 24, URL: https://sg.jobsdb.com/Software-Developer-jobs?page=24
2025-05-26 10:53:02,889 - INFO - Scraping role: Software-Developer, page: 25, URL: https://sg.jobsdb.com/Software-Developer-jobs?page=25
2025-05-26 10:53:13,854 - INFO - Scraping role: Software-Developer, page: 26, URL: https://sg.jobsdb.com/Software-Developer-jobs?page=26
2025-05-26 10:53:25,878 - INFO - Scraping role: Software-Developer, page: 27, URL: https://sg.jobsdb.com/Software-Developer-jobs?page=27
2025-05-26 10:53:36,723 - INFO - Scraping role: Software-Developer, page: 28, URL: https://sg.jobsdb.com/Software-Developer-jobs?page=28
2025-05-26 10:53:47,433 - INFO - Scraping role: Software-Developer, page: 29, URL: https://sg.jobsdb.com/Software-Developer-jobs?page=29
2025-05-26 10:53:59,068 - INFO - Scraping role: Software-Developer, page: 30, URL: https://sg.jobsdb.com/Software-Developer-jobs?page=30
2025-05-26 10:54:09,276 - INFO - Scraping role: Software-Developer, page: 31, URL: https://sg.jobsdb.com/Software-Developer-jobs?page=31
2025-05-26 10:54:20,683 - INFO - Scraping role: Software-Developer, page: 32, URL: https://sg.jobsdb.com/Software-Developer-jobs?page=32
2025-05-26 10:54:31,960 - INFO - Scraping role: Software-Developer, page: 33, URL: https://sg.jobsdb.com/Software-Developer-jobs?page=33
2025-05-26 10:54:44,859 - INFO - Scraping role: Software-Developer, page: 34, URL: https://sg.jobsdb.com/Software-Developer-jobs?page=34
2025-05-26 10:54:54,838 - INFO - Scraping role: Software-Developer, page: 35, URL: https://sg.jobsdb.com/Software-Developer-jobs?page=35
2025-05-26 10:55:05,046 - INFO - Scraping role: Software-Developer, page: 36, URL: https://sg.jobsdb.com/Software-Developer-jobs?page=36
2025-05-26 10:55:16,092 - INFO - Scraping role: Software-Developer, page: 37, URL: https://sg.jobsdb.com/Software-Developer-jobs?page=37
2025-05-26 10:55:27,410 - INFO - Scraping role: Software-Developer, page: 38, URL: https://sg.jobsdb.com/Software-Developer-jobs?page=38
2025-05-26 10:55:38,304 - INFO - Scraping role: Software-Developer, page: 39, URL: https://sg.jobsdb.com/Software-Developer-jobs?page=39
2025-05-26 10:55:52,241 - INFO - Scraping role: Software-Developer, page: 40, URL: https://sg.jobsdb.com/Software-Developer-jobs?page=40
2025-05-26 10:56:02,726 - INFO - Scraping role: Software-Developer, page: 41, URL: https://sg.jobsdb.com/Software-Developer-jobs?page=41
2025-05-26 10:56:13,374 - INFO - Scraping role: Software-Developer, page: 42, URL: https://sg.jobsdb.com/Software-Developer-jobs?page=42
2025-05-26 10:56:23,361 - INFO - Scraping role: Software-Developer, page: 43, URL: https://sg.jobsdb.com/Software-Developer-jobs?page=43
2025-05-26 10:56:36,784 - INFO - Scraping role: Software-Developer, page: 44, URL: https://sg.jobsdb.com/Software-Developer-jobs?page=44
2025-05-26 10:56:51,044 - INFO - Scraping role: Software-Developer, page: 45, URL: https://sg.jobsdb.com/Software-Developer-jobs?page=45
2025-05-26 10:57:06,207 - INFO - Scraping role: Software-Developer, page: 46, URL: https://sg.jobsdb.com/Software-Developer-jobs?page=46
2025-05-26 10:57:17,088 - INFO - Scraping role: Software-Developer, page: 47, URL: https://sg.jobsdb.com/Software-Developer-jobs?page=47
2025-05-26 10:57:28,818 - INFO - Scraping role: Software-Developer, page: 48, URL: https://sg.jobsdb.com/Software-Developer-jobs?page=48
2025-05-26 10:57:40,166 - INFO - Scraping role: Software-Developer, page: 49, URL: https://sg.jobsdb.com/Software-Developer-jobs?page=49
2025-05-26 10:57:51,151 - INFO - Scraping role: Software-Developer, page: 50, URL: https://sg.jobsdb.com/Software-Developer-jobs?page=50
2025-05-26 10:58:02,113 - INFO - Scraping role: Web-Developer, page: 1, URL: https://sg.jobsdb.com/Web-Developer-jobs?page=1
2025-05-26 10:58:12,617 - INFO - Scraping role: Web-Developer, page: 2, URL: https://sg.jobsdb.com/Web-Developer-jobs?page=2
2025-05-26 10:58:23,032 - INFO - Scraping role: Web-Developer, page: 3, URL: https://sg.jobsdb.com/Web-Developer-jobs?page=3
2025-05-26 10:58:35,008 - INFO - Scraping role: Web-Developer, page: 4, URL: https://sg.jobsdb.com/Web-Developer-jobs?page=4
2025-05-26 10:58:48,229 - INFO - Scraping role: Web-Developer, page: 5, URL: https://sg.jobsdb.com/Web-Developer-jobs?page=5
2025-05-26 10:59:00,085 - INFO - Scraping role: Web-Developer, page: 6, URL: https://sg.jobsdb.com/Web-Developer-jobs?page=6
2025-05-26 10:59:11,572 - INFO - Scraping role: Web-Developer, page: 7, URL: https://sg.jobsdb.com/Web-Developer-jobs?page=7
2025-05-26 10:59:23,081 - INFO - Scraping role: Web-Developer, page: 8, URL: https://sg.jobsdb.com/Web-Developer-jobs?page=8
2025-05-26 10:59:35,358 - INFO - Scraping role: Web-Developer, page: 9, URL: https://sg.jobsdb.com/Web-Developer-jobs?page=9
2025-05-26 10:59:45,303 - INFO - Scraping role: Web-Developer, page: 10, URL: https://sg.jobsdb.com/Web-Developer-jobs?page=10
2025-05-26 10:59:56,730 - INFO - Scraping role: Web-Developer, page: 11, URL: https://sg.jobsdb.com/Web-Developer-jobs?page=11
2025-05-26 11:00:07,773 - INFO - Scraping role: Web-Developer, page: 12, URL: https://sg.jobsdb.com/Web-Developer-jobs?page=12
2025-05-26 11:00:18,690 - INFO - Scraping role: Web-Developer, page: 13, URL: https://sg.jobsdb.com/Web-Developer-jobs?page=13
2025-05-26 11:00:29,687 - INFO - Scraping role: Web-Developer, page: 14, URL: https://sg.jobsdb.com/Web-Developer-jobs?page=14
2025-05-26 11:00:40,087 - INFO - Scraping role: Web-Developer, page: 15, URL: https://sg.jobsdb.com/Web-Developer-jobs?page=15
2025-05-26 11:00:49,614 - INFO - Scraping role: Web-Developer, page: 16, URL: https://sg.jobsdb.com/Web-Developer-jobs?page=16
2025-05-26 11:00:59,339 - INFO - Scraping role: Web-Developer, page: 17, URL: https://sg.jobsdb.com/Web-Developer-jobs?page=17
2025-05-26 11:01:10,715 - INFO - Scraping role: Web-Developer, page: 18, URL: https://sg.jobsdb.com/Web-Developer-jobs?page=18
2025-05-26 11:01:20,350 - INFO - Scraping role: Web-Developer, page: 19, URL: https://sg.jobsdb.com/Web-Developer-jobs?page=19
2025-05-26 11:01:30,902 - INFO - Scraping role: Web-Developer, page: 20, URL: https://sg.jobsdb.com/Web-Developer-jobs?page=20
2025-05-26 11:01:42,235 - INFO - Scraping role: Web-Developer, page: 21, URL: https://sg.jobsdb.com/Web-Developer-jobs?page=21
2025-05-26 11:01:53,433 - INFO - Scraping role: Web-Developer, page: 22, URL: https://sg.jobsdb.com/Web-Developer-jobs?page=22
2025-05-26 11:02:04,186 - INFO - Scraping role: Web-Developer, page: 23, URL: https://sg.jobsdb.com/Web-Developer-jobs?page=23
2025-05-26 11:02:14,487 - INFO - Scraping role: Web-Developer, page: 24, URL: https://sg.jobsdb.com/Web-Developer-jobs?page=24
2025-05-26 11:02:24,138 - INFO - Scraping role: Web-Developer, page: 25, URL: https://sg.jobsdb.com/Web-Developer-jobs?page=25
2025-05-26 11:02:33,748 - INFO - Scraping role: Web-Developer, page: 26, URL: https://sg.jobsdb.com/Web-Developer-jobs?page=26
2025-05-26 11:02:43,295 - INFO - Scraping role: Web-Developer, page: 27, URL: https://sg.jobsdb.com/Web-Developer-jobs?page=27
2025-05-26 11:02:52,926 - INFO - Scraping role: Web-Developer, page: 28, URL: https://sg.jobsdb.com/Web-Developer-jobs?page=28
2025-05-26 11:03:02,464 - INFO - Scraping role: Web-Developer, page: 29, URL: https://sg.jobsdb.com/Web-Developer-jobs?page=29
2025-05-26 11:03:11,957 - INFO - Scraping role: Web-Developer, page: 30, URL: https://sg.jobsdb.com/Web-Developer-jobs?page=30
2025-05-26 11:03:21,460 - INFO - Scraping role: Web-Developer, page: 31, URL: https://sg.jobsdb.com/Web-Developer-jobs?page=31
2025-05-26 11:03:31,239 - INFO - Scraping role: Web-Developer, page: 32, URL: https://sg.jobsdb.com/Web-Developer-jobs?page=32
2025-05-26 11:03:40,685 - INFO - Scraping role: Web-Developer, page: 33, URL: https://sg.jobsdb.com/Web-Developer-jobs?page=33
2025-05-26 11:03:50,864 - INFO - Scraping role: Web-Developer, page: 34, URL: https://sg.jobsdb.com/Web-Developer-jobs?page=34
2025-05-26 11:04:01,493 - INFO - Scraping role: Web-Developer, page: 35, URL: https://sg.jobsdb.com/Web-Developer-jobs?page=35
2025-05-26 11:04:11,415 - INFO - Scraping role: Web-Developer, page: 36, URL: https://sg.jobsdb.com/Web-Developer-jobs?page=36
2025-05-26 11:04:21,395 - INFO - Scraping role: Web-Developer, page: 37, URL: https://sg.jobsdb.com/Web-Developer-jobs?page=37
2025-05-26 11:04:31,765 - INFO - Scraping role: Web-Developer, page: 38, URL: https://sg.jobsdb.com/Web-Developer-jobs?page=38
2025-05-26 11:04:42,149 - INFO - Scraping role: Web-Developer, page: 39, URL: https://sg.jobsdb.com/Web-Developer-jobs?page=39
2025-05-26 11:04:52,513 - INFO - Scraping role: Web-Developer, page: 40, URL: https://sg.jobsdb.com/Web-Developer-jobs?page=40
2025-05-26 11:05:01,993 - INFO - Scraping role: Web-Developer, page: 41, URL: https://sg.jobsdb.com/Web-Developer-jobs?page=41
2025-05-26 11:05:12,159 - INFO - Scraping role: Web-Developer, page: 42, URL: https://sg.jobsdb.com/Web-Developer-jobs?page=42
2025-05-26 11:05:23,387 - INFO - Scraping role: Web-Developer, page: 43, URL: https://sg.jobsdb.com/Web-Developer-jobs?page=43
2025-05-26 11:05:33,820 - INFO - Scraping role: Web-Developer, page: 44, URL: https://sg.jobsdb.com/Web-Developer-jobs?page=44
2025-05-26 11:05:44,164 - INFO - Scraping role: Web-Developer, page: 45, URL: https://sg.jobsdb.com/Web-Developer-jobs?page=45
2025-05-26 11:05:54,440 - INFO - Scraping role: Web-Developer, page: 46, URL: https://sg.jobsdb.com/Web-Developer-jobs?page=46
2025-05-26 11:06:04,728 - INFO - Scraping role: Web-Developer, page: 47, URL: https://sg.jobsdb.com/Web-Developer-jobs?page=47
2025-05-26 11:06:14,426 - INFO - Scraping role: Web-Developer, page: 48, URL: https://sg.jobsdb.com/Web-Developer-jobs?page=48
2025-05-26 11:06:23,827 - INFO - Scraping role: Web-Developer, page: 49, URL: https://sg.jobsdb.com/Web-Developer-jobs?page=49
2025-05-26 11:06:32,941 - INFO - Scraping role: Web-Developer, page: 50, URL: https://sg.jobsdb.com/Web-Developer-jobs?page=50
2025-05-26 11:06:43,362 - INFO - Scraping role: Data-Scientist, page: 1, URL: https://sg.jobsdb.com/Data-Scientist-jobs?page=1
2025-05-26 11:06:52,131 - INFO - Scraping role: Data-Scientist, page: 2, URL: https://sg.jobsdb.com/Data-Scientist-jobs?page=2
2025-05-26 11:07:01,910 - INFO - Scraping role: Data-Scientist, page: 3, URL: https://sg.jobsdb.com/Data-Scientist-jobs?page=3
2025-05-26 11:07:11,830 - INFO - Scraping role: Data-Scientist, page: 4, URL: https://sg.jobsdb.com/Data-Scientist-jobs?page=4
2025-05-26 11:07:22,561 - INFO - Scraping role: Data-Scientist, page: 5, URL: https://sg.jobsdb.com/Data-Scientist-jobs?page=5
2025-05-26 11:07:32,870 - INFO - Scraping role: Data-Scientist, page: 6, URL: https://sg.jobsdb.com/Data-Scientist-jobs?page=6
2025-05-26 11:07:43,308 - INFO - Scraping role: Data-Scientist, page: 7, URL: https://sg.jobsdb.com/Data-Scientist-jobs?page=7
2025-05-26 11:07:54,519 - INFO - Scraping role: Data-Scientist, page: 8, URL: https://sg.jobsdb.com/Data-Scientist-jobs?page=8
2025-05-26 11:08:05,333 - INFO - Scraping role: Data-Scientist, page: 9, URL: https://sg.jobsdb.com/Data-Scientist-jobs?page=9
2025-05-26 11:08:15,127 - INFO - Scraping role: Data-Scientist, page: 10, URL: https://sg.jobsdb.com/Data-Scientist-jobs?page=10
2025-05-26 11:08:24,757 - INFO - Scraping role: Data-Scientist, page: 11, URL: https://sg.jobsdb.com/Data-Scientist-jobs?page=11
2025-05-26 11:08:34,336 - INFO - Scraping role: Data-Scientist, page: 12, URL: https://sg.jobsdb.com/Data-Scientist-jobs?page=12
2025-05-26 11:08:44,434 - INFO - Scraping role: Data-Scientist, page: 13, URL: https://sg.jobsdb.com/Data-Scientist-jobs?page=13
2025-05-26 11:08:53,904 - INFO - Scraping role: Data-Scientist, page: 14, URL: https://sg.jobsdb.com/Data-Scientist-jobs?page=14
2025-05-26 11:09:03,324 - INFO - Scraping role: Data-Scientist, page: 15, URL: https://sg.jobsdb.com/Data-Scientist-jobs?page=15
2025-05-26 11:09:12,806 - INFO - Scraping role: Data-Scientist, page: 16, URL: https://sg.jobsdb.com/Data-Scientist-jobs?page=16
2025-05-26 11:09:22,319 - INFO - Scraping role: Data-Scientist, page: 17, URL: https://sg.jobsdb.com/Data-Scientist-jobs?page=17
2025-05-26 11:09:31,897 - INFO - Scraping role: Data-Scientist, page: 18, URL: https://sg.jobsdb.com/Data-Scientist-jobs?page=18
2025-05-26 11:09:41,529 - INFO - Scraping role: Data-Scientist, page: 19, URL: https://sg.jobsdb.com/Data-Scientist-jobs?page=19
2025-05-26 11:09:51,005 - INFO - Scraping role: Data-Scientist, page: 20, URL: https://sg.jobsdb.com/Data-Scientist-jobs?page=20
2025-05-26 11:10:00,469 - INFO - Scraping role: Data-Scientist, page: 21, URL: https://sg.jobsdb.com/Data-Scientist-jobs?page=21
2025-05-26 11:10:10,324 - INFO - Scraping role: Data-Scientist, page: 22, URL: https://sg.jobsdb.com/Data-Scientist-jobs?page=22
2025-05-26 11:10:20,174 - INFO - Scraping role: Data-Scientist, page: 23, URL: https://sg.jobsdb.com/Data-Scientist-jobs?page=23
2025-05-26 11:10:30,378 - INFO - Scraping role: Data-Scientist, page: 24, URL: https://sg.jobsdb.com/Data-Scientist-jobs?page=24
2025-05-26 11:10:40,281 - INFO - Scraping role: Data-Scientist, page: 25, URL: https://sg.jobsdb.com/Data-Scientist-jobs?page=25
2025-05-26 11:10:49,669 - INFO - Scraping role: Data-Scientist, page: 26, URL: https://sg.jobsdb.com/Data-Scientist-jobs?page=26
2025-05-26 11:10:59,030 - INFO - Scraping role: Data-Scientist, page: 27, URL: https://sg.jobsdb.com/Data-Scientist-jobs?page=27
2025-05-26 11:11:08,532 - INFO - Scraping role: Data-Scientist, page: 28, URL: https://sg.jobsdb.com/Data-Scientist-jobs?page=28
2025-05-26 11:11:18,426 - INFO - Scraping role: Data-Scientist, page: 29, URL: https://sg.jobsdb.com/Data-Scientist-jobs?page=29
2025-05-26 11:11:28,993 - INFO - Scraping role: Data-Scientist, page: 30, URL: https://sg.jobsdb.com/Data-Scientist-jobs?page=30
2025-05-26 11:11:39,371 - INFO - Scraping role: Data-Scientist, page: 31, URL: https://sg.jobsdb.com/Data-Scientist-jobs?page=31
2025-05-26 11:11:48,633 - INFO - Scraping role: Data-Scientist, page: 32, URL: https://sg.jobsdb.com/Data-Scientist-jobs?page=32
2025-05-26 11:11:58,936 - INFO - Scraping role: Data-Scientist, page: 33, URL: https://sg.jobsdb.com/Data-Scientist-jobs?page=33
2025-05-26 11:12:08,896 - INFO - Scraping role: Data-Scientist, page: 34, URL: https://sg.jobsdb.com/Data-Scientist-jobs?page=34
2025-05-26 11:12:18,688 - INFO - Scraping role: Data-Scientist, page: 35, URL: https://sg.jobsdb.com/Data-Scientist-jobs?page=35
2025-05-26 11:12:28,187 - INFO - Scraping role: Data-Scientist, page: 36, URL: https://sg.jobsdb.com/Data-Scientist-jobs?page=36
2025-05-26 11:12:37,602 - INFO - Scraping role: Data-Scientist, page: 37, URL: https://sg.jobsdb.com/Data-Scientist-jobs?page=37
2025-05-26 11:12:47,060 - INFO - Scraping role: Data-Scientist, page: 38, URL: https://sg.jobsdb.com/Data-Scientist-jobs?page=38
2025-05-26 11:12:56,686 - INFO - Scraping role: Data-Scientist, page: 39, URL: https://sg.jobsdb.com/Data-Scientist-jobs?page=39
2025-05-26 11:13:06,202 - INFO - Scraping role: Data-Scientist, page: 40, URL: https://sg.jobsdb.com/Data-Scientist-jobs?page=40
2025-05-26 11:13:15,867 - INFO - Scraping role: Data-Scientist, page: 41, URL: https://sg.jobsdb.com/Data-Scientist-jobs?page=41
2025-05-26 11:13:25,392 - INFO - Scraping role: Data-Scientist, page: 42, URL: https://sg.jobsdb.com/Data-Scientist-jobs?page=42
2025-05-26 11:13:34,986 - INFO - Scraping role: Data-Scientist, page: 43, URL: https://sg.jobsdb.com/Data-Scientist-jobs?page=43
2025-05-26 11:13:44,645 - INFO - Scraping role: Data-Scientist, page: 44, URL: https://sg.jobsdb.com/Data-Scientist-jobs?page=44
2025-05-26 11:13:54,164 - INFO - Scraping role: Data-Scientist, page: 45, URL: https://sg.jobsdb.com/Data-Scientist-jobs?page=45
2025-05-26 11:14:03,684 - INFO - Scraping role: Data-Scientist, page: 46, URL: https://sg.jobsdb.com/Data-Scientist-jobs?page=46
2025-05-26 11:14:13,210 - INFO - Scraping role: Data-Scientist, page: 47, URL: https://sg.jobsdb.com/Data-Scientist-jobs?page=47
2025-05-26 11:14:22,682 - INFO - Scraping role: Data-Scientist, page: 48, URL: https://sg.jobsdb.com/Data-Scientist-jobs?page=48
2025-05-26 11:14:32,201 - INFO - Scraping role: Data-Scientist, page: 49, URL: https://sg.jobsdb.com/Data-Scientist-jobs?page=49
2025-05-26 11:14:41,755 - INFO - Scraping role: Data-Scientist, page: 50, URL: https://sg.jobsdb.com/Data-Scientist-jobs?page=50
2025-05-26 11:14:51,258 - INFO - Scraping role: Data-Analyst, page: 1, URL: https://sg.jobsdb.com/Data-Analyst-jobs?page=1
2025-05-26 11:15:01,065 - INFO - Scraping role: Data-Analyst, page: 2, URL: https://sg.jobsdb.com/Data-Analyst-jobs?page=2
2025-05-26 11:15:10,859 - INFO - Scraping role: Data-Analyst, page: 3, URL: https://sg.jobsdb.com/Data-Analyst-jobs?page=3
2025-05-26 11:15:20,569 - INFO - Scraping role: Data-Analyst, page: 4, URL: https://sg.jobsdb.com/Data-Analyst-jobs?page=4
2025-05-26 11:15:30,109 - INFO - Scraping role: Data-Analyst, page: 5, URL: https://sg.jobsdb.com/Data-Analyst-jobs?page=5
2025-05-26 11:15:39,990 - INFO - Scraping role: Data-Analyst, page: 6, URL: https://sg.jobsdb.com/Data-Analyst-jobs?page=6
2025-05-26 11:15:49,626 - INFO - Scraping role: Data-Analyst, page: 7, URL: https://sg.jobsdb.com/Data-Analyst-jobs?page=7
2025-05-26 11:15:59,514 - INFO - Scraping role: Data-Analyst, page: 8, URL: https://sg.jobsdb.com/Data-Analyst-jobs?page=8
2025-05-26 11:16:09,448 - INFO - Scraping role: Data-Analyst, page: 9, URL: https://sg.jobsdb.com/Data-Analyst-jobs?page=9
2025-05-26 11:16:19,116 - INFO - Scraping role: Data-Analyst, page: 10, URL: https://sg.jobsdb.com/Data-Analyst-jobs?page=10
2025-05-26 11:16:29,235 - INFO - Scraping role: Data-Analyst, page: 11, URL: https://sg.jobsdb.com/Data-Analyst-jobs?page=11
2025-05-26 11:16:39,228 - INFO - Scraping role: Data-Analyst, page: 12, URL: https://sg.jobsdb.com/Data-Analyst-jobs?page=12
2025-05-26 11:16:49,714 - INFO - Scraping role: Data-Analyst, page: 13, URL: https://sg.jobsdb.com/Data-Analyst-jobs?page=13
2025-05-26 11:17:17,609 - INFO - Scraping role: Data-Analyst, page: 14, URL: https://sg.jobsdb.com/Data-Analyst-jobs?page=14
2025-05-26 11:17:29,108 - INFO - Scraping role: Data-Analyst, page: 15, URL: https://sg.jobsdb.com/Data-Analyst-jobs?page=15
2025-05-26 11:17:39,679 - INFO - Scraping role: Data-Analyst, page: 16, URL: https://sg.jobsdb.com/Data-Analyst-jobs?page=16
2025-05-26 11:17:49,579 - INFO - Scraping role: Data-Analyst, page: 17, URL: https://sg.jobsdb.com/Data-Analyst-jobs?page=17
2025-05-26 11:17:59,307 - INFO - Scraping role: Data-Analyst, page: 18, URL: https://sg.jobsdb.com/Data-Analyst-jobs?page=18
2025-05-26 11:18:09,139 - INFO - Scraping role: Data-Analyst, page: 19, URL: https://sg.jobsdb.com/Data-Analyst-jobs?page=19
2025-05-26 11:18:19,148 - INFO - Scraping role: Data-Analyst, page: 20, URL: https://sg.jobsdb.com/Data-Analyst-jobs?page=20
2025-05-26 11:18:28,634 - INFO - Scraping role: Data-Analyst, page: 21, URL: https://sg.jobsdb.com/Data-Analyst-jobs?page=21
2025-05-26 11:18:38,386 - INFO - Scraping role: Data-Analyst, page: 22, URL: https://sg.jobsdb.com/Data-Analyst-jobs?page=22
2025-05-26 11:18:48,214 - INFO - Scraping role: Data-Analyst, page: 23, URL: https://sg.jobsdb.com/Data-Analyst-jobs?page=23
2025-05-26 11:18:57,894 - INFO - Scraping role: Data-Analyst, page: 24, URL: https://sg.jobsdb.com/Data-Analyst-jobs?page=24
2025-05-26 11:19:08,474 - INFO - Scraping role: Data-Analyst, page: 25, URL: https://sg.jobsdb.com/Data-Analyst-jobs?page=25
2025-05-26 11:19:19,121 - INFO - Scraping role: Data-Analyst, page: 26, URL: https://sg.jobsdb.com/Data-Analyst-jobs?page=26
2025-05-26 11:19:28,988 - INFO - Scraping role: Data-Analyst, page: 27, URL: https://sg.jobsdb.com/Data-Analyst-jobs?page=27
2025-05-26 11:19:40,808 - INFO - Scraping role: Data-Analyst, page: 28, URL: https://sg.jobsdb.com/Data-Analyst-jobs?page=28
2025-05-26 11:19:50,400 - INFO - Scraping role: Data-Analyst, page: 29, URL: https://sg.jobsdb.com/Data-Analyst-jobs?page=29
2025-05-26 11:20:00,275 - INFO - Scraping role: Data-Analyst, page: 30, URL: https://sg.jobsdb.com/Data-Analyst-jobs?page=30
2025-05-26 11:20:09,999 - INFO - Scraping role: Data-Analyst, page: 31, URL: https://sg.jobsdb.com/Data-Analyst-jobs?page=31
2025-05-26 11:20:19,777 - INFO - Scraping role: Data-Analyst, page: 32, URL: https://sg.jobsdb.com/Data-Analyst-jobs?page=32
2025-05-26 11:20:29,463 - INFO - Scraping role: Data-Analyst, page: 33, URL: https://sg.jobsdb.com/Data-Analyst-jobs?page=33
2025-05-26 11:20:39,366 - INFO - Scraping role: Data-Analyst, page: 34, URL: https://sg.jobsdb.com/Data-Analyst-jobs?page=34
2025-05-26 11:20:49,053 - INFO - Scraping role: Data-Analyst, page: 35, URL: https://sg.jobsdb.com/Data-Analyst-jobs?page=35
2025-05-26 11:20:58,839 - INFO - Scraping role: Data-Analyst, page: 36, URL: https://sg.jobsdb.com/Data-Analyst-jobs?page=36
2025-05-26 11:21:08,832 - INFO - Scraping role: Data-Analyst, page: 37, URL: https://sg.jobsdb.com/Data-Analyst-jobs?page=37
2025-05-26 11:21:18,473 - INFO - Scraping role: Data-Analyst, page: 38, URL: https://sg.jobsdb.com/Data-Analyst-jobs?page=38
2025-05-26 11:21:28,372 - INFO - Scraping role: Data-Analyst, page: 39, URL: https://sg.jobsdb.com/Data-Analyst-jobs?page=39
2025-05-26 11:21:37,985 - INFO - Scraping role: Data-Analyst, page: 40, URL: https://sg.jobsdb.com/Data-Analyst-jobs?page=40
2025-05-26 11:21:47,787 - INFO - Scraping role: Data-Analyst, page: 41, URL: https://sg.jobsdb.com/Data-Analyst-jobs?page=41
2025-05-26 11:21:57,868 - INFO - Scraping role: Data-Analyst, page: 42, URL: https://sg.jobsdb.com/Data-Analyst-jobs?page=42
2025-05-26 11:22:07,575 - INFO - Scraping role: Data-Analyst, page: 43, URL: https://sg.jobsdb.com/Data-Analyst-jobs?page=43
2025-05-26 11:22:18,070 - INFO - Scraping role: Data-Analyst, page: 44, URL: https://sg.jobsdb.com/Data-Analyst-jobs?page=44
2025-05-26 11:22:28,182 - INFO - Scraping role: Data-Analyst, page: 45, URL: https://sg.jobsdb.com/Data-Analyst-jobs?page=45
2025-05-26 11:22:37,933 - INFO - Scraping role: Data-Analyst, page: 46, URL: https://sg.jobsdb.com/Data-Analyst-jobs?page=46
2025-05-26 11:22:47,624 - INFO - Scraping role: Data-Analyst, page: 47, URL: https://sg.jobsdb.com/Data-Analyst-jobs?page=47
2025-05-26 11:22:57,635 - INFO - Scraping role: Data-Analyst, page: 48, URL: https://sg.jobsdb.com/Data-Analyst-jobs?page=48
2025-05-26 11:23:07,424 - INFO - Scraping role: Data-Analyst, page: 49, URL: https://sg.jobsdb.com/Data-Analyst-jobs?page=49
2025-05-26 11:23:17,667 - INFO - Scraping role: Data-Analyst, page: 50, URL: https://sg.jobsdb.com/Data-Analyst-jobs?page=50
2025-05-26 11:23:27,473 - INFO - WebDriver closed.
