2025-05-26 10:40:18,793 - INFO - ====== WebDriver manager ======
2025-05-26 10:40:18,937 - INFO - Get LATEST chromedriver version for google-chrome
2025-05-26 10:40:20,606 - INFO - Get LATEST chromedriver version for google-chrome
2025-05-26 10:40:22,243 - INFO - Driver [/home/may/.wdm/drivers/chromedriver/linux64/133.0.6943.141/chromedriver-linux64/chromedriver] found in cache
2025-05-26 10:40:23,459 - INFO - Scraping role: Software-Developer, page: 1, URL: https://sg.jobsdb.com/Software-Developer-jobs?page=1
2025-05-26 10:40:41,061 - INFO - Scraping role: Software-Developer, page: 2, URL: https://sg.jobsdb.com/Software-Developer-jobs?page=2
2025-05-26 10:40:51,125 - INFO - Scraping role: Software-Developer, page: 3, URL: https://sg.jobsdb.com/Software-Developer-jobs?page=3
2025-05-26 10:41:01,896 - INFO - Scraping role: Software-Developer, page: 4, URL: https://sg.jobsdb.com/Software-Developer-jobs?page=4
2025-05-26 10:41:12,413 - INFO - Scraping role: Software-Developer, page: 5, URL: https://sg.jobsdb.com/Software-Developer-jobs?page=5
2025-05-26 10:41:23,335 - INFO - Scraping role: Software-Developer, page: 6, URL: https://sg.jobsdb.com/Software-Developer-jobs?page=6
2025-05-26 10:41:34,414 - INFO - Scraping role: Software-Developer, page: 7, URL: https://sg.jobsdb.com/Software-Developer-jobs?page=7
2025-05-26 10:41:47,191 - INFO - Scraping role: Software-Developer, page: 8, URL: https://sg.jobsdb.com/Software-Developer-jobs?page=8
2025-05-26 10:41:58,211 - INFO - Scraping role: Software-Developer, page: 9, URL: https://sg.jobsdb.com/Software-Developer-jobs?page=9
2025-05-26 10:42:11,003 - INFO - Scraping role: Software-Developer, page: 10, URL: https://sg.jobsdb.com/Software-Developer-jobs?page=10
2025-05-26 10:42:21,838 - INFO - Scraping role: Software-Developer, page: 11, URL: https://sg.jobsdb.com/Software-Developer-jobs?page=11
2025-05-26 10:42:31,627 - INFO - Scraping role: Software-Developer, page: 12, URL: https://sg.jobsdb.com/Software-Developer-jobs?page=12
2025-05-26 10:42:42,179 - INFO - Scraping role: Software-Developer, page: 13, URL: https://sg.jobsdb.com/Software-Developer-jobs?page=13
2025-05-26 10:42:52,495 - INFO - Scraping role: Software-Developer, page: 14, URL: https://sg.jobsdb.com/Software-Developer-jobs?page=14
2025-05-26 10:43:02,537 - INFO - Scraping role: Software-Developer, page: 15, URL: https://sg.jobsdb.com/Software-Developer-jobs?page=15
2025-05-26 10:43:14,063 - INFO - Scraping role: Software-Developer, page: 16, URL: https://sg.jobsdb.com/Software-Developer-jobs?page=16
2025-05-26 10:43:25,884 - INFO - Scraping role: Software-Developer, page: 17, URL: https://sg.jobsdb.com/Software-Developer-jobs?page=17
2025-05-26 10:43:37,941 - INFO - Scraping role: Software-Developer, page: 18, URL: https://sg.jobsdb.com/Software-Developer-jobs?page=18
2025-05-26 10:43:50,771 - INFO - Scraping role: Software-Developer, page: 19, URL: https://sg.jobsdb.com/Software-Developer-jobs?page=19
2025-05-26 10:44:01,795 - INFO - Scraping role: Software-Developer, page: 20, URL: https://sg.jobsdb.com/Software-Developer-jobs?page=20
2025-05-26 10:44:12,559 - INFO - Scraping role: Software-Developer, page: 21, URL: https://sg.jobsdb.com/Software-Developer-jobs?page=21
2025-05-26 10:44:22,334 - INFO - Scraping role: Software-Developer, page: 22, URL: https://sg.jobsdb.com/Software-Developer-jobs?page=22
2025-05-26 10:44:32,480 - INFO - Scraping role: Software-Developer, page: 23, URL: https://sg.jobsdb.com/Software-Developer-jobs?page=23
2025-05-26 10:44:42,562 - INFO - Scraping role: Software-Developer, page: 24, URL: https://sg.jobsdb.com/Software-Developer-jobs?page=24
2025-05-26 10:44:53,714 - INFO - Scraping role: Software-Developer, page: 25, URL: https://sg.jobsdb.com/Software-Developer-jobs?page=25
2025-05-26 10:45:04,619 - INFO - Scraping role: Software-Developer, page: 26, URL: https://sg.jobsdb.com/Software-Developer-jobs?page=26
2025-05-26 10:45:14,948 - INFO - Scraping role: Software-Developer, page: 27, URL: https://sg.jobsdb.com/Software-Developer-jobs?page=27
2025-05-26 10:45:25,037 - INFO - Scraping role: Software-Developer, page: 28, URL: https://sg.jobsdb.com/Software-Developer-jobs?page=28
2025-05-26 10:45:34,131 - INFO - Scraping role: Software-Developer, page: 29, URL: https://sg.jobsdb.com/Software-Developer-jobs?page=29
2025-05-26 10:45:45,513 - INFO - Scraping role: Software-Developer, page: 30, URL: https://sg.jobsdb.com/Software-Developer-jobs?page=30
2025-05-26 10:45:55,908 - INFO - Scraping role: Software-Developer, page: 31, URL: https://sg.jobsdb.com/Software-Developer-jobs?page=31
2025-05-26 10:46:05,466 - INFO - Scraping role: Software-Developer, page: 32, URL: https://sg.jobsdb.com/Software-Developer-jobs?page=32
2025-05-26 10:46:14,412 - INFO - Scraping role: Software-Developer, page: 33, URL: https://sg.jobsdb.com/Software-Developer-jobs?page=33
2025-05-26 10:46:24,402 - INFO - Scraping role: Software-Developer, page: 34, URL: https://sg.jobsdb.com/Software-Developer-jobs?page=34
2025-05-26 10:46:34,551 - INFO - Scraping role: Software-Developer, page: 35, URL: https://sg.jobsdb.com/Software-Developer-jobs?page=35
2025-05-26 10:46:44,909 - INFO - Scraping role: Software-Developer, page: 36, URL: https://sg.jobsdb.com/Software-Developer-jobs?page=36
2025-05-26 10:46:55,895 - INFO - Scraping role: Software-Developer, page: 37, URL: https://sg.jobsdb.com/Software-Developer-jobs?page=37
2025-05-26 10:47:05,770 - INFO - Scraping role: Software-Developer, page: 38, URL: https://sg.jobsdb.com/Software-Developer-jobs?page=38
2025-05-26 10:47:15,685 - INFO - Scraping role: Software-Developer, page: 39, URL: https://sg.jobsdb.com/Software-Developer-jobs?page=39
2025-05-26 10:47:25,512 - INFO - Scraping role: Software-Developer, page: 40, URL: https://sg.jobsdb.com/Software-Developer-jobs?page=40
2025-05-26 10:47:36,843 - INFO - Scraping role: Software-Developer, page: 41, URL: https://sg.jobsdb.com/Software-Developer-jobs?page=41
2025-05-26 10:47:47,446 - INFO - Scraping role: Software-Developer, page: 42, URL: https://sg.jobsdb.com/Software-Developer-jobs?page=42
2025-05-26 10:47:58,613 - INFO - Scraping role: Software-Developer, page: 43, URL: https://sg.jobsdb.com/Software-Developer-jobs?page=43
2025-05-26 10:48:08,594 - INFO - Scraping role: Software-Developer, page: 44, URL: https://sg.jobsdb.com/Software-Developer-jobs?page=44
2025-05-26 10:48:18,350 - INFO - Scraping role: Software-Developer, page: 45, URL: https://sg.jobsdb.com/Software-Developer-jobs?page=45
2025-05-26 10:48:28,763 - INFO - Scraping role: Software-Developer, page: 46, URL: https://sg.jobsdb.com/Software-Developer-jobs?page=46
2025-05-26 10:48:36,906 - WARNING - Retrying (Retry(total=2, connect=None, read=None, redirect=None, status=None)) after connection broken by 'ConnectionResetError(104, 'Connection reset by peer')': /session/0952f5121337343f6db9410e25dd630a
2025-05-26 10:48:36,908 - WARNING - Retrying (Retry(total=1, connect=None, read=None, redirect=None, status=None)) after connection broken by 'NewConnectionError('<urllib3.connection.HTTPConnection object at 0x71104498e110>: Failed to establish a new connection: [Errno 111] Connection refused')': /session/0952f5121337343f6db9410e25dd630a
2025-05-26 10:48:36,909 - WARNING - Retrying (Retry(total=0, connect=None, read=None, redirect=None, status=None)) after connection broken by 'NewConnectionError('<urllib3.connection.HTTPConnection object at 0x71104498eda0>: Failed to establish a new connection: [Errno 111] Connection refused')': /session/0952f5121337343f6db9410e25dd630a
2025-05-26 10:48:36,910 - INFO - WebDriver closed.
