2025-05-24 18:56:33,063 - INFO - Fetched page 1 with 100 jobs.
2025-05-24 18:56:38,332 - INFO - Fetched page 2 with 100 jobs.
2025-05-24 18:56:44,633 - INFO - Fetched page 3 with 100 jobs.
2025-05-24 18:56:48,115 - INFO - Fetched page 4 with 100 jobs.
2025-05-24 18:56:53,032 - INFO - Fetched page 5 with 100 jobs.
2025-05-24 18:56:56,820 - INFO - Fetched page 6 with 100 jobs.
2025-05-24 18:57:03,270 - INFO - Fetched page 7 with 100 jobs.
2025-05-24 18:57:08,491 - INFO - Fetched page 8 with 100 jobs.
2025-05-24 18:57:13,543 - INFO - Fetched page 9 with 100 jobs.
2025-05-24 18:57:18,842 - INFO - Fetched page 10 with 100 jobs.
2025-05-24 18:57:22,522 - INFO - Fetched page 11 with 100 jobs.
2025-05-24 18:57:26,624 - INFO - Fetched page 12 with 100 jobs.
2025-05-24 18:57:29,792 - INFO - Fetched page 13 with 100 jobs.
2025-05-24 18:57:33,684 - INFO - Fetched page 14 with 100 jobs.
2025-05-24 18:57:39,112 - INFO - Fetched page 15 with 100 jobs.
2025-05-24 18:57:44,232 - INFO - Fetched page 16 with 100 jobs.
2025-05-24 18:57:48,966 - INFO - Fetched page 17 with 100 jobs.
2025-05-24 18:57:52,838 - INFO - Fetched page 18 with 100 jobs.
2025-05-24 18:57:58,077 - INFO - Fetched page 19 with 100 jobs.
2025-05-24 18:58:02,254 - INFO - Fetched page 20 with 100 jobs.
2025-05-24 18:58:05,529 - INFO - Fetched page 21 with 100 jobs.
2025-05-24 18:58:10,855 - INFO - Fetched page 22 with 100 jobs.
2025-05-24 18:58:14,748 - INFO - Fetched page 23 with 100 jobs.
2025-05-24 18:58:19,467 - INFO - Fetched page 24 with 100 jobs.
2025-05-24 18:58:23,960 - INFO - Fetched page 25 with 100 jobs.
2025-05-24 18:58:28,260 - INFO - Fetched page 26 with 100 jobs.
2025-05-24 18:58:32,052 - INFO - Fetched page 27 with 100 jobs.
2025-05-24 18:58:35,309 - INFO - Fetched page 28 with 100 jobs.
2025-05-24 18:58:39,071 - INFO - Fetched page 29 with 100 jobs.
2025-05-24 18:58:43,011 - INFO - Fetched page 30 with 100 jobs.
2025-05-24 18:58:48,335 - INFO - Fetched page 31 with 100 jobs.
2025-05-24 18:58:52,247 - INFO - Fetched page 32 with 100 jobs.
2025-05-24 18:58:55,399 - INFO - Fetched page 33 with 100 jobs.
2025-05-24 18:58:59,087 - INFO - Fetched page 34 with 100 jobs.
2025-05-24 18:59:02,979 - INFO - Fetched page 35 with 100 jobs.
2025-05-24 18:59:07,325 - INFO - Fetched page 36 with 100 jobs.
2025-05-24 18:59:11,885 - INFO - Fetched page 37 with 100 jobs.
2025-05-24 18:59:16,437 - INFO - Fetched page 38 with 100 jobs.
2025-05-24 18:59:21,512 - INFO - Fetched page 39 with 100 jobs.
2025-05-24 18:59:27,245 - INFO - Fetched page 40 with 100 jobs.
2025-05-24 18:59:31,445 - INFO - Fetched page 41 with 100 jobs.
2025-05-24 18:59:35,849 - INFO - Fetched page 42 with 100 jobs.
2025-05-24 18:59:40,146 - INFO - Fetched page 43 with 58 jobs.
2025-05-24 18:59:44,384 - INFO - No more jobs found.
2025-05-24 18:59:44,438 - INFO - Scraping completed. Total jobs scraped: 4258
2025-05-24 18:59:44,647 - INFO - Transforming JobStreet MY DataFrame
2025-05-24 18:59:45,865 - INFO - Transformation JobStreet MY complete
