2025-05-18 18:29:10,337 - INFO - ====== WebDriver manager ======
2025-05-18 18:29:12,536 - INFO - Get LATEST chromedriver version for google-chrome
2025-05-18 18:29:12,608 - INFO - Get LATEST chromedriver version for google-chrome
2025-05-18 18:29:12,619 - INFO - There is no [linux64] chromedriver "136.0.7103.94" for browser google-chrome "136.0.7103" in cache
2025-05-18 18:29:12,619 - INFO - Get LATEST chromedriver version for google-chrome
2025-05-18 18:29:12,667 - INFO - WebDriver version 136.0.7103.94 selected
2025-05-18 18:29:12,670 - INFO - Modern chrome version https://storage.googleapis.com/chrome-for-testing-public/136.0.7103.94/linux64/chromedriver-linux64.zip
2025-05-18 18:29:12,670 - INFO - About to download new driver from https://storage.googleapis.com/chrome-for-testing-public/136.0.7103.94/linux64/chromedriver-linux64.zip
2025-05-18 18:29:12,707 - INFO - Driver downloading response is 200
2025-05-18 18:29:12,759 - INFO - Get LATEST chromedriver version for google-chrome
2025-05-18 18:29:12,884 - INFO - Driver has been saved in cache [/home/runner/.wdm/drivers/chromedriver/linux64/136.0.7103.94]
2025-05-18 18:29:32,342 - INFO - Login Successful! Dashboard loaded.
2025-05-18 18:29:35,266 - INFO - Redirected to jobs page
2025-05-18 18:29:37,423 - INFO - Page 1: Scraped. 30 jobs.
2025-05-18 18:29:43,154 - WARNING - Company name not found.
2025-05-18 18:29:43,959 - INFO - Page 2: Scraped. 60 jobs.
2025-05-18 18:29:50,410 - INFO - Page 3: Scraped. 90 jobs.
2025-05-18 18:29:56,745 - INFO - Page 4: Scraped. 120 jobs.
2025-05-18 18:30:00,884 - INFO - Page 5: Scraped. 130 jobs.
2025-05-18 18:30:00,924 - INFO - No more pages to scrape.
2025-05-18 18:30:01,008 - INFO - Driver closed.
2025-05-18 18:30:01,008 - INFO - Total jobs scraped: 130
2025-05-18 18:30:01,017 - INFO - ====== WebDriver manager ======
2025-05-18 18:30:01,124 - INFO - Get LATEST chromedriver version for google-chrome
2025-05-18 18:30:01,138 - INFO - Get LATEST chromedriver version for google-chrome
2025-05-18 18:30:01,149 - INFO - Driver [/home/runner/.wdm/drivers/chromedriver/linux64/136.0.7103.94/chromedriver-linux64/chromedriver] found in cache
2025-05-18 18:30:01,400 - INFO - Scraping role: Software-Developer, page: 1, URL: https://sg.jobsdb.com/Software-Developer-jobs?page=1
2025-05-18 18:30:08,792 - INFO - Scraping role: Web-Developer, page: 1, URL: https://sg.jobsdb.com/Web-Developer-jobs?page=1
2025-05-18 18:30:15,444 - INFO - Scraping role: Data-Scientist, page: 1, URL: https://sg.jobsdb.com/Data-Scientist-jobs?page=1
2025-05-18 18:30:21,911 - INFO - Scraping role: Data-Analyst, page: 1, URL: https://sg.jobsdb.com/Data-Analyst-jobs?page=1
2025-05-18 18:30:28,473 - INFO - Scraping role: AI-Engineer, page: 1, URL: https://sg.jobsdb.com/AI-Engineer-jobs?page=1
2025-05-18 18:30:35,173 - INFO - Scraping role: Machine-Learning-Engineer, page: 1, URL: https://sg.jobsdb.com/Machine-Learning-Engineer-jobs?page=1
2025-05-18 18:30:41,743 - INFO - Scraping role: DevOps-Engineer, page: 1, URL: https://sg.jobsdb.com/DevOps-Engineer-jobs?page=1
2025-05-18 18:30:48,525 - INFO - Scraping role: Cloud-Engineer, page: 1, URL: https://sg.jobsdb.com/Cloud-Engineer-jobs?page=1
2025-05-18 18:30:55,247 - INFO - Scraping role: Cybersecurity, page: 1, URL: https://sg.jobsdb.com/Cybersecurity-jobs?page=1
2025-05-18 18:31:02,085 - INFO - WebDriver closed.
2025-05-18 18:31:02,085 - INFO - Scraping completed. Total jobs collected: 135
2025-05-18 18:31:02,507 - INFO - Total jobs found: 2764
2025-05-18 18:31:02,507 - INFO - Scraped job from page 1: 100 jobs collected.
2025-05-18 18:31:05,744 - INFO - Total jobs found: 2764
2025-05-18 18:31:05,744 - INFO - Scraped job from page 2: 200 jobs collected.
2025-05-18 18:31:09,868 - INFO - Total jobs found: 2764
2025-05-18 18:31:09,868 - INFO - Scraped job from page 3: 300 jobs collected.
2025-05-18 18:31:13,663 - INFO - Total jobs found: 2764
2025-05-18 18:31:13,663 - INFO - Scraped job from page 4: 400 jobs collected.
2025-05-18 18:31:17,135 - INFO - Total jobs found: 2764
2025-05-18 18:31:17,135 - INFO - Scraped job from page 5: 500 jobs collected.
2025-05-18 18:31:18,533 - INFO - Total jobs found: 2764
2025-05-18 18:31:18,534 - INFO - Scraped job from page 6: 600 jobs collected.
2025-05-18 18:31:21,259 - INFO - Total jobs found: 2764
2025-05-18 18:31:21,259 - INFO - Scraped job from page 7: 700 jobs collected.
2025-05-18 18:31:23,637 - INFO - Total jobs found: 2764
2025-05-18 18:31:23,637 - INFO - Scraped job from page 8: 800 jobs collected.
2025-05-18 18:31:25,627 - INFO - Total jobs found: 2764
2025-05-18 18:31:25,627 - INFO - Scraped job from page 9: 900 jobs collected.
2025-05-18 18:31:28,761 - INFO - Total jobs found: 2764
2025-05-18 18:31:28,762 - INFO - Scraped job from page 10: 1000 jobs collected.
2025-05-18 18:31:33,064 - INFO - Total jobs found: 2764
2025-05-18 18:31:33,065 - INFO - Scraped job from page 11: 1100 jobs collected.
2025-05-18 18:31:34,781 - INFO - Total jobs found: 2764
2025-05-18 18:31:34,782 - INFO - Scraped job from page 12: 1200 jobs collected.
2025-05-18 18:31:36,833 - INFO - Total jobs found: 2764
2025-05-18 18:31:36,833 - INFO - Scraped job from page 13: 1300 jobs collected.
2025-05-18 18:31:40,792 - INFO - Total jobs found: 2764
2025-05-18 18:31:40,792 - INFO - Scraped job from page 14: 1400 jobs collected.
2025-05-18 18:31:45,602 - INFO - Total jobs found: 2764
2025-05-18 18:31:45,603 - INFO - Scraped job from page 15: 1500 jobs collected.
2025-05-18 18:31:49,811 - INFO - Total jobs found: 2764
2025-05-18 18:31:49,811 - INFO - Scraped job from page 16: 1600 jobs collected.
2025-05-18 18:31:52,489 - INFO - Total jobs found: 2764
2025-05-18 18:31:52,490 - INFO - Scraped job from page 17: 1700 jobs collected.
2025-05-18 18:31:55,386 - INFO - Total jobs found: 2764
2025-05-18 18:31:55,386 - INFO - Scraped job from page 18: 1800 jobs collected.
2025-05-18 18:31:59,454 - INFO - Total jobs found: 2764
2025-05-18 18:31:59,455 - INFO - Scraped job from page 19: 1900 jobs collected.
2025-05-18 18:32:04,595 - INFO - Total jobs found: 2764
2025-05-18 18:32:04,596 - INFO - Scraped job from page 20: 2000 jobs collected.
2025-05-18 18:32:06,086 - INFO - Total jobs found: 2764
2025-05-18 18:32:06,087 - INFO - Scraped job from page 21: 2100 jobs collected.
2025-05-18 18:32:07,616 - INFO - Total jobs found: 2764
2025-05-18 18:32:07,616 - INFO - Scraped job from page 22: 2200 jobs collected.
2025-05-18 18:32:11,619 - INFO - Total jobs found: 2764
2025-05-18 18:32:11,619 - INFO - Scraped job from page 23: 2300 jobs collected.
2025-05-18 18:32:14,084 - INFO - Total jobs found: 2764
2025-05-18 18:32:14,085 - INFO - Scraped job from page 24: 2400 jobs collected.
2025-05-18 18:32:16,586 - INFO - Total jobs found: 2764
2025-05-18 18:32:16,586 - INFO - Scraped job from page 25: 2500 jobs collected.
2025-05-18 18:32:17,911 - INFO - Total jobs found: 2764
2025-05-18 18:32:17,911 - INFO - Scraped job from page 26: 2600 jobs collected.
2025-05-18 18:32:19,468 - INFO - Total jobs found: 2764
2025-05-18 18:32:19,468 - INFO - Scraped job from page 27: 2700 jobs collected.
2025-05-18 18:32:23,202 - INFO - Total jobs found: 2764
2025-05-18 18:32:23,202 - INFO - Scraped job from page 28: 2764 jobs collected.
2025-05-18 18:32:24,907 - INFO - Total jobs found: 2764
2025-05-18 18:32:24,907 - INFO - No more jobs found on page 29. Ending scrape.
2025-05-18 18:32:24,907 - INFO - Scraping completed. Total jobs scraped: 2764
2025-05-18 18:32:24,920 - INFO -  Fetching jobs at start=0...
2025-05-18 18:32:25,515 - INFO -  Total unique jobs collected so far: 16
2025-05-18 18:32:26,515 - INFO -  Fetching jobs at start=15...
2025-05-18 18:32:26,989 - INFO -  Total unique jobs collected so far: 24
2025-05-18 18:32:27,990 - INFO -  Fetching jobs at start=30...
2025-05-18 18:32:29,153 - INFO -  Total unique jobs collected so far: 36
2025-05-18 18:32:30,153 - INFO -  Fetching jobs at start=45...
2025-05-18 18:32:30,665 - INFO -  Total unique jobs collected so far: 38
2025-05-18 18:32:31,665 - INFO -  Fetching jobs at start=60...
2025-05-18 18:32:32,104 - INFO -  Total unique jobs collected so far: 52
2025-05-18 18:32:33,104 - INFO -  Fetching jobs at start=75...
2025-05-18 18:32:33,527 - INFO -  Total unique jobs collected so far: 66
2025-05-18 18:32:34,527 - INFO -  Fetching jobs at start=90...
2025-05-18 18:32:34,935 - INFO -  Total unique jobs collected so far: 79
2025-05-18 18:32:35,935 - INFO -  Fetching jobs at start=105...
2025-05-18 18:32:36,375 - INFO -  Total unique jobs collected so far: 94
2025-05-18 18:32:37,375 - INFO -  Fetching jobs at start=120...
2025-05-18 18:32:37,806 - INFO -  Total unique jobs collected so far: 109
2025-05-18 18:32:38,807 - INFO -  Fetching jobs at start=135...
2025-05-18 18:32:39,223 - INFO -  Total unique jobs collected so far: 120
2025-05-18 18:32:40,223 - INFO -  Fetching jobs at start=150...
2025-05-18 18:32:40,699 - INFO -  Total unique jobs collected so far: 132
2025-05-18 18:32:41,699 - INFO -  Fetching jobs at start=165...
2025-05-18 18:32:42,156 - INFO -  Total unique jobs collected so far: 144
2025-05-18 18:32:43,156 - INFO -  Fetching jobs at start=180...
2025-05-18 18:32:43,594 - INFO -  Total unique jobs collected so far: 159
2025-05-18 18:32:44,594 - INFO -  Fetching jobs at start=195...
2025-05-18 18:32:45,098 - INFO -  Total unique jobs collected so far: 173
2025-05-18 18:32:46,098 - INFO -  Fetching jobs at start=210...
2025-05-18 18:32:46,542 - INFO -  Total unique jobs collected so far: 187
2025-05-18 18:32:47,542 - INFO -  Fetching jobs at start=225...
2025-05-18 18:32:47,978 - INFO -  Total unique jobs collected so far: 196
2025-05-18 18:32:48,979 - INFO -  Fetching jobs at start=240...
2025-05-18 18:32:49,420 - INFO -  Total unique jobs collected so far: 197
2025-05-18 18:32:50,420 - INFO -  Fetching jobs at start=255...
2025-05-18 18:32:50,918 - INFO -  Total unique jobs collected so far: 210
2025-05-18 18:32:51,918 - INFO -  Fetching jobs at start=270...
2025-05-18 18:32:52,357 - INFO -  Total unique jobs collected so far: 222
2025-05-18 18:32:53,357 - INFO -  Fetching jobs at start=285...
2025-05-18 18:32:53,786 - INFO -  Total unique jobs collected so far: 237
2025-05-18 18:32:54,786 - INFO -  Fetching jobs at start=300...
2025-05-18 18:32:55,216 - INFO -  Total unique jobs collected so far: 251
2025-05-18 18:32:56,216 - INFO -  Fetching jobs at start=315...
2025-05-18 18:32:56,650 - INFO -  Total unique jobs collected so far: 264
2025-05-18 18:32:57,650 - INFO -  Fetching jobs at start=330...
2025-05-18 18:32:58,079 - INFO -  Total unique jobs collected so far: 279
2025-05-18 18:32:59,079 - INFO -  Fetching jobs at start=345...
2025-05-18 18:32:59,515 - INFO -  Total unique jobs collected so far: 294
2025-05-18 18:33:00,516 - INFO -  Fetching jobs at start=360...
2025-05-18 18:33:00,954 - INFO -  Total unique jobs collected so far: 309
2025-05-18 18:33:01,955 - INFO -  Fetching jobs at start=375...
2025-05-18 18:33:02,376 - INFO -  Total unique jobs collected so far: 317
2025-05-18 18:33:03,377 - INFO -  Fetching jobs at start=390...
2025-05-18 18:33:03,807 - INFO -  Total unique jobs collected so far: 332
2025-05-18 18:33:04,807 - INFO -  Fetching jobs at start=405...
2025-05-18 18:33:05,246 - INFO -  Total unique jobs collected so far: 344
2025-05-18 18:33:06,247 - INFO -  Fetching jobs at start=420...
2025-05-18 18:33:06,683 - INFO -  Total unique jobs collected so far: 350
2025-05-18 18:33:07,683 - INFO -  Fetching jobs at start=435...
2025-05-18 18:33:08,118 - INFO -  Total unique jobs collected so far: 357
2025-05-18 18:33:09,118 - INFO -  Fetching jobs at start=450...
2025-05-18 18:33:09,545 - INFO -  Total unique jobs collected so far: 367
2025-05-18 18:33:10,545 - INFO -  Fetching jobs at start=465...
2025-05-18 18:33:10,964 - INFO -  Total unique jobs collected so far: 376
2025-05-18 18:33:11,964 - INFO -  Fetching jobs at start=480...
2025-05-18 18:33:12,384 - INFO -  Total unique jobs collected so far: 381
2025-05-18 18:33:13,384 - INFO -  Fetching jobs at start=495...
2025-05-18 18:33:13,838 - INFO -  Total unique jobs collected so far: 390
2025-05-18 18:33:14,838 - INFO -  Fetching jobs at start=510...
2025-05-18 18:33:15,258 - INFO -  Total unique jobs collected so far: 405
2025-05-18 18:33:16,258 - INFO -  Fetching jobs at start=525...
2025-05-18 18:33:16,717 - INFO -  Total unique jobs collected so far: 416
2025-05-18 18:33:17,717 - INFO -  Fetching jobs at start=540...
2025-05-18 18:33:18,200 - INFO -  Total unique jobs collected so far: 419
2025-05-18 18:33:19,200 - INFO -  Fetching jobs at start=555...
2025-05-18 18:33:19,602 - INFO -  No job data returned. Ending.
2025-05-18 18:33:19,602 - INFO -  Total jobs scraped: 419
2025-05-18 18:33:19,602 - INFO -  Total unique jobs scraped: 419
2025-05-18 18:33:19,610 - INFO -  Saved 419 jobs: output/foundit_jobs_20250518_183319.json
2025-05-18 18:33:20,054 - INFO - Fetched page 1 with 100 jobs.
2025-05-18 18:33:23,168 - INFO - Fetched page 2 with 100 jobs.
2025-05-18 18:33:25,587 - INFO - Fetched page 3 with 100 jobs.
2025-05-18 18:33:28,566 - INFO - Fetched page 4 with 100 jobs.
2025-05-18 18:33:31,428 - INFO - Fetched page 5 with 100 jobs.
2025-05-18 18:33:33,920 - INFO - Fetched page 6 with 100 jobs.
2025-05-18 18:33:35,505 - INFO - Fetched page 7 with 100 jobs.
2025-05-18 18:33:38,180 - INFO - Fetched page 8 with 100 jobs.
2025-05-18 18:33:41,145 - INFO - Fetched page 9 with 100 jobs.
2025-05-18 18:33:43,105 - INFO - Fetched page 10 with 100 jobs.
2025-05-18 18:33:45,763 - INFO - Fetched page 11 with 100 jobs.
2025-05-18 18:33:48,049 - INFO - Fetched page 12 with 100 jobs.
2025-05-18 18:33:50,068 - INFO - Fetched page 13 with 100 jobs.
2025-05-18 18:33:53,263 - INFO - Fetched page 14 with 100 jobs.
2025-05-18 18:33:56,714 - INFO - Fetched page 15 with 100 jobs.
2025-05-18 18:33:59,608 - INFO - Fetched page 16 with 100 jobs.
2025-05-18 18:34:01,153 - INFO - Fetched page 17 with 100 jobs.
2025-05-18 18:34:02,623 - INFO - Fetched page 18 with 100 jobs.
2025-05-18 18:34:06,198 - INFO - Fetched page 19 with 100 jobs.
2025-05-18 18:34:08,175 - INFO - Fetched page 20 with 100 jobs.
2025-05-18 18:34:11,292 - INFO - Fetched page 21 with 100 jobs.
2025-05-18 18:34:14,054 - INFO - Fetched page 22 with 100 jobs.
2025-05-18 18:34:16,037 - INFO - Fetched page 23 with 100 jobs.
2025-05-18 18:34:18,703 - INFO - Fetched page 24 with 100 jobs.
2025-05-18 18:34:20,697 - INFO - Fetched page 25 with 100 jobs.
2025-05-18 18:34:23,864 - INFO - Fetched page 26 with 100 jobs.
2025-05-18 18:34:26,305 - INFO - Fetched page 27 with 100 jobs.
2025-05-18 18:34:30,467 - INFO - Fetched page 28 with 100 jobs.
2025-05-18 18:34:32,371 - INFO - Fetched page 29 with 100 jobs.
2025-05-18 18:34:35,234 - INFO - Fetched page 30 with 100 jobs.
2025-05-18 18:34:36,813 - INFO - Fetched page 31 with 100 jobs.
2025-05-18 18:34:39,205 - INFO - Fetched page 32 with 100 jobs.
2025-05-18 18:34:42,367 - INFO - Fetched page 33 with 100 jobs.
2025-05-18 18:34:44,536 - INFO - Fetched page 34 with 100 jobs.
2025-05-18 18:34:47,452 - INFO - Fetched page 35 with 100 jobs.
2025-05-18 18:34:50,879 - INFO - Fetched page 36 with 100 jobs.
2025-05-18 18:34:52,369 - INFO - Fetched page 37 with 100 jobs.
2025-05-18 18:34:54,334 - INFO - Fetched page 38 with 100 jobs.
2025-05-18 18:34:56,506 - INFO - Fetched page 39 with 100 jobs.
2025-05-18 18:34:59,772 - INFO - Fetched page 40 with 100 jobs.
2025-05-18 18:35:02,128 - INFO - Fetched page 41 with 100 jobs.
2025-05-18 18:35:03,889 - INFO - Fetched page 42 with 36 jobs.
2025-05-18 18:35:05,340 - INFO - No more jobs found.
2025-05-18 18:35:05,357 - INFO - Scraping completed. Total jobs scraped: 4136
