2025-05-18 20:37:03,673 - INFO - ====== WebDriver manager ======
2025-05-18 20:37:03,934 - INFO - Get LATEST chromedriver version for google-chrome
2025-05-18 20:37:03,976 - INFO - Get LATEST chromedriver version for google-chrome
2025-05-18 20:37:04,007 - INFO - There is no [linux64] chromedriver "136.0.7103.94" for browser google-chrome "136.0.7103" in cache
2025-05-18 20:37:04,007 - INFO - Get LATEST chromedriver version for google-chrome
2025-05-18 20:37:04,097 - INFO - WebDriver version 136.0.7103.94 selected
2025-05-18 20:37:04,100 - INFO - Modern chrome version https://storage.googleapis.com/chrome-for-testing-public/136.0.7103.94/linux64/chromedriver-linux64.zip
2025-05-18 20:37:04,100 - INFO - About to download new driver from https://storage.googleapis.com/chrome-for-testing-public/136.0.7103.94/linux64/chromedriver-linux64.zip
2025-05-18 20:37:04,143 - INFO - Driver downloading response is 200
2025-05-18 20:37:04,240 - INFO - Get LATEST chromedriver version for google-chrome
2025-05-18 20:37:04,379 - INFO - Driver has been saved in cache [/home/runner/.wdm/drivers/chromedriver/linux64/136.0.7103.94]
2025-05-18 20:37:13,032 - INFO - Login Successful! Dashboard loaded.
2025-05-18 20:37:15,424 - INFO - Redirected to jobs page
2025-05-18 20:37:17,543 - INFO - Page 1: Scraped. 30 jobs.
2025-05-18 20:37:23,534 - WARNING - Company name not found.
2025-05-18 20:37:24,322 - INFO - Page 2: Scraped. 60 jobs.
2025-05-18 20:37:31,196 - INFO - Page 3: Scraped. 90 jobs.
2025-05-18 20:37:38,274 - INFO - Page 4: Scraped. 120 jobs.
2025-05-18 20:37:42,237 - INFO - Page 5: Scraped. 130 jobs.
2025-05-18 20:37:42,277 - INFO - No more pages to scrape.
2025-05-18 20:37:42,365 - INFO - Driver closed.
2025-05-18 20:37:42,365 - INFO - Total jobs scraped: 130
