2025-05-26 11:42:35,233 - INFO - ====== WebDriver manager ======
2025-05-26 11:42:35,433 - INFO - Get LATEST chromedriver version for google-chrome
2025-05-26 11:42:36,669 - INFO - Get LATEST chromedriver version for google-chrome
2025-05-26 11:42:37,878 - INFO - Driver [/home/may/.wdm/drivers/chromedriver/linux64/133.0.6943.141/chromedriver-linux64/chromedriver] found in cache
2025-05-26 11:42:38,969 - INFO - Scraping role: Software-Developer, page: 1, URL: https://sg.jobsdb.com/Software-Developer-jobs?page=1
2025-05-26 11:42:56,860 - INFO - Scraping role: Software-Developer, page: 2, URL: https://sg.jobsdb.com/Software-Developer-jobs?page=2
2025-05-26 11:43:07,913 - INFO - Scraping role: Software-Developer, page: 3, URL: https://sg.jobsdb.com/Software-Developer-jobs?page=3
2025-05-26 11:43:18,287 - INFO - Scraping role: Software-Developer, page: 4, URL: https://sg.jobsdb.com/Software-Developer-jobs?page=4
2025-05-26 11:43:28,793 - INFO - Scraping role: Software-Developer, page: 5, URL: https://sg.jobsdb.com/Software-Developer-jobs?page=5
2025-05-26 11:43:38,959 - INFO - Scraping role: Software-Developer, page: 6, URL: https://sg.jobsdb.com/Software-Developer-jobs?page=6
2025-05-26 11:43:49,104 - INFO - Scraping role: Software-Developer, page: 7, URL: https://sg.jobsdb.com/Software-Developer-jobs?page=7
2025-05-26 11:44:00,495 - INFO - Scraping role: Software-Developer, page: 8, URL: https://sg.jobsdb.com/Software-Developer-jobs?page=8
2025-05-26 11:44:10,524 - INFO - Scraping role: Software-Developer, page: 9, URL: https://sg.jobsdb.com/Software-Developer-jobs?page=9
2025-05-26 11:44:20,714 - INFO - Scraping role: Software-Developer, page: 10, URL: https://sg.jobsdb.com/Software-Developer-jobs?page=10
2025-05-26 11:44:30,870 - INFO - Scraping role: Software-Developer, page: 11, URL: https://sg.jobsdb.com/Software-Developer-jobs?page=11
2025-05-26 11:44:41,220 - INFO - Scraping role: Software-Developer, page: 12, URL: https://sg.jobsdb.com/Software-Developer-jobs?page=12
2025-05-26 11:44:51,557 - INFO - Scraping role: Software-Developer, page: 13, URL: https://sg.jobsdb.com/Software-Developer-jobs?page=13
2025-05-26 11:45:01,644 - INFO - Scraping role: Software-Developer, page: 14, URL: https://sg.jobsdb.com/Software-Developer-jobs?page=14
2025-05-26 11:45:11,597 - INFO - Scraping role: Software-Developer, page: 15, URL: https://sg.jobsdb.com/Software-Developer-jobs?page=15
2025-05-26 11:45:22,028 - INFO - Scraping role: Software-Developer, page: 16, URL: https://sg.jobsdb.com/Software-Developer-jobs?page=16
2025-05-26 11:45:32,451 - INFO - Scraping role: Software-Developer, page: 17, URL: https://sg.jobsdb.com/Software-Developer-jobs?page=17
2025-05-26 11:45:42,490 - INFO - Scraping role: Software-Developer, page: 18, URL: https://sg.jobsdb.com/Software-Developer-jobs?page=18
2025-05-26 11:45:52,490 - INFO - Scraping role: Software-Developer, page: 19, URL: https://sg.jobsdb.com/Software-Developer-jobs?page=19
2025-05-26 11:46:02,964 - INFO - Scraping role: Software-Developer, page: 20, URL: https://sg.jobsdb.com/Software-Developer-jobs?page=20
2025-05-26 11:46:14,222 - INFO - Scraping role: Software-Developer, page: 21, URL: https://sg.jobsdb.com/Software-Developer-jobs?page=21
2025-05-26 11:46:24,278 - INFO - Scraping role: Software-Developer, page: 22, URL: https://sg.jobsdb.com/Software-Developer-jobs?page=22
2025-05-26 11:46:34,601 - INFO - Scraping role: Software-Developer, page: 23, URL: https://sg.jobsdb.com/Software-Developer-jobs?page=23
2025-05-26 11:46:44,751 - INFO - Scraping role: Software-Developer, page: 24, URL: https://sg.jobsdb.com/Software-Developer-jobs?page=24
2025-05-26 11:46:54,757 - INFO - Scraping role: Software-Developer, page: 25, URL: https://sg.jobsdb.com/Software-Developer-jobs?page=25
2025-05-26 11:47:05,135 - INFO - Scraping role: Software-Developer, page: 26, URL: https://sg.jobsdb.com/Software-Developer-jobs?page=26
2025-05-26 11:47:15,275 - INFO - Scraping role: Software-Developer, page: 27, URL: https://sg.jobsdb.com/Software-Developer-jobs?page=27
2025-05-26 11:47:25,498 - INFO - Scraping role: Software-Developer, page: 28, URL: https://sg.jobsdb.com/Software-Developer-jobs?page=28
2025-05-26 11:47:35,781 - INFO - Scraping role: Software-Developer, page: 29, URL: https://sg.jobsdb.com/Software-Developer-jobs?page=29
2025-05-26 11:47:45,913 - INFO - Scraping role: Software-Developer, page: 30, URL: https://sg.jobsdb.com/Software-Developer-jobs?page=30
2025-05-26 11:47:55,956 - INFO - Scraping role: Software-Developer, page: 31, URL: https://sg.jobsdb.com/Software-Developer-jobs?page=31
2025-05-26 11:48:06,262 - INFO - Scraping role: Software-Developer, page: 32, URL: https://sg.jobsdb.com/Software-Developer-jobs?page=32
2025-05-26 11:48:16,401 - INFO - Scraping role: Software-Developer, page: 33, URL: https://sg.jobsdb.com/Software-Developer-jobs?page=33
2025-05-26 11:48:26,401 - INFO - Scraping role: Software-Developer, page: 34, URL: https://sg.jobsdb.com/Software-Developer-jobs?page=34
2025-05-26 11:48:36,472 - INFO - Scraping role: Software-Developer, page: 35, URL: https://sg.jobsdb.com/Software-Developer-jobs?page=35
2025-05-26 11:48:46,510 - INFO - Scraping role: Software-Developer, page: 36, URL: https://sg.jobsdb.com/Software-Developer-jobs?page=36
2025-05-26 11:48:56,722 - INFO - Scraping role: Software-Developer, page: 37, URL: https://sg.jobsdb.com/Software-Developer-jobs?page=37
2025-05-26 11:49:06,921 - INFO - Scraping role: Software-Developer, page: 38, URL: https://sg.jobsdb.com/Software-Developer-jobs?page=38
2025-05-26 11:49:17,141 - INFO - Scraping role: Software-Developer, page: 39, URL: https://sg.jobsdb.com/Software-Developer-jobs?page=39
2025-05-26 11:49:26,876 - INFO - Scraping role: Software-Developer, page: 40, URL: https://sg.jobsdb.com/Software-Developer-jobs?page=40
2025-05-26 11:49:37,103 - INFO - Scraping role: Software-Developer, page: 41, URL: https://sg.jobsdb.com/Software-Developer-jobs?page=41
2025-05-26 11:49:46,968 - INFO - Scraping role: Software-Developer, page: 42, URL: https://sg.jobsdb.com/Software-Developer-jobs?page=42
2025-05-26 11:49:57,131 - INFO - Scraping role: Software-Developer, page: 43, URL: https://sg.jobsdb.com/Software-Developer-jobs?page=43
2025-05-26 11:50:07,453 - INFO - Scraping role: Software-Developer, page: 44, URL: https://sg.jobsdb.com/Software-Developer-jobs?page=44
2025-05-26 11:50:17,501 - INFO - Scraping role: Software-Developer, page: 45, URL: https://sg.jobsdb.com/Software-Developer-jobs?page=45
2025-05-26 11:50:27,783 - INFO - Scraping role: Software-Developer, page: 46, URL: https://sg.jobsdb.com/Software-Developer-jobs?page=46
2025-05-26 11:50:37,825 - INFO - Scraping role: Software-Developer, page: 47, URL: https://sg.jobsdb.com/Software-Developer-jobs?page=47
2025-05-26 11:50:49,894 - INFO - Scraping role: Software-Developer, page: 48, URL: https://sg.jobsdb.com/Software-Developer-jobs?page=48
2025-05-26 11:51:01,446 - INFO - Scraping role: Software-Developer, page: 49, URL: https://sg.jobsdb.com/Software-Developer-jobs?page=49
2025-05-26 11:51:12,741 - INFO - Scraping role: Software-Developer, page: 50, URL: https://sg.jobsdb.com/Software-Developer-jobs?page=50
2025-05-26 11:51:22,928 - INFO - Scraping role: Web-Developer, page: 1, URL: https://sg.jobsdb.com/Web-Developer-jobs?page=1
2025-05-26 11:51:33,048 - INFO - Scraping role: Web-Developer, page: 2, URL: https://sg.jobsdb.com/Web-Developer-jobs?page=2
2025-05-26 11:51:44,442 - INFO - Scraping role: Web-Developer, page: 3, URL: https://sg.jobsdb.com/Web-Developer-jobs?page=3
2025-05-26 11:51:56,076 - INFO - Scraping role: Web-Developer, page: 4, URL: https://sg.jobsdb.com/Web-Developer-jobs?page=4
2025-05-26 11:52:07,678 - INFO - Scraping role: Web-Developer, page: 5, URL: https://sg.jobsdb.com/Web-Developer-jobs?page=5
2025-05-26 11:52:19,416 - INFO - Scraping role: Web-Developer, page: 6, URL: https://sg.jobsdb.com/Web-Developer-jobs?page=6
2025-05-26 11:52:30,816 - INFO - Scraping role: Web-Developer, page: 7, URL: https://sg.jobsdb.com/Web-Developer-jobs?page=7
2025-05-26 11:52:42,659 - INFO - Scraping role: Web-Developer, page: 8, URL: https://sg.jobsdb.com/Web-Developer-jobs?page=8
2025-05-26 11:52:54,368 - INFO - Scraping role: Web-Developer, page: 9, URL: https://sg.jobsdb.com/Web-Developer-jobs?page=9
2025-05-26 11:53:05,920 - INFO - Scraping role: Web-Developer, page: 10, URL: https://sg.jobsdb.com/Web-Developer-jobs?page=10
2025-05-26 11:53:17,620 - INFO - Scraping role: Web-Developer, page: 11, URL: https://sg.jobsdb.com/Web-Developer-jobs?page=11
2025-05-26 11:53:29,295 - INFO - Scraping role: Web-Developer, page: 12, URL: https://sg.jobsdb.com/Web-Developer-jobs?page=12
2025-05-26 11:53:41,158 - INFO - Scraping role: Web-Developer, page: 13, URL: https://sg.jobsdb.com/Web-Developer-jobs?page=13
2025-05-26 11:53:51,783 - INFO - Scraping role: Web-Developer, page: 14, URL: https://sg.jobsdb.com/Web-Developer-jobs?page=14
2025-05-26 11:54:02,462 - INFO - Scraping role: Web-Developer, page: 15, URL: https://sg.jobsdb.com/Web-Developer-jobs?page=15
2025-05-26 11:54:13,120 - INFO - Scraping role: Web-Developer, page: 16, URL: https://sg.jobsdb.com/Web-Developer-jobs?page=16
2025-05-26 11:54:23,073 - INFO - Scraping role: Web-Developer, page: 17, URL: https://sg.jobsdb.com/Web-Developer-jobs?page=17
2025-05-26 11:54:33,781 - INFO - Scraping role: Web-Developer, page: 18, URL: https://sg.jobsdb.com/Web-Developer-jobs?page=18
2025-05-26 11:54:45,376 - INFO - Scraping role: Web-Developer, page: 19, URL: https://sg.jobsdb.com/Web-Developer-jobs?page=19
2025-05-26 11:54:55,493 - INFO - Scraping role: Web-Developer, page: 20, URL: https://sg.jobsdb.com/Web-Developer-jobs?page=20
2025-05-26 11:55:06,063 - INFO - Scraping role: Web-Developer, page: 21, URL: https://sg.jobsdb.com/Web-Developer-jobs?page=21
2025-05-26 11:55:16,756 - INFO - Scraping role: Web-Developer, page: 22, URL: https://sg.jobsdb.com/Web-Developer-jobs?page=22
2025-05-26 11:55:28,584 - INFO - Scraping role: Web-Developer, page: 23, URL: https://sg.jobsdb.com/Web-Developer-jobs?page=23
2025-05-26 11:55:39,813 - INFO - Scraping role: Web-Developer, page: 24, URL: https://sg.jobsdb.com/Web-Developer-jobs?page=24
2025-05-26 11:55:50,543 - INFO - Scraping role: Web-Developer, page: 25, URL: https://sg.jobsdb.com/Web-Developer-jobs?page=25
2025-05-26 11:56:02,524 - INFO - Scraping role: Web-Developer, page: 26, URL: https://sg.jobsdb.com/Web-Developer-jobs?page=26
2025-05-26 11:56:14,843 - INFO - Scraping role: Web-Developer, page: 27, URL: https://sg.jobsdb.com/Web-Developer-jobs?page=27
2025-05-26 11:56:26,643 - INFO - Scraping role: Web-Developer, page: 28, URL: https://sg.jobsdb.com/Web-Developer-jobs?page=28
2025-05-26 11:56:37,537 - INFO - Scraping role: Web-Developer, page: 29, URL: https://sg.jobsdb.com/Web-Developer-jobs?page=29
2025-05-26 11:56:47,886 - INFO - Scraping role: Web-Developer, page: 30, URL: https://sg.jobsdb.com/Web-Developer-jobs?page=30
2025-05-26 11:56:59,514 - INFO - Scraping role: Web-Developer, page: 31, URL: https://sg.jobsdb.com/Web-Developer-jobs?page=31
2025-05-26 11:57:10,847 - INFO - Scraping role: Web-Developer, page: 32, URL: https://sg.jobsdb.com/Web-Developer-jobs?page=32
2025-05-26 11:57:21,848 - INFO - Scraping role: Web-Developer, page: 33, URL: https://sg.jobsdb.com/Web-Developer-jobs?page=33
2025-05-26 11:57:32,575 - INFO - Scraping role: Web-Developer, page: 34, URL: https://sg.jobsdb.com/Web-Developer-jobs?page=34
2025-05-26 11:57:43,687 - INFO - Scraping role: Web-Developer, page: 35, URL: https://sg.jobsdb.com/Web-Developer-jobs?page=35
2025-05-26 11:57:53,900 - INFO - Scraping role: Web-Developer, page: 36, URL: https://sg.jobsdb.com/Web-Developer-jobs?page=36
2025-05-26 11:58:03,864 - INFO - Scraping role: Web-Developer, page: 37, URL: https://sg.jobsdb.com/Web-Developer-jobs?page=37
2025-05-26 11:58:13,510 - INFO - Scraping role: Web-Developer, page: 38, URL: https://sg.jobsdb.com/Web-Developer-jobs?page=38
2025-05-26 11:58:23,434 - INFO - Scraping role: Web-Developer, page: 39, URL: https://sg.jobsdb.com/Web-Developer-jobs?page=39
2025-05-26 11:58:32,997 - INFO - Scraping role: Web-Developer, page: 40, URL: https://sg.jobsdb.com/Web-Developer-jobs?page=40
2025-05-26 11:58:42,615 - INFO - Scraping role: Web-Developer, page: 41, URL: https://sg.jobsdb.com/Web-Developer-jobs?page=41
2025-05-26 11:58:52,690 - INFO - Scraping role: Web-Developer, page: 42, URL: https://sg.jobsdb.com/Web-Developer-jobs?page=42
2025-05-26 11:59:02,248 - INFO - Scraping role: Web-Developer, page: 43, URL: https://sg.jobsdb.com/Web-Developer-jobs?page=43
2025-05-26 11:59:11,810 - INFO - Scraping role: Web-Developer, page: 44, URL: https://sg.jobsdb.com/Web-Developer-jobs?page=44
2025-05-26 11:59:21,419 - INFO - Scraping role: Web-Developer, page: 45, URL: https://sg.jobsdb.com/Web-Developer-jobs?page=45
2025-05-26 11:59:31,609 - INFO - Scraping role: Web-Developer, page: 46, URL: https://sg.jobsdb.com/Web-Developer-jobs?page=46
2025-05-26 11:59:41,339 - INFO - Scraping role: Web-Developer, page: 47, URL: https://sg.jobsdb.com/Web-Developer-jobs?page=47
2025-05-26 11:59:52,603 - INFO - Scraping role: Web-Developer, page: 48, URL: https://sg.jobsdb.com/Web-Developer-jobs?page=48
2025-05-26 12:00:02,743 - INFO - Scraping role: Web-Developer, page: 49, URL: https://sg.jobsdb.com/Web-Developer-jobs?page=49
2025-05-26 12:00:12,188 - INFO - Scraping role: Web-Developer, page: 50, URL: https://sg.jobsdb.com/Web-Developer-jobs?page=50
2025-05-26 12:00:22,218 - INFO - Scraping role: Data-Scientist, page: 1, URL: https://sg.jobsdb.com/Data-Scientist-jobs?page=1
2025-05-26 12:00:32,338 - INFO - Scraping role: Data-Scientist, page: 2, URL: https://sg.jobsdb.com/Data-Scientist-jobs?page=2
2025-05-26 12:00:42,877 - INFO - Scraping role: Data-Scientist, page: 3, URL: https://sg.jobsdb.com/Data-Scientist-jobs?page=3
2025-05-26 12:00:53,438 - INFO - Scraping role: Data-Scientist, page: 4, URL: https://sg.jobsdb.com/Data-Scientist-jobs?page=4
2025-05-26 12:01:04,615 - INFO - Scraping role: Data-Scientist, page: 5, URL: https://sg.jobsdb.com/Data-Scientist-jobs?page=5
2025-05-26 12:01:15,769 - INFO - Scraping role: Data-Scientist, page: 6, URL: https://sg.jobsdb.com/Data-Scientist-jobs?page=6
2025-05-26 12:01:26,684 - INFO - Scraping role: Data-Scientist, page: 7, URL: https://sg.jobsdb.com/Data-Scientist-jobs?page=7
2025-05-26 12:01:37,639 - INFO - Scraping role: Data-Scientist, page: 8, URL: https://sg.jobsdb.com/Data-Scientist-jobs?page=8
2025-05-26 12:01:47,877 - INFO - Scraping role: Data-Scientist, page: 9, URL: https://sg.jobsdb.com/Data-Scientist-jobs?page=9
2025-05-26 12:01:59,424 - INFO - Scraping role: Data-Scientist, page: 10, URL: https://sg.jobsdb.com/Data-Scientist-jobs?page=10
2025-05-26 12:02:10,220 - INFO - Scraping role: Data-Scientist, page: 11, URL: https://sg.jobsdb.com/Data-Scientist-jobs?page=11
2025-05-26 12:02:21,015 - INFO - Scraping role: Data-Scientist, page: 12, URL: https://sg.jobsdb.com/Data-Scientist-jobs?page=12
2025-05-26 12:02:31,735 - INFO - Scraping role: Data-Scientist, page: 13, URL: https://sg.jobsdb.com/Data-Scientist-jobs?page=13
2025-05-26 12:02:45,154 - INFO - Scraping role: Data-Scientist, page: 14, URL: https://sg.jobsdb.com/Data-Scientist-jobs?page=14
2025-05-26 12:02:56,744 - INFO - Scraping role: Data-Scientist, page: 15, URL: https://sg.jobsdb.com/Data-Scientist-jobs?page=15
2025-05-26 12:03:06,214 - INFO - Scraping role: Data-Scientist, page: 16, URL: https://sg.jobsdb.com/Data-Scientist-jobs?page=16
2025-05-26 12:03:16,991 - INFO - Scraping role: Data-Scientist, page: 17, URL: https://sg.jobsdb.com/Data-Scientist-jobs?page=17
2025-05-26 12:03:27,123 - INFO - Scraping role: Data-Scientist, page: 18, URL: https://sg.jobsdb.com/Data-Scientist-jobs?page=18
2025-05-26 12:03:40,521 - INFO - Scraping role: Data-Scientist, page: 19, URL: https://sg.jobsdb.com/Data-Scientist-jobs?page=19
2025-05-26 12:03:50,779 - INFO - Scraping role: Data-Scientist, page: 20, URL: https://sg.jobsdb.com/Data-Scientist-jobs?page=20
2025-05-26 12:04:01,006 - INFO - Scraping role: Data-Scientist, page: 21, URL: https://sg.jobsdb.com/Data-Scientist-jobs?page=21
2025-05-26 12:04:10,863 - INFO - Scraping role: Data-Scientist, page: 22, URL: https://sg.jobsdb.com/Data-Scientist-jobs?page=22
2025-05-26 12:04:20,477 - INFO - Scraping role: Data-Scientist, page: 23, URL: https://sg.jobsdb.com/Data-Scientist-jobs?page=23
2025-05-26 12:04:31,401 - INFO - Scraping role: Data-Scientist, page: 24, URL: https://sg.jobsdb.com/Data-Scientist-jobs?page=24
2025-05-26 12:04:42,308 - INFO - Scraping role: Data-Scientist, page: 25, URL: https://sg.jobsdb.com/Data-Scientist-jobs?page=25
2025-05-26 12:04:53,640 - INFO - Scraping role: Data-Scientist, page: 26, URL: https://sg.jobsdb.com/Data-Scientist-jobs?page=26
2025-05-26 12:05:05,116 - INFO - Scraping role: Data-Scientist, page: 27, URL: https://sg.jobsdb.com/Data-Scientist-jobs?page=27
2025-05-26 12:05:15,122 - INFO - Scraping role: Data-Scientist, page: 28, URL: https://sg.jobsdb.com/Data-Scientist-jobs?page=28
2025-05-26 12:05:28,713 - INFO - Scraping role: Data-Scientist, page: 29, URL: https://sg.jobsdb.com/Data-Scientist-jobs?page=29
2025-05-26 12:05:39,102 - INFO - Scraping role: Data-Scientist, page: 30, URL: https://sg.jobsdb.com/Data-Scientist-jobs?page=30
2025-05-26 12:05:49,926 - INFO - Scraping role: Data-Scientist, page: 31, URL: https://sg.jobsdb.com/Data-Scientist-jobs?page=31
2025-05-26 12:06:02,792 - INFO - Scraping role: Data-Scientist, page: 32, URL: https://sg.jobsdb.com/Data-Scientist-jobs?page=32
2025-05-26 12:06:15,132 - INFO - Scraping role: Data-Scientist, page: 33, URL: https://sg.jobsdb.com/Data-Scientist-jobs?page=33
2025-05-26 12:06:26,539 - INFO - Scraping role: Data-Scientist, page: 34, URL: https://sg.jobsdb.com/Data-Scientist-jobs?page=34
2025-05-26 12:06:38,577 - INFO - Scraping role: Data-Scientist, page: 35, URL: https://sg.jobsdb.com/Data-Scientist-jobs?page=35
2025-05-26 12:06:49,275 - INFO - Scraping role: Data-Scientist, page: 36, URL: https://sg.jobsdb.com/Data-Scientist-jobs?page=36
2025-05-26 12:06:59,999 - INFO - Scraping role: Data-Scientist, page: 37, URL: https://sg.jobsdb.com/Data-Scientist-jobs?page=37
2025-05-26 12:07:10,587 - INFO - Scraping role: Data-Scientist, page: 38, URL: https://sg.jobsdb.com/Data-Scientist-jobs?page=38
2025-05-26 12:07:22,357 - INFO - Scraping role: Data-Scientist, page: 39, URL: https://sg.jobsdb.com/Data-Scientist-jobs?page=39
2025-05-26 12:07:32,029 - INFO - Scraping role: Data-Scientist, page: 40, URL: https://sg.jobsdb.com/Data-Scientist-jobs?page=40
2025-05-26 12:07:42,856 - INFO - Scraping role: Data-Scientist, page: 41, URL: https://sg.jobsdb.com/Data-Scientist-jobs?page=41
2025-05-26 12:07:52,524 - INFO - Scraping role: Data-Scientist, page: 42, URL: https://sg.jobsdb.com/Data-Scientist-jobs?page=42
2025-05-26 12:08:03,720 - INFO - Scraping role: Data-Scientist, page: 43, URL: https://sg.jobsdb.com/Data-Scientist-jobs?page=43
2025-05-26 12:08:14,441 - INFO - Scraping role: Data-Scientist, page: 44, URL: https://sg.jobsdb.com/Data-Scientist-jobs?page=44
2025-05-26 12:08:24,495 - INFO - Scraping role: Data-Scientist, page: 45, URL: https://sg.jobsdb.com/Data-Scientist-jobs?page=45
2025-05-26 12:08:34,304 - INFO - Scraping role: Data-Scientist, page: 46, URL: https://sg.jobsdb.com/Data-Scientist-jobs?page=46
2025-05-26 12:08:43,988 - INFO - Scraping role: Data-Scientist, page: 47, URL: https://sg.jobsdb.com/Data-Scientist-jobs?page=47
2025-05-26 12:08:54,030 - INFO - Scraping role: Data-Scientist, page: 48, URL: https://sg.jobsdb.com/Data-Scientist-jobs?page=48
2025-05-26 12:09:04,130 - INFO - Scraping role: Data-Scientist, page: 49, URL: https://sg.jobsdb.com/Data-Scientist-jobs?page=49
2025-05-26 12:09:15,512 - INFO - Scraping role: Data-Scientist, page: 50, URL: https://sg.jobsdb.com/Data-Scientist-jobs?page=50
2025-05-26 12:09:26,321 - INFO - Scraping role: Data-Analyst, page: 1, URL: https://sg.jobsdb.com/Data-Analyst-jobs?page=1
2025-05-26 12:09:37,858 - INFO - Scraping role: Data-Analyst, page: 2, URL: https://sg.jobsdb.com/Data-Analyst-jobs?page=2
2025-05-26 12:09:48,270 - INFO - Scraping role: Data-Analyst, page: 3, URL: https://sg.jobsdb.com/Data-Analyst-jobs?page=3
2025-05-26 12:09:58,689 - INFO - Scraping role: Data-Analyst, page: 4, URL: https://sg.jobsdb.com/Data-Analyst-jobs?page=4
2025-05-26 12:10:09,123 - INFO - Scraping role: Data-Analyst, page: 5, URL: https://sg.jobsdb.com/Data-Analyst-jobs?page=5
2025-05-26 12:10:18,992 - INFO - Scraping role: Data-Analyst, page: 6, URL: https://sg.jobsdb.com/Data-Analyst-jobs?page=6
2025-05-26 12:10:28,516 - INFO - Scraping role: Data-Analyst, page: 7, URL: https://sg.jobsdb.com/Data-Analyst-jobs?page=7
2025-05-26 12:10:38,191 - INFO - Scraping role: Data-Analyst, page: 8, URL: https://sg.jobsdb.com/Data-Analyst-jobs?page=8
2025-05-26 12:10:47,617 - INFO - Scraping role: Data-Analyst, page: 9, URL: https://sg.jobsdb.com/Data-Analyst-jobs?page=9
2025-05-26 12:10:57,132 - INFO - Scraping role: Data-Analyst, page: 10, URL: https://sg.jobsdb.com/Data-Analyst-jobs?page=10
2025-05-26 12:11:06,706 - INFO - Scraping role: Data-Analyst, page: 11, URL: https://sg.jobsdb.com/Data-Analyst-jobs?page=11
2025-05-26 12:11:16,247 - INFO - Scraping role: Data-Analyst, page: 12, URL: https://sg.jobsdb.com/Data-Analyst-jobs?page=12
2025-05-26 12:11:25,746 - INFO - Scraping role: Data-Analyst, page: 13, URL: https://sg.jobsdb.com/Data-Analyst-jobs?page=13
2025-05-26 12:11:35,339 - INFO - Scraping role: Data-Analyst, page: 14, URL: https://sg.jobsdb.com/Data-Analyst-jobs?page=14
2025-05-26 12:11:44,921 - INFO - Scraping role: Data-Analyst, page: 15, URL: https://sg.jobsdb.com/Data-Analyst-jobs?page=15
2025-05-26 12:11:54,422 - INFO - Scraping role: Data-Analyst, page: 16, URL: https://sg.jobsdb.com/Data-Analyst-jobs?page=16
2025-05-26 12:12:04,240 - INFO - Scraping role: Data-Analyst, page: 17, URL: https://sg.jobsdb.com/Data-Analyst-jobs?page=17
2025-05-26 12:12:13,798 - INFO - Scraping role: Data-Analyst, page: 18, URL: https://sg.jobsdb.com/Data-Analyst-jobs?page=18
2025-05-26 12:12:23,269 - INFO - Scraping role: Data-Analyst, page: 19, URL: https://sg.jobsdb.com/Data-Analyst-jobs?page=19
2025-05-26 12:12:32,791 - INFO - Scraping role: Data-Analyst, page: 20, URL: https://sg.jobsdb.com/Data-Analyst-jobs?page=20
2025-05-26 12:12:43,088 - INFO - Scraping role: Data-Analyst, page: 21, URL: https://sg.jobsdb.com/Data-Analyst-jobs?page=21
2025-05-26 12:12:53,258 - INFO - Scraping role: Data-Analyst, page: 22, URL: https://sg.jobsdb.com/Data-Analyst-jobs?page=22
2025-05-26 12:13:02,872 - INFO - Scraping role: Data-Analyst, page: 23, URL: https://sg.jobsdb.com/Data-Analyst-jobs?page=23
2025-05-26 12:13:14,433 - INFO - Scraping role: Data-Analyst, page: 24, URL: https://sg.jobsdb.com/Data-Analyst-jobs?page=24
2025-05-26 12:13:23,948 - INFO - Scraping role: Data-Analyst, page: 25, URL: https://sg.jobsdb.com/Data-Analyst-jobs?page=25
2025-05-26 12:13:33,910 - INFO - Scraping role: Data-Analyst, page: 26, URL: https://sg.jobsdb.com/Data-Analyst-jobs?page=26
2025-05-26 12:13:45,671 - INFO - Scraping role: Data-Analyst, page: 27, URL: https://sg.jobsdb.com/Data-Analyst-jobs?page=27
2025-05-26 12:13:56,831 - INFO - Scraping role: Data-Analyst, page: 28, URL: https://sg.jobsdb.com/Data-Analyst-jobs?page=28
2025-05-26 12:14:08,621 - INFO - Scraping role: Data-Analyst, page: 29, URL: https://sg.jobsdb.com/Data-Analyst-jobs?page=29
2025-05-26 12:14:18,394 - INFO - Scraping role: Data-Analyst, page: 30, URL: https://sg.jobsdb.com/Data-Analyst-jobs?page=30
2025-05-26 12:14:29,961 - INFO - Scraping role: Data-Analyst, page: 31, URL: https://sg.jobsdb.com/Data-Analyst-jobs?page=31
2025-05-26 12:14:42,230 - INFO - Scraping role: Data-Analyst, page: 32, URL: https://sg.jobsdb.com/Data-Analyst-jobs?page=32
2025-05-26 12:14:53,825 - INFO - Scraping role: Data-Analyst, page: 33, URL: https://sg.jobsdb.com/Data-Analyst-jobs?page=33
2025-05-26 12:15:04,295 - INFO - Scraping role: Data-Analyst, page: 34, URL: https://sg.jobsdb.com/Data-Analyst-jobs?page=34
2025-05-26 12:15:15,611 - INFO - Scraping role: Data-Analyst, page: 35, URL: https://sg.jobsdb.com/Data-Analyst-jobs?page=35
2025-05-26 12:15:27,088 - INFO - Scraping role: Data-Analyst, page: 36, URL: https://sg.jobsdb.com/Data-Analyst-jobs?page=36
2025-05-26 12:15:38,682 - INFO - Scraping role: Data-Analyst, page: 37, URL: https://sg.jobsdb.com/Data-Analyst-jobs?page=37
2025-05-26 12:15:49,937 - INFO - Scraping role: Data-Analyst, page: 38, URL: https://sg.jobsdb.com/Data-Analyst-jobs?page=38
2025-05-26 12:16:01,699 - INFO - Scraping role: Data-Analyst, page: 39, URL: https://sg.jobsdb.com/Data-Analyst-jobs?page=39
2025-05-26 12:16:13,361 - INFO - Scraping role: Data-Analyst, page: 40, URL: https://sg.jobsdb.com/Data-Analyst-jobs?page=40
2025-05-26 12:16:24,787 - INFO - Scraping role: Data-Analyst, page: 41, URL: https://sg.jobsdb.com/Data-Analyst-jobs?page=41
2025-05-26 12:16:36,911 - INFO - Scraping role: Data-Analyst, page: 42, URL: https://sg.jobsdb.com/Data-Analyst-jobs?page=42
2025-05-26 12:16:48,071 - INFO - Scraping role: Data-Analyst, page: 43, URL: https://sg.jobsdb.com/Data-Analyst-jobs?page=43
2025-05-26 12:16:59,492 - INFO - Scraping role: Data-Analyst, page: 44, URL: https://sg.jobsdb.com/Data-Analyst-jobs?page=44
2025-05-26 12:17:11,118 - INFO - Scraping role: Data-Analyst, page: 45, URL: https://sg.jobsdb.com/Data-Analyst-jobs?page=45
2025-05-26 12:17:22,658 - INFO - Scraping role: Data-Analyst, page: 46, URL: https://sg.jobsdb.com/Data-Analyst-jobs?page=46
2025-05-26 12:17:34,510 - INFO - Scraping role: Data-Analyst, page: 47, URL: https://sg.jobsdb.com/Data-Analyst-jobs?page=47
2025-05-26 12:17:45,202 - INFO - Scraping role: Data-Analyst, page: 48, URL: https://sg.jobsdb.com/Data-Analyst-jobs?page=48
2025-05-26 12:17:54,875 - INFO - Scraping role: Data-Analyst, page: 49, URL: https://sg.jobsdb.com/Data-Analyst-jobs?page=49
2025-05-26 12:18:05,548 - INFO - Scraping role: Data-Analyst, page: 50, URL: https://sg.jobsdb.com/Data-Analyst-jobs?page=50
2025-05-26 12:18:15,438 - INFO - Scraping role: AI-Engineer, page: 1, URL: https://sg.jobsdb.com/AI-Engineer-jobs?page=1
2025-05-26 12:18:26,797 - INFO - Scraping role: AI-Engineer, page: 2, URL: https://sg.jobsdb.com/AI-Engineer-jobs?page=2
2025-05-26 12:18:36,728 - INFO - Scraping role: AI-Engineer, page: 3, URL: https://sg.jobsdb.com/AI-Engineer-jobs?page=3
2025-05-26 12:18:46,540 - INFO - Scraping role: AI-Engineer, page: 4, URL: https://sg.jobsdb.com/AI-Engineer-jobs?page=4
2025-05-26 12:18:56,767 - INFO - Scraping role: AI-Engineer, page: 5, URL: https://sg.jobsdb.com/AI-Engineer-jobs?page=5
2025-05-26 12:19:07,739 - INFO - Scraping role: AI-Engineer, page: 6, URL: https://sg.jobsdb.com/AI-Engineer-jobs?page=6
2025-05-26 12:19:17,711 - INFO - Scraping role: AI-Engineer, page: 7, URL: https://sg.jobsdb.com/AI-Engineer-jobs?page=7
2025-05-26 12:19:28,607 - INFO - Scraping role: AI-Engineer, page: 8, URL: https://sg.jobsdb.com/AI-Engineer-jobs?page=8
2025-05-26 12:19:38,792 - INFO - Scraping role: AI-Engineer, page: 9, URL: https://sg.jobsdb.com/AI-Engineer-jobs?page=9
2025-05-26 12:19:49,740 - INFO - Scraping role: AI-Engineer, page: 10, URL: https://sg.jobsdb.com/AI-Engineer-jobs?page=10
2025-05-26 12:20:01,668 - INFO - Scraping role: AI-Engineer, page: 11, URL: https://sg.jobsdb.com/AI-Engineer-jobs?page=11
2025-05-26 12:20:13,638 - INFO - Scraping role: AI-Engineer, page: 12, URL: https://sg.jobsdb.com/AI-Engineer-jobs?page=12
2025-05-26 12:20:25,926 - INFO - Scraping role: AI-Engineer, page: 13, URL: https://sg.jobsdb.com/AI-Engineer-jobs?page=13
2025-05-26 12:20:38,541 - INFO - Scraping role: AI-Engineer, page: 14, URL: https://sg.jobsdb.com/AI-Engineer-jobs?page=14
2025-05-26 12:20:51,628 - INFO - Scraping role: AI-Engineer, page: 15, URL: https://sg.jobsdb.com/AI-Engineer-jobs?page=15
2025-05-26 12:21:04,674 - INFO - Scraping role: AI-Engineer, page: 16, URL: https://sg.jobsdb.com/AI-Engineer-jobs?page=16
2025-05-26 12:21:17,507 - INFO - Scraping role: AI-Engineer, page: 17, URL: https://sg.jobsdb.com/AI-Engineer-jobs?page=17
2025-05-26 12:21:30,178 - INFO - Scraping role: AI-Engineer, page: 18, URL: https://sg.jobsdb.com/AI-Engineer-jobs?page=18
2025-05-26 12:21:42,942 - INFO - Scraping role: AI-Engineer, page: 19, URL: https://sg.jobsdb.com/AI-Engineer-jobs?page=19
2025-05-26 12:21:55,595 - INFO - Scraping role: AI-Engineer, page: 20, URL: https://sg.jobsdb.com/AI-Engineer-jobs?page=20
2025-05-26 12:22:08,227 - INFO - Scraping role: AI-Engineer, page: 21, URL: https://sg.jobsdb.com/AI-Engineer-jobs?page=21
2025-05-26 12:22:21,359 - INFO - Scraping role: AI-Engineer, page: 22, URL: https://sg.jobsdb.com/AI-Engineer-jobs?page=22
2025-05-26 12:22:34,179 - INFO - Scraping role: AI-Engineer, page: 23, URL: https://sg.jobsdb.com/AI-Engineer-jobs?page=23
2025-05-26 12:22:46,757 - INFO - Scraping role: AI-Engineer, page: 24, URL: https://sg.jobsdb.com/AI-Engineer-jobs?page=24
2025-05-26 12:22:59,738 - INFO - Scraping role: AI-Engineer, page: 25, URL: https://sg.jobsdb.com/AI-Engineer-jobs?page=25
2025-05-26 12:23:12,588 - INFO - Scraping role: AI-Engineer, page: 26, URL: https://sg.jobsdb.com/AI-Engineer-jobs?page=26
2025-05-26 12:23:25,250 - INFO - Scraping role: AI-Engineer, page: 27, URL: https://sg.jobsdb.com/AI-Engineer-jobs?page=27
2025-05-26 12:23:38,034 - INFO - Scraping role: AI-Engineer, page: 28, URL: https://sg.jobsdb.com/AI-Engineer-jobs?page=28
2025-05-26 12:23:51,006 - INFO - Scraping role: AI-Engineer, page: 29, URL: https://sg.jobsdb.com/AI-Engineer-jobs?page=29
2025-05-26 12:24:03,594 - INFO - Scraping role: AI-Engineer, page: 30, URL: https://sg.jobsdb.com/AI-Engineer-jobs?page=30
2025-05-26 12:24:16,255 - INFO - Scraping role: AI-Engineer, page: 31, URL: https://sg.jobsdb.com/AI-Engineer-jobs?page=31
2025-05-26 12:24:29,875 - INFO - Scraping role: AI-Engineer, page: 32, URL: https://sg.jobsdb.com/AI-Engineer-jobs?page=32
2025-05-26 12:24:42,845 - INFO - Scraping role: AI-Engineer, page: 33, URL: https://sg.jobsdb.com/AI-Engineer-jobs?page=33
2025-05-26 12:24:55,475 - INFO - Scraping role: AI-Engineer, page: 34, URL: https://sg.jobsdb.com/AI-Engineer-jobs?page=34
2025-05-26 12:25:08,325 - INFO - Scraping role: AI-Engineer, page: 35, URL: https://sg.jobsdb.com/AI-Engineer-jobs?page=35
2025-05-26 12:25:21,041 - INFO - Scraping role: AI-Engineer, page: 36, URL: https://sg.jobsdb.com/AI-Engineer-jobs?page=36
2025-05-26 12:25:33,732 - INFO - Scraping role: AI-Engineer, page: 37, URL: https://sg.jobsdb.com/AI-Engineer-jobs?page=37
2025-05-26 12:25:46,532 - INFO - Scraping role: AI-Engineer, page: 38, URL: https://sg.jobsdb.com/AI-Engineer-jobs?page=38
2025-05-26 12:25:59,471 - INFO - Scraping role: AI-Engineer, page: 39, URL: https://sg.jobsdb.com/AI-Engineer-jobs?page=39
2025-05-26 12:26:12,186 - INFO - Scraping role: AI-Engineer, page: 40, URL: https://sg.jobsdb.com/AI-Engineer-jobs?page=40
2025-05-26 12:26:24,841 - INFO - Scraping role: AI-Engineer, page: 41, URL: https://sg.jobsdb.com/AI-Engineer-jobs?page=41
2025-05-26 12:26:37,533 - INFO - Scraping role: AI-Engineer, page: 42, URL: https://sg.jobsdb.com/AI-Engineer-jobs?page=42
2025-05-26 12:26:50,393 - INFO - Scraping role: AI-Engineer, page: 43, URL: https://sg.jobsdb.com/AI-Engineer-jobs?page=43
2025-05-26 12:27:03,329 - INFO - Scraping role: AI-Engineer, page: 44, URL: https://sg.jobsdb.com/AI-Engineer-jobs?page=44
2025-05-26 12:27:16,066 - INFO - Scraping role: AI-Engineer, page: 45, URL: https://sg.jobsdb.com/AI-Engineer-jobs?page=45
2025-05-26 12:27:28,776 - INFO - Scraping role: AI-Engineer, page: 46, URL: https://sg.jobsdb.com/AI-Engineer-jobs?page=46
2025-05-26 12:27:41,522 - INFO - Scraping role: AI-Engineer, page: 47, URL: https://sg.jobsdb.com/AI-Engineer-jobs?page=47
2025-05-26 12:27:55,235 - INFO - Scraping role: AI-Engineer, page: 48, URL: https://sg.jobsdb.com/AI-Engineer-jobs?page=48
2025-05-26 12:28:08,593 - INFO - Scraping role: AI-Engineer, page: 49, URL: https://sg.jobsdb.com/AI-Engineer-jobs?page=49
2025-05-26 12:28:21,597 - INFO - Scraping role: AI-Engineer, page: 50, URL: https://sg.jobsdb.com/AI-Engineer-jobs?page=50
2025-05-26 12:28:34,973 - INFO - Scraping role: Machine-Learning-Engineer, page: 1, URL: https://sg.jobsdb.com/Machine-Learning-Engineer-jobs?page=1
2025-05-26 12:28:47,103 - INFO - Scraping role: Machine-Learning-Engineer, page: 2, URL: https://sg.jobsdb.com/Machine-Learning-Engineer-jobs?page=2
2025-05-26 12:28:59,715 - INFO - Scraping role: Machine-Learning-Engineer, page: 3, URL: https://sg.jobsdb.com/Machine-Learning-Engineer-jobs?page=3
2025-05-26 12:29:12,269 - INFO - Scraping role: Machine-Learning-Engineer, page: 4, URL: https://sg.jobsdb.com/Machine-Learning-Engineer-jobs?page=4
2025-05-26 12:29:24,912 - INFO - Scraping role: Machine-Learning-Engineer, page: 5, URL: https://sg.jobsdb.com/Machine-Learning-Engineer-jobs?page=5
2025-05-26 12:29:37,543 - INFO - Scraping role: Machine-Learning-Engineer, page: 6, URL: https://sg.jobsdb.com/Machine-Learning-Engineer-jobs?page=6
2025-05-26 12:29:49,660 - INFO - Scraping role: Machine-Learning-Engineer, page: 7, URL: https://sg.jobsdb.com/Machine-Learning-Engineer-jobs?page=7
2025-05-26 12:30:01,888 - INFO - Scraping role: Machine-Learning-Engineer, page: 8, URL: https://sg.jobsdb.com/Machine-Learning-Engineer-jobs?page=8
2025-05-26 12:30:14,253 - INFO - Scraping role: Machine-Learning-Engineer, page: 9, URL: https://sg.jobsdb.com/Machine-Learning-Engineer-jobs?page=9
2025-05-26 12:30:26,461 - INFO - Scraping role: Machine-Learning-Engineer, page: 10, URL: https://sg.jobsdb.com/Machine-Learning-Engineer-jobs?page=10
2025-05-26 12:30:38,473 - INFO - Scraping role: Machine-Learning-Engineer, page: 11, URL: https://sg.jobsdb.com/Machine-Learning-Engineer-jobs?page=11
2025-05-26 12:30:50,988 - INFO - Scraping role: Machine-Learning-Engineer, page: 12, URL: https://sg.jobsdb.com/Machine-Learning-Engineer-jobs?page=12
2025-05-26 12:31:01,851 - INFO - Scraping role: Machine-Learning-Engineer, page: 13, URL: https://sg.jobsdb.com/Machine-Learning-Engineer-jobs?page=13
2025-05-26 12:31:11,461 - INFO - Scraping role: Machine-Learning-Engineer, page: 14, URL: https://sg.jobsdb.com/Machine-Learning-Engineer-jobs?page=14
2025-05-26 12:31:20,968 - INFO - Scraping role: Machine-Learning-Engineer, page: 15, URL: https://sg.jobsdb.com/Machine-Learning-Engineer-jobs?page=15
2025-05-26 12:31:30,361 - INFO - Scraping role: Machine-Learning-Engineer, page: 16, URL: https://sg.jobsdb.com/Machine-Learning-Engineer-jobs?page=16
2025-05-26 12:31:39,513 - INFO - Scraping role: Machine-Learning-Engineer, page: 17, URL: https://sg.jobsdb.com/Machine-Learning-Engineer-jobs?page=17
2025-05-26 12:31:49,636 - INFO - Scraping role: Machine-Learning-Engineer, page: 18, URL: https://sg.jobsdb.com/Machine-Learning-Engineer-jobs?page=18
2025-05-26 12:31:59,073 - INFO - Scraping role: Machine-Learning-Engineer, page: 19, URL: https://sg.jobsdb.com/Machine-Learning-Engineer-jobs?page=19
2025-05-26 12:32:09,383 - INFO - Scraping role: Machine-Learning-Engineer, page: 20, URL: https://sg.jobsdb.com/Machine-Learning-Engineer-jobs?page=20
2025-05-26 12:32:19,510 - INFO - Scraping role: Machine-Learning-Engineer, page: 21, URL: https://sg.jobsdb.com/Machine-Learning-Engineer-jobs?page=21
2025-05-26 12:32:29,012 - INFO - Scraping role: Machine-Learning-Engineer, page: 22, URL: https://sg.jobsdb.com/Machine-Learning-Engineer-jobs?page=22
2025-05-26 12:32:38,538 - INFO - Scraping role: Machine-Learning-Engineer, page: 23, URL: https://sg.jobsdb.com/Machine-Learning-Engineer-jobs?page=23
2025-05-26 12:32:48,090 - INFO - Scraping role: Machine-Learning-Engineer, page: 24, URL: https://sg.jobsdb.com/Machine-Learning-Engineer-jobs?page=24
2025-05-26 12:32:57,786 - INFO - Scraping role: Machine-Learning-Engineer, page: 25, URL: https://sg.jobsdb.com/Machine-Learning-Engineer-jobs?page=25
2025-05-26 12:33:07,193 - INFO - Scraping role: Machine-Learning-Engineer, page: 26, URL: https://sg.jobsdb.com/Machine-Learning-Engineer-jobs?page=26
2025-05-26 12:33:18,178 - INFO - Scraping role: Machine-Learning-Engineer, page: 27, URL: https://sg.jobsdb.com/Machine-Learning-Engineer-jobs?page=27
2025-05-26 12:33:27,937 - INFO - Scraping role: Machine-Learning-Engineer, page: 28, URL: https://sg.jobsdb.com/Machine-Learning-Engineer-jobs?page=28
2025-05-26 12:33:38,126 - INFO - Scraping role: Machine-Learning-Engineer, page: 29, URL: https://sg.jobsdb.com/Machine-Learning-Engineer-jobs?page=29
2025-05-26 12:33:47,696 - INFO - Scraping role: Machine-Learning-Engineer, page: 30, URL: https://sg.jobsdb.com/Machine-Learning-Engineer-jobs?page=30
2025-05-26 12:33:57,424 - INFO - Scraping role: Machine-Learning-Engineer, page: 31, URL: https://sg.jobsdb.com/Machine-Learning-Engineer-jobs?page=31
2025-05-26 12:34:06,951 - INFO - Scraping role: Machine-Learning-Engineer, page: 32, URL: https://sg.jobsdb.com/Machine-Learning-Engineer-jobs?page=32
2025-05-26 12:34:16,466 - INFO - Scraping role: Machine-Learning-Engineer, page: 33, URL: https://sg.jobsdb.com/Machine-Learning-Engineer-jobs?page=33
2025-05-26 12:34:25,954 - INFO - Scraping role: Machine-Learning-Engineer, page: 34, URL: https://sg.jobsdb.com/Machine-Learning-Engineer-jobs?page=34
2025-05-26 12:34:35,443 - INFO - Scraping role: Machine-Learning-Engineer, page: 35, URL: https://sg.jobsdb.com/Machine-Learning-Engineer-jobs?page=35
2025-05-26 12:34:44,860 - INFO - Scraping role: Machine-Learning-Engineer, page: 36, URL: https://sg.jobsdb.com/Machine-Learning-Engineer-jobs?page=36
2025-05-26 12:34:54,926 - INFO - Scraping role: Machine-Learning-Engineer, page: 37, URL: https://sg.jobsdb.com/Machine-Learning-Engineer-jobs?page=37
2025-05-26 12:35:04,450 - INFO - Scraping role: Machine-Learning-Engineer, page: 38, URL: https://sg.jobsdb.com/Machine-Learning-Engineer-jobs?page=38
2025-05-26 12:35:14,048 - INFO - Scraping role: Machine-Learning-Engineer, page: 39, URL: https://sg.jobsdb.com/Machine-Learning-Engineer-jobs?page=39
2025-05-26 12:35:24,041 - INFO - Scraping role: Machine-Learning-Engineer, page: 40, URL: https://sg.jobsdb.com/Machine-Learning-Engineer-jobs?page=40
2025-05-26 12:35:34,049 - INFO - Scraping role: Machine-Learning-Engineer, page: 41, URL: https://sg.jobsdb.com/Machine-Learning-Engineer-jobs?page=41
2025-05-26 12:35:45,480 - INFO - Scraping role: Machine-Learning-Engineer, page: 42, URL: https://sg.jobsdb.com/Machine-Learning-Engineer-jobs?page=42
2025-05-26 12:35:56,592 - INFO - Scraping role: Machine-Learning-Engineer, page: 43, URL: https://sg.jobsdb.com/Machine-Learning-Engineer-jobs?page=43
2025-05-26 12:36:07,907 - INFO - Scraping role: Machine-Learning-Engineer, page: 44, URL: https://sg.jobsdb.com/Machine-Learning-Engineer-jobs?page=44
2025-05-26 12:36:17,541 - INFO - Scraping role: Machine-Learning-Engineer, page: 45, URL: https://sg.jobsdb.com/Machine-Learning-Engineer-jobs?page=45
2025-05-26 12:36:28,926 - INFO - Scraping role: Machine-Learning-Engineer, page: 46, URL: https://sg.jobsdb.com/Machine-Learning-Engineer-jobs?page=46
2025-05-26 12:36:39,111 - INFO - Scraping role: Machine-Learning-Engineer, page: 47, URL: https://sg.jobsdb.com/Machine-Learning-Engineer-jobs?page=47
2025-05-26 12:36:49,201 - INFO - Scraping role: Machine-Learning-Engineer, page: 48, URL: https://sg.jobsdb.com/Machine-Learning-Engineer-jobs?page=48
2025-05-26 12:36:58,880 - INFO - Scraping role: Machine-Learning-Engineer, page: 49, URL: https://sg.jobsdb.com/Machine-Learning-Engineer-jobs?page=49
2025-05-26 12:37:10,433 - INFO - Scraping role: Machine-Learning-Engineer, page: 50, URL: https://sg.jobsdb.com/Machine-Learning-Engineer-jobs?page=50
2025-05-26 12:37:19,260 - INFO - Scraping role: DevOps-Engineer, page: 1, URL: https://sg.jobsdb.com/DevOps-Engineer-jobs?page=1
2025-05-26 12:37:29,158 - INFO - Scraping role: DevOps-Engineer, page: 2, URL: https://sg.jobsdb.com/DevOps-Engineer-jobs?page=2
2025-05-26 12:37:39,476 - INFO - Scraping role: DevOps-Engineer, page: 3, URL: https://sg.jobsdb.com/DevOps-Engineer-jobs?page=3
2025-05-26 12:37:49,531 - INFO - Scraping role: DevOps-Engineer, page: 4, URL: https://sg.jobsdb.com/DevOps-Engineer-jobs?page=4
2025-05-26 12:37:59,491 - INFO - Scraping role: DevOps-Engineer, page: 5, URL: https://sg.jobsdb.com/DevOps-Engineer-jobs?page=5
2025-05-26 12:38:09,418 - INFO - Scraping role: DevOps-Engineer, page: 6, URL: https://sg.jobsdb.com/DevOps-Engineer-jobs?page=6
2025-05-26 12:38:19,194 - INFO - Scraping role: DevOps-Engineer, page: 7, URL: https://sg.jobsdb.com/DevOps-Engineer-jobs?page=7
2025-05-26 12:38:30,097 - INFO - Scraping role: DevOps-Engineer, page: 8, URL: https://sg.jobsdb.com/DevOps-Engineer-jobs?page=8
2025-05-26 12:38:40,045 - INFO - Scraping role: DevOps-Engineer, page: 9, URL: https://sg.jobsdb.com/DevOps-Engineer-jobs?page=9
2025-05-26 12:38:50,207 - INFO - Scraping role: DevOps-Engineer, page: 10, URL: https://sg.jobsdb.com/DevOps-Engineer-jobs?page=10
2025-05-26 12:39:00,643 - INFO - Scraping role: DevOps-Engineer, page: 11, URL: https://sg.jobsdb.com/DevOps-Engineer-jobs?page=11
2025-05-26 12:39:10,836 - INFO - Scraping role: DevOps-Engineer, page: 12, URL: https://sg.jobsdb.com/DevOps-Engineer-jobs?page=12
2025-05-26 12:39:21,128 - INFO - Scraping role: DevOps-Engineer, page: 13, URL: https://sg.jobsdb.com/DevOps-Engineer-jobs?page=13
2025-05-26 12:39:31,989 - INFO - Scraping role: DevOps-Engineer, page: 14, URL: https://sg.jobsdb.com/DevOps-Engineer-jobs?page=14
2025-05-26 12:39:43,766 - INFO - Scraping role: DevOps-Engineer, page: 15, URL: https://sg.jobsdb.com/DevOps-Engineer-jobs?page=15
2025-05-26 12:39:55,210 - INFO - Scraping role: DevOps-Engineer, page: 16, URL: https://sg.jobsdb.com/DevOps-Engineer-jobs?page=16
2025-05-26 12:40:05,660 - INFO - Scraping role: DevOps-Engineer, page: 17, URL: https://sg.jobsdb.com/DevOps-Engineer-jobs?page=17
2025-05-26 12:40:17,056 - INFO - Scraping role: DevOps-Engineer, page: 18, URL: https://sg.jobsdb.com/DevOps-Engineer-jobs?page=18
2025-05-26 12:40:26,859 - INFO - Scraping role: DevOps-Engineer, page: 19, URL: https://sg.jobsdb.com/DevOps-Engineer-jobs?page=19
2025-05-26 12:40:37,239 - INFO - Scraping role: DevOps-Engineer, page: 20, URL: https://sg.jobsdb.com/DevOps-Engineer-jobs?page=20
2025-05-26 12:40:47,775 - INFO - Scraping role: DevOps-Engineer, page: 21, URL: https://sg.jobsdb.com/DevOps-Engineer-jobs?page=21
2025-05-26 12:40:59,834 - INFO - Scraping role: DevOps-Engineer, page: 22, URL: https://sg.jobsdb.com/DevOps-Engineer-jobs?page=22
2025-05-26 12:41:11,413 - INFO - Scraping role: DevOps-Engineer, page: 23, URL: https://sg.jobsdb.com/DevOps-Engineer-jobs?page=23
2025-05-26 12:41:22,816 - INFO - Scraping role: DevOps-Engineer, page: 24, URL: https://sg.jobsdb.com/DevOps-Engineer-jobs?page=24
2025-05-26 12:41:34,499 - INFO - Scraping role: DevOps-Engineer, page: 25, URL: https://sg.jobsdb.com/DevOps-Engineer-jobs?page=25
2025-05-26 12:41:46,247 - INFO - Scraping role: DevOps-Engineer, page: 26, URL: https://sg.jobsdb.com/DevOps-Engineer-jobs?page=26
2025-05-26 12:41:57,589 - INFO - Scraping role: DevOps-Engineer, page: 27, URL: https://sg.jobsdb.com/DevOps-Engineer-jobs?page=27
2025-05-26 12:42:08,176 - INFO - Scraping role: DevOps-Engineer, page: 28, URL: https://sg.jobsdb.com/DevOps-Engineer-jobs?page=28
2025-05-26 12:42:25,635 - INFO - Scraping role: DevOps-Engineer, page: 29, URL: https://sg.jobsdb.com/DevOps-Engineer-jobs?page=29
2025-05-26 12:42:38,899 - INFO - Scraping role: DevOps-Engineer, page: 30, URL: https://sg.jobsdb.com/DevOps-Engineer-jobs?page=30
2025-05-26 12:42:57,476 - INFO - Scraping role: DevOps-Engineer, page: 31, URL: https://sg.jobsdb.com/DevOps-Engineer-jobs?page=31
2025-05-26 12:43:10,689 - INFO - Scraping role: DevOps-Engineer, page: 32, URL: https://sg.jobsdb.com/DevOps-Engineer-jobs?page=32
2025-05-26 12:43:21,967 - INFO - Scraping role: DevOps-Engineer, page: 33, URL: https://sg.jobsdb.com/DevOps-Engineer-jobs?page=33
2025-05-26 12:43:32,773 - INFO - Scraping role: DevOps-Engineer, page: 34, URL: https://sg.jobsdb.com/DevOps-Engineer-jobs?page=34
2025-05-26 12:43:42,985 - INFO - Scraping role: DevOps-Engineer, page: 35, URL: https://sg.jobsdb.com/DevOps-Engineer-jobs?page=35
2025-05-26 12:43:54,414 - INFO - Scraping role: DevOps-Engineer, page: 36, URL: https://sg.jobsdb.com/DevOps-Engineer-jobs?page=36
2025-05-26 12:44:04,998 - INFO - Scraping role: DevOps-Engineer, page: 37, URL: https://sg.jobsdb.com/DevOps-Engineer-jobs?page=37
2025-05-26 12:44:14,968 - INFO - Scraping role: DevOps-Engineer, page: 38, URL: https://sg.jobsdb.com/DevOps-Engineer-jobs?page=38
2025-05-26 12:44:26,581 - INFO - Scraping role: DevOps-Engineer, page: 39, URL: https://sg.jobsdb.com/DevOps-Engineer-jobs?page=39
2025-05-26 12:44:36,203 - INFO - Scraping role: DevOps-Engineer, page: 40, URL: https://sg.jobsdb.com/DevOps-Engineer-jobs?page=40
2025-05-26 12:44:48,114 - INFO - Scraping role: DevOps-Engineer, page: 41, URL: https://sg.jobsdb.com/DevOps-Engineer-jobs?page=41
2025-05-26 12:44:59,473 - INFO - Scraping role: DevOps-Engineer, page: 42, URL: https://sg.jobsdb.com/DevOps-Engineer-jobs?page=42
2025-05-26 12:45:10,766 - INFO - Scraping role: DevOps-Engineer, page: 43, URL: https://sg.jobsdb.com/DevOps-Engineer-jobs?page=43
2025-05-26 12:45:20,606 - INFO - Scraping role: DevOps-Engineer, page: 44, URL: https://sg.jobsdb.com/DevOps-Engineer-jobs?page=44
2025-05-26 12:45:30,582 - INFO - Scraping role: DevOps-Engineer, page: 45, URL: https://sg.jobsdb.com/DevOps-Engineer-jobs?page=45
2025-05-26 12:45:40,517 - INFO - Scraping role: DevOps-Engineer, page: 46, URL: https://sg.jobsdb.com/DevOps-Engineer-jobs?page=46
2025-05-26 12:45:50,361 - INFO - Scraping role: DevOps-Engineer, page: 47, URL: https://sg.jobsdb.com/DevOps-Engineer-jobs?page=47
2025-05-26 12:46:00,126 - INFO - Scraping role: DevOps-Engineer, page: 48, URL: https://sg.jobsdb.com/DevOps-Engineer-jobs?page=48
2025-05-26 12:46:10,085 - INFO - Scraping role: DevOps-Engineer, page: 49, URL: https://sg.jobsdb.com/DevOps-Engineer-jobs?page=49
2025-05-26 12:46:20,808 - INFO - Scraping role: DevOps-Engineer, page: 50, URL: https://sg.jobsdb.com/DevOps-Engineer-jobs?page=50
2025-05-26 12:46:31,084 - INFO - Scraping role: Cloud-Engineer, page: 1, URL: https://sg.jobsdb.com/Cloud-Engineer-jobs?page=1
2025-05-26 12:46:40,751 - INFO - Scraping role: Cloud-Engineer, page: 2, URL: https://sg.jobsdb.com/Cloud-Engineer-jobs?page=2
2025-05-26 12:46:50,702 - INFO - Scraping role: Cloud-Engineer, page: 3, URL: https://sg.jobsdb.com/Cloud-Engineer-jobs?page=3
2025-05-26 12:47:01,932 - INFO - Scraping role: Cloud-Engineer, page: 4, URL: https://sg.jobsdb.com/Cloud-Engineer-jobs?page=4
2025-05-26 12:47:13,326 - INFO - Scraping role: Cloud-Engineer, page: 5, URL: https://sg.jobsdb.com/Cloud-Engineer-jobs?page=5
2025-05-26 12:47:24,129 - INFO - Scraping role: Cloud-Engineer, page: 6, URL: https://sg.jobsdb.com/Cloud-Engineer-jobs?page=6
2025-05-26 12:47:34,430 - INFO - Scraping role: Cloud-Engineer, page: 7, URL: https://sg.jobsdb.com/Cloud-Engineer-jobs?page=7
2025-05-26 12:47:44,127 - INFO - Scraping role: Cloud-Engineer, page: 8, URL: https://sg.jobsdb.com/Cloud-Engineer-jobs?page=8
2025-05-26 12:47:53,755 - INFO - Scraping role: Cloud-Engineer, page: 9, URL: https://sg.jobsdb.com/Cloud-Engineer-jobs?page=9
2025-05-26 12:48:03,176 - INFO - Scraping role: Cloud-Engineer, page: 10, URL: https://sg.jobsdb.com/Cloud-Engineer-jobs?page=10
2025-05-26 12:48:12,788 - INFO - Scraping role: Cloud-Engineer, page: 11, URL: https://sg.jobsdb.com/Cloud-Engineer-jobs?page=11
2025-05-26 12:48:22,173 - INFO - Scraping role: Cloud-Engineer, page: 12, URL: https://sg.jobsdb.com/Cloud-Engineer-jobs?page=12
2025-05-26 12:48:31,951 - INFO - Scraping role: Cloud-Engineer, page: 13, URL: https://sg.jobsdb.com/Cloud-Engineer-jobs?page=13
2025-05-26 12:48:41,642 - INFO - Scraping role: Cloud-Engineer, page: 14, URL: https://sg.jobsdb.com/Cloud-Engineer-jobs?page=14
2025-05-26 12:48:51,255 - INFO - Scraping role: Cloud-Engineer, page: 15, URL: https://sg.jobsdb.com/Cloud-Engineer-jobs?page=15
2025-05-26 12:49:00,878 - INFO - Scraping role: Cloud-Engineer, page: 16, URL: https://sg.jobsdb.com/Cloud-Engineer-jobs?page=16
2025-05-26 12:49:10,365 - INFO - Scraping role: Cloud-Engineer, page: 17, URL: https://sg.jobsdb.com/Cloud-Engineer-jobs?page=17
2025-05-26 12:49:20,046 - INFO - Scraping role: Cloud-Engineer, page: 18, URL: https://sg.jobsdb.com/Cloud-Engineer-jobs?page=18
2025-05-26 12:49:30,019 - INFO - Scraping role: Cloud-Engineer, page: 19, URL: https://sg.jobsdb.com/Cloud-Engineer-jobs?page=19
2025-05-26 12:49:39,442 - INFO - Scraping role: Cloud-Engineer, page: 20, URL: https://sg.jobsdb.com/Cloud-Engineer-jobs?page=20
2025-05-26 12:49:48,920 - INFO - Scraping role: Cloud-Engineer, page: 21, URL: https://sg.jobsdb.com/Cloud-Engineer-jobs?page=21
2025-05-26 12:49:58,372 - INFO - Scraping role: Cloud-Engineer, page: 22, URL: https://sg.jobsdb.com/Cloud-Engineer-jobs?page=22
2025-05-26 12:50:07,880 - INFO - Scraping role: Cloud-Engineer, page: 23, URL: https://sg.jobsdb.com/Cloud-Engineer-jobs?page=23
2025-05-26 12:50:17,360 - INFO - Scraping role: Cloud-Engineer, page: 24, URL: https://sg.jobsdb.com/Cloud-Engineer-jobs?page=24
2025-05-26 12:50:26,918 - INFO - Scraping role: Cloud-Engineer, page: 25, URL: https://sg.jobsdb.com/Cloud-Engineer-jobs?page=25
2025-05-26 12:50:36,575 - INFO - Scraping role: Cloud-Engineer, page: 26, URL: https://sg.jobsdb.com/Cloud-Engineer-jobs?page=26
2025-05-26 12:50:46,119 - INFO - Scraping role: Cloud-Engineer, page: 27, URL: https://sg.jobsdb.com/Cloud-Engineer-jobs?page=27
2025-05-26 12:50:55,479 - INFO - Scraping role: Cloud-Engineer, page: 28, URL: https://sg.jobsdb.com/Cloud-Engineer-jobs?page=28
2025-05-26 12:51:04,971 - INFO - Scraping role: Cloud-Engineer, page: 29, URL: https://sg.jobsdb.com/Cloud-Engineer-jobs?page=29
2025-05-26 12:51:14,422 - INFO - Scraping role: Cloud-Engineer, page: 30, URL: https://sg.jobsdb.com/Cloud-Engineer-jobs?page=30
2025-05-26 12:51:24,056 - INFO - Scraping role: Cloud-Engineer, page: 31, URL: https://sg.jobsdb.com/Cloud-Engineer-jobs?page=31
2025-05-26 12:51:33,517 - INFO - Scraping role: Cloud-Engineer, page: 32, URL: https://sg.jobsdb.com/Cloud-Engineer-jobs?page=32
2025-05-26 12:51:42,957 - INFO - Scraping role: Cloud-Engineer, page: 33, URL: https://sg.jobsdb.com/Cloud-Engineer-jobs?page=33
2025-05-26 12:51:52,964 - INFO - Scraping role: Cloud-Engineer, page: 34, URL: https://sg.jobsdb.com/Cloud-Engineer-jobs?page=34
2025-05-26 12:52:02,074 - INFO - Scraping role: Cloud-Engineer, page: 35, URL: https://sg.jobsdb.com/Cloud-Engineer-jobs?page=35
2025-05-26 12:52:11,526 - INFO - Scraping role: Cloud-Engineer, page: 36, URL: https://sg.jobsdb.com/Cloud-Engineer-jobs?page=36
2025-05-26 12:52:20,978 - INFO - Scraping role: Cloud-Engineer, page: 37, URL: https://sg.jobsdb.com/Cloud-Engineer-jobs?page=37
2025-05-26 12:52:30,581 - INFO - Scraping role: Cloud-Engineer, page: 38, URL: https://sg.jobsdb.com/Cloud-Engineer-jobs?page=38
2025-05-26 12:52:41,106 - INFO - Scraping role: Cloud-Engineer, page: 39, URL: https://sg.jobsdb.com/Cloud-Engineer-jobs?page=39
2025-05-26 12:52:51,758 - INFO - Scraping role: Cloud-Engineer, page: 40, URL: https://sg.jobsdb.com/Cloud-Engineer-jobs?page=40
2025-05-26 12:53:01,127 - INFO - Scraping role: Cloud-Engineer, page: 41, URL: https://sg.jobsdb.com/Cloud-Engineer-jobs?page=41
2025-05-26 12:53:10,616 - INFO - Scraping role: Cloud-Engineer, page: 42, URL: https://sg.jobsdb.com/Cloud-Engineer-jobs?page=42
2025-05-26 12:53:20,086 - INFO - Scraping role: Cloud-Engineer, page: 43, URL: https://sg.jobsdb.com/Cloud-Engineer-jobs?page=43
2025-05-26 12:53:29,593 - INFO - Scraping role: Cloud-Engineer, page: 44, URL: https://sg.jobsdb.com/Cloud-Engineer-jobs?page=44
2025-05-26 12:53:40,238 - INFO - Scraping role: Cloud-Engineer, page: 45, URL: https://sg.jobsdb.com/Cloud-Engineer-jobs?page=45
2025-05-26 12:53:49,664 - INFO - Scraping role: Cloud-Engineer, page: 46, URL: https://sg.jobsdb.com/Cloud-Engineer-jobs?page=46
2025-05-26 12:53:59,211 - INFO - Scraping role: Cloud-Engineer, page: 47, URL: https://sg.jobsdb.com/Cloud-Engineer-jobs?page=47
2025-05-26 12:54:08,733 - INFO - Scraping role: Cloud-Engineer, page: 48, URL: https://sg.jobsdb.com/Cloud-Engineer-jobs?page=48
2025-05-26 12:54:18,402 - INFO - Scraping role: Cloud-Engineer, page: 49, URL: https://sg.jobsdb.com/Cloud-Engineer-jobs?page=49
2025-05-26 12:54:28,207 - INFO - Scraping role: Cloud-Engineer, page: 50, URL: https://sg.jobsdb.com/Cloud-Engineer-jobs?page=50
2025-05-26 12:54:37,713 - INFO - Scraping role: Cybersecurity, page: 1, URL: https://sg.jobsdb.com/Cybersecurity-jobs?page=1
2025-05-26 12:54:47,068 - INFO - Scraping role: Cybersecurity, page: 2, URL: https://sg.jobsdb.com/Cybersecurity-jobs?page=2
2025-05-26 12:54:56,291 - INFO - Scraping role: Cybersecurity, page: 3, URL: https://sg.jobsdb.com/Cybersecurity-jobs?page=3
2025-05-26 12:55:05,685 - INFO - Scraping role: Cybersecurity, page: 4, URL: https://sg.jobsdb.com/Cybersecurity-jobs?page=4
2025-05-26 12:55:14,968 - INFO - Scraping role: Cybersecurity, page: 5, URL: https://sg.jobsdb.com/Cybersecurity-jobs?page=5
2025-05-26 12:55:24,249 - INFO - Scraping role: Cybersecurity, page: 6, URL: https://sg.jobsdb.com/Cybersecurity-jobs?page=6
2025-05-26 12:55:33,713 - INFO - Scraping role: Cybersecurity, page: 7, URL: https://sg.jobsdb.com/Cybersecurity-jobs?page=7
2025-05-26 12:55:43,073 - INFO - Scraping role: Cybersecurity, page: 8, URL: https://sg.jobsdb.com/Cybersecurity-jobs?page=8
2025-05-26 12:55:52,304 - INFO - Scraping role: Cybersecurity, page: 9, URL: https://sg.jobsdb.com/Cybersecurity-jobs?page=9
2025-05-26 12:56:01,552 - INFO - Scraping role: Cybersecurity, page: 10, URL: https://sg.jobsdb.com/Cybersecurity-jobs?page=10
2025-05-26 12:56:10,887 - INFO - Scraping role: Cybersecurity, page: 11, URL: https://sg.jobsdb.com/Cybersecurity-jobs?page=11
2025-05-26 12:56:20,192 - INFO - Scraping role: Cybersecurity, page: 12, URL: https://sg.jobsdb.com/Cybersecurity-jobs?page=12
2025-05-26 12:56:29,697 - INFO - Scraping role: Cybersecurity, page: 13, URL: https://sg.jobsdb.com/Cybersecurity-jobs?page=13
2025-05-26 12:56:39,066 - INFO - Scraping role: Cybersecurity, page: 14, URL: https://sg.jobsdb.com/Cybersecurity-jobs?page=14
2025-05-26 12:56:48,290 - INFO - Scraping role: Cybersecurity, page: 15, URL: https://sg.jobsdb.com/Cybersecurity-jobs?page=15
2025-05-26 12:56:57,773 - INFO - Scraping role: Cybersecurity, page: 16, URL: https://sg.jobsdb.com/Cybersecurity-jobs?page=16
2025-05-26 12:57:07,140 - INFO - Scraping role: Cybersecurity, page: 17, URL: https://sg.jobsdb.com/Cybersecurity-jobs?page=17
2025-05-26 12:57:16,363 - INFO - Scraping role: Cybersecurity, page: 18, URL: https://sg.jobsdb.com/Cybersecurity-jobs?page=18
2025-05-26 12:57:25,768 - INFO - Scraping role: Cybersecurity, page: 19, URL: https://sg.jobsdb.com/Cybersecurity-jobs?page=19
2025-05-26 12:57:34,899 - INFO - Scraping role: Cybersecurity, page: 20, URL: https://sg.jobsdb.com/Cybersecurity-jobs?page=20
2025-05-26 12:57:44,342 - INFO - Scraping role: Cybersecurity, page: 21, URL: https://sg.jobsdb.com/Cybersecurity-jobs?page=21
2025-05-26 12:57:53,503 - INFO - Scraping role: Cybersecurity, page: 22, URL: https://sg.jobsdb.com/Cybersecurity-jobs?page=22
2025-05-26 12:58:02,800 - INFO - Scraping role: Cybersecurity, page: 23, URL: https://sg.jobsdb.com/Cybersecurity-jobs?page=23
2025-05-26 12:58:12,264 - INFO - Scraping role: Cybersecurity, page: 24, URL: https://sg.jobsdb.com/Cybersecurity-jobs?page=24
2025-05-26 12:58:21,829 - INFO - Scraping role: Cybersecurity, page: 25, URL: https://sg.jobsdb.com/Cybersecurity-jobs?page=25
2025-05-26 12:58:30,956 - INFO - Scraping role: Cybersecurity, page: 26, URL: https://sg.jobsdb.com/Cybersecurity-jobs?page=26
2025-05-26 12:58:40,353 - INFO - Scraping role: Cybersecurity, page: 27, URL: https://sg.jobsdb.com/Cybersecurity-jobs?page=27
2025-05-26 12:58:49,821 - INFO - Scraping role: Cybersecurity, page: 28, URL: https://sg.jobsdb.com/Cybersecurity-jobs?page=28
2025-05-26 12:58:58,985 - INFO - Scraping role: Cybersecurity, page: 29, URL: https://sg.jobsdb.com/Cybersecurity-jobs?page=29
2025-05-26 12:59:08,261 - INFO - Scraping role: Cybersecurity, page: 30, URL: https://sg.jobsdb.com/Cybersecurity-jobs?page=30
2025-05-26 12:59:17,430 - INFO - Scraping role: Cybersecurity, page: 31, URL: https://sg.jobsdb.com/Cybersecurity-jobs?page=31
2025-05-26 12:59:26,578 - INFO - Scraping role: Cybersecurity, page: 32, URL: https://sg.jobsdb.com/Cybersecurity-jobs?page=32
2025-05-26 12:59:35,755 - INFO - Scraping role: Cybersecurity, page: 33, URL: https://sg.jobsdb.com/Cybersecurity-jobs?page=33
2025-05-26 12:59:44,989 - INFO - Scraping role: Cybersecurity, page: 34, URL: https://sg.jobsdb.com/Cybersecurity-jobs?page=34
2025-05-26 12:59:54,173 - INFO - Scraping role: Cybersecurity, page: 35, URL: https://sg.jobsdb.com/Cybersecurity-jobs?page=35
2025-05-26 13:00:03,411 - INFO - Scraping role: Cybersecurity, page: 36, URL: https://sg.jobsdb.com/Cybersecurity-jobs?page=36
2025-05-26 13:00:12,893 - INFO - Scraping role: Cybersecurity, page: 37, URL: https://sg.jobsdb.com/Cybersecurity-jobs?page=37
2025-05-26 13:00:22,528 - INFO - Scraping role: Cybersecurity, page: 38, URL: https://sg.jobsdb.com/Cybersecurity-jobs?page=38
2025-05-26 13:00:32,007 - INFO - Scraping role: Cybersecurity, page: 39, URL: https://sg.jobsdb.com/Cybersecurity-jobs?page=39
2025-05-26 13:00:41,481 - INFO - Scraping role: Cybersecurity, page: 40, URL: https://sg.jobsdb.com/Cybersecurity-jobs?page=40
2025-05-26 13:00:50,613 - INFO - Scraping role: Cybersecurity, page: 41, URL: https://sg.jobsdb.com/Cybersecurity-jobs?page=41
2025-05-26 13:00:59,946 - INFO - Scraping role: Cybersecurity, page: 42, URL: https://sg.jobsdb.com/Cybersecurity-jobs?page=42
2025-05-26 13:01:09,184 - INFO - Scraping role: Cybersecurity, page: 43, URL: https://sg.jobsdb.com/Cybersecurity-jobs?page=43
2025-05-26 13:01:18,509 - INFO - Scraping role: Cybersecurity, page: 44, URL: https://sg.jobsdb.com/Cybersecurity-jobs?page=44
2025-05-26 13:01:27,726 - INFO - Scraping role: Cybersecurity, page: 45, URL: https://sg.jobsdb.com/Cybersecurity-jobs?page=45
2025-05-26 13:01:37,101 - INFO - Scraping role: Cybersecurity, page: 46, URL: https://sg.jobsdb.com/Cybersecurity-jobs?page=46
2025-05-26 13:01:46,555 - INFO - Scraping role: Cybersecurity, page: 47, URL: https://sg.jobsdb.com/Cybersecurity-jobs?page=47
2025-05-26 13:01:56,052 - INFO - Scraping role: Cybersecurity, page: 48, URL: https://sg.jobsdb.com/Cybersecurity-jobs?page=48
2025-05-26 13:02:05,583 - INFO - Scraping role: Cybersecurity, page: 49, URL: https://sg.jobsdb.com/Cybersecurity-jobs?page=49
2025-05-26 13:02:15,038 - INFO - Scraping role: Cybersecurity, page: 50, URL: https://sg.jobsdb.com/Cybersecurity-jobs?page=50
2025-05-26 13:02:24,787 - INFO - WebDriver closed.
2025-05-26 13:02:24,787 - INFO - Scraping completed. Total jobs collected: 6750
2025-05-26 13:02:25,074 - INFO - Transforming JobsDBSG DataFrame
2025-05-26 13:02:25,328 - INFO - Transformation JobsDBSG complete
