2025-05-20 19:47:50,524 - INFO - ====== WebDriver manager ======
2025-05-20 19:47:53,804 - INFO - Get LATEST chromedriver version for google-chrome
2025-05-20 19:47:53,836 - INFO - Get LATEST chromedriver version for google-chrome
2025-05-20 19:47:53,859 - INFO - There is no [linux64] chromedriver "136.0.7103.94" for browser google-chrome "136.0.7103" in cache
2025-05-20 19:47:53,859 - INFO - Get LATEST chromedriver version for google-chrome
2025-05-20 19:47:53,930 - INFO - WebDriver version 136.0.7103.94 selected
2025-05-20 19:47:53,932 - INFO - Modern chrome version https://storage.googleapis.com/chrome-for-testing-public/136.0.7103.94/linux64/chromedriver-linux64.zip
2025-05-20 19:47:53,932 - INFO - About to download new driver from https://storage.googleapis.com/chrome-for-testing-public/136.0.7103.94/linux64/chromedriver-linux64.zip
2025-05-20 19:47:53,973 - INFO - Driver downloading response is 200
2025-05-20 19:47:54,045 - INFO - Get LATEST chromedriver version for google-chrome
2025-05-20 19:47:54,178 - INFO - Driver has been saved in cache [/home/runner/.wdm/drivers/chromedriver/linux64/136.0.7103.94]
2025-05-20 19:48:08,848 - INFO - Login Successful! Dashboard loaded.
2025-05-20 19:48:10,973 - INFO - Redirected to jobs page
2025-05-20 19:48:13,173 - INFO - Page 1: Scraped. 30 jobs.
2025-05-20 19:48:18,945 - WARNING - Company name not found.
2025-05-20 19:48:19,420 - INFO - Page 2: Scraped. 60 jobs.
2025-05-20 19:48:25,699 - INFO - Page 3: Scraped. 90 jobs.
2025-05-20 19:48:31,901 - INFO - Page 4: Scraped. 120 jobs.
2025-05-20 19:48:36,079 - INFO - Page 5: Scraped. 131 jobs.
2025-05-20 19:48:36,125 - INFO - No more pages to scrape.
2025-05-20 19:48:36,206 - INFO - Driver closed.
2025-05-20 19:48:36,206 - INFO - Total jobs scraped: 131
2025-05-20 19:48:36,230 - INFO - Transforming JobNetMM DataFrame
2025-05-20 19:48:36,232 - INFO - Transformation JobNetMM complete
