2025-05-24 12:32:13,651 - INFO - Fetched page 1 with 100 jobs.
2025-05-24 12:32:16,724 - INFO - Fetched page 2 with 100 jobs.
2025-05-24 12:32:18,671 - INFO - Fetched page 3 with 100 jobs.
2025-05-24 12:32:22,460 - INFO - Fetched page 4 with 100 jobs.
2025-05-24 12:32:25,737 - INFO - Fetched page 5 with 100 jobs.
2025-05-24 12:32:27,888 - INFO - Fetched page 6 with 100 jobs.
2025-05-24 12:32:29,837 - INFO - Fetched page 7 with 100 jobs.
2025-05-24 12:32:33,025 - INFO - Fetched page 8 with 100 jobs.
2025-05-24 12:32:35,593 - INFO - Fetched page 9 with 100 jobs.
2025-05-24 12:32:37,516 - INFO - Fetched page 10 with 100 jobs.
2025-05-24 12:32:40,714 - INFO - Fetched page 11 with 100 jobs.
2025-05-24 12:32:44,078 - INFO - Fetched page 12 with 100 jobs.
2025-05-24 12:32:47,249 - INFO - Fetched page 13 with 100 jobs.
2025-05-24 12:32:50,414 - INFO - Fetched page 14 with 100 jobs.
2025-05-24 12:32:52,781 - INFO - Fetched page 15 with 100 jobs.
2025-05-24 12:32:56,231 - INFO - Fetched page 16 with 100 jobs.
2025-05-24 12:32:59,752 - INFO - Fetched page 17 with 100 jobs.
2025-05-24 12:33:02,311 - INFO - Fetched page 18 with 100 jobs.
2025-05-24 12:33:05,959 - INFO - Fetched page 19 with 100 jobs.
2025-05-24 12:33:09,321 - INFO - Fetched page 20 with 100 jobs.
2025-05-24 12:33:11,840 - INFO - Fetched page 21 with 100 jobs.
2025-05-24 12:33:14,604 - INFO - Fetched page 22 with 100 jobs.
2025-05-24 12:33:17,370 - INFO - Fetched page 23 with 100 jobs.
2025-05-24 12:33:19,316 - INFO - Fetched page 24 with 100 jobs.
2025-05-24 12:33:21,271 - INFO - Fetched page 25 with 100 jobs.
2025-05-24 12:33:24,544 - INFO - Fetched page 26 with 100 jobs.
2025-05-24 12:33:27,513 - INFO - Fetched page 27 with 100 jobs.
2025-05-24 12:33:30,176 - INFO - Fetched page 28 with 100 jobs.
2025-05-24 12:33:32,433 - INFO - Fetched page 29 with 100 jobs.
2025-05-24 12:33:34,581 - INFO - Fetched page 30 with 100 jobs.
2025-05-24 12:33:36,629 - INFO - Fetched page 31 with 100 jobs.
2025-05-24 12:33:39,396 - INFO - Fetched page 32 with 100 jobs.
2025-05-24 12:33:41,850 - INFO - Fetched page 33 with 100 jobs.
2025-05-24 12:33:44,849 - INFO - Fetched page 34 with 100 jobs.
2025-05-24 12:33:47,833 - INFO - Fetched page 35 with 100 jobs.
2025-05-24 12:33:50,050 - INFO - Fetched page 36 with 100 jobs.
2025-05-24 12:33:52,024 - INFO - Fetched page 37 with 100 jobs.
2025-05-24 12:33:53,944 - INFO - Fetched page 38 with 100 jobs.
2025-05-24 12:33:56,612 - INFO - Fetched page 39 with 100 jobs.
2025-05-24 12:33:59,372 - INFO - Fetched page 40 with 100 jobs.
2025-05-24 12:34:01,628 - INFO - Fetched page 41 with 100 jobs.
2025-05-24 12:34:03,674 - INFO - Fetched page 42 with 100 jobs.
2025-05-24 12:34:06,540 - INFO - Fetched page 43 with 50 jobs.
2025-05-24 12:34:09,612 - INFO - No more jobs found.
2025-05-24 12:34:09,612 - INFO - Scraping completed. Total jobs scraped: 4250
2025-05-24 12:34:09,858 - INFO - Transforming JobsDBTH DataFrame
2025-05-24 12:34:09,901 - INFO - Transformation JobsDBTH complete
