2025-05-24 12:35:34,337 - INFO - Fetched page 1 with 100 jobs.
2025-05-24 12:35:37,200 - INFO - Fetched page 2 with 100 jobs.
2025-05-24 12:35:40,623 - INFO - Fetched page 3 with 100 jobs.
2025-05-24 12:35:43,755 - INFO - Fetched page 4 with 100 jobs.
2025-05-24 12:35:47,169 - INFO - Fetched page 5 with 100 jobs.
2025-05-24 12:35:48,864 - INFO - Fetched page 6 with 100 jobs.
2025-05-24 12:35:51,325 - INFO - Fetched page 7 with 100 jobs.
2025-05-24 12:35:53,899 - INFO - Fetched page 8 with 100 jobs.
2025-05-24 12:35:56,048 - INFO - Fetched page 9 with 100 jobs.
2025-05-24 12:35:59,708 - INFO - Fetched page 10 with 100 jobs.
2025-05-24 12:36:01,692 - INFO - Fetched page 11 with 100 jobs.
2025-05-24 12:36:04,068 - INFO - Fetched page 12 with 100 jobs.
2025-05-24 12:36:06,906 - INFO - Fetched page 13 with 100 jobs.
2025-05-24 12:36:09,564 - INFO - Fetched page 14 with 100 jobs.
2025-05-24 12:36:13,771 - INFO - Fetched page 15 with 100 jobs.
2025-05-24 12:36:15,927 - INFO - Fetched page 16 with 100 jobs.
2025-05-24 12:36:18,275 - INFO - Fetched page 17 with 100 jobs.
2025-05-24 12:36:21,655 - INFO - Fetched page 18 with 100 jobs.
2025-05-24 12:36:24,721 - INFO - Fetched page 19 with 100 jobs.
2025-05-24 12:36:26,777 - INFO - Fetched page 20 with 100 jobs.
2025-05-24 12:36:29,440 - INFO - Fetched page 21 with 100 jobs.
2025-05-24 12:36:32,308 - INFO - Fetched page 22 with 100 jobs.
2025-05-24 12:36:35,279 - INFO - Fetched page 23 with 100 jobs.
2025-05-24 12:36:38,044 - INFO - Fetched page 24 with 100 jobs.
2025-05-24 12:36:41,641 - INFO - Fetched page 25 with 100 jobs.
2025-05-24 12:36:45,111 - INFO - Fetched page 26 with 100 jobs.
2025-05-24 12:36:48,236 - INFO - Fetched page 27 with 100 jobs.
2025-05-24 12:36:51,233 - INFO - Fetched page 28 with 100 jobs.
2025-05-24 12:36:54,621 - INFO - Fetched page 29 with 100 jobs.
2025-05-24 12:36:58,528 - INFO - Fetched page 30 with 100 jobs.
2025-05-24 12:37:01,295 - INFO - Fetched page 31 with 100 jobs.
2025-05-24 12:37:03,342 - INFO - Fetched page 32 with 100 jobs.
2025-05-24 12:37:05,400 - INFO - Fetched page 33 with 100 jobs.
2025-05-24 12:37:09,459 - INFO - Fetched page 34 with 100 jobs.
2025-05-24 12:37:13,202 - INFO - Fetched page 35 with 100 jobs.
2025-05-24 12:37:15,426 - INFO - Fetched page 36 with 100 jobs.
2025-05-24 12:37:17,170 - INFO - Fetched page 37 with 100 jobs.
2025-05-24 12:37:20,859 - INFO - Fetched page 38 with 100 jobs.
2025-05-24 12:37:24,449 - INFO - Fetched page 39 with 100 jobs.
2025-05-24 12:37:26,902 - INFO - Fetched page 40 with 100 jobs.
2025-05-24 12:37:30,487 - INFO - Fetched page 41 with 100 jobs.
2025-05-24 12:37:34,295 - INFO - Fetched page 42 with 100 jobs.
2025-05-24 12:37:36,730 - INFO - Fetched page 43 with 50 jobs.
2025-05-24 12:37:40,261 - INFO - No more jobs found.
2025-05-24 12:37:40,262 - INFO - Scraping completed. Total jobs scraped: 4250
2025-05-24 12:37:40,566 - INFO - Transforming JobsDBTH DataFrame
2025-05-24 12:37:40,603 - INFO - Transformation JobsDBTH complete
