2025-05-19 14:21:30,926 - INFO -  Fetching jobs at start=0...
2025-05-19 14:21:32,137 - INFO -  Total unique jobs collected so far: 16
2025-05-19 14:21:33,137 - INFO -  Fetching jobs at start=15...
2025-05-19 14:21:33,793 - INFO -  Total unique jobs collected so far: 28
2025-05-19 14:21:34,793 - INFO -  Fetching jobs at start=30...
2025-05-19 14:21:35,233 - INFO -  Total unique jobs collected so far: 42
2025-05-19 14:21:36,233 - INFO -  Fetching jobs at start=45...
2025-05-19 14:21:36,678 - INFO -  Total unique jobs collected so far: 57
2025-05-19 14:21:37,678 - INFO -  Fetching jobs at start=60...
2025-05-19 14:21:38,096 - INFO -  Total unique jobs collected so far: 72
2025-05-19 14:21:39,097 - INFO -  Fetching jobs at start=75...
2025-05-19 14:21:39,526 - INFO -  Total unique jobs collected so far: 84
2025-05-19 14:21:40,526 - INFO -  Fetching jobs at start=90...
2025-05-19 14:21:40,948 - INFO -  Total unique jobs collected so far: 99
2025-05-19 14:21:41,948 - INFO -  Fetching jobs at start=105...
2025-05-19 14:21:43,307 - INFO -  Total unique jobs collected so far: 113
2025-05-19 14:21:44,307 - INFO -  Fetching jobs at start=120...
2025-05-19 14:21:44,711 - INFO -  Total unique jobs collected so far: 117
2025-05-19 14:21:45,711 - INFO -  Fetching jobs at start=135...
2025-05-19 14:21:46,138 - INFO -  Total unique jobs collected so far: 124
2025-05-19 14:21:47,138 - INFO -  Fetching jobs at start=150...
2025-05-19 14:21:47,537 - INFO -  Total unique jobs collected so far: 132
2025-05-19 14:21:48,537 - INFO -  Fetching jobs at start=165...
2025-05-19 14:21:48,979 - INFO -  Total unique jobs collected so far: 135
2025-05-19 14:21:49,979 - INFO -  Fetching jobs at start=180...
2025-05-19 14:21:50,406 - INFO -  Total unique jobs collected so far: 141
2025-05-19 14:21:51,406 - INFO -  Fetching jobs at start=195...
2025-05-19 14:21:51,816 - INFO -  Total unique jobs collected so far: 155
2025-05-19 14:21:52,816 - INFO -  Fetching jobs at start=210...
2025-05-19 14:21:53,269 - INFO -  Total unique jobs collected so far: 170
2025-05-19 14:21:54,269 - INFO -  Fetching jobs at start=225...
2025-05-19 14:21:54,730 - INFO -  Total unique jobs collected so far: 183
2025-05-19 14:21:55,730 - INFO -  Fetching jobs at start=240...
2025-05-19 14:21:56,171 - INFO -  Total unique jobs collected so far: 193
2025-05-19 14:21:57,171 - INFO -  Fetching jobs at start=255...
2025-05-19 14:21:57,616 - INFO -  Total unique jobs collected so far: 203
2025-05-19 14:21:58,616 - INFO -  Fetching jobs at start=270...
2025-05-19 14:21:59,031 - INFO -  Total unique jobs collected so far: 207
2025-05-19 14:22:00,031 - INFO -  Fetching jobs at start=285...
2025-05-19 14:22:00,441 - INFO -  Total unique jobs collected so far: 220
2025-05-19 14:22:01,441 - INFO -  Fetching jobs at start=300...
2025-05-19 14:22:01,877 - INFO -  Total unique jobs collected so far: 232
2025-05-19 14:22:02,877 - INFO -  Fetching jobs at start=315...
2025-05-19 14:22:03,316 - INFO -  Total unique jobs collected so far: 246
2025-05-19 14:22:04,317 - INFO -  Fetching jobs at start=330...
2025-05-19 14:22:04,756 - INFO -  Total unique jobs collected so far: 259
2025-05-19 14:22:05,757 - INFO -  Fetching jobs at start=345...
2025-05-19 14:22:06,191 - INFO -  Total unique jobs collected so far: 274
2025-05-19 14:22:07,192 - INFO -  Fetching jobs at start=360...
2025-05-19 14:22:07,627 - INFO -  Total unique jobs collected so far: 289
2025-05-19 14:22:08,627 - INFO -  Fetching jobs at start=375...
2025-05-19 14:22:09,035 - INFO -  Total unique jobs collected so far: 304
2025-05-19 14:22:10,035 - INFO -  Fetching jobs at start=390...
2025-05-19 14:22:10,464 - INFO -  Total unique jobs collected so far: 310
2025-05-19 14:22:11,464 - INFO -  Fetching jobs at start=405...
2025-05-19 14:22:11,927 - INFO -  Total unique jobs collected so far: 318
2025-05-19 14:22:12,928 - INFO -  Fetching jobs at start=420...
2025-05-19 14:22:13,359 - INFO -  Total unique jobs collected so far: 328
2025-05-19 14:22:14,359 - INFO -  Fetching jobs at start=435...
2025-05-19 14:22:14,802 - INFO -  Total unique jobs collected so far: 341
2025-05-19 14:22:15,802 - INFO -  Fetching jobs at start=450...
2025-05-19 14:22:16,231 - INFO -  Total unique jobs collected so far: 352
2025-05-19 14:22:17,231 - INFO -  Fetching jobs at start=465...
2025-05-19 14:22:17,672 - INFO -  Total unique jobs collected so far: 361
2025-05-19 14:22:18,672 - INFO -  Fetching jobs at start=480...
2025-05-19 14:22:19,084 - INFO -  Total unique jobs collected so far: 362
2025-05-19 14:22:20,085 - INFO -  Fetching jobs at start=495...
2025-05-19 14:22:20,518 - INFO -  Total unique jobs collected so far: 377
2025-05-19 14:22:21,518 - INFO -  Fetching jobs at start=510...
2025-05-19 14:22:21,915 - INFO -  Total unique jobs collected so far: 391
2025-05-19 14:22:22,916 - INFO -  Fetching jobs at start=525...
2025-05-19 14:22:23,344 - INFO -  Total unique jobs collected so far: 397
2025-05-19 14:22:24,344 - INFO -  Fetching jobs at start=540...
2025-05-19 14:22:24,733 - INFO -  Total unique jobs collected so far: 398
2025-05-19 14:22:25,733 - INFO -  Fetching jobs at start=555...
2025-05-19 14:22:26,295 - INFO -  No job data returned. Ending.
2025-05-19 14:22:26,296 - INFO -  Total jobs scraped: 398
2025-05-19 14:22:26,296 - INFO -  Total unique jobs scraped: 398
2025-05-19 14:22:26,303 - INFO -  Saved 398 jobs: output/foundit_jobs_20250519_142226.json
