2025-05-04 13:25:35,398:INFO:====== WebDriver manager ======
2025-05-04 13:25:37,520:INFO:Get LATEST chromedriver version for google-chrome
2025-05-04 13:25:37,815:INFO:Get LATEST chromedriver version for google-chrome
2025-05-04 13:25:37,866:INFO:Get LATEST chromedriver version for google-chrome
2025-05-04 13:25:37,992:INFO:WebDriver version 135.0.7049.114 selected
2025-05-04 13:25:37,998:INFO:Modern chrome version https://storage.googleapis.com/chrome-for-testing-public/135.0.7049.114/win32/chromedriver-win32.zip
2025-05-04 13:25:37,998:INFO:About to download new driver from https://storage.googleapis.com/chrome-for-testing-public/135.0.7049.114/win32/chromedriver-win32.zip
2025-05-04 13:25:38,134:INFO:Driver downloading response is 200
2025-05-04 13:25:39,268:INFO:Get LATEST chromedriver version for google-chrome
2025-05-04 13:25:39,502:INFO:Driver has been saved in cache [C:\Users\kaung\.wdm\drivers\chromedriver\win64\135.0.7049.114]
2025-05-04 13:25:52,385:INFO:Login Successful! Dashboard loaded.
2025-05-04 13:25:54,564:INFO:Redirected to jobs page
2025-05-04 13:25:56,975:INFO:Page 1: Scraped. 30 jobs.
2025-05-04 13:25:56,975:ERROR:Error navigating to next page: type object 'By' has no attribute 'CLASS_SELECTOR'
2025-05-04 13:28:03,357:INFO:====== WebDriver manager ======
2025-05-04 13:28:04,544:INFO:Get LATEST chromedriver version for google-chrome
2025-05-04 13:28:04,600:INFO:Get LATEST chromedriver version for google-chrome
2025-05-04 13:28:04,622:INFO:Driver [C:\Users\kaung\.wdm\drivers\chromedriver\win64\135.0.7049.114\chromedriver-win32/chromedriver.exe] found in cache
2025-05-04 13:28:17,360:INFO:Login Successful! Dashboard loaded.
2025-05-04 13:28:19,468:INFO:Redirected to jobs page
2025-05-04 13:28:21,675:INFO:Page 1: Scraped. 30 jobs.
2025-05-04 13:28:28,459:INFO:Page 2: Scraped. 60 jobs.
2025-05-04 13:28:34,843:INFO:Page 3: Scraped. 90 jobs.
2025-05-04 13:28:41,724:INFO:Page 4: Scraped. 120 jobs.
2025-05-04 13:28:47,039:INFO:Page 5: Scraped. 136 jobs.
2025-05-04 13:28:47,115:INFO:No more pages to scrape.
2025-05-04 13:32:14,917:INFO:Initializing Extraction Process
2025-05-04 13:32:14,917:INFO:====== WebDriver manager ======
2025-05-04 13:32:16,078:INFO:Get LATEST chromedriver version for google-chrome
2025-05-04 13:32:16,121:INFO:Get LATEST chromedriver version for google-chrome
2025-05-04 13:32:16,149:INFO:Driver [C:\Users\kaung\.wdm\drivers\chromedriver\win64\135.0.7049.114\chromedriver-win32/chromedriver.exe] found in cache
2025-05-04 13:32:28,377:INFO:Login Successful! Dashboard loaded.
2025-05-04 13:32:29,914:INFO:Redirected to jobs page
2025-05-04 13:32:32,231:INFO:Page 1: Scraped. 30 jobs.
2025-05-04 13:32:37,648:INFO:Page 2: Scraped. 60 jobs.
2025-05-04 13:32:43,292:INFO:Page 3: Scraped. 90 jobs.
2025-05-04 13:32:48,562:INFO:Page 4: Scraped. 120 jobs.
2025-05-04 13:32:52,733:INFO:Page 5: Scraped. 136 jobs.
2025-05-04 13:32:52,807:INFO:No more pages to scrape.
2025-05-04 13:32:55,074:INFO:Driver closed.
2025-05-04 13:32:55,075:INFO:Total jobs scraped: 136
2025-05-04 14:08:48,452:INFO:Initializing Extraction Process
2025-05-04 14:08:48,452:INFO:====== WebDriver manager ======
2025-05-04 14:08:50,901:INFO:Get LATEST chromedriver version for google-chrome
2025-05-04 14:08:50,947:INFO:Get LATEST chromedriver version for google-chrome
2025-05-04 14:08:50,973:INFO:Driver [C:\Users\kaung\.wdm\drivers\chromedriver\win64\135.0.7049.114\chromedriver-win32/chromedriver.exe] found in cache
2025-05-04 14:09:01,254:INFO:Driver closed.
2025-05-04 08:01:12,609:INFO:Initializing Extraction Process
2025-05-04 08:01:12,609:INFO:====== WebDriver manager ======
2025-05-04 08:01:15,887:INFO:Get LATEST chromedriver version for google-chrome
2025-05-04 08:01:15,919:INFO:Get LATEST chromedriver version for google-chrome
2025-05-04 08:01:15,942:INFO:There is no [linux64] chromedriver "135.0.7049.114" for browser google-chrome "135.0.7049" in cache
2025-05-04 08:01:15,942:INFO:Get LATEST chromedriver version for google-chrome
2025-05-04 08:01:16,016:INFO:WebDriver version 135.0.7049.114 selected
2025-05-04 08:01:16,019:INFO:Modern chrome version https://storage.googleapis.com/chrome-for-testing-public/135.0.7049.114/linux64/chromedriver-linux64.zip
2025-05-04 08:01:16,019:INFO:About to download new driver from https://storage.googleapis.com/chrome-for-testing-public/135.0.7049.114/linux64/chromedriver-linux64.zip
2025-05-04 08:01:16,045:INFO:Driver downloading response is 200
2025-05-04 08:01:16,116:INFO:Get LATEST chromedriver version for google-chrome
2025-05-04 08:01:16,248:INFO:Driver has been saved in cache [/home/runner/.wdm/drivers/chromedriver/linux64/135.0.7049.114]
2025-05-04 08:03:07,701:INFO:Login Successful! Dashboard loaded.
2025-05-04 08:04:49,316:INFO:Redirected to jobs page
2025-05-04 08:04:51,033:INFO:Page 1: Scraped. 30 jobs.
2025-05-04 08:04:57,279:INFO:Page 2: Scraped. 60 jobs.
2025-05-04 08:05:02,901:INFO:Page 3: Scraped. 90 jobs.
2025-05-04 08:05:08,757:INFO:Page 4: Scraped. 120 jobs.
2025-05-04 08:05:13,163:INFO:Page 5: Scraped. 136 jobs.
2025-05-04 08:05:13,204:INFO:No more pages to scrape.
2025-05-04 08:05:13,299:INFO:Driver closed.
2025-05-04 08:05:13,300:INFO:Total jobs scraped: 136
2025-05-04 15:35:31,872:INFO:Initializing Extraction Process
2025-05-04 15:35:31,872:INFO:====== WebDriver manager ======
2025-05-04 15:35:32,270:INFO:Get LATEST chromedriver version for google-chrome
2025-05-04 15:35:32,301:INFO:Get LATEST chromedriver version for google-chrome
2025-05-04 15:35:32,324:INFO:There is no [linux64] chromedriver "135.0.7049.114" for browser google-chrome "135.0.7049" in cache
2025-05-04 15:35:32,324:INFO:Get LATEST chromedriver version for google-chrome
2025-05-04 15:35:32,394:INFO:WebDriver version 135.0.7049.114 selected
2025-05-04 15:35:32,397:INFO:Modern chrome version https://storage.googleapis.com/chrome-for-testing-public/135.0.7049.114/linux64/chromedriver-linux64.zip
2025-05-04 15:35:32,397:INFO:About to download new driver from https://storage.googleapis.com/chrome-for-testing-public/135.0.7049.114/linux64/chromedriver-linux64.zip
2025-05-04 15:35:32,423:INFO:Driver downloading response is 200
2025-05-04 15:35:32,495:INFO:Get LATEST chromedriver version for google-chrome
2025-05-04 15:35:32,626:INFO:Driver has been saved in cache [/home/runner/.wdm/drivers/chromedriver/linux64/135.0.7049.114]
2025-05-04 15:35:40,426:INFO:Login Successful! Dashboard loaded.
2025-05-04 15:35:43,207:INFO:Redirected to jobs page
2025-05-04 15:35:45,010:INFO:Page 1: Scraped. 30 jobs.
2025-05-04 15:35:50,892:INFO:Page 2: Scraped. 60 jobs.
2025-05-04 15:35:56,706:INFO:Page 3: Scraped. 90 jobs.
2025-05-04 15:36:02,366:INFO:Page 4: Scraped. 120 jobs.
2025-05-04 15:36:06,899:INFO:Page 5: Scraped. 136 jobs.
2025-05-04 15:36:06,939:INFO:No more pages to scrape.
2025-05-04 15:36:07,028:INFO:Driver closed.
2025-05-04 15:36:07,028:INFO:Total jobs scraped: 136
2025-05-04 22:06:00,354:INFO:Initializing Extraction Process
2025-05-04 22:06:00,357:INFO:====== WebDriver manager ======
2025-05-04 22:06:00,470:INFO:Get LATEST chromedriver version for google-chrome
2025-05-04 22:06:04,580:INFO:Get LATEST chromedriver version for google-chrome
2025-05-04 22:06:06,489:INFO:Driver [/home/may/.wdm/drivers/chromedriver/linux64/133.0.6943.141/chromedriver-linux64/chromedriver] found in cache
2025-05-04 22:06:06,989:INFO:Scraping page 1: https://sg.jobsdb.com/Software-Developer-jobs?page=1
2025-05-04 22:06:45,048:WARNING:Missing element in card on page 1: Message: no such element: Unable to locate element: {"method":"css selector","selector":"div.badges div.content"}
  (Session info: chrome=133.0.6943.126); For documentation on this error, please visit: https://www.selenium.dev/documentation/webdriver/troubleshooting/errors#no-such-element-exception
Stacktrace:
#0 0x577cf26be14a <unknown>
#1 0x577cf215bb80 <unknown>
#2 0x577cf21ad0e9 <unknown>
#3 0x577cf21ad271 <unknown>
#4 0x577cf21a0b36 <unknown>
#5 0x577cf21d2efd <unknown>
#6 0x577cf21a0a2a <unknown>
#7 0x577cf21d309e <unknown>
#8 0x577cf21f914a <unknown>
#9 0x577cf21d2ca3 <unknown>
#10 0x577cf219ef08 <unknown>
#11 0x577cf21a0071 <unknown>
#12 0x577cf2687b5b <unknown>
#13 0x577cf268bae2 <unknown>
#14 0x577cf2673967 <unknown>
#15 0x577cf268c6d4 <unknown>
#16 0x577cf2657c7f <unknown>
#17 0x577cf26accd8 <unknown>
#18 0x577cf26acea9 <unknown>
#19 0x577cf26bcfc6 <unknown>
#20 0x759602094ac3 <unknown>

2025-05-04 22:06:45,536:WARNING:Missing element in card on page 1: Message: no such element: Unable to locate element: {"method":"css selector","selector":"div.badges div.content"}
  (Session info: chrome=133.0.6943.126); For documentation on this error, please visit: https://www.selenium.dev/documentation/webdriver/troubleshooting/errors#no-such-element-exception
Stacktrace:
#0 0x577cf26be14a <unknown>
#1 0x577cf215bb80 <unknown>
#2 0x577cf21ad0e9 <unknown>
#3 0x577cf21ad271 <unknown>
#4 0x577cf21a0b36 <unknown>
#5 0x577cf21d2efd <unknown>
#6 0x577cf21a0a2a <unknown>
#7 0x577cf21d309e <unknown>
#8 0x577cf21f914a <unknown>
#9 0x577cf21d2ca3 <unknown>
#10 0x577cf219ef08 <unknown>
#11 0x577cf21a0071 <unknown>
#12 0x577cf2687b5b <unknown>
#13 0x577cf268bae2 <unknown>
#14 0x577cf2673967 <unknown>
#15 0x577cf268c6d4 <unknown>
#16 0x577cf2657c7f <unknown>
#17 0x577cf26accd8 <unknown>
#18 0x577cf26acea9 <unknown>
#19 0x577cf26bcfc6 <unknown>
#20 0x759602094ac3 <unknown>

2025-05-04 22:06:45,627:WARNING:Missing element in card on page 1: Message: no such element: Unable to locate element: {"method":"css selector","selector":"div.badges div.content"}
  (Session info: chrome=133.0.6943.126); For documentation on this error, please visit: https://www.selenium.dev/documentation/webdriver/troubleshooting/errors#no-such-element-exception
Stacktrace:
#0 0x577cf26be14a <unknown>
#1 0x577cf215bb80 <unknown>
#2 0x577cf21ad0e9 <unknown>
#3 0x577cf21ad271 <unknown>
#4 0x577cf21a0b36 <unknown>
#5 0x577cf21d2efd <unknown>
#6 0x577cf21a0a2a <unknown>
#7 0x577cf21d309e <unknown>
#8 0x577cf21f914a <unknown>
#9 0x577cf21d2ca3 <unknown>
#10 0x577cf219ef08 <unknown>
#11 0x577cf21a0071 <unknown>
#12 0x577cf2687b5b <unknown>
#13 0x577cf268bae2 <unknown>
#14 0x577cf2673967 <unknown>
#15 0x577cf268c6d4 <unknown>
#16 0x577cf2657c7f <unknown>
#17 0x577cf26accd8 <unknown>
#18 0x577cf26acea9 <unknown>
#19 0x577cf26bcfc6 <unknown>
#20 0x759602094ac3 <unknown>

2025-05-04 22:06:45,856:WARNING:Missing element in card on page 1: Message: no such element: Unable to locate element: {"method":"css selector","selector":"div.badges div.content"}
  (Session info: chrome=133.0.6943.126); For documentation on this error, please visit: https://www.selenium.dev/documentation/webdriver/troubleshooting/errors#no-such-element-exception
Stacktrace:
#0 0x577cf26be14a <unknown>
#1 0x577cf215bb80 <unknown>
#2 0x577cf21ad0e9 <unknown>
#3 0x577cf21ad271 <unknown>
#4 0x577cf21a0b36 <unknown>
#5 0x577cf21d2efd <unknown>
#6 0x577cf21a0a2a <unknown>
#7 0x577cf21d309e <unknown>
#8 0x577cf21f914a <unknown>
#9 0x577cf21d2ca3 <unknown>
#10 0x577cf219ef08 <unknown>
#11 0x577cf21a0071 <unknown>
#12 0x577cf2687b5b <unknown>
#13 0x577cf268bae2 <unknown>
#14 0x577cf2673967 <unknown>
#15 0x577cf268c6d4 <unknown>
#16 0x577cf2657c7f <unknown>
#17 0x577cf26accd8 <unknown>
#18 0x577cf26acea9 <unknown>
#19 0x577cf26bcfc6 <unknown>
#20 0x759602094ac3 <unknown>

2025-05-04 22:06:46,071:WARNING:Missing element in card on page 1: Message: no such element: Unable to locate element: {"method":"css selector","selector":"div.badges div.content"}
  (Session info: chrome=133.0.6943.126); For documentation on this error, please visit: https://www.selenium.dev/documentation/webdriver/troubleshooting/errors#no-such-element-exception
Stacktrace:
#0 0x577cf26be14a <unknown>
#1 0x577cf215bb80 <unknown>
#2 0x577cf21ad0e9 <unknown>
#3 0x577cf21ad271 <unknown>
#4 0x577cf21a0b36 <unknown>
#5 0x577cf21d2efd <unknown>
#6 0x577cf21a0a2a <unknown>
#7 0x577cf21d309e <unknown>
#8 0x577cf21f914a <unknown>
#9 0x577cf21d2ca3 <unknown>
#10 0x577cf219ef08 <unknown>
#11 0x577cf21a0071 <unknown>
#12 0x577cf2687b5b <unknown>
#13 0x577cf268bae2 <unknown>
#14 0x577cf2673967 <unknown>
#15 0x577cf268c6d4 <unknown>
#16 0x577cf2657c7f <unknown>
#17 0x577cf26accd8 <unknown>
#18 0x577cf26acea9 <unknown>
#19 0x577cf26bcfc6 <unknown>
#20 0x759602094ac3 <unknown>

2025-05-04 22:06:46,436:WARNING:Missing element in card on page 1: Message: no such element: Unable to locate element: {"method":"css selector","selector":"div.badges div.content"}
  (Session info: chrome=133.0.6943.126); For documentation on this error, please visit: https://www.selenium.dev/documentation/webdriver/troubleshooting/errors#no-such-element-exception
Stacktrace:
#0 0x577cf26be14a <unknown>
#1 0x577cf215bb80 <unknown>
#2 0x577cf21ad0e9 <unknown>
#3 0x577cf21ad271 <unknown>
#4 0x577cf21a0b36 <unknown>
#5 0x577cf21d2efd <unknown>
#6 0x577cf21a0a2a <unknown>
#7 0x577cf21d309e <unknown>
#8 0x577cf21f914a <unknown>
#9 0x577cf21d2ca3 <unknown>
#10 0x577cf219ef08 <unknown>
#11 0x577cf21a0071 <unknown>
#12 0x577cf2687b5b <unknown>
#13 0x577cf268bae2 <unknown>
#14 0x577cf2673967 <unknown>
#15 0x577cf268c6d4 <unknown>
#16 0x577cf2657c7f <unknown>
#17 0x577cf26accd8 <unknown>
#18 0x577cf26acea9 <unknown>
#19 0x577cf26bcfc6 <unknown>
#20 0x759602094ac3 <unknown>

2025-05-04 22:06:46,436:INFO:Scraping page 2: https://sg.jobsdb.com/Software-Developer-jobs?page=2
2025-05-04 22:06:53,830:WARNING:Missing element in card on page 2: Message: no such element: Unable to locate element: {"method":"css selector","selector":"div.badges div.content"}
  (Session info: chrome=133.0.6943.126); For documentation on this error, please visit: https://www.selenium.dev/documentation/webdriver/troubleshooting/errors#no-such-element-exception
Stacktrace:
#0 0x577cf26be14a <unknown>
#1 0x577cf215bb80 <unknown>
#2 0x577cf21ad0e9 <unknown>
#3 0x577cf21ad271 <unknown>
#4 0x577cf21a0b36 <unknown>
#5 0x577cf21d2efd <unknown>
#6 0x577cf21a0a2a <unknown>
#7 0x577cf21d309e <unknown>
#8 0x577cf21f914a <unknown>
#9 0x577cf21d2ca3 <unknown>
#10 0x577cf219ef08 <unknown>
#11 0x577cf21a0071 <unknown>
#12 0x577cf2687b5b <unknown>
#13 0x577cf268bae2 <unknown>
#14 0x577cf2673967 <unknown>
#15 0x577cf268c6d4 <unknown>
#16 0x577cf2657c7f <unknown>
#17 0x577cf26accd8 <unknown>
#18 0x577cf26acea9 <unknown>
#19 0x577cf26bcfc6 <unknown>
#20 0x759602094ac3 <unknown>

2025-05-04 22:06:54,302:WARNING:Missing element in card on page 2: Message: no such element: Unable to locate element: {"method":"css selector","selector":"div.badges div.content"}
  (Session info: chrome=133.0.6943.126); For documentation on this error, please visit: https://www.selenium.dev/documentation/webdriver/troubleshooting/errors#no-such-element-exception
Stacktrace:
#0 0x577cf26be14a <unknown>
#1 0x577cf215bb80 <unknown>
#2 0x577cf21ad0e9 <unknown>
#3 0x577cf21ad271 <unknown>
#4 0x577cf21a0b36 <unknown>
#5 0x577cf21d2efd <unknown>
#6 0x577cf21a0a2a <unknown>
#7 0x577cf21d309e <unknown>
#8 0x577cf21f914a <unknown>
#9 0x577cf21d2ca3 <unknown>
#10 0x577cf219ef08 <unknown>
#11 0x577cf21a0071 <unknown>
#12 0x577cf2687b5b <unknown>
#13 0x577cf268bae2 <unknown>
#14 0x577cf2673967 <unknown>
#15 0x577cf268c6d4 <unknown>
#16 0x577cf2657c7f <unknown>
#17 0x577cf26accd8 <unknown>
#18 0x577cf26acea9 <unknown>
#19 0x577cf26bcfc6 <unknown>
#20 0x759602094ac3 <unknown>

2025-05-04 22:06:54,387:WARNING:Missing element in card on page 2: Message: no such element: Unable to locate element: {"method":"css selector","selector":"div.badges div.content"}
  (Session info: chrome=133.0.6943.126); For documentation on this error, please visit: https://www.selenium.dev/documentation/webdriver/troubleshooting/errors#no-such-element-exception
Stacktrace:
#0 0x577cf26be14a <unknown>
#1 0x577cf215bb80 <unknown>
#2 0x577cf21ad0e9 <unknown>
#3 0x577cf21ad271 <unknown>
#4 0x577cf21a0b36 <unknown>
#5 0x577cf21d2efd <unknown>
#6 0x577cf21a0a2a <unknown>
#7 0x577cf21d309e <unknown>
#8 0x577cf21f914a <unknown>
#9 0x577cf21d2ca3 <unknown>
#10 0x577cf219ef08 <unknown>
#11 0x577cf21a0071 <unknown>
#12 0x577cf2687b5b <unknown>
#13 0x577cf268bae2 <unknown>
#14 0x577cf2673967 <unknown>
#15 0x577cf268c6d4 <unknown>
#16 0x577cf2657c7f <unknown>
#17 0x577cf26accd8 <unknown>
#18 0x577cf26acea9 <unknown>
#19 0x577cf26bcfc6 <unknown>
#20 0x759602094ac3 <unknown>

2025-05-04 22:06:54,601:WARNING:Missing element in card on page 2: Message: no such element: Unable to locate element: {"method":"css selector","selector":"div.badges div.content"}
  (Session info: chrome=133.0.6943.126); For documentation on this error, please visit: https://www.selenium.dev/documentation/webdriver/troubleshooting/errors#no-such-element-exception
Stacktrace:
#0 0x577cf26be14a <unknown>
#1 0x577cf215bb80 <unknown>
#2 0x577cf21ad0e9 <unknown>
#3 0x577cf21ad271 <unknown>
#4 0x577cf21a0b36 <unknown>
#5 0x577cf21d2efd <unknown>
#6 0x577cf21a0a2a <unknown>
#7 0x577cf21d309e <unknown>
#8 0x577cf21f914a <unknown>
#9 0x577cf21d2ca3 <unknown>
#10 0x577cf219ef08 <unknown>
#11 0x577cf21a0071 <unknown>
#12 0x577cf2687b5b <unknown>
#13 0x577cf268bae2 <unknown>
#14 0x577cf2673967 <unknown>
#15 0x577cf268c6d4 <unknown>
#16 0x577cf2657c7f <unknown>
#17 0x577cf26accd8 <unknown>
#18 0x577cf26acea9 <unknown>
#19 0x577cf26bcfc6 <unknown>
#20 0x759602094ac3 <unknown>

2025-05-04 22:06:54,819:WARNING:Missing element in card on page 2: Message: no such element: Unable to locate element: {"method":"css selector","selector":"div.badges div.content"}
  (Session info: chrome=133.0.6943.126); For documentation on this error, please visit: https://www.selenium.dev/documentation/webdriver/troubleshooting/errors#no-such-element-exception
Stacktrace:
#0 0x577cf26be14a <unknown>
#1 0x577cf215bb80 <unknown>
#2 0x577cf21ad0e9 <unknown>
#3 0x577cf21ad271 <unknown>
#4 0x577cf21a0b36 <unknown>
#5 0x577cf21d2efd <unknown>
#6 0x577cf21a0a2a <unknown>
#7 0x577cf21d309e <unknown>
#8 0x577cf21f914a <unknown>
#9 0x577cf21d2ca3 <unknown>
#10 0x577cf219ef08 <unknown>
#11 0x577cf21a0071 <unknown>
#12 0x577cf2687b5b <unknown>
#13 0x577cf268bae2 <unknown>
#14 0x577cf2673967 <unknown>
#15 0x577cf268c6d4 <unknown>
#16 0x577cf2657c7f <unknown>
#17 0x577cf26accd8 <unknown>
#18 0x577cf26acea9 <unknown>
#19 0x577cf26bcfc6 <unknown>
#20 0x759602094ac3 <unknown>

2025-05-04 22:06:55,163:WARNING:Missing element in card on page 2: Message: no such element: Unable to locate element: {"method":"css selector","selector":"div.badges div.content"}
  (Session info: chrome=133.0.6943.126); For documentation on this error, please visit: https://www.selenium.dev/documentation/webdriver/troubleshooting/errors#no-such-element-exception
Stacktrace:
#0 0x577cf26be14a <unknown>
#1 0x577cf215bb80 <unknown>
#2 0x577cf21ad0e9 <unknown>
#3 0x577cf21ad271 <unknown>
#4 0x577cf21a0b36 <unknown>
#5 0x577cf21d2efd <unknown>
#6 0x577cf21a0a2a <unknown>
#7 0x577cf21d309e <unknown>
#8 0x577cf21f914a <unknown>
#9 0x577cf21d2ca3 <unknown>
#10 0x577cf219ef08 <unknown>
#11 0x577cf21a0071 <unknown>
#12 0x577cf2687b5b <unknown>
#13 0x577cf268bae2 <unknown>
#14 0x577cf2673967 <unknown>
#15 0x577cf268c6d4 <unknown>
#16 0x577cf2657c7f <unknown>
#17 0x577cf26accd8 <unknown>
#18 0x577cf26acea9 <unknown>
#19 0x577cf26bcfc6 <unknown>
#20 0x759602094ac3 <unknown>

2025-05-04 22:06:55,163:INFO:Scraping page 3: https://sg.jobsdb.com/Software-Developer-jobs?page=3
2025-05-04 22:07:02,703:WARNING:Missing element in card on page 3: Message: no such element: Unable to locate element: {"method":"css selector","selector":"div.badges div.content"}
  (Session info: chrome=133.0.6943.126); For documentation on this error, please visit: https://www.selenium.dev/documentation/webdriver/troubleshooting/errors#no-such-element-exception
Stacktrace:
#0 0x577cf26be14a <unknown>
#1 0x577cf215bb80 <unknown>
#2 0x577cf21ad0e9 <unknown>
#3 0x577cf21ad271 <unknown>
#4 0x577cf21a0b36 <unknown>
#5 0x577cf21d2efd <unknown>
#6 0x577cf21a0a2a <unknown>
#7 0x577cf21d309e <unknown>
#8 0x577cf21f914a <unknown>
#9 0x577cf21d2ca3 <unknown>
#10 0x577cf219ef08 <unknown>
#11 0x577cf21a0071 <unknown>
#12 0x577cf2687b5b <unknown>
#13 0x577cf268bae2 <unknown>
#14 0x577cf2673967 <unknown>
#15 0x577cf268c6d4 <unknown>
#16 0x577cf2657c7f <unknown>
#17 0x577cf26accd8 <unknown>
#18 0x577cf26acea9 <unknown>
#19 0x577cf26bcfc6 <unknown>
#20 0x759602094ac3 <unknown>

2025-05-04 22:07:03,194:WARNING:Missing element in card on page 3: Message: no such element: Unable to locate element: {"method":"css selector","selector":"div.badges div.content"}
  (Session info: chrome=133.0.6943.126); For documentation on this error, please visit: https://www.selenium.dev/documentation/webdriver/troubleshooting/errors#no-such-element-exception
Stacktrace:
#0 0x577cf26be14a <unknown>
#1 0x577cf215bb80 <unknown>
#2 0x577cf21ad0e9 <unknown>
#3 0x577cf21ad271 <unknown>
#4 0x577cf21a0b36 <unknown>
#5 0x577cf21d2efd <unknown>
#6 0x577cf21a0a2a <unknown>
#7 0x577cf21d309e <unknown>
#8 0x577cf21f914a <unknown>
#9 0x577cf21d2ca3 <unknown>
#10 0x577cf219ef08 <unknown>
#11 0x577cf21a0071 <unknown>
#12 0x577cf2687b5b <unknown>
#13 0x577cf268bae2 <unknown>
#14 0x577cf2673967 <unknown>
#15 0x577cf268c6d4 <unknown>
#16 0x577cf2657c7f <unknown>
#17 0x577cf26accd8 <unknown>
#18 0x577cf26acea9 <unknown>
#19 0x577cf26bcfc6 <unknown>
#20 0x759602094ac3 <unknown>

2025-05-04 22:07:03,276:WARNING:Missing element in card on page 3: Message: no such element: Unable to locate element: {"method":"css selector","selector":"div.badges div.content"}
  (Session info: chrome=133.0.6943.126); For documentation on this error, please visit: https://www.selenium.dev/documentation/webdriver/troubleshooting/errors#no-such-element-exception
Stacktrace:
#0 0x577cf26be14a <unknown>
#1 0x577cf215bb80 <unknown>
#2 0x577cf21ad0e9 <unknown>
#3 0x577cf21ad271 <unknown>
#4 0x577cf21a0b36 <unknown>
#5 0x577cf21d2efd <unknown>
#6 0x577cf21a0a2a <unknown>
#7 0x577cf21d309e <unknown>
#8 0x577cf21f914a <unknown>
#9 0x577cf21d2ca3 <unknown>
#10 0x577cf219ef08 <unknown>
#11 0x577cf21a0071 <unknown>
#12 0x577cf2687b5b <unknown>
#13 0x577cf268bae2 <unknown>
#14 0x577cf2673967 <unknown>
#15 0x577cf268c6d4 <unknown>
#16 0x577cf2657c7f <unknown>
#17 0x577cf26accd8 <unknown>
#18 0x577cf26acea9 <unknown>
#19 0x577cf26bcfc6 <unknown>
#20 0x759602094ac3 <unknown>

2025-05-04 22:07:03,489:WARNING:Missing element in card on page 3: Message: no such element: Unable to locate element: {"method":"css selector","selector":"div.badges div.content"}
  (Session info: chrome=133.0.6943.126); For documentation on this error, please visit: https://www.selenium.dev/documentation/webdriver/troubleshooting/errors#no-such-element-exception
Stacktrace:
#0 0x577cf26be14a <unknown>
#1 0x577cf215bb80 <unknown>
#2 0x577cf21ad0e9 <unknown>
#3 0x577cf21ad271 <unknown>
#4 0x577cf21a0b36 <unknown>
#5 0x577cf21d2efd <unknown>
#6 0x577cf21a0a2a <unknown>
#7 0x577cf21d309e <unknown>
#8 0x577cf21f914a <unknown>
#9 0x577cf21d2ca3 <unknown>
#10 0x577cf219ef08 <unknown>
#11 0x577cf21a0071 <unknown>
#12 0x577cf2687b5b <unknown>
#13 0x577cf268bae2 <unknown>
#14 0x577cf2673967 <unknown>
#15 0x577cf268c6d4 <unknown>
#16 0x577cf2657c7f <unknown>
#17 0x577cf26accd8 <unknown>
#18 0x577cf26acea9 <unknown>
#19 0x577cf26bcfc6 <unknown>
#20 0x759602094ac3 <unknown>

2025-05-04 22:07:03,698:WARNING:Missing element in card on page 3: Message: no such element: Unable to locate element: {"method":"css selector","selector":"div.badges div.content"}
  (Session info: chrome=133.0.6943.126); For documentation on this error, please visit: https://www.selenium.dev/documentation/webdriver/troubleshooting/errors#no-such-element-exception
Stacktrace:
#0 0x577cf26be14a <unknown>
#1 0x577cf215bb80 <unknown>
#2 0x577cf21ad0e9 <unknown>
#3 0x577cf21ad271 <unknown>
#4 0x577cf21a0b36 <unknown>
#5 0x577cf21d2efd <unknown>
#6 0x577cf21a0a2a <unknown>
#7 0x577cf21d309e <unknown>
#8 0x577cf21f914a <unknown>
#9 0x577cf21d2ca3 <unknown>
#10 0x577cf219ef08 <unknown>
#11 0x577cf21a0071 <unknown>
#12 0x577cf2687b5b <unknown>
#13 0x577cf268bae2 <unknown>
#14 0x577cf2673967 <unknown>
#15 0x577cf268c6d4 <unknown>
#16 0x577cf2657c7f <unknown>
#17 0x577cf26accd8 <unknown>
#18 0x577cf26acea9 <unknown>
#19 0x577cf26bcfc6 <unknown>
#20 0x759602094ac3 <unknown>

2025-05-04 22:07:04,056:WARNING:Missing element in card on page 3: Message: no such element: Unable to locate element: {"method":"css selector","selector":"div.badges div.content"}
  (Session info: chrome=133.0.6943.126); For documentation on this error, please visit: https://www.selenium.dev/documentation/webdriver/troubleshooting/errors#no-such-element-exception
Stacktrace:
#0 0x577cf26be14a <unknown>
#1 0x577cf215bb80 <unknown>
#2 0x577cf21ad0e9 <unknown>
#3 0x577cf21ad271 <unknown>
#4 0x577cf21a0b36 <unknown>
#5 0x577cf21d2efd <unknown>
#6 0x577cf21a0a2a <unknown>
#7 0x577cf21d309e <unknown>
#8 0x577cf21f914a <unknown>
#9 0x577cf21d2ca3 <unknown>
#10 0x577cf219ef08 <unknown>
#11 0x577cf21a0071 <unknown>
#12 0x577cf2687b5b <unknown>
#13 0x577cf268bae2 <unknown>
#14 0x577cf2673967 <unknown>
#15 0x577cf268c6d4 <unknown>
#16 0x577cf2657c7f <unknown>
#17 0x577cf26accd8 <unknown>
#18 0x577cf26acea9 <unknown>
#19 0x577cf26bcfc6 <unknown>
#20 0x759602094ac3 <unknown>

2025-05-04 22:07:04,057:INFO:Scraping page 4: https://sg.jobsdb.com/Software-Developer-jobs?page=4
2025-05-04 22:07:15,998:WARNING:Missing element in card on page 4: Message: no such element: Unable to locate element: {"method":"css selector","selector":"div.badges div.content"}
  (Session info: chrome=133.0.6943.126); For documentation on this error, please visit: https://www.selenium.dev/documentation/webdriver/troubleshooting/errors#no-such-element-exception
Stacktrace:
#0 0x577cf26be14a <unknown>
#1 0x577cf215bb80 <unknown>
#2 0x577cf21ad0e9 <unknown>
#3 0x577cf21ad271 <unknown>
#4 0x577cf21a0b36 <unknown>
#5 0x577cf21d2efd <unknown>
#6 0x577cf21a0a2a <unknown>
#7 0x577cf21d309e <unknown>
#8 0x577cf21f914a <unknown>
#9 0x577cf21d2ca3 <unknown>
#10 0x577cf219ef08 <unknown>
#11 0x577cf21a0071 <unknown>
#12 0x577cf2687b5b <unknown>
#13 0x577cf268bae2 <unknown>
#14 0x577cf2673967 <unknown>
#15 0x577cf268c6d4 <unknown>
#16 0x577cf2657c7f <unknown>
#17 0x577cf26accd8 <unknown>
#18 0x577cf26acea9 <unknown>
#19 0x577cf26bcfc6 <unknown>
#20 0x759602094ac3 <unknown>

2025-05-04 22:07:16,471:WARNING:Missing element in card on page 4: Message: no such element: Unable to locate element: {"method":"css selector","selector":"div.badges div.content"}
  (Session info: chrome=133.0.6943.126); For documentation on this error, please visit: https://www.selenium.dev/documentation/webdriver/troubleshooting/errors#no-such-element-exception
Stacktrace:
#0 0x577cf26be14a <unknown>
#1 0x577cf215bb80 <unknown>
#2 0x577cf21ad0e9 <unknown>
#3 0x577cf21ad271 <unknown>
#4 0x577cf21a0b36 <unknown>
#5 0x577cf21d2efd <unknown>
#6 0x577cf21a0a2a <unknown>
#7 0x577cf21d309e <unknown>
#8 0x577cf21f914a <unknown>
#9 0x577cf21d2ca3 <unknown>
#10 0x577cf219ef08 <unknown>
#11 0x577cf21a0071 <unknown>
#12 0x577cf2687b5b <unknown>
#13 0x577cf268bae2 <unknown>
#14 0x577cf2673967 <unknown>
#15 0x577cf268c6d4 <unknown>
#16 0x577cf2657c7f <unknown>
#17 0x577cf26accd8 <unknown>
#18 0x577cf26acea9 <unknown>
#19 0x577cf26bcfc6 <unknown>
#20 0x759602094ac3 <unknown>

2025-05-04 22:07:16,558:WARNING:Missing element in card on page 4: Message: no such element: Unable to locate element: {"method":"css selector","selector":"div.badges div.content"}
  (Session info: chrome=133.0.6943.126); For documentation on this error, please visit: https://www.selenium.dev/documentation/webdriver/troubleshooting/errors#no-such-element-exception
Stacktrace:
#0 0x577cf26be14a <unknown>
#1 0x577cf215bb80 <unknown>
#2 0x577cf21ad0e9 <unknown>
#3 0x577cf21ad271 <unknown>
#4 0x577cf21a0b36 <unknown>
#5 0x577cf21d2efd <unknown>
#6 0x577cf21a0a2a <unknown>
#7 0x577cf21d309e <unknown>
#8 0x577cf21f914a <unknown>
#9 0x577cf21d2ca3 <unknown>
#10 0x577cf219ef08 <unknown>
#11 0x577cf21a0071 <unknown>
#12 0x577cf2687b5b <unknown>
#13 0x577cf268bae2 <unknown>
#14 0x577cf2673967 <unknown>
#15 0x577cf268c6d4 <unknown>
#16 0x577cf2657c7f <unknown>
#17 0x577cf26accd8 <unknown>
#18 0x577cf26acea9 <unknown>
#19 0x577cf26bcfc6 <unknown>
#20 0x759602094ac3 <unknown>

2025-05-04 22:07:16,778:WARNING:Missing element in card on page 4: Message: no such element: Unable to locate element: {"method":"css selector","selector":"div.badges div.content"}
  (Session info: chrome=133.0.6943.126); For documentation on this error, please visit: https://www.selenium.dev/documentation/webdriver/troubleshooting/errors#no-such-element-exception
Stacktrace:
#0 0x577cf26be14a <unknown>
#1 0x577cf215bb80 <unknown>
#2 0x577cf21ad0e9 <unknown>
#3 0x577cf21ad271 <unknown>
#4 0x577cf21a0b36 <unknown>
#5 0x577cf21d2efd <unknown>
#6 0x577cf21a0a2a <unknown>
#7 0x577cf21d309e <unknown>
#8 0x577cf21f914a <unknown>
#9 0x577cf21d2ca3 <unknown>
#10 0x577cf219ef08 <unknown>
#11 0x577cf21a0071 <unknown>
#12 0x577cf2687b5b <unknown>
#13 0x577cf268bae2 <unknown>
#14 0x577cf2673967 <unknown>
#15 0x577cf268c6d4 <unknown>
#16 0x577cf2657c7f <unknown>
#17 0x577cf26accd8 <unknown>
#18 0x577cf26acea9 <unknown>
#19 0x577cf26bcfc6 <unknown>
#20 0x759602094ac3 <unknown>

2025-05-04 22:07:16,994:WARNING:Missing element in card on page 4: Message: no such element: Unable to locate element: {"method":"css selector","selector":"div.badges div.content"}
  (Session info: chrome=133.0.6943.126); For documentation on this error, please visit: https://www.selenium.dev/documentation/webdriver/troubleshooting/errors#no-such-element-exception
Stacktrace:
#0 0x577cf26be14a <unknown>
#1 0x577cf215bb80 <unknown>
#2 0x577cf21ad0e9 <unknown>
#3 0x577cf21ad271 <unknown>
#4 0x577cf21a0b36 <unknown>
#5 0x577cf21d2efd <unknown>
#6 0x577cf21a0a2a <unknown>
#7 0x577cf21d309e <unknown>
#8 0x577cf21f914a <unknown>
#9 0x577cf21d2ca3 <unknown>
#10 0x577cf219ef08 <unknown>
#11 0x577cf21a0071 <unknown>
#12 0x577cf2687b5b <unknown>
#13 0x577cf268bae2 <unknown>
#14 0x577cf2673967 <unknown>
#15 0x577cf268c6d4 <unknown>
#16 0x577cf2657c7f <unknown>
#17 0x577cf26accd8 <unknown>
#18 0x577cf26acea9 <unknown>
#19 0x577cf26bcfc6 <unknown>
#20 0x759602094ac3 <unknown>

2025-05-04 22:07:17,354:WARNING:Missing element in card on page 4: Message: no such element: Unable to locate element: {"method":"css selector","selector":"div.badges div.content"}
  (Session info: chrome=133.0.6943.126); For documentation on this error, please visit: https://www.selenium.dev/documentation/webdriver/troubleshooting/errors#no-such-element-exception
Stacktrace:
#0 0x577cf26be14a <unknown>
#1 0x577cf215bb80 <unknown>
#2 0x577cf21ad0e9 <unknown>
#3 0x577cf21ad271 <unknown>
#4 0x577cf21a0b36 <unknown>
#5 0x577cf21d2efd <unknown>
#6 0x577cf21a0a2a <unknown>
#7 0x577cf21d309e <unknown>
#8 0x577cf21f914a <unknown>
#9 0x577cf21d2ca3 <unknown>
#10 0x577cf219ef08 <unknown>
#11 0x577cf21a0071 <unknown>
#12 0x577cf2687b5b <unknown>
#13 0x577cf268bae2 <unknown>
#14 0x577cf2673967 <unknown>
#15 0x577cf268c6d4 <unknown>
#16 0x577cf2657c7f <unknown>
#17 0x577cf26accd8 <unknown>
#18 0x577cf26acea9 <unknown>
#19 0x577cf26bcfc6 <unknown>
#20 0x759602094ac3 <unknown>

2025-05-04 22:07:17,354:INFO:Scraping page 5: https://sg.jobsdb.com/Software-Developer-jobs?page=5
2025-05-04 22:07:26,154:WARNING:Missing element in card on page 5: Message: no such element: Unable to locate element: {"method":"css selector","selector":"div.badges div.content"}
  (Session info: chrome=133.0.6943.126); For documentation on this error, please visit: https://www.selenium.dev/documentation/webdriver/troubleshooting/errors#no-such-element-exception
Stacktrace:
#0 0x577cf26be14a <unknown>
#1 0x577cf215bb80 <unknown>
#2 0x577cf21ad0e9 <unknown>
#3 0x577cf21ad271 <unknown>
#4 0x577cf21a0b36 <unknown>
#5 0x577cf21d2efd <unknown>
#6 0x577cf21a0a2a <unknown>
#7 0x577cf21d309e <unknown>
#8 0x577cf21f914a <unknown>
#9 0x577cf21d2ca3 <unknown>
#10 0x577cf219ef08 <unknown>
#11 0x577cf21a0071 <unknown>
#12 0x577cf2687b5b <unknown>
#13 0x577cf268bae2 <unknown>
#14 0x577cf2673967 <unknown>
#15 0x577cf268c6d4 <unknown>
#16 0x577cf2657c7f <unknown>
#17 0x577cf26accd8 <unknown>
#18 0x577cf26acea9 <unknown>
#19 0x577cf26bcfc6 <unknown>
#20 0x759602094ac3 <unknown>

2025-05-04 22:07:26,658:WARNING:Missing element in card on page 5: Message: no such element: Unable to locate element: {"method":"css selector","selector":"div.badges div.content"}
  (Session info: chrome=133.0.6943.126); For documentation on this error, please visit: https://www.selenium.dev/documentation/webdriver/troubleshooting/errors#no-such-element-exception
Stacktrace:
#0 0x577cf26be14a <unknown>
#1 0x577cf215bb80 <unknown>
#2 0x577cf21ad0e9 <unknown>
#3 0x577cf21ad271 <unknown>
#4 0x577cf21a0b36 <unknown>
#5 0x577cf21d2efd <unknown>
#6 0x577cf21a0a2a <unknown>
#7 0x577cf21d309e <unknown>
#8 0x577cf21f914a <unknown>
#9 0x577cf21d2ca3 <unknown>
#10 0x577cf219ef08 <unknown>
#11 0x577cf21a0071 <unknown>
#12 0x577cf2687b5b <unknown>
#13 0x577cf268bae2 <unknown>
#14 0x577cf2673967 <unknown>
#15 0x577cf268c6d4 <unknown>
#16 0x577cf2657c7f <unknown>
#17 0x577cf26accd8 <unknown>
#18 0x577cf26acea9 <unknown>
#19 0x577cf26bcfc6 <unknown>
#20 0x759602094ac3 <unknown>

2025-05-04 22:07:26,747:WARNING:Missing element in card on page 5: Message: no such element: Unable to locate element: {"method":"css selector","selector":"div.badges div.content"}
  (Session info: chrome=133.0.6943.126); For documentation on this error, please visit: https://www.selenium.dev/documentation/webdriver/troubleshooting/errors#no-such-element-exception
Stacktrace:
#0 0x577cf26be14a <unknown>
#1 0x577cf215bb80 <unknown>
#2 0x577cf21ad0e9 <unknown>
#3 0x577cf21ad271 <unknown>
#4 0x577cf21a0b36 <unknown>
#5 0x577cf21d2efd <unknown>
#6 0x577cf21a0a2a <unknown>
#7 0x577cf21d309e <unknown>
#8 0x577cf21f914a <unknown>
#9 0x577cf21d2ca3 <unknown>
#10 0x577cf219ef08 <unknown>
#11 0x577cf21a0071 <unknown>
#12 0x577cf2687b5b <unknown>
#13 0x577cf268bae2 <unknown>
#14 0x577cf2673967 <unknown>
#15 0x577cf268c6d4 <unknown>
#16 0x577cf2657c7f <unknown>
#17 0x577cf26accd8 <unknown>
#18 0x577cf26acea9 <unknown>
#19 0x577cf26bcfc6 <unknown>
#20 0x759602094ac3 <unknown>

2025-05-04 22:07:26,978:WARNING:Missing element in card on page 5: Message: no such element: Unable to locate element: {"method":"css selector","selector":"div.badges div.content"}
  (Session info: chrome=133.0.6943.126); For documentation on this error, please visit: https://www.selenium.dev/documentation/webdriver/troubleshooting/errors#no-such-element-exception
Stacktrace:
#0 0x577cf26be14a <unknown>
#1 0x577cf215bb80 <unknown>
#2 0x577cf21ad0e9 <unknown>
#3 0x577cf21ad271 <unknown>
#4 0x577cf21a0b36 <unknown>
#5 0x577cf21d2efd <unknown>
#6 0x577cf21a0a2a <unknown>
#7 0x577cf21d309e <unknown>
#8 0x577cf21f914a <unknown>
#9 0x577cf21d2ca3 <unknown>
#10 0x577cf219ef08 <unknown>
#11 0x577cf21a0071 <unknown>
#12 0x577cf2687b5b <unknown>
#13 0x577cf268bae2 <unknown>
#14 0x577cf2673967 <unknown>
#15 0x577cf268c6d4 <unknown>
#16 0x577cf2657c7f <unknown>
#17 0x577cf26accd8 <unknown>
#18 0x577cf26acea9 <unknown>
#19 0x577cf26bcfc6 <unknown>
#20 0x759602094ac3 <unknown>

2025-05-04 22:07:27,199:WARNING:Missing element in card on page 5: Message: no such element: Unable to locate element: {"method":"css selector","selector":"div.badges div.content"}
  (Session info: chrome=133.0.6943.126); For documentation on this error, please visit: https://www.selenium.dev/documentation/webdriver/troubleshooting/errors#no-such-element-exception
Stacktrace:
#0 0x577cf26be14a <unknown>
#1 0x577cf215bb80 <unknown>
#2 0x577cf21ad0e9 <unknown>
#3 0x577cf21ad271 <unknown>
#4 0x577cf21a0b36 <unknown>
#5 0x577cf21d2efd <unknown>
#6 0x577cf21a0a2a <unknown>
#7 0x577cf21d309e <unknown>
#8 0x577cf21f914a <unknown>
#9 0x577cf21d2ca3 <unknown>
#10 0x577cf219ef08 <unknown>
#11 0x577cf21a0071 <unknown>
#12 0x577cf2687b5b <unknown>
#13 0x577cf268bae2 <unknown>
#14 0x577cf2673967 <unknown>
#15 0x577cf268c6d4 <unknown>
#16 0x577cf2657c7f <unknown>
#17 0x577cf26accd8 <unknown>
#18 0x577cf26acea9 <unknown>
#19 0x577cf26bcfc6 <unknown>
#20 0x759602094ac3 <unknown>

2025-05-04 22:07:27,607:WARNING:Missing element in card on page 5: Message: no such element: Unable to locate element: {"method":"css selector","selector":"div.badges div.content"}
  (Session info: chrome=133.0.6943.126); For documentation on this error, please visit: https://www.selenium.dev/documentation/webdriver/troubleshooting/errors#no-such-element-exception
Stacktrace:
#0 0x577cf26be14a <unknown>
#1 0x577cf215bb80 <unknown>
#2 0x577cf21ad0e9 <unknown>
#3 0x577cf21ad271 <unknown>
#4 0x577cf21a0b36 <unknown>
#5 0x577cf21d2efd <unknown>
#6 0x577cf21a0a2a <unknown>
#7 0x577cf21d309e <unknown>
#8 0x577cf21f914a <unknown>
#9 0x577cf21d2ca3 <unknown>
#10 0x577cf219ef08 <unknown>
#11 0x577cf21a0071 <unknown>
#12 0x577cf2687b5b <unknown>
#13 0x577cf268bae2 <unknown>
#14 0x577cf2673967 <unknown>
#15 0x577cf268c6d4 <unknown>
#16 0x577cf2657c7f <unknown>
#17 0x577cf26accd8 <unknown>
#18 0x577cf26acea9 <unknown>
#19 0x577cf26bcfc6 <unknown>
#20 0x759602094ac3 <unknown>

2025-05-04 22:07:27,608:INFO:Scraping page 6: https://sg.jobsdb.com/Software-Developer-jobs?page=6
2025-05-04 22:07:36,912:WARNING:Missing element in card on page 6: Message: no such element: Unable to locate element: {"method":"css selector","selector":"div.badges div.content"}
  (Session info: chrome=133.0.6943.126); For documentation on this error, please visit: https://www.selenium.dev/documentation/webdriver/troubleshooting/errors#no-such-element-exception
Stacktrace:
#0 0x577cf26be14a <unknown>
#1 0x577cf215bb80 <unknown>
#2 0x577cf21ad0e9 <unknown>
#3 0x577cf21ad271 <unknown>
#4 0x577cf21a0b36 <unknown>
#5 0x577cf21d2efd <unknown>
#6 0x577cf21a0a2a <unknown>
#7 0x577cf21d309e <unknown>
#8 0x577cf21f914a <unknown>
#9 0x577cf21d2ca3 <unknown>
#10 0x577cf219ef08 <unknown>
#11 0x577cf21a0071 <unknown>
#12 0x577cf2687b5b <unknown>
#13 0x577cf268bae2 <unknown>
#14 0x577cf2673967 <unknown>
#15 0x577cf268c6d4 <unknown>
#16 0x577cf2657c7f <unknown>
#17 0x577cf26accd8 <unknown>
#18 0x577cf26acea9 <unknown>
#19 0x577cf26bcfc6 <unknown>
#20 0x759602094ac3 <unknown>

2025-05-04 22:07:37,390:WARNING:Missing element in card on page 6: Message: no such element: Unable to locate element: {"method":"css selector","selector":"div.badges div.content"}
  (Session info: chrome=133.0.6943.126); For documentation on this error, please visit: https://www.selenium.dev/documentation/webdriver/troubleshooting/errors#no-such-element-exception
Stacktrace:
#0 0x577cf26be14a <unknown>
#1 0x577cf215bb80 <unknown>
#2 0x577cf21ad0e9 <unknown>
#3 0x577cf21ad271 <unknown>
#4 0x577cf21a0b36 <unknown>
#5 0x577cf21d2efd <unknown>
#6 0x577cf21a0a2a <unknown>
#7 0x577cf21d309e <unknown>
#8 0x577cf21f914a <unknown>
#9 0x577cf21d2ca3 <unknown>
#10 0x577cf219ef08 <unknown>
#11 0x577cf21a0071 <unknown>
#12 0x577cf2687b5b <unknown>
#13 0x577cf268bae2 <unknown>
#14 0x577cf2673967 <unknown>
#15 0x577cf268c6d4 <unknown>
#16 0x577cf2657c7f <unknown>
#17 0x577cf26accd8 <unknown>
#18 0x577cf26acea9 <unknown>
#19 0x577cf26bcfc6 <unknown>
#20 0x759602094ac3 <unknown>

2025-05-04 22:07:37,480:WARNING:Missing element in card on page 6: Message: no such element: Unable to locate element: {"method":"css selector","selector":"div.badges div.content"}
  (Session info: chrome=133.0.6943.126); For documentation on this error, please visit: https://www.selenium.dev/documentation/webdriver/troubleshooting/errors#no-such-element-exception
Stacktrace:
#0 0x577cf26be14a <unknown>
#1 0x577cf215bb80 <unknown>
#2 0x577cf21ad0e9 <unknown>
#3 0x577cf21ad271 <unknown>
#4 0x577cf21a0b36 <unknown>
#5 0x577cf21d2efd <unknown>
#6 0x577cf21a0a2a <unknown>
#7 0x577cf21d309e <unknown>
#8 0x577cf21f914a <unknown>
#9 0x577cf21d2ca3 <unknown>
#10 0x577cf219ef08 <unknown>
#11 0x577cf21a0071 <unknown>
#12 0x577cf2687b5b <unknown>
#13 0x577cf268bae2 <unknown>
#14 0x577cf2673967 <unknown>
#15 0x577cf268c6d4 <unknown>
#16 0x577cf2657c7f <unknown>
#17 0x577cf26accd8 <unknown>
#18 0x577cf26acea9 <unknown>
#19 0x577cf26bcfc6 <unknown>
#20 0x759602094ac3 <unknown>

2025-05-04 22:07:37,698:WARNING:Missing element in card on page 6: Message: no such element: Unable to locate element: {"method":"css selector","selector":"div.badges div.content"}
  (Session info: chrome=133.0.6943.126); For documentation on this error, please visit: https://www.selenium.dev/documentation/webdriver/troubleshooting/errors#no-such-element-exception
Stacktrace:
#0 0x577cf26be14a <unknown>
#1 0x577cf215bb80 <unknown>
#2 0x577cf21ad0e9 <unknown>
#3 0x577cf21ad271 <unknown>
#4 0x577cf21a0b36 <unknown>
#5 0x577cf21d2efd <unknown>
#6 0x577cf21a0a2a <unknown>
#7 0x577cf21d309e <unknown>
#8 0x577cf21f914a <unknown>
#9 0x577cf21d2ca3 <unknown>
#10 0x577cf219ef08 <unknown>
#11 0x577cf21a0071 <unknown>
#12 0x577cf2687b5b <unknown>
#13 0x577cf268bae2 <unknown>
#14 0x577cf2673967 <unknown>
#15 0x577cf268c6d4 <unknown>
#16 0x577cf2657c7f <unknown>
#17 0x577cf26accd8 <unknown>
#18 0x577cf26acea9 <unknown>
#19 0x577cf26bcfc6 <unknown>
#20 0x759602094ac3 <unknown>

2025-05-04 22:07:37,908:WARNING:Missing element in card on page 6: Message: no such element: Unable to locate element: {"method":"css selector","selector":"div.badges div.content"}
  (Session info: chrome=133.0.6943.126); For documentation on this error, please visit: https://www.selenium.dev/documentation/webdriver/troubleshooting/errors#no-such-element-exception
Stacktrace:
#0 0x577cf26be14a <unknown>
#1 0x577cf215bb80 <unknown>
#2 0x577cf21ad0e9 <unknown>
#3 0x577cf21ad271 <unknown>
#4 0x577cf21a0b36 <unknown>
#5 0x577cf21d2efd <unknown>
#6 0x577cf21a0a2a <unknown>
#7 0x577cf21d309e <unknown>
#8 0x577cf21f914a <unknown>
#9 0x577cf21d2ca3 <unknown>
#10 0x577cf219ef08 <unknown>
#11 0x577cf21a0071 <unknown>
#12 0x577cf2687b5b <unknown>
#13 0x577cf268bae2 <unknown>
#14 0x577cf2673967 <unknown>
#15 0x577cf268c6d4 <unknown>
#16 0x577cf2657c7f <unknown>
#17 0x577cf26accd8 <unknown>
#18 0x577cf26acea9 <unknown>
#19 0x577cf26bcfc6 <unknown>
#20 0x759602094ac3 <unknown>

2025-05-04 22:07:38,254:WARNING:Missing element in card on page 6: Message: no such element: Unable to locate element: {"method":"css selector","selector":"div.badges div.content"}
  (Session info: chrome=133.0.6943.126); For documentation on this error, please visit: https://www.selenium.dev/documentation/webdriver/troubleshooting/errors#no-such-element-exception
Stacktrace:
#0 0x577cf26be14a <unknown>
#1 0x577cf215bb80 <unknown>
#2 0x577cf21ad0e9 <unknown>
#3 0x577cf21ad271 <unknown>
#4 0x577cf21a0b36 <unknown>
#5 0x577cf21d2efd <unknown>
#6 0x577cf21a0a2a <unknown>
#7 0x577cf21d309e <unknown>
#8 0x577cf21f914a <unknown>
#9 0x577cf21d2ca3 <unknown>
#10 0x577cf219ef08 <unknown>
#11 0x577cf21a0071 <unknown>
#12 0x577cf2687b5b <unknown>
#13 0x577cf268bae2 <unknown>
#14 0x577cf2673967 <unknown>
#15 0x577cf268c6d4 <unknown>
#16 0x577cf2657c7f <unknown>
#17 0x577cf26accd8 <unknown>
#18 0x577cf26acea9 <unknown>
#19 0x577cf26bcfc6 <unknown>
#20 0x759602094ac3 <unknown>

2025-05-04 22:07:38,254:INFO:Scraping page 7: https://sg.jobsdb.com/Software-Developer-jobs?page=7
2025-05-04 22:07:46,774:WARNING:Missing element in card on page 7: Message: no such element: Unable to locate element: {"method":"css selector","selector":"div.badges div.content"}
  (Session info: chrome=133.0.6943.126); For documentation on this error, please visit: https://www.selenium.dev/documentation/webdriver/troubleshooting/errors#no-such-element-exception
Stacktrace:
#0 0x577cf26be14a <unknown>
#1 0x577cf215bb80 <unknown>
#2 0x577cf21ad0e9 <unknown>
#3 0x577cf21ad271 <unknown>
#4 0x577cf21a0b36 <unknown>
#5 0x577cf21d2efd <unknown>
#6 0x577cf21a0a2a <unknown>
#7 0x577cf21d309e <unknown>
#8 0x577cf21f914a <unknown>
#9 0x577cf21d2ca3 <unknown>
#10 0x577cf219ef08 <unknown>
#11 0x577cf21a0071 <unknown>
#12 0x577cf2687b5b <unknown>
#13 0x577cf268bae2 <unknown>
#14 0x577cf2673967 <unknown>
#15 0x577cf268c6d4 <unknown>
#16 0x577cf2657c7f <unknown>
#17 0x577cf26accd8 <unknown>
#18 0x577cf26acea9 <unknown>
#19 0x577cf26bcfc6 <unknown>
#20 0x759602094ac3 <unknown>

2025-05-04 22:07:47,257:WARNING:Missing element in card on page 7: Message: no such element: Unable to locate element: {"method":"css selector","selector":"div.badges div.content"}
  (Session info: chrome=133.0.6943.126); For documentation on this error, please visit: https://www.selenium.dev/documentation/webdriver/troubleshooting/errors#no-such-element-exception
Stacktrace:
#0 0x577cf26be14a <unknown>
#1 0x577cf215bb80 <unknown>
#2 0x577cf21ad0e9 <unknown>
#3 0x577cf21ad271 <unknown>
#4 0x577cf21a0b36 <unknown>
#5 0x577cf21d2efd <unknown>
#6 0x577cf21a0a2a <unknown>
#7 0x577cf21d309e <unknown>
#8 0x577cf21f914a <unknown>
#9 0x577cf21d2ca3 <unknown>
#10 0x577cf219ef08 <unknown>
#11 0x577cf21a0071 <unknown>
#12 0x577cf2687b5b <unknown>
#13 0x577cf268bae2 <unknown>
#14 0x577cf2673967 <unknown>
#15 0x577cf268c6d4 <unknown>
#16 0x577cf2657c7f <unknown>
#17 0x577cf26accd8 <unknown>
#18 0x577cf26acea9 <unknown>
#19 0x577cf26bcfc6 <unknown>
#20 0x759602094ac3 <unknown>

2025-05-04 22:07:47,350:WARNING:Missing element in card on page 7: Message: no such element: Unable to locate element: {"method":"css selector","selector":"div.badges div.content"}
  (Session info: chrome=133.0.6943.126); For documentation on this error, please visit: https://www.selenium.dev/documentation/webdriver/troubleshooting/errors#no-such-element-exception
Stacktrace:
#0 0x577cf26be14a <unknown>
#1 0x577cf215bb80 <unknown>
#2 0x577cf21ad0e9 <unknown>
#3 0x577cf21ad271 <unknown>
#4 0x577cf21a0b36 <unknown>
#5 0x577cf21d2efd <unknown>
#6 0x577cf21a0a2a <unknown>
#7 0x577cf21d309e <unknown>
#8 0x577cf21f914a <unknown>
#9 0x577cf21d2ca3 <unknown>
#10 0x577cf219ef08 <unknown>
#11 0x577cf21a0071 <unknown>
#12 0x577cf2687b5b <unknown>
#13 0x577cf268bae2 <unknown>
#14 0x577cf2673967 <unknown>
#15 0x577cf268c6d4 <unknown>
#16 0x577cf2657c7f <unknown>
#17 0x577cf26accd8 <unknown>
#18 0x577cf26acea9 <unknown>
#19 0x577cf26bcfc6 <unknown>
#20 0x759602094ac3 <unknown>

2025-05-04 22:07:47,564:WARNING:Missing element in card on page 7: Message: no such element: Unable to locate element: {"method":"css selector","selector":"div.badges div.content"}
  (Session info: chrome=133.0.6943.126); For documentation on this error, please visit: https://www.selenium.dev/documentation/webdriver/troubleshooting/errors#no-such-element-exception
Stacktrace:
#0 0x577cf26be14a <unknown>
#1 0x577cf215bb80 <unknown>
#2 0x577cf21ad0e9 <unknown>
#3 0x577cf21ad271 <unknown>
#4 0x577cf21a0b36 <unknown>
#5 0x577cf21d2efd <unknown>
#6 0x577cf21a0a2a <unknown>
#7 0x577cf21d309e <unknown>
#8 0x577cf21f914a <unknown>
#9 0x577cf21d2ca3 <unknown>
#10 0x577cf219ef08 <unknown>
#11 0x577cf21a0071 <unknown>
#12 0x577cf2687b5b <unknown>
#13 0x577cf268bae2 <unknown>
#14 0x577cf2673967 <unknown>
#15 0x577cf268c6d4 <unknown>
#16 0x577cf2657c7f <unknown>
#17 0x577cf26accd8 <unknown>
#18 0x577cf26acea9 <unknown>
#19 0x577cf26bcfc6 <unknown>
#20 0x759602094ac3 <unknown>

2025-05-04 22:07:47,777:WARNING:Missing element in card on page 7: Message: no such element: Unable to locate element: {"method":"css selector","selector":"div.badges div.content"}
  (Session info: chrome=133.0.6943.126); For documentation on this error, please visit: https://www.selenium.dev/documentation/webdriver/troubleshooting/errors#no-such-element-exception
Stacktrace:
#0 0x577cf26be14a <unknown>
#1 0x577cf215bb80 <unknown>
#2 0x577cf21ad0e9 <unknown>
#3 0x577cf21ad271 <unknown>
#4 0x577cf21a0b36 <unknown>
#5 0x577cf21d2efd <unknown>
#6 0x577cf21a0a2a <unknown>
#7 0x577cf21d309e <unknown>
#8 0x577cf21f914a <unknown>
#9 0x577cf21d2ca3 <unknown>
#10 0x577cf219ef08 <unknown>
#11 0x577cf21a0071 <unknown>
#12 0x577cf2687b5b <unknown>
#13 0x577cf268bae2 <unknown>
#14 0x577cf2673967 <unknown>
#15 0x577cf268c6d4 <unknown>
#16 0x577cf2657c7f <unknown>
#17 0x577cf26accd8 <unknown>
#18 0x577cf26acea9 <unknown>
#19 0x577cf26bcfc6 <unknown>
#20 0x759602094ac3 <unknown>

2025-05-04 22:07:48,126:WARNING:Missing element in card on page 7: Message: no such element: Unable to locate element: {"method":"css selector","selector":"div.badges div.content"}
  (Session info: chrome=133.0.6943.126); For documentation on this error, please visit: https://www.selenium.dev/documentation/webdriver/troubleshooting/errors#no-such-element-exception
Stacktrace:
#0 0x577cf26be14a <unknown>
#1 0x577cf215bb80 <unknown>
#2 0x577cf21ad0e9 <unknown>
#3 0x577cf21ad271 <unknown>
#4 0x577cf21a0b36 <unknown>
#5 0x577cf21d2efd <unknown>
#6 0x577cf21a0a2a <unknown>
#7 0x577cf21d309e <unknown>
#8 0x577cf21f914a <unknown>
#9 0x577cf21d2ca3 <unknown>
#10 0x577cf219ef08 <unknown>
#11 0x577cf21a0071 <unknown>
#12 0x577cf2687b5b <unknown>
#13 0x577cf268bae2 <unknown>
#14 0x577cf2673967 <unknown>
#15 0x577cf268c6d4 <unknown>
#16 0x577cf2657c7f <unknown>
#17 0x577cf26accd8 <unknown>
#18 0x577cf26acea9 <unknown>
#19 0x577cf26bcfc6 <unknown>
#20 0x759602094ac3 <unknown>

2025-05-04 22:07:48,127:INFO:Scraping page 8: https://sg.jobsdb.com/Software-Developer-jobs?page=8
2025-05-04 22:07:57,688:WARNING:Missing element in card on page 8: Message: no such element: Unable to locate element: {"method":"css selector","selector":"div.badges div.content"}
  (Session info: chrome=133.0.6943.126); For documentation on this error, please visit: https://www.selenium.dev/documentation/webdriver/troubleshooting/errors#no-such-element-exception
Stacktrace:
#0 0x577cf26be14a <unknown>
#1 0x577cf215bb80 <unknown>
#2 0x577cf21ad0e9 <unknown>
#3 0x577cf21ad271 <unknown>
#4 0x577cf21a0b36 <unknown>
#5 0x577cf21d2efd <unknown>
#6 0x577cf21a0a2a <unknown>
#7 0x577cf21d309e <unknown>
#8 0x577cf21f914a <unknown>
#9 0x577cf21d2ca3 <unknown>
#10 0x577cf219ef08 <unknown>
#11 0x577cf21a0071 <unknown>
#12 0x577cf2687b5b <unknown>
#13 0x577cf268bae2 <unknown>
#14 0x577cf2673967 <unknown>
#15 0x577cf268c6d4 <unknown>
#16 0x577cf2657c7f <unknown>
#17 0x577cf26accd8 <unknown>
#18 0x577cf26acea9 <unknown>
#19 0x577cf26bcfc6 <unknown>
#20 0x759602094ac3 <unknown>

2025-05-04 22:07:58,225:WARNING:Missing element in card on page 8: Message: no such element: Unable to locate element: {"method":"css selector","selector":"div.badges div.content"}
  (Session info: chrome=133.0.6943.126); For documentation on this error, please visit: https://www.selenium.dev/documentation/webdriver/troubleshooting/errors#no-such-element-exception
Stacktrace:
#0 0x577cf26be14a <unknown>
#1 0x577cf215bb80 <unknown>
#2 0x577cf21ad0e9 <unknown>
#3 0x577cf21ad271 <unknown>
#4 0x577cf21a0b36 <unknown>
#5 0x577cf21d2efd <unknown>
#6 0x577cf21a0a2a <unknown>
#7 0x577cf21d309e <unknown>
#8 0x577cf21f914a <unknown>
#9 0x577cf21d2ca3 <unknown>
#10 0x577cf219ef08 <unknown>
#11 0x577cf21a0071 <unknown>
#12 0x577cf2687b5b <unknown>
#13 0x577cf268bae2 <unknown>
#14 0x577cf2673967 <unknown>
#15 0x577cf268c6d4 <unknown>
#16 0x577cf2657c7f <unknown>
#17 0x577cf26accd8 <unknown>
#18 0x577cf26acea9 <unknown>
#19 0x577cf26bcfc6 <unknown>
#20 0x759602094ac3 <unknown>

2025-05-04 22:07:58,328:WARNING:Missing element in card on page 8: Message: no such element: Unable to locate element: {"method":"css selector","selector":"div.badges div.content"}
  (Session info: chrome=133.0.6943.126); For documentation on this error, please visit: https://www.selenium.dev/documentation/webdriver/troubleshooting/errors#no-such-element-exception
Stacktrace:
#0 0x577cf26be14a <unknown>
#1 0x577cf215bb80 <unknown>
#2 0x577cf21ad0e9 <unknown>
#3 0x577cf21ad271 <unknown>
#4 0x577cf21a0b36 <unknown>
#5 0x577cf21d2efd <unknown>
#6 0x577cf21a0a2a <unknown>
#7 0x577cf21d309e <unknown>
#8 0x577cf21f914a <unknown>
#9 0x577cf21d2ca3 <unknown>
#10 0x577cf219ef08 <unknown>
#11 0x577cf21a0071 <unknown>
#12 0x577cf2687b5b <unknown>
#13 0x577cf268bae2 <unknown>
#14 0x577cf2673967 <unknown>
#15 0x577cf268c6d4 <unknown>
#16 0x577cf2657c7f <unknown>
#17 0x577cf26accd8 <unknown>
#18 0x577cf26acea9 <unknown>
#19 0x577cf26bcfc6 <unknown>
#20 0x759602094ac3 <unknown>

2025-05-04 22:07:58,576:WARNING:Missing element in card on page 8: Message: no such element: Unable to locate element: {"method":"css selector","selector":"div.badges div.content"}
  (Session info: chrome=133.0.6943.126); For documentation on this error, please visit: https://www.selenium.dev/documentation/webdriver/troubleshooting/errors#no-such-element-exception
Stacktrace:
#0 0x577cf26be14a <unknown>
#1 0x577cf215bb80 <unknown>
#2 0x577cf21ad0e9 <unknown>
#3 0x577cf21ad271 <unknown>
#4 0x577cf21a0b36 <unknown>
#5 0x577cf21d2efd <unknown>
#6 0x577cf21a0a2a <unknown>
#7 0x577cf21d309e <unknown>
#8 0x577cf21f914a <unknown>
#9 0x577cf21d2ca3 <unknown>
#10 0x577cf219ef08 <unknown>
#11 0x577cf21a0071 <unknown>
#12 0x577cf2687b5b <unknown>
#13 0x577cf268bae2 <unknown>
#14 0x577cf2673967 <unknown>
#15 0x577cf268c6d4 <unknown>
#16 0x577cf2657c7f <unknown>
#17 0x577cf26accd8 <unknown>
#18 0x577cf26acea9 <unknown>
#19 0x577cf26bcfc6 <unknown>
#20 0x759602094ac3 <unknown>

2025-05-04 22:07:58,803:WARNING:Missing element in card on page 8: Message: no such element: Unable to locate element: {"method":"css selector","selector":"div.badges div.content"}
  (Session info: chrome=133.0.6943.126); For documentation on this error, please visit: https://www.selenium.dev/documentation/webdriver/troubleshooting/errors#no-such-element-exception
Stacktrace:
#0 0x577cf26be14a <unknown>
#1 0x577cf215bb80 <unknown>
#2 0x577cf21ad0e9 <unknown>
#3 0x577cf21ad271 <unknown>
#4 0x577cf21a0b36 <unknown>
#5 0x577cf21d2efd <unknown>
#6 0x577cf21a0a2a <unknown>
#7 0x577cf21d309e <unknown>
#8 0x577cf21f914a <unknown>
#9 0x577cf21d2ca3 <unknown>
#10 0x577cf219ef08 <unknown>
#11 0x577cf21a0071 <unknown>
#12 0x577cf2687b5b <unknown>
#13 0x577cf268bae2 <unknown>
#14 0x577cf2673967 <unknown>
#15 0x577cf268c6d4 <unknown>
#16 0x577cf2657c7f <unknown>
#17 0x577cf26accd8 <unknown>
#18 0x577cf26acea9 <unknown>
#19 0x577cf26bcfc6 <unknown>
#20 0x759602094ac3 <unknown>

2025-05-04 22:07:59,206:WARNING:Missing element in card on page 8: Message: no such element: Unable to locate element: {"method":"css selector","selector":"div.badges div.content"}
  (Session info: chrome=133.0.6943.126); For documentation on this error, please visit: https://www.selenium.dev/documentation/webdriver/troubleshooting/errors#no-such-element-exception
Stacktrace:
#0 0x577cf26be14a <unknown>
#1 0x577cf215bb80 <unknown>
#2 0x577cf21ad0e9 <unknown>
#3 0x577cf21ad271 <unknown>
#4 0x577cf21a0b36 <unknown>
#5 0x577cf21d2efd <unknown>
#6 0x577cf21a0a2a <unknown>
#7 0x577cf21d309e <unknown>
#8 0x577cf21f914a <unknown>
#9 0x577cf21d2ca3 <unknown>
#10 0x577cf219ef08 <unknown>
#11 0x577cf21a0071 <unknown>
#12 0x577cf2687b5b <unknown>
#13 0x577cf268bae2 <unknown>
#14 0x577cf2673967 <unknown>
#15 0x577cf268c6d4 <unknown>
#16 0x577cf2657c7f <unknown>
#17 0x577cf26accd8 <unknown>
#18 0x577cf26acea9 <unknown>
#19 0x577cf26bcfc6 <unknown>
#20 0x759602094ac3 <unknown>

2025-05-04 22:07:59,206:INFO:Scraping page 9: https://sg.jobsdb.com/Software-Developer-jobs?page=9
2025-05-04 22:08:09,698:WARNING:Missing element in card on page 9: Message: no such element: Unable to locate element: {"method":"css selector","selector":"div.badges div.content"}
  (Session info: chrome=133.0.6943.126); For documentation on this error, please visit: https://www.selenium.dev/documentation/webdriver/troubleshooting/errors#no-such-element-exception
Stacktrace:
#0 0x577cf26be14a <unknown>
#1 0x577cf215bb80 <unknown>
#2 0x577cf21ad0e9 <unknown>
#3 0x577cf21ad271 <unknown>
#4 0x577cf21a0b36 <unknown>
#5 0x577cf21d2efd <unknown>
#6 0x577cf21a0a2a <unknown>
#7 0x577cf21d309e <unknown>
#8 0x577cf21f914a <unknown>
#9 0x577cf21d2ca3 <unknown>
#10 0x577cf219ef08 <unknown>
#11 0x577cf21a0071 <unknown>
#12 0x577cf2687b5b <unknown>
#13 0x577cf268bae2 <unknown>
#14 0x577cf2673967 <unknown>
#15 0x577cf268c6d4 <unknown>
#16 0x577cf2657c7f <unknown>
#17 0x577cf26accd8 <unknown>
#18 0x577cf26acea9 <unknown>
#19 0x577cf26bcfc6 <unknown>
#20 0x759602094ac3 <unknown>

2025-05-04 22:08:10,180:WARNING:Missing element in card on page 9: Message: no such element: Unable to locate element: {"method":"css selector","selector":"div.badges div.content"}
  (Session info: chrome=133.0.6943.126); For documentation on this error, please visit: https://www.selenium.dev/documentation/webdriver/troubleshooting/errors#no-such-element-exception
Stacktrace:
#0 0x577cf26be14a <unknown>
#1 0x577cf215bb80 <unknown>
#2 0x577cf21ad0e9 <unknown>
#3 0x577cf21ad271 <unknown>
#4 0x577cf21a0b36 <unknown>
#5 0x577cf21d2efd <unknown>
#6 0x577cf21a0a2a <unknown>
#7 0x577cf21d309e <unknown>
#8 0x577cf21f914a <unknown>
#9 0x577cf21d2ca3 <unknown>
#10 0x577cf219ef08 <unknown>
#11 0x577cf21a0071 <unknown>
#12 0x577cf2687b5b <unknown>
#13 0x577cf268bae2 <unknown>
#14 0x577cf2673967 <unknown>
#15 0x577cf268c6d4 <unknown>
#16 0x577cf2657c7f <unknown>
#17 0x577cf26accd8 <unknown>
#18 0x577cf26acea9 <unknown>
#19 0x577cf26bcfc6 <unknown>
#20 0x759602094ac3 <unknown>

2025-05-04 22:08:10,267:WARNING:Missing element in card on page 9: Message: no such element: Unable to locate element: {"method":"css selector","selector":"div.badges div.content"}
  (Session info: chrome=133.0.6943.126); For documentation on this error, please visit: https://www.selenium.dev/documentation/webdriver/troubleshooting/errors#no-such-element-exception
Stacktrace:
#0 0x577cf26be14a <unknown>
#1 0x577cf215bb80 <unknown>
#2 0x577cf21ad0e9 <unknown>
#3 0x577cf21ad271 <unknown>
#4 0x577cf21a0b36 <unknown>
#5 0x577cf21d2efd <unknown>
#6 0x577cf21a0a2a <unknown>
#7 0x577cf21d309e <unknown>
#8 0x577cf21f914a <unknown>
#9 0x577cf21d2ca3 <unknown>
#10 0x577cf219ef08 <unknown>
#11 0x577cf21a0071 <unknown>
#12 0x577cf2687b5b <unknown>
#13 0x577cf268bae2 <unknown>
#14 0x577cf2673967 <unknown>
#15 0x577cf268c6d4 <unknown>
#16 0x577cf2657c7f <unknown>
#17 0x577cf26accd8 <unknown>
#18 0x577cf26acea9 <unknown>
#19 0x577cf26bcfc6 <unknown>
#20 0x759602094ac3 <unknown>

2025-05-04 22:08:10,480:WARNING:Missing element in card on page 9: Message: no such element: Unable to locate element: {"method":"css selector","selector":"div.badges div.content"}
  (Session info: chrome=133.0.6943.126); For documentation on this error, please visit: https://www.selenium.dev/documentation/webdriver/troubleshooting/errors#no-such-element-exception
Stacktrace:
#0 0x577cf26be14a <unknown>
#1 0x577cf215bb80 <unknown>
#2 0x577cf21ad0e9 <unknown>
#3 0x577cf21ad271 <unknown>
#4 0x577cf21a0b36 <unknown>
#5 0x577cf21d2efd <unknown>
#6 0x577cf21a0a2a <unknown>
#7 0x577cf21d309e <unknown>
#8 0x577cf21f914a <unknown>
#9 0x577cf21d2ca3 <unknown>
#10 0x577cf219ef08 <unknown>
#11 0x577cf21a0071 <unknown>
#12 0x577cf2687b5b <unknown>
#13 0x577cf268bae2 <unknown>
#14 0x577cf2673967 <unknown>
#15 0x577cf268c6d4 <unknown>
#16 0x577cf2657c7f <unknown>
#17 0x577cf26accd8 <unknown>
#18 0x577cf26acea9 <unknown>
#19 0x577cf26bcfc6 <unknown>
#20 0x759602094ac3 <unknown>

2025-05-04 22:08:10,725:WARNING:Missing element in card on page 9: Message: no such element: Unable to locate element: {"method":"css selector","selector":"div.badges div.content"}
  (Session info: chrome=133.0.6943.126); For documentation on this error, please visit: https://www.selenium.dev/documentation/webdriver/troubleshooting/errors#no-such-element-exception
Stacktrace:
#0 0x577cf26be14a <unknown>
#1 0x577cf215bb80 <unknown>
#2 0x577cf21ad0e9 <unknown>
#3 0x577cf21ad271 <unknown>
#4 0x577cf21a0b36 <unknown>
#5 0x577cf21d2efd <unknown>
#6 0x577cf21a0a2a <unknown>
#7 0x577cf21d309e <unknown>
#8 0x577cf21f914a <unknown>
#9 0x577cf21d2ca3 <unknown>
#10 0x577cf219ef08 <unknown>
#11 0x577cf21a0071 <unknown>
#12 0x577cf2687b5b <unknown>
#13 0x577cf268bae2 <unknown>
#14 0x577cf2673967 <unknown>
#15 0x577cf268c6d4 <unknown>
#16 0x577cf2657c7f <unknown>
#17 0x577cf26accd8 <unknown>
#18 0x577cf26acea9 <unknown>
#19 0x577cf26bcfc6 <unknown>
#20 0x759602094ac3 <unknown>

2025-05-04 22:08:11,071:WARNING:Missing element in card on page 9: Message: no such element: Unable to locate element: {"method":"css selector","selector":"div.badges div.content"}
  (Session info: chrome=133.0.6943.126); For documentation on this error, please visit: https://www.selenium.dev/documentation/webdriver/troubleshooting/errors#no-such-element-exception
Stacktrace:
#0 0x577cf26be14a <unknown>
#1 0x577cf215bb80 <unknown>
#2 0x577cf21ad0e9 <unknown>
#3 0x577cf21ad271 <unknown>
#4 0x577cf21a0b36 <unknown>
#5 0x577cf21d2efd <unknown>
#6 0x577cf21a0a2a <unknown>
#7 0x577cf21d309e <unknown>
#8 0x577cf21f914a <unknown>
#9 0x577cf21d2ca3 <unknown>
#10 0x577cf219ef08 <unknown>
#11 0x577cf21a0071 <unknown>
#12 0x577cf2687b5b <unknown>
#13 0x577cf268bae2 <unknown>
#14 0x577cf2673967 <unknown>
#15 0x577cf268c6d4 <unknown>
#16 0x577cf2657c7f <unknown>
#17 0x577cf26accd8 <unknown>
#18 0x577cf26acea9 <unknown>
#19 0x577cf26bcfc6 <unknown>
#20 0x759602094ac3 <unknown>

2025-05-04 22:08:11,071:INFO:Scraping page 10: https://sg.jobsdb.com/Software-Developer-jobs?page=10
2025-05-04 22:08:19,865:WARNING:Missing element in card on page 10: Message: no such element: Unable to locate element: {"method":"css selector","selector":"div.badges div.content"}
  (Session info: chrome=133.0.6943.126); For documentation on this error, please visit: https://www.selenium.dev/documentation/webdriver/troubleshooting/errors#no-such-element-exception
Stacktrace:
#0 0x577cf26be14a <unknown>
#1 0x577cf215bb80 <unknown>
#2 0x577cf21ad0e9 <unknown>
#3 0x577cf21ad271 <unknown>
#4 0x577cf21a0b36 <unknown>
#5 0x577cf21d2efd <unknown>
#6 0x577cf21a0a2a <unknown>
#7 0x577cf21d309e <unknown>
#8 0x577cf21f914a <unknown>
#9 0x577cf21d2ca3 <unknown>
#10 0x577cf219ef08 <unknown>
#11 0x577cf21a0071 <unknown>
#12 0x577cf2687b5b <unknown>
#13 0x577cf268bae2 <unknown>
#14 0x577cf2673967 <unknown>
#15 0x577cf268c6d4 <unknown>
#16 0x577cf2657c7f <unknown>
#17 0x577cf26accd8 <unknown>
#18 0x577cf26acea9 <unknown>
#19 0x577cf26bcfc6 <unknown>
#20 0x759602094ac3 <unknown>

2025-05-04 22:08:20,343:WARNING:Missing element in card on page 10: Message: no such element: Unable to locate element: {"method":"css selector","selector":"div.badges div.content"}
  (Session info: chrome=133.0.6943.126); For documentation on this error, please visit: https://www.selenium.dev/documentation/webdriver/troubleshooting/errors#no-such-element-exception
Stacktrace:
#0 0x577cf26be14a <unknown>
#1 0x577cf215bb80 <unknown>
#2 0x577cf21ad0e9 <unknown>
#3 0x577cf21ad271 <unknown>
#4 0x577cf21a0b36 <unknown>
#5 0x577cf21d2efd <unknown>
#6 0x577cf21a0a2a <unknown>
#7 0x577cf21d309e <unknown>
#8 0x577cf21f914a <unknown>
#9 0x577cf21d2ca3 <unknown>
#10 0x577cf219ef08 <unknown>
#11 0x577cf21a0071 <unknown>
#12 0x577cf2687b5b <unknown>
#13 0x577cf268bae2 <unknown>
#14 0x577cf2673967 <unknown>
#15 0x577cf268c6d4 <unknown>
#16 0x577cf2657c7f <unknown>
#17 0x577cf26accd8 <unknown>
#18 0x577cf26acea9 <unknown>
#19 0x577cf26bcfc6 <unknown>
#20 0x759602094ac3 <unknown>

2025-05-04 22:08:20,430:WARNING:Missing element in card on page 10: Message: no such element: Unable to locate element: {"method":"css selector","selector":"div.badges div.content"}
  (Session info: chrome=133.0.6943.126); For documentation on this error, please visit: https://www.selenium.dev/documentation/webdriver/troubleshooting/errors#no-such-element-exception
Stacktrace:
#0 0x577cf26be14a <unknown>
#1 0x577cf215bb80 <unknown>
#2 0x577cf21ad0e9 <unknown>
#3 0x577cf21ad271 <unknown>
#4 0x577cf21a0b36 <unknown>
#5 0x577cf21d2efd <unknown>
#6 0x577cf21a0a2a <unknown>
#7 0x577cf21d309e <unknown>
#8 0x577cf21f914a <unknown>
#9 0x577cf21d2ca3 <unknown>
#10 0x577cf219ef08 <unknown>
#11 0x577cf21a0071 <unknown>
#12 0x577cf2687b5b <unknown>
#13 0x577cf268bae2 <unknown>
#14 0x577cf2673967 <unknown>
#15 0x577cf268c6d4 <unknown>
#16 0x577cf2657c7f <unknown>
#17 0x577cf26accd8 <unknown>
#18 0x577cf26acea9 <unknown>
#19 0x577cf26bcfc6 <unknown>
#20 0x759602094ac3 <unknown>

2025-05-04 22:08:20,643:WARNING:Missing element in card on page 10: Message: no such element: Unable to locate element: {"method":"css selector","selector":"div.badges div.content"}
  (Session info: chrome=133.0.6943.126); For documentation on this error, please visit: https://www.selenium.dev/documentation/webdriver/troubleshooting/errors#no-such-element-exception
Stacktrace:
#0 0x577cf26be14a <unknown>
#1 0x577cf215bb80 <unknown>
#2 0x577cf21ad0e9 <unknown>
#3 0x577cf21ad271 <unknown>
#4 0x577cf21a0b36 <unknown>
#5 0x577cf21d2efd <unknown>
#6 0x577cf21a0a2a <unknown>
#7 0x577cf21d309e <unknown>
#8 0x577cf21f914a <unknown>
#9 0x577cf21d2ca3 <unknown>
#10 0x577cf219ef08 <unknown>
#11 0x577cf21a0071 <unknown>
#12 0x577cf2687b5b <unknown>
#13 0x577cf268bae2 <unknown>
#14 0x577cf2673967 <unknown>
#15 0x577cf268c6d4 <unknown>
#16 0x577cf2657c7f <unknown>
#17 0x577cf26accd8 <unknown>
#18 0x577cf26acea9 <unknown>
#19 0x577cf26bcfc6 <unknown>
#20 0x759602094ac3 <unknown>

2025-05-04 22:08:20,860:WARNING:Missing element in card on page 10: Message: no such element: Unable to locate element: {"method":"css selector","selector":"div.badges div.content"}
  (Session info: chrome=133.0.6943.126); For documentation on this error, please visit: https://www.selenium.dev/documentation/webdriver/troubleshooting/errors#no-such-element-exception
Stacktrace:
#0 0x577cf26be14a <unknown>
#1 0x577cf215bb80 <unknown>
#2 0x577cf21ad0e9 <unknown>
#3 0x577cf21ad271 <unknown>
#4 0x577cf21a0b36 <unknown>
#5 0x577cf21d2efd <unknown>
#6 0x577cf21a0a2a <unknown>
#7 0x577cf21d309e <unknown>
#8 0x577cf21f914a <unknown>
#9 0x577cf21d2ca3 <unknown>
#10 0x577cf219ef08 <unknown>
#11 0x577cf21a0071 <unknown>
#12 0x577cf2687b5b <unknown>
#13 0x577cf268bae2 <unknown>
#14 0x577cf2673967 <unknown>
#15 0x577cf268c6d4 <unknown>
#16 0x577cf2657c7f <unknown>
#17 0x577cf26accd8 <unknown>
#18 0x577cf26acea9 <unknown>
#19 0x577cf26bcfc6 <unknown>
#20 0x759602094ac3 <unknown>

2025-05-04 22:08:21,210:WARNING:Missing element in card on page 10: Message: no such element: Unable to locate element: {"method":"css selector","selector":"div.badges div.content"}
  (Session info: chrome=133.0.6943.126); For documentation on this error, please visit: https://www.selenium.dev/documentation/webdriver/troubleshooting/errors#no-such-element-exception
Stacktrace:
#0 0x577cf26be14a <unknown>
#1 0x577cf215bb80 <unknown>
#2 0x577cf21ad0e9 <unknown>
#3 0x577cf21ad271 <unknown>
#4 0x577cf21a0b36 <unknown>
#5 0x577cf21d2efd <unknown>
#6 0x577cf21a0a2a <unknown>
#7 0x577cf21d309e <unknown>
#8 0x577cf21f914a <unknown>
#9 0x577cf21d2ca3 <unknown>
#10 0x577cf219ef08 <unknown>
#11 0x577cf21a0071 <unknown>
#12 0x577cf2687b5b <unknown>
#13 0x577cf268bae2 <unknown>
#14 0x577cf2673967 <unknown>
#15 0x577cf268c6d4 <unknown>
#16 0x577cf2657c7f <unknown>
#17 0x577cf26accd8 <unknown>
#18 0x577cf26acea9 <unknown>
#19 0x577cf26bcfc6 <unknown>
#20 0x759602094ac3 <unknown>

2025-05-04 22:08:21,285:INFO:Driver closed.
2025-05-04 22:08:21,286:INFO:Scraping completed. Total jobs: 90
2025-05-05 18:37:06,669:INFO:Initializing Extraction Process
2025-05-05 18:37:06,694:INFO:====== WebDriver manager ======
2025-05-05 18:37:09,741:INFO:Get LATEST chromedriver version for google-chrome
2025-05-05 18:37:10,710:INFO:Get LATEST chromedriver version for google-chrome
2025-05-05 18:37:10,748:INFO:Get LATEST chromedriver version for google-chrome
2025-05-05 18:37:10,865:INFO:WebDriver version 135.0.7049.114 selected
2025-05-05 18:37:10,871:INFO:Modern chrome version https://storage.googleapis.com/chrome-for-testing-public/135.0.7049.114/win32/chromedriver-win32.zip
2025-05-05 18:37:10,872:INFO:About to download new driver from https://storage.googleapis.com/chrome-for-testing-public/135.0.7049.114/win32/chromedriver-win32.zip
2025-05-05 18:37:11,462:INFO:Driver downloading response is 200
2025-05-05 18:37:12,688:INFO:Get LATEST chromedriver version for google-chrome
2025-05-05 18:37:13,021:INFO:Driver has been saved in cache [C:\Users\kaung\.wdm\drivers\chromedriver\win64\135.0.7049.114]
2025-05-05 18:37:15,304:INFO:Scraping page 1: https://sg.jobsdb.com/Software-Developer-jobs?page=1
2025-05-05 18:37:28,393:INFO:Scraping page 2: https://sg.jobsdb.com/Software-Developer-jobs?page=2
2025-05-05 18:37:36,164:INFO:Scraping page 3: https://sg.jobsdb.com/Software-Developer-jobs?page=3
2025-05-05 18:37:43,954:INFO:Scraping page 4: https://sg.jobsdb.com/Software-Developer-jobs?page=4
2025-05-05 18:37:51,708:INFO:Scraping page 5: https://sg.jobsdb.com/Software-Developer-jobs?page=5
2025-05-05 18:37:59,708:INFO:Scraping page 6: https://sg.jobsdb.com/Software-Developer-jobs?page=6
2025-05-05 18:38:07,603:INFO:Scraping page 7: https://sg.jobsdb.com/Software-Developer-jobs?page=7
2025-05-05 18:38:15,726:INFO:Scraping page 8: https://sg.jobsdb.com/Software-Developer-jobs?page=8
2025-05-05 18:38:23,854:INFO:Scraping page 9: https://sg.jobsdb.com/Software-Developer-jobs?page=9
2025-05-05 18:38:31,867:INFO:Scraping page 10: https://sg.jobsdb.com/Software-Developer-jobs?page=10
2025-05-05 18:38:42,017:INFO:Driver closed.
2025-05-05 18:38:42,018:INFO:Scraping completed. Total jobs: 150
2025-05-10 15:41:42,116:INFO:Initializing Extraction Process
2025-05-10 15:41:42,151:INFO:Initializing JobsDB Scraper
2025-05-10 15:42:57,920:INFO:Initializing Extraction Process
2025-05-10 15:42:57,925:INFO:Initializing JobsDB Scraper
2025-05-10 15:42:57,925:INFO:====== WebDriver manager ======
2025-05-10 15:43:00,068:INFO:Get LATEST chromedriver version for google-chrome
2025-05-10 15:43:00,194:INFO:Get LATEST chromedriver version for google-chrome
2025-05-10 15:43:00,230:INFO:There is no [win64] chromedriver "136.0.7103.92" for browser google-chrome "136.0.7103" in cache
2025-05-10 15:43:00,231:INFO:Get LATEST chromedriver version for google-chrome
2025-05-10 15:43:00,357:INFO:WebDriver version 136.0.7103.92 selected
2025-05-10 15:43:00,363:INFO:Modern chrome version https://storage.googleapis.com/chrome-for-testing-public/136.0.7103.92/win32/chromedriver-win32.zip
2025-05-10 15:43:00,363:INFO:About to download new driver from https://storage.googleapis.com/chrome-for-testing-public/136.0.7103.92/win32/chromedriver-win32.zip
2025-05-10 15:43:00,460:INFO:Driver downloading response is 200
2025-05-10 15:43:02,822:INFO:Get LATEST chromedriver version for google-chrome
2025-05-10 15:43:04,146:INFO:Driver has been saved in cache [C:\Users\kaung\.wdm\drivers\chromedriver\win64\136.0.7103.92]
2025-05-10 15:43:13,014:INFO:Driver closed.
2025-05-10 15:45:51,328:INFO:Initializing Extraction Process
2025-05-10 15:45:51,330:INFO:Initializing JobsDB Scraper
2025-05-10 15:45:51,330:INFO:====== WebDriver manager ======
2025-05-10 15:45:52,471:INFO:Get LATEST chromedriver version for google-chrome
2025-05-10 15:45:52,524:INFO:Get LATEST chromedriver version for google-chrome
2025-05-10 15:45:52,554:INFO:Driver [C:\Users\kaung\.wdm\drivers\chromedriver\win64\136.0.7103.92\chromedriver-win32/chromedriver.exe] found in cache
2025-05-10 15:46:01,879:INFO:Driver closed.
2025-05-10 15:49:47,599:INFO:Initializing Extraction Process
2025-05-10 15:49:47,601:INFO:Initializing JobsDB Scraper
2025-05-10 15:50:02,927:INFO:Initializing Extraction Process
2025-05-10 15:50:02,928:INFO:Initializing JobsDB Scraper
2025-05-10 15:50:40,910:INFO:Initializing Extraction Process
2025-05-10 15:50:40,915:INFO:Initializing JobsDB Scraper
2025-05-10 15:51:15,510:INFO:Initializing Extraction Process
2025-05-10 15:51:15,515:INFO:Initializing JobsDB Scraper
2025-05-10 15:51:35,205:INFO:Initializing Extraction Process
2025-05-10 15:51:35,210:INFO:Initializing JobsDB Scraper
2025-05-10 15:51:35,537:INFO:Total jobs found: 2766
2025-05-10 15:51:35,539:INFO:Scraped job from page 1: 100 jobs collected.
2025-05-10 15:51:37,595:INFO:Total jobs found: 2766
2025-05-10 15:51:37,596:INFO:Scraped job from page 2: 200 jobs collected.
2025-05-10 15:51:41,165:INFO:Total jobs found: 2766
2025-05-10 15:51:41,166:INFO:Scraped job from page 3: 300 jobs collected.
2025-05-10 15:51:45,118:INFO:Total jobs found: 2766
2025-05-10 15:51:45,120:INFO:Scraped job from page 4: 400 jobs collected.
2025-05-10 15:51:47,184:INFO:Total jobs found: 2766
2025-05-10 15:51:47,186:INFO:Scraped job from page 5: 500 jobs collected.
2025-05-10 15:51:51,105:INFO:Total jobs found: 2766
2025-05-10 15:51:51,107:INFO:Scraped job from page 6: 600 jobs collected.
2025-05-10 15:51:54,060:INFO:Total jobs found: 2766
2025-05-10 15:51:54,062:INFO:Scraped job from page 7: 700 jobs collected.
2025-05-10 15:51:56,379:INFO:Total jobs found: 2766
2025-05-10 15:51:56,380:INFO:Scraped job from page 8: 800 jobs collected.
2025-05-10 15:51:59,129:INFO:Total jobs found: 2766
2025-05-10 15:51:59,130:INFO:Scraped job from page 9: 900 jobs collected.
2025-05-10 15:52:00,751:INFO:Total jobs found: 2766
2025-05-10 15:52:00,752:INFO:Scraped job from page 10: 1000 jobs collected.
2025-05-10 15:52:03,822:INFO:Total jobs found: 2766
2025-05-10 15:52:03,823:INFO:Scraped job from page 11: 1100 jobs collected.
2025-05-10 15:52:06,380:INFO:Total jobs found: 2766
2025-05-10 15:52:06,381:INFO:Scraped job from page 12: 1200 jobs collected.
2025-05-10 15:52:08,900:INFO:Total jobs found: 2766
2025-05-10 15:52:08,902:INFO:Scraped job from page 13: 1300 jobs collected.
2025-05-10 15:52:12,511:INFO:Total jobs found: 2766
2025-05-10 15:52:12,512:INFO:Scraped job from page 14: 1400 jobs collected.
2025-05-10 15:52:14,751:INFO:Total jobs found: 2766
2025-05-10 15:52:14,752:INFO:Scraped job from page 15: 1500 jobs collected.
2025-05-10 15:52:18,878:INFO:Total jobs found: 2766
2025-05-10 15:52:18,879:INFO:Scraped job from page 16: 1600 jobs collected.
2025-05-10 15:52:20,590:INFO:Total jobs found: 2766
2025-05-10 15:52:20,591:INFO:Scraped job from page 17: 1700 jobs collected.
2025-05-10 15:52:22,789:INFO:Total jobs found: 2766
2025-05-10 15:52:22,790:INFO:Scraped job from page 18: 1800 jobs collected.
2025-05-10 15:52:24,645:INFO:Total jobs found: 2766
2025-05-10 15:52:24,646:INFO:Scraped job from page 19: 1900 jobs collected.
2025-05-10 15:52:27,048:INFO:Total jobs found: 2766
2025-05-10 15:52:27,049:INFO:Scraped job from page 20: 2000 jobs collected.
2025-05-10 15:52:29,362:INFO:Total jobs found: 2766
2025-05-10 15:52:29,363:INFO:Scraped job from page 21: 2100 jobs collected.
2025-05-10 15:52:31,041:INFO:Total jobs found: 2766
2025-05-10 15:52:31,043:INFO:Scraped job from page 22: 2200 jobs collected.
2025-05-10 15:52:34,567:INFO:Total jobs found: 2766
2025-05-10 15:52:34,568:INFO:Scraped job from page 23: 2300 jobs collected.
2025-05-10 15:52:36,729:INFO:Total jobs found: 2766
2025-05-10 15:52:36,730:INFO:Scraped job from page 24: 2400 jobs collected.
2025-05-10 15:52:40,891:INFO:Total jobs found: 2766
2025-05-10 15:52:40,893:INFO:Scraped job from page 25: 2500 jobs collected.
2025-05-10 15:52:43,353:INFO:Total jobs found: 2766
2025-05-10 15:52:43,355:INFO:Scraped job from page 26: 2600 jobs collected.
2025-05-10 15:52:47,562:INFO:Total jobs found: 2766
2025-05-10 15:52:47,563:INFO:Scraped job from page 27: 2700 jobs collected.
2025-05-10 15:52:50,590:INFO:Total jobs found: 2766
2025-05-10 15:52:50,592:INFO:Scraped job from page 28: 2766 jobs collected.
2025-05-10 15:52:52,529:INFO:Total jobs found: 2766
2025-05-10 15:52:52,530:INFO:No more jobs found on page 29. Ending scrape.
2025-05-10 15:52:52,530:INFO:Scraping completed. Total jobs scraped: 2766
2025-05-10 15:59:59,255:INFO:Initializing Extraction Process
2025-05-10 15:59:59,260:INFO:Initializing JobsDB Scraper
2025-05-10 16:00:00,100:INFO:Total jobs found: 2766
2025-05-10 16:01:40,108:INFO:Initializing Extraction Process
2025-05-10 16:01:40,127:INFO:Initializing JobsDB Scraper
2025-05-10 16:01:40,442:INFO:Total jobs found: 2766
2025-05-10 16:01:40,444:INFO:Scraped job from page 1: 100 jobs collected.
2025-05-10 16:01:44,459:INFO:Total jobs found: 2766
2025-05-10 16:01:44,461:INFO:Scraped job from page 2: 200 jobs collected.
2025-05-10 16:01:46,531:INFO:Total jobs found: 2766
2025-05-10 16:01:46,532:INFO:Scraped job from page 3: 300 jobs collected.
2025-05-10 16:01:50,459:INFO:Total jobs found: 2766
2025-05-10 16:01:50,460:INFO:Scraped job from page 4: 400 jobs collected.
2025-05-10 16:01:51,829:INFO:Total jobs found: 2766
2025-05-10 16:01:51,831:INFO:Scraped job from page 5: 500 jobs collected.
2025-05-10 16:01:55,904:INFO:Total jobs found: 2766
2025-05-10 16:01:55,905:INFO:Scraped job from page 6: 600 jobs collected.
2025-05-10 16:01:59,501:INFO:Total jobs found: 2766
2025-05-10 16:01:59,502:INFO:Scraped job from page 7: 700 jobs collected.
2025-05-10 16:02:01,508:INFO:Total jobs found: 2766
2025-05-10 16:02:01,508:INFO:Scraped job from page 8: 800 jobs collected.
2025-05-10 16:02:04,785:INFO:Total jobs found: 2766
2025-05-10 16:02:04,786:INFO:Scraped job from page 9: 900 jobs collected.
2025-05-10 16:02:07,324:INFO:Total jobs found: 2766
2025-05-10 16:02:07,326:INFO:Scraped job from page 10: 1000 jobs collected.
2025-05-10 16:02:11,474:INFO:Total jobs found: 2766
2025-05-10 16:02:11,476:INFO:Scraped job from page 11: 1100 jobs collected.
2025-05-10 16:02:13,785:INFO:Total jobs found: 2766
2025-05-10 16:02:13,786:INFO:Scraped job from page 12: 1200 jobs collected.
2025-05-10 16:02:15,991:INFO:Total jobs found: 2766
2025-05-10 16:02:15,992:INFO:Scraped job from page 13: 1300 jobs collected.
2025-05-10 16:02:19,134:INFO:Total jobs found: 2766
2025-05-10 16:02:19,135:INFO:Scraped job from page 14: 1400 jobs collected.
2025-05-10 16:02:22,647:INFO:Total jobs found: 2766
2025-05-10 16:02:22,648:INFO:Scraped job from page 15: 1500 jobs collected.
2025-05-10 16:02:24,615:INFO:Total jobs found: 2766
2025-05-10 16:02:24,616:INFO:Scraped job from page 16: 1600 jobs collected.
2025-05-10 16:02:28,531:INFO:Total jobs found: 2766
2025-05-10 16:02:28,533:INFO:Scraped job from page 17: 1700 jobs collected.
2025-05-10 16:02:30,818:INFO:Total jobs found: 2766
2025-05-10 16:02:30,820:INFO:Scraped job from page 18: 1800 jobs collected.
2025-05-10 16:02:32,935:INFO:Total jobs found: 2766
2025-05-10 16:02:32,936:INFO:Scraped job from page 19: 1900 jobs collected.
2025-05-10 16:02:36,866:INFO:Total jobs found: 2766
2025-05-10 16:02:36,868:INFO:Scraped job from page 20: 2000 jobs collected.
2025-05-10 16:02:40,082:INFO:Total jobs found: 2766
2025-05-10 16:02:40,083:INFO:Scraped job from page 21: 2100 jobs collected.
2025-05-10 16:02:42,256:INFO:Total jobs found: 2766
2025-05-10 16:02:42,257:INFO:Scraped job from page 22: 2200 jobs collected.
2025-05-10 16:02:46,104:INFO:Total jobs found: 2766
2025-05-10 16:02:46,106:INFO:Scraped job from page 23: 2300 jobs collected.
2025-05-10 16:02:49,823:INFO:Total jobs found: 2766
2025-05-10 16:02:49,824:INFO:Scraped job from page 24: 2400 jobs collected.
2025-05-10 16:02:52,505:INFO:Total jobs found: 2766
2025-05-10 16:02:52,506:INFO:Scraped job from page 25: 2500 jobs collected.
2025-05-10 16:02:54,521:INFO:Total jobs found: 2766
2025-05-10 16:02:54,522:INFO:Scraped job from page 26: 2600 jobs collected.
2025-05-10 16:02:57,358:INFO:Total jobs found: 2766
2025-05-10 16:02:57,359:INFO:Scraped job from page 27: 2700 jobs collected.
2025-05-10 16:02:58,914:INFO:Total jobs found: 2766
2025-05-10 16:02:58,916:INFO:Scraped job from page 28: 2766 jobs collected.
2025-05-10 16:03:00,731:INFO:Total jobs found: 2766
2025-05-10 16:03:00,731:INFO:No more jobs found on page 29. Ending scrape.
2025-05-10 16:03:00,732:INFO:Scraping completed. Total jobs scraped: 2766
2025-05-10 16:05:10,940:INFO:Initializing Extraction Process
2025-05-10 16:05:10,942:INFO:Initializing JobsDB Scraper
2025-05-10 16:05:11,216:INFO:Total jobs found: 2766
2025-05-10 16:05:11,216:INFO:Scraped job from page 1: 100 jobs collected.
2025-05-10 16:05:14,246:INFO:Total jobs found: 2766
2025-05-10 16:05:14,247:INFO:Scraped job from page 2: 200 jobs collected.
2025-05-10 16:05:17,378:INFO:Total jobs found: 2766
2025-05-10 16:05:17,380:INFO:Scraped job from page 3: 300 jobs collected.
2025-05-10 16:05:20,093:INFO:Total jobs found: 2766
2025-05-10 16:05:20,094:INFO:Scraped job from page 4: 400 jobs collected.
2025-05-10 16:05:21,745:INFO:Total jobs found: 2766
2025-05-10 16:05:21,747:INFO:Scraped job from page 5: 500 jobs collected.
2025-05-10 16:05:23,570:INFO:Total jobs found: 2766
2025-05-10 16:05:23,571:INFO:Scraped job from page 6: 600 jobs collected.
2025-05-10 16:05:27,428:INFO:Total jobs found: 2766
2025-05-10 16:05:27,429:INFO:Scraped job from page 7: 700 jobs collected.
2025-05-10 16:05:29,871:INFO:Total jobs found: 2766
2025-05-10 16:05:29,872:INFO:Scraped job from page 8: 800 jobs collected.
2025-05-10 16:05:33,450:INFO:Total jobs found: 2766
2025-05-10 16:05:33,452:INFO:Scraped job from page 9: 900 jobs collected.
2025-05-10 16:05:36,407:INFO:Total jobs found: 2766
2025-05-10 16:05:36,408:INFO:Scraped job from page 10: 1000 jobs collected.
2025-05-10 16:05:40,029:INFO:Total jobs found: 2766
2025-05-10 16:05:40,030:INFO:Scraped job from page 11: 1100 jobs collected.
2025-05-10 16:05:43,274:INFO:Total jobs found: 2766
2025-05-10 16:05:43,275:INFO:Scraped job from page 12: 1200 jobs collected.
2025-05-10 16:05:45,472:INFO:Total jobs found: 2766
2025-05-10 16:05:45,473:INFO:Scraped job from page 13: 1300 jobs collected.
2025-05-10 16:05:49,107:INFO:Total jobs found: 2766
2025-05-10 16:05:49,108:INFO:Scraped job from page 14: 1400 jobs collected.
2025-05-10 16:05:53,039:INFO:Total jobs found: 2766
2025-05-10 16:05:53,041:INFO:Scraped job from page 15: 1500 jobs collected.
2025-05-10 16:05:54,670:INFO:Total jobs found: 2766
2025-05-10 16:05:54,671:INFO:Scraped job from page 16: 1600 jobs collected.
2025-05-10 16:05:56,496:INFO:Total jobs found: 2766
2025-05-10 16:05:56,498:INFO:Scraped job from page 17: 1700 jobs collected.
2025-05-10 16:06:00,738:INFO:Total jobs found: 2766
2025-05-10 16:06:00,740:INFO:Scraped job from page 18: 1800 jobs collected.
2025-05-10 16:06:03,105:INFO:Total jobs found: 2766
2025-05-10 16:06:03,107:INFO:Scraped job from page 19: 1900 jobs collected.
2025-05-10 16:06:04,527:INFO:Total jobs found: 2766
2025-05-10 16:06:04,529:INFO:Scraped job from page 20: 2000 jobs collected.
2025-05-10 16:06:07,040:INFO:Total jobs found: 2766
2025-05-10 16:06:07,041:INFO:Scraped job from page 21: 2100 jobs collected.
2025-05-10 16:06:09,857:INFO:Total jobs found: 2766
2025-05-10 16:06:09,859:INFO:Scraped job from page 22: 2200 jobs collected.
2025-05-10 16:06:13,871:INFO:Total jobs found: 2766
2025-05-10 16:06:13,872:INFO:Scraped job from page 23: 2300 jobs collected.
2025-05-10 16:06:16,857:INFO:Total jobs found: 2766
2025-05-10 16:06:16,859:INFO:Scraped job from page 24: 2400 jobs collected.
2025-05-10 16:06:20,695:INFO:Total jobs found: 2766
2025-05-10 16:06:20,696:INFO:Scraped job from page 25: 2500 jobs collected.
2025-05-10 16:06:23,032:INFO:Total jobs found: 2766
2025-05-10 16:06:23,034:INFO:Scraped job from page 26: 2600 jobs collected.
2025-05-10 16:06:24,890:INFO:Total jobs found: 2766
2025-05-10 16:06:24,891:INFO:Scraped job from page 27: 2700 jobs collected.
2025-05-10 16:06:28,576:INFO:Total jobs found: 2766
2025-05-10 16:06:28,578:INFO:Scraped job from page 28: 2766 jobs collected.
2025-05-10 16:06:30,945:INFO:Total jobs found: 2766
2025-05-10 16:06:30,946:INFO:No more jobs found on page 29. Ending scrape.
2025-05-10 16:06:30,946:INFO:Scraping completed. Total jobs scraped: 2766
2025-05-10 16:12:35,095:INFO:Initializing Extraction Process
2025-05-10 16:12:35,100:INFO:Initializing Extraction Process
2025-05-10 16:12:35,921:INFO:Total jobs found: 2766
2025-05-10 16:12:35,921:INFO:Scraped job from page 1: 100 jobs collected.
2025-05-10 16:12:37,244:INFO:Total jobs found: 2766
2025-05-10 16:12:37,244:INFO:Scraped job from page 2: 200 jobs collected.
2025-05-10 16:12:41,260:INFO:Total jobs found: 2766
2025-05-10 16:12:41,261:INFO:Scraped job from page 3: 300 jobs collected.
2025-05-10 16:12:42,805:INFO:Total jobs found: 2766
2025-05-10 16:12:42,807:INFO:Scraped job from page 4: 400 jobs collected.
2025-05-10 16:12:44,356:INFO:Total jobs found: 2766
2025-05-10 16:12:44,358:INFO:Scraped job from page 5: 500 jobs collected.
2025-05-10 16:12:47,043:INFO:Total jobs found: 2766
2025-05-10 16:12:47,044:INFO:Scraped job from page 6: 600 jobs collected.
2025-05-10 16:12:50,108:INFO:Total jobs found: 2766
2025-05-10 16:12:50,109:INFO:Scraped job from page 7: 700 jobs collected.
2025-05-10 16:12:54,649:INFO:Total jobs found: 2766
2025-05-10 16:12:54,651:INFO:Scraped job from page 8: 800 jobs collected.
2025-05-10 16:12:58,096:INFO:Total jobs found: 2766
2025-05-10 16:12:58,098:INFO:Scraped job from page 9: 900 jobs collected.
2025-05-10 16:12:59,395:INFO:Total jobs found: 2766
2025-05-10 16:12:59,396:INFO:Scraped job from page 10: 1000 jobs collected.
2025-05-10 16:13:03,433:INFO:Total jobs found: 2766
2025-05-10 16:13:03,434:INFO:Scraped job from page 11: 1100 jobs collected.
2025-05-10 16:13:05,206:INFO:Total jobs found: 2766
2025-05-10 16:13:05,208:INFO:Scraped job from page 12: 1200 jobs collected.
2025-05-10 16:13:06,842:INFO:Total jobs found: 2766
2025-05-10 16:13:06,844:INFO:Scraped job from page 13: 1300 jobs collected.
2025-05-10 16:13:09,432:INFO:Total jobs found: 2766
2025-05-10 16:13:09,434:INFO:Scraped job from page 14: 1400 jobs collected.
2025-05-10 16:13:12,753:INFO:Total jobs found: 2766
2025-05-10 16:13:12,754:INFO:Scraped job from page 15: 1500 jobs collected.
2025-05-10 16:13:16,169:INFO:Total jobs found: 2766
2025-05-10 16:13:16,170:INFO:Scraped job from page 16: 1600 jobs collected.
2025-05-10 16:13:20,066:INFO:Total jobs found: 2766
2025-05-10 16:13:20,068:INFO:Scraped job from page 17: 1700 jobs collected.
2025-05-10 16:13:22,713:INFO:Total jobs found: 2766
2025-05-10 16:13:22,714:INFO:Scraped job from page 18: 1800 jobs collected.
2025-05-10 16:13:26,489:INFO:Total jobs found: 2766
2025-05-10 16:13:26,491:INFO:Scraped job from page 19: 1900 jobs collected.
2025-05-10 16:13:29,351:INFO:Total jobs found: 2766
2025-05-10 16:13:29,352:INFO:Scraped job from page 20: 2000 jobs collected.
2025-05-10 16:13:30,865:INFO:Total jobs found: 2766
2025-05-10 16:13:30,866:INFO:Scraped job from page 21: 2100 jobs collected.
2025-05-10 16:13:34,270:INFO:Total jobs found: 2766
2025-05-10 16:13:34,272:INFO:Scraped job from page 22: 2200 jobs collected.
2025-05-10 16:13:35,596:INFO:Total jobs found: 2766
2025-05-10 16:13:35,597:INFO:Scraped job from page 23: 2300 jobs collected.
2025-05-10 16:13:37,791:INFO:Total jobs found: 2766
2025-05-10 16:13:37,792:INFO:Scraped job from page 24: 2400 jobs collected.
2025-05-10 16:13:39,368:INFO:Total jobs found: 2766
2025-05-10 16:13:39,369:INFO:Scraped job from page 25: 2500 jobs collected.
2025-05-10 16:13:43,237:INFO:Total jobs found: 2766
2025-05-10 16:13:43,238:INFO:Scraped job from page 26: 2600 jobs collected.
2025-05-10 16:13:45,425:INFO:Total jobs found: 2766
2025-05-10 16:13:45,427:INFO:Scraped job from page 27: 2700 jobs collected.
2025-05-10 16:13:48,548:INFO:Total jobs found: 2766
2025-05-10 16:13:48,549:INFO:Scraped job from page 28: 2766 jobs collected.
2025-05-10 16:13:51,162:INFO:Total jobs found: 2766
2025-05-10 16:13:51,162:INFO:No more jobs found on page 29. Ending scrape.
2025-05-10 16:13:51,163:INFO:Scraping completed. Total jobs scraped: 2766
2025-05-10 16:16:58,252:INFO:Initializing Extraction Process
2025-05-10 16:16:58,257:INFO:Initializing JobsDB Scraper
2025-05-10 16:16:58,257:INFO:Initializing JobsDB Scraper
2025-05-10 16:16:59,067:INFO:Total jobs found: 2765
2025-05-10 16:16:59,068:INFO:Scraped job from page 1: 100 jobs collected.
2025-05-10 16:17:02,568:INFO:Total jobs found: 2765
2025-05-10 16:17:02,570:INFO:Scraped job from page 2: 200 jobs collected.
2025-05-10 16:17:06,795:INFO:Total jobs found: 2765
2025-05-10 16:17:06,796:INFO:Scraped job from page 3: 300 jobs collected.
2025-05-10 16:17:10,332:INFO:Total jobs found: 2765
2025-05-10 16:17:10,333:INFO:Scraped job from page 4: 400 jobs collected.
2025-05-10 16:17:12,104:INFO:Total jobs found: 2765
2025-05-10 16:17:12,104:INFO:Scraped job from page 5: 500 jobs collected.
2025-05-10 16:17:16,141:INFO:Total jobs found: 2764
2025-05-10 16:17:16,143:INFO:Scraped job from page 6: 600 jobs collected.
2025-05-10 16:17:19,675:INFO:Total jobs found: 2764
2025-05-10 16:17:19,676:INFO:Scraped job from page 7: 700 jobs collected.
2025-05-10 16:17:23,921:INFO:Total jobs found: 2764
2025-05-10 16:17:23,923:INFO:Scraped job from page 8: 800 jobs collected.
2025-05-10 16:17:25,886:INFO:Total jobs found: 2764
2025-05-10 16:17:25,888:INFO:Scraped job from page 9: 900 jobs collected.
2025-05-10 16:17:30,321:INFO:Total jobs found: 2764
2025-05-10 16:17:30,322:INFO:Scraped job from page 10: 1000 jobs collected.
2025-05-10 16:17:33,547:INFO:Total jobs found: 2764
2025-05-10 16:17:33,548:INFO:Scraped job from page 11: 1100 jobs collected.
2025-05-10 16:17:36,436:INFO:Total jobs found: 2764
2025-05-10 16:17:36,437:INFO:Scraped job from page 12: 1200 jobs collected.
2025-05-10 16:17:38,688:INFO:Total jobs found: 2764
2025-05-10 16:17:38,689:INFO:Scraped job from page 13: 1300 jobs collected.
2025-05-10 16:17:42,734:INFO:Total jobs found: 2764
2025-05-10 16:17:42,736:INFO:Scraped job from page 14: 1400 jobs collected.
2025-05-10 16:17:46,980:INFO:Total jobs found: 2764
2025-05-10 16:17:46,982:INFO:Scraped job from page 15: 1500 jobs collected.
2025-05-10 16:17:50,351:INFO:Total jobs found: 2764
2025-05-10 16:17:50,352:INFO:Scraped job from page 16: 1600 jobs collected.
2025-05-10 16:17:53,676:INFO:Total jobs found: 2764
2025-05-10 16:17:53,677:INFO:Scraped job from page 17: 1700 jobs collected.
2025-05-10 16:17:56,486:INFO:Total jobs found: 2764
2025-05-10 16:17:56,488:INFO:Scraped job from page 18: 1800 jobs collected.
2025-05-10 16:17:59,296:INFO:Total jobs found: 2764
2025-05-10 16:17:59,297:INFO:Scraped job from page 19: 1900 jobs collected.
2025-05-10 16:18:03,496:INFO:Total jobs found: 2764
2025-05-10 16:18:03,497:INFO:Scraped job from page 20: 2000 jobs collected.
2025-05-10 16:18:07,749:INFO:Total jobs found: 2764
2025-05-10 16:18:07,750:INFO:Scraped job from page 21: 2100 jobs collected.
2025-05-10 16:18:10,659:INFO:Total jobs found: 2764
2025-05-10 16:18:10,660:INFO:Scraped job from page 22: 2200 jobs collected.
2025-05-10 16:18:15,115:INFO:Total jobs found: 2764
2025-05-10 16:18:15,116:INFO:Scraped job from page 23: 2300 jobs collected.
2025-05-10 16:18:17,580:INFO:Total jobs found: 2764
2025-05-10 16:18:17,581:INFO:Scraped job from page 24: 2400 jobs collected.
2025-05-10 16:18:20,721:INFO:Total jobs found: 2764
2025-05-10 16:18:20,723:INFO:Scraped job from page 25: 2500 jobs collected.
2025-05-10 16:18:26,332:INFO:Total jobs found: 2764
2025-05-10 16:18:26,334:INFO:Scraped job from page 26: 2600 jobs collected.
2025-05-10 16:18:29,199:INFO:Total jobs found: 2764
2025-05-10 16:18:29,200:INFO:Scraped job from page 27: 2700 jobs collected.
2025-05-10 16:18:31,301:INFO:Total jobs found: 2764
2025-05-10 16:18:31,302:INFO:Scraped job from page 28: 2764 jobs collected.
2025-05-10 16:18:34,871:INFO:Total jobs found: 2764
2025-05-10 16:18:34,872:INFO:No more jobs found on page 29. Ending scrape.
2025-05-10 16:18:34,872:INFO:Scraping completed. Total jobs scraped: 2764
2025-05-10 16:28:30,986:INFO:Initializing Extraction Process
2025-05-10 16:28:30,992:INFO:Initializing JobsDB Scraper
2025-05-10 16:28:31,278:INFO:Total jobs found: 2764
2025-05-10 16:28:31,278:INFO:Scraped job from page 1: 100 jobs collected.
2025-05-10 16:28:35,484:INFO:Total jobs found: 2764
2025-05-10 16:28:35,484:INFO:Scraped job from page 2: 200 jobs collected.
2025-05-10 16:28:37,462:INFO:Total jobs found: 2764
2025-05-10 16:28:37,462:INFO:Scraped job from page 3: 300 jobs collected.
2025-05-10 16:28:38,860:INFO:Total jobs found: 2764
2025-05-10 16:28:38,860:INFO:Scraped job from page 4: 400 jobs collected.
2025-05-10 16:28:42,381:INFO:Total jobs found: 2764
2025-05-10 16:28:42,381:INFO:Scraped job from page 5: 500 jobs collected.
2025-05-10 16:28:44,758:INFO:Total jobs found: 2764
2025-05-10 16:28:44,759:INFO:Scraped job from page 6: 600 jobs collected.
2025-05-10 16:28:48,094:INFO:Total jobs found: 2764
2025-05-10 16:28:48,096:INFO:Scraped job from page 7: 700 jobs collected.
2025-05-10 16:28:49,423:INFO:Total jobs found: 2764
2025-05-10 16:28:49,424:INFO:Scraped job from page 8: 800 jobs collected.
2025-05-10 16:28:50,868:INFO:Total jobs found: 2764
2025-05-10 16:28:50,869:INFO:Scraped job from page 9: 900 jobs collected.
2025-05-10 16:28:53,541:INFO:Total jobs found: 2764
2025-05-10 16:28:53,543:INFO:Scraped job from page 10: 1000 jobs collected.
2025-05-10 16:28:57,613:INFO:Total jobs found: 2764
2025-05-10 16:28:57,613:INFO:Scraped job from page 11: 1100 jobs collected.
2025-05-10 16:29:00,268:INFO:Total jobs found: 2764
2025-05-10 16:29:00,269:INFO:Scraped job from page 12: 1200 jobs collected.
2025-05-10 16:29:03,324:INFO:Total jobs found: 2764
2025-05-10 16:29:03,325:INFO:Scraped job from page 13: 1300 jobs collected.
2025-05-10 16:29:06,890:INFO:Total jobs found: 2764
2025-05-10 16:29:06,891:INFO:Scraped job from page 14: 1400 jobs collected.
2025-05-10 16:29:09,216:INFO:Total jobs found: 2764
2025-05-10 16:29:09,218:INFO:Scraped job from page 15: 1500 jobs collected.
2025-05-10 16:29:11,052:INFO:Total jobs found: 2764
2025-05-10 16:29:11,053:INFO:Scraped job from page 16: 1600 jobs collected.
2025-05-10 16:29:15,329:INFO:Total jobs found: 2764
2025-05-10 16:29:15,331:INFO:Scraped job from page 17: 1700 jobs collected.
2025-05-10 16:29:17,689:INFO:Total jobs found: 2764
2025-05-10 16:29:17,689:INFO:Scraped job from page 18: 1800 jobs collected.
2025-05-10 16:29:21,167:INFO:Total jobs found: 2764
2025-05-10 16:29:21,168:INFO:Scraped job from page 19: 1900 jobs collected.
2025-05-10 16:29:23,962:INFO:Total jobs found: 2764
2025-05-10 16:29:23,962:INFO:Scraped job from page 20: 2000 jobs collected.
2025-05-10 16:29:28,379:INFO:Total jobs found: 2764
2025-05-10 16:29:28,380:INFO:Scraped job from page 21: 2100 jobs collected.
2025-05-10 16:29:31,029:INFO:Total jobs found: 2764
2025-05-10 16:29:31,031:INFO:Scraped job from page 22: 2200 jobs collected.
2025-05-10 16:29:32,468:INFO:Total jobs found: 2764
2025-05-10 16:29:32,481:INFO:Scraped job from page 23: 2300 jobs collected.
2025-05-10 16:29:33,939:INFO:Total jobs found: 2764
2025-05-10 16:29:33,940:INFO:Scraped job from page 24: 2400 jobs collected.
2025-05-10 16:29:36,650:INFO:Total jobs found: 2764
2025-05-10 16:29:36,651:INFO:Scraped job from page 25: 2500 jobs collected.
2025-05-10 16:29:39,748:INFO:Total jobs found: 2764
2025-05-10 16:29:39,748:INFO:Scraped job from page 26: 2600 jobs collected.
2025-05-10 16:29:43,927:INFO:Total jobs found: 2764
2025-05-10 16:29:43,927:INFO:Scraped job from page 27: 2700 jobs collected.
2025-05-10 16:29:47,709:INFO:Total jobs found: 2764
2025-05-10 16:29:47,710:INFO:Scraped job from page 28: 2764 jobs collected.
2025-05-10 16:29:51,450:INFO:Total jobs found: 2764
2025-05-10 16:29:51,451:INFO:No more jobs found on page 29. Ending scrape.
2025-05-10 16:29:51,451:INFO:Scraping completed. Total jobs scraped: 2764
2025-05-10 16:31:01,033:INFO:Initializing Extraction Process
2025-05-10 16:31:01,037:INFO:Initializing Extraction Process
2025-05-10 16:31:01,449:INFO:Total jobs found: 2764
2025-05-10 16:31:01,450:INFO:Scraped job from page 1: 100 jobs collected.
2025-05-10 16:31:04,728:INFO:Total jobs found: 2764
2025-05-10 16:31:04,729:INFO:Scraped job from page 2: 200 jobs collected.
2025-05-10 16:31:08,759:INFO:Total jobs found: 2764
2025-05-10 16:31:08,760:INFO:Scraped job from page 3: 300 jobs collected.
2025-05-10 16:31:10,600:INFO:Total jobs found: 2764
2025-05-10 16:31:10,602:INFO:Scraped job from page 4: 400 jobs collected.
2025-05-10 16:31:15,666:INFO:Total jobs found: 2764
2025-05-10 16:31:15,668:INFO:Scraped job from page 5: 500 jobs collected.
2025-05-10 16:31:18,005:INFO:Total jobs found: 2764
2025-05-10 16:31:18,005:INFO:Scraped job from page 6: 600 jobs collected.
2025-05-10 16:31:21,524:INFO:Total jobs found: 2764
2025-05-10 16:31:21,526:INFO:Scraped job from page 7: 700 jobs collected.
2025-05-10 16:31:24,098:INFO:Total jobs found: 2764
2025-05-10 16:31:24,100:INFO:Scraped job from page 8: 800 jobs collected.
2025-05-10 16:31:27,929:INFO:Total jobs found: 2764
2025-05-10 16:31:27,930:INFO:Scraped job from page 9: 900 jobs collected.
2025-05-10 16:31:31,055:INFO:Total jobs found: 2764
2025-05-10 16:31:31,057:INFO:Scraped job from page 10: 1000 jobs collected.
2025-05-10 16:31:33,800:INFO:Total jobs found: 2764
2025-05-10 16:31:33,801:INFO:Scraped job from page 11: 1100 jobs collected.
2025-05-10 16:31:37,754:INFO:Total jobs found: 2764
2025-05-10 16:31:37,755:INFO:Scraped job from page 12: 1200 jobs collected.
2025-05-10 16:31:39,240:INFO:Total jobs found: 2764
2025-05-10 16:31:39,241:INFO:Scraped job from page 13: 1300 jobs collected.
2025-05-10 16:31:42,125:INFO:Total jobs found: 2764
2025-05-10 16:31:42,126:INFO:Scraped job from page 14: 1400 jobs collected.
2025-05-10 16:31:45,844:INFO:Total jobs found: 2764
2025-05-10 16:31:45,845:INFO:Scraped job from page 15: 1500 jobs collected.
2025-05-10 16:31:47,169:INFO:Total jobs found: 2764
2025-05-10 16:31:47,171:INFO:Scraped job from page 16: 1600 jobs collected.
2025-05-10 16:31:48,865:INFO:Total jobs found: 2764
2025-05-10 16:31:48,866:INFO:Scraped job from page 17: 1700 jobs collected.
2025-05-10 16:31:51,112:INFO:Total jobs found: 2764
2025-05-10 16:31:51,113:INFO:Scraped job from page 18: 1800 jobs collected.
2025-05-10 16:31:53,579:INFO:Total jobs found: 2764
2025-05-10 16:31:53,580:INFO:Scraped job from page 19: 1900 jobs collected.
2025-05-10 16:31:55,989:INFO:Total jobs found: 2764
2025-05-10 16:31:55,990:INFO:Scraped job from page 20: 2000 jobs collected.
2025-05-10 16:31:57,341:INFO:Total jobs found: 2764
2025-05-10 16:31:57,342:INFO:Scraped job from page 21: 2100 jobs collected.
2025-05-10 16:32:00,836:INFO:Total jobs found: 2764
2025-05-10 16:32:00,837:INFO:Scraped job from page 22: 2200 jobs collected.
2025-05-10 16:32:04,025:INFO:Total jobs found: 2764
2025-05-10 16:32:04,026:INFO:Scraped job from page 23: 2300 jobs collected.
2025-05-10 16:32:07,047:INFO:Total jobs found: 2764
2025-05-10 16:32:07,048:INFO:Scraped job from page 24: 2400 jobs collected.
2025-05-10 16:32:09,696:INFO:Total jobs found: 2764
2025-05-10 16:32:09,697:INFO:Scraped job from page 25: 2500 jobs collected.
2025-05-10 16:32:13,034:INFO:Total jobs found: 2764
2025-05-10 16:32:13,036:INFO:Scraped job from page 26: 2600 jobs collected.
2025-05-10 16:32:16,494:INFO:Total jobs found: 2764
2025-05-10 16:32:16,496:INFO:Scraped job from page 27: 2700 jobs collected.
2025-05-10 16:32:19,505:INFO:Total jobs found: 2764
2025-05-10 16:32:19,506:INFO:Scraped job from page 28: 2764 jobs collected.
2025-05-10 16:32:22,270:INFO:Total jobs found: 2764
2025-05-10 16:32:22,270:INFO:No more jobs found on page 29. Ending scrape.
2025-05-10 16:32:22,271:INFO:Scraping completed. Total jobs scraped: 27642025-05-10 23:03:28,064 - utils.jobnetmm - INFO - Login Successful! Dashboard loaded.
2025-05-10 23:03:30,959 - utils.jobnetmm - INFO - Redirected to jobs page
2025-05-10 23:03:32,688 - utils.jobnetmm - INFO - Page 1: Scraped. 30 jobs.
2025-05-10 23:03:38,844 - utils.jobnetmm - INFO - Page 2: Scraped. 60 jobs.
2025-05-10 23:03:45,024 - utils.jobnetmm - INFO - Page 3: Scraped. 90 jobs.
2025-05-10 23:03:50,821 - utils.jobnetmm - INFO - Page 4: Scraped. 120 jobs.
2025-05-10 23:03:55,510 - utils.jobnetmm - INFO - Page 5: Scraped. 134 jobs.
2025-05-10 23:03:55,550 - utils.jobnetmm - INFO - No more pages to scrape.
2025-05-10 23:03:56,638 - utils.jobnetmm - INFO - Driver closed.
2025-05-10 23:03:56,638 - utils.jobnetmm - INFO - Total jobs scraped: 134
