2025-05-17 14:28:12,354 - utils.jobstreetmalay - INFO - Fetched page 1 with 100 jobs.
2025-05-17 14:28:14,452 - utils.jobstreetmalay - INFO - Fetched page 2 with 100 jobs.
2025-05-17 14:28:17,490 - utils.jobstreetmalay - INFO - Fetched page 3 with 100 jobs.
2025-05-17 14:28:21,415 - utils.jobstreetmalay - INFO - Fetched page 4 with 100 jobs.
2025-05-17 14:28:24,377 - utils.jobstreetmalay - INFO - Fetched page 5 with 100 jobs.
2025-05-17 14:28:26,663 - utils.jobstreetmalay - INFO - Fetched page 6 with 100 jobs.
2025-05-17 14:28:31,171 - utils.jobstreetmalay - INFO - Fetched page 7 with 100 jobs.
2025-05-17 14:28:33,935 - utils.jobstreetmalay - INFO - Fetched page 8 with 100 jobs.
2025-05-17 14:28:35,666 - utils.jobstreetmalay - INFO - Fetched page 9 with 100 jobs.
2025-05-17 14:28:38,917 - utils.jobstreetmalay - INFO - Fetched page 10 with 100 jobs.
2025-05-17 14:28:41,994 - utils.jobstreetmalay - INFO - Fetched page 11 with 100 jobs.
2025-05-17 14:28:45,592 - utils.jobstreetmalay - INFO - Fetched page 12 with 100 jobs.
2025-05-17 14:28:47,782 - utils.jobstreetmalay - INFO - Fetched page 13 with 100 jobs.
2025-05-17 14:28:49,898 - utils.jobstreetmalay - INFO - Fetched page 14 with 100 jobs.
2025-05-17 14:28:51,635 - utils.jobstreetmalay - INFO - Fetched page 15 with 100 jobs.
2025-05-17 14:28:55,009 - utils.jobstreetmalay - INFO - Fetched page 16 with 100 jobs.
2025-05-17 14:28:57,719 - utils.jobstreetmalay - INFO - Fetched page 17 with 100 jobs.
2025-05-17 14:29:00,314 - utils.jobstreetmalay - INFO - Fetched page 18 with 100 jobs.
2025-05-17 14:29:02,895 - utils.jobstreetmalay - INFO - Fetched page 19 with 100 jobs.
2025-05-17 14:29:04,935 - utils.jobstreetmalay - INFO - Fetched page 20 with 100 jobs.
2025-05-17 14:29:09,566 - utils.jobstreetmalay - INFO - Fetched page 21 with 100 jobs.
2025-05-17 14:29:12,826 - utils.jobstreetmalay - INFO - Fetched page 22 with 100 jobs.
2025-05-17 14:29:15,795 - utils.jobstreetmalay - INFO - Fetched page 23 with 100 jobs.
2025-05-17 14:29:19,309 - utils.jobstreetmalay - INFO - Fetched page 24 with 100 jobs.
2025-05-17 14:29:21,877 - utils.jobstreetmalay - INFO - Fetched page 25 with 100 jobs.
2025-05-17 14:29:23,265 - utils.jobstreetmalay - INFO - Fetched page 26 with 100 jobs.
2025-05-17 14:29:26,456 - utils.jobstreetmalay - INFO - Fetched page 27 with 100 jobs.
2025-05-17 14:29:28,221 - utils.jobstreetmalay - INFO - Fetched page 28 with 100 jobs.
2025-05-17 14:29:32,184 - utils.jobstreetmalay - INFO - Fetched page 29 with 100 jobs.
2025-05-17 14:29:34,877 - utils.jobstreetmalay - INFO - Fetched page 30 with 100 jobs.
2025-05-17 14:29:37,998 - utils.jobstreetmalay - INFO - Fetched page 31 with 49 jobs.
2025-05-17 14:29:40,522 - utils.jobstreetmalay - INFO - No more jobs found.
2025-05-17 14:40:19,128 - utils.jobstreetmalay - INFO - Fetched page 1 with 100 jobs.
2025-05-17 14:40:22,128 - utils.jobstreetmalay - INFO - Fetched page 2 with 100 jobs.
2025-05-17 14:40:25,643 - utils.jobstreetmalay - INFO - Fetched page 3 with 100 jobs.
2025-05-17 14:40:28,042 - utils.jobstreetmalay - INFO - Fetched page 4 with 100 jobs.
2025-05-17 14:40:30,377 - utils.jobstreetmalay - INFO - Fetched page 5 with 100 jobs.
2025-05-17 14:40:32,233 - utils.jobstreetmalay - INFO - Fetched page 6 with 100 jobs.
2025-05-17 14:40:35,985 - utils.jobstreetmalay - INFO - Fetched page 7 with 100 jobs.
2025-05-17 14:40:37,744 - utils.jobstreetmalay - INFO - Fetched page 8 with 100 jobs.
2025-05-17 14:40:39,917 - utils.jobstreetmalay - INFO - Fetched page 9 with 100 jobs.
2025-05-17 14:40:41,386 - utils.jobstreetmalay - INFO - Fetched page 10 with 100 jobs.
2025-05-17 14:40:44,494 - utils.jobstreetmalay - INFO - Fetched page 11 with 100 jobs.
2025-05-17 14:40:46,972 - utils.jobstreetmalay - INFO - Fetched page 12 with 100 jobs.
2025-05-17 14:40:49,231 - utils.jobstreetmalay - INFO - Fetched page 13 with 100 jobs.
2025-05-17 14:40:51,066 - utils.jobstreetmalay - INFO - Fetched page 14 with 100 jobs.
2025-05-17 14:40:54,759 - utils.jobstreetmalay - INFO - Fetched page 15 with 100 jobs.
2025-05-17 14:40:57,871 - utils.jobstreetmalay - INFO - Fetched page 16 with 100 jobs.
2025-05-17 14:41:00,013 - utils.jobstreetmalay - INFO - Fetched page 17 with 100 jobs.
2025-05-17 14:41:02,216 - utils.jobstreetmalay - INFO - Fetched page 18 with 100 jobs.
2025-05-17 14:41:04,865 - utils.jobstreetmalay - INFO - Fetched page 19 with 100 jobs.
2025-05-17 14:41:07,796 - utils.jobstreetmalay - INFO - Fetched page 20 with 100 jobs.
2025-05-17 14:41:10,218 - utils.jobstreetmalay - INFO - Fetched page 21 with 100 jobs.
2025-05-17 14:41:12,389 - utils.jobstreetmalay - INFO - Fetched page 22 with 100 jobs.
2025-05-17 14:41:14,525 - utils.jobstreetmalay - INFO - Fetched page 23 with 100 jobs.
2025-05-17 14:41:17,331 - utils.jobstreetmalay - INFO - Fetched page 24 with 100 jobs.
2025-05-17 14:41:18,832 - utils.jobstreetmalay - INFO - Fetched page 25 with 100 jobs.
2025-05-17 14:41:23,265 - utils.jobstreetmalay - INFO - Fetched page 26 with 100 jobs.
2025-05-17 14:41:24,769 - utils.jobstreetmalay - INFO - Fetched page 27 with 100 jobs.
2025-05-17 14:41:28,578 - utils.jobstreetmalay - INFO - Fetched page 28 with 100 jobs.
2025-05-17 14:41:31,068 - utils.jobstreetmalay - INFO - Fetched page 29 with 100 jobs.
2025-05-17 14:41:33,539 - utils.jobstreetmalay - INFO - Fetched page 30 with 100 jobs.
2025-05-17 14:41:35,922 - utils.jobstreetmalay - INFO - Fetched page 31 with 50 jobs.
2025-05-17 14:41:37,555 - utils.jobstreetmalay - INFO - No more jobs found.
2025-05-17 14:46:59,163 - utils.jobstreetmalay - INFO - Fetched page 1 with 100 jobs.
2025-05-17 14:47:02,261 - utils.jobstreetmalay - INFO - Fetched page 2 with 100 jobs.
2025-05-17 14:47:04,417 - utils.jobstreetmalay - INFO - Fetched page 3 with 100 jobs.
2025-05-17 14:47:06,736 - utils.jobstreetmalay - INFO - Fetched page 4 with 100 jobs.
2025-05-17 14:47:10,588 - utils.jobstreetmalay - INFO - Fetched page 5 with 100 jobs.
2025-05-17 14:47:13,105 - utils.jobstreetmalay - INFO - Fetched page 6 with 100 jobs.
2025-05-17 14:47:16,013 - utils.jobstreetmalay - INFO - Fetched page 7 with 100 jobs.
2025-05-17 14:47:18,892 - utils.jobstreetmalay - INFO - Fetched page 8 with 100 jobs.
2025-05-17 14:47:21,512 - utils.jobstreetmalay - INFO - Fetched page 9 with 100 jobs.
2025-05-17 14:47:23,195 - utils.jobstreetmalay - INFO - Fetched page 10 with 100 jobs.
2025-05-17 14:47:24,812 - utils.jobstreetmalay - INFO - Fetched page 11 with 100 jobs.
2025-05-17 14:47:26,318 - utils.jobstreetmalay - INFO - Fetched page 12 with 100 jobs.
2025-05-17 14:47:28,079 - utils.jobstreetmalay - INFO - Fetched page 13 with 100 jobs.
2025-05-17 14:47:30,972 - utils.jobstreetmalay - INFO - Fetched page 14 with 100 jobs.
2025-05-17 14:47:34,203 - utils.jobstreetmalay - INFO - Fetched page 15 with 100 jobs.
2025-05-17 14:47:36,126 - utils.jobstreetmalay - INFO - Fetched page 16 with 100 jobs.
2025-05-17 14:47:38,797 - utils.jobstreetmalay - INFO - Fetched page 17 with 100 jobs.
2025-05-17 14:47:41,744 - utils.jobstreetmalay - INFO - Fetched page 18 with 100 jobs.
2025-05-17 14:47:43,310 - utils.jobstreetmalay - INFO - Fetched page 19 with 100 jobs.
2025-05-17 14:47:47,451 - utils.jobstreetmalay - INFO - Fetched page 20 with 100 jobs.
2025-05-17 14:47:50,011 - utils.jobstreetmalay - INFO - Fetched page 21 with 100 jobs.
2025-05-17 14:47:52,784 - utils.jobstreetmalay - INFO - Fetched page 22 with 100 jobs.
2025-05-17 14:47:55,087 - utils.jobstreetmalay - INFO - Fetched page 23 with 100 jobs.
2025-05-17 14:47:58,152 - utils.jobstreetmalay - INFO - Fetched page 24 with 100 jobs.
2025-05-17 14:48:00,407 - utils.jobstreetmalay - INFO - Fetched page 25 with 100 jobs.
2025-05-17 14:48:02,513 - utils.jobstreetmalay - INFO - Fetched page 26 with 100 jobs.
2025-05-17 14:48:05,813 - utils.jobstreetmalay - INFO - Fetched page 27 with 100 jobs.
2025-05-17 14:48:08,663 - utils.jobstreetmalay - INFO - Fetched page 28 with 100 jobs.
2025-05-17 14:48:10,594 - utils.jobstreetmalay - INFO - Fetched page 29 with 100 jobs.
2025-05-17 14:48:13,855 - utils.jobstreetmalay - INFO - Fetched page 30 with 100 jobs.
2025-05-17 14:48:15,865 - utils.jobstreetmalay - INFO - Fetched page 31 with 100 jobs.
2025-05-17 14:48:19,013 - utils.jobstreetmalay - INFO - Fetched page 32 with 100 jobs.
2025-05-17 14:48:21,293 - utils.jobstreetmalay - INFO - Fetched page 33 with 100 jobs.
2025-05-17 14:48:23,504 - utils.jobstreetmalay - INFO - Fetched page 34 with 100 jobs.
2025-05-17 14:48:24,997 - utils.jobstreetmalay - INFO - Fetched page 35 with 100 jobs.
2025-05-17 14:48:27,544 - utils.jobstreetmalay - INFO - Fetched page 36 with 100 jobs.
2025-05-17 14:48:30,082 - utils.jobstreetmalay - INFO - Fetched page 37 with 100 jobs.
2025-05-17 14:48:32,130 - utils.jobstreetmalay - INFO - Fetched page 38 with 100 jobs.
2025-05-17 14:48:36,730 - utils.jobstreetmalay - INFO - Fetched page 39 with 100 jobs.
2025-05-17 14:48:39,800 - utils.jobstreetmalay - INFO - Fetched page 40 with 100 jobs.
2025-05-17 14:48:41,738 - utils.jobstreetmalay - INFO - Fetched page 41 with 100 jobs.
2025-05-17 14:48:44,840 - utils.jobstreetmalay - INFO - Fetched page 42 with 100 jobs.
2025-05-17 14:48:48,064 - utils.jobstreetmalay - INFO - Fetched page 43 with 10 jobs.
2025-05-17 14:48:50,568 - utils.jobstreetmalay - INFO - No more jobs found.
2025-05-17 14:58:22,349 - utils.jobdbsg - INFO - Scraping page 1: https://sg.jobsdb.com/Software-Developer-jobs?page=1
2025-05-17 14:58:35,610 - utils.jobdbsg - INFO - Scraping page 2: https://sg.jobsdb.com/Software-Developer-jobs?page=2
2025-05-17 14:58:43,360 - utils.jobdbsg - INFO - Scraping page 3: https://sg.jobsdb.com/Software-Developer-jobs?page=3
2025-05-17 14:58:52,041 - utils.jobdbsg - INFO - Scraping page 4: https://sg.jobsdb.com/Software-Developer-jobs?page=4
2025-05-17 14:59:00,554 - utils.jobdbsg - INFO - Scraping page 5: https://sg.jobsdb.com/Software-Developer-jobs?page=5
2025-05-17 14:59:08,151 - utils.jobdbsg - INFO - Scraping page 6: https://sg.jobsdb.com/Software-Developer-jobs?page=6
2025-05-17 14:59:15,676 - utils.jobdbsg - INFO - Scraping page 7: https://sg.jobsdb.com/Software-Developer-jobs?page=7
2025-05-17 14:59:23,272 - utils.jobdbsg - INFO - Scraping page 8: https://sg.jobsdb.com/Software-Developer-jobs?page=8
2025-05-17 14:59:30,786 - utils.jobdbsg - INFO - Scraping page 9: https://sg.jobsdb.com/Software-Developer-jobs?page=9
2025-05-17 14:59:39,406 - utils.jobdbsg - INFO - Scraping page 10: https://sg.jobsdb.com/Software-Developer-jobs?page=10
2025-05-17 14:59:46,949 - utils.jobdbsg - INFO - Scraping page 11: https://sg.jobsdb.com/Software-Developer-jobs?page=11
2025-05-17 14:59:54,683 - utils.jobdbsg - INFO - Scraping page 12: https://sg.jobsdb.com/Software-Developer-jobs?page=12
2025-05-17 15:00:03,166 - utils.jobdbsg - INFO - Scraping page 13: https://sg.jobsdb.com/Software-Developer-jobs?page=13
2025-05-17 15:00:10,796 - utils.jobdbsg - INFO - Scraping page 14: https://sg.jobsdb.com/Software-Developer-jobs?page=14
2025-05-17 15:00:18,975 - utils.jobdbsg - INFO - Scraping page 15: https://sg.jobsdb.com/Software-Developer-jobs?page=15
2025-05-17 15:00:26,909 - utils.jobdbsg - INFO - Scraping page 16: https://sg.jobsdb.com/Software-Developer-jobs?page=16
2025-05-17 15:00:35,152 - utils.jobdbsg - INFO - Scraping page 17: https://sg.jobsdb.com/Software-Developer-jobs?page=17
2025-05-17 15:00:43,049 - utils.jobdbsg - INFO - Scraping page 18: https://sg.jobsdb.com/Software-Developer-jobs?page=18
2025-05-17 15:00:51,329 - utils.jobdbsg - INFO - Scraping page 19: https://sg.jobsdb.com/Software-Developer-jobs?page=19
2025-05-17 15:00:58,922 - utils.jobdbsg - INFO - Scraping page 20: https://sg.jobsdb.com/Software-Developer-jobs?page=20
2025-05-17 15:01:08,771 - utils.jobdbsg - INFO - Driver closed.
2025-05-17 15:01:08,771 - utils.jobdbsg - INFO - Scraping completed. Total jobs: 300
2025-05-17 15:02:34,506 - utils.jobstreetmalay - INFO - Fetched page 1 with 100 jobs.
2025-05-17 15:02:37,090 - utils.jobstreetmalay - INFO - Fetched page 2 with 100 jobs.
2025-05-17 15:02:40,211 - utils.jobstreetmalay - INFO - Fetched page 3 with 100 jobs.
2025-05-17 15:02:43,044 - utils.jobstreetmalay - INFO - Fetched page 4 with 100 jobs.
2025-05-17 15:02:45,610 - utils.jobstreetmalay - INFO - Fetched page 5 with 100 jobs.
2025-05-17 15:02:47,077 - utils.jobstreetmalay - INFO - Fetched page 6 with 100 jobs.
2025-05-17 15:02:50,096 - utils.jobstreetmalay - INFO - Fetched page 7 with 100 jobs.
2025-05-17 15:02:51,486 - utils.jobstreetmalay - INFO - Fetched page 8 with 100 jobs.
2025-05-17 15:02:52,873 - utils.jobstreetmalay - INFO - Fetched page 9 with 100 jobs.
2025-05-17 15:02:54,922 - utils.jobstreetmalay - INFO - Fetched page 10 with 100 jobs.
2025-05-17 15:02:58,395 - utils.jobstreetmalay - INFO - Fetched page 11 with 100 jobs.
2025-05-17 15:03:00,096 - utils.jobstreetmalay - INFO - Fetched page 12 with 100 jobs.
2025-05-17 15:03:01,498 - utils.jobstreetmalay - INFO - Fetched page 13 with 100 jobs.
2025-05-17 15:03:04,586 - utils.jobstreetmalay - INFO - Fetched page 14 with 100 jobs.
2025-05-17 15:03:07,085 - utils.jobstreetmalay - INFO - Fetched page 15 with 100 jobs.
2025-05-17 15:03:09,081 - utils.jobstreetmalay - INFO - Fetched page 16 with 100 jobs.
2025-05-17 15:03:12,655 - utils.jobstreetmalay - INFO - Fetched page 17 with 100 jobs.
2025-05-17 15:03:14,978 - utils.jobstreetmalay - INFO - Fetched page 18 with 100 jobs.
2025-05-17 15:03:17,780 - utils.jobstreetmalay - INFO - Fetched page 19 with 100 jobs.
2025-05-17 15:03:19,762 - utils.jobstreetmalay - INFO - Fetched page 20 with 100 jobs.
2025-05-17 15:03:21,683 - utils.jobstreetmalay - INFO - Fetched page 21 with 100 jobs.
2025-05-17 15:03:25,132 - utils.jobstreetmalay - INFO - Fetched page 22 with 100 jobs.
2025-05-17 15:03:27,342 - utils.jobstreetmalay - INFO - Fetched page 23 with 100 jobs.
2025-05-17 15:03:29,931 - utils.jobstreetmalay - INFO - Fetched page 24 with 100 jobs.
2025-05-17 15:03:31,884 - utils.jobstreetmalay - INFO - Fetched page 25 with 100 jobs.
2025-05-17 15:03:33,266 - utils.jobstreetmalay - INFO - Fetched page 26 with 100 jobs.
2025-05-17 15:03:36,891 - utils.jobstreetmalay - INFO - Fetched page 27 with 100 jobs.
2025-05-17 15:03:39,458 - utils.jobstreetmalay - INFO - Fetched page 28 with 100 jobs.
2025-05-17 15:03:41,417 - utils.jobstreetmalay - INFO - Fetched page 29 with 100 jobs.
2025-05-17 15:03:43,071 - utils.jobstreetmalay - INFO - Fetched page 30 with 100 jobs.
2025-05-17 15:03:44,913 - utils.jobstreetmalay - INFO - Fetched page 31 with 100 jobs.
2025-05-17 15:03:46,931 - utils.jobstreetmalay - INFO - Fetched page 32 with 100 jobs.
2025-05-17 15:03:48,620 - utils.jobstreetmalay - INFO - Fetched page 33 with 100 jobs.
2025-05-17 15:03:51,754 - utils.jobstreetmalay - INFO - Fetched page 34 with 100 jobs.
2025-05-17 15:03:53,292 - utils.jobstreetmalay - INFO - Fetched page 35 with 100 jobs.
2025-05-17 15:03:56,256 - utils.jobstreetmalay - INFO - Fetched page 36 with 100 jobs.
2025-05-17 15:03:58,897 - utils.jobstreetmalay - INFO - Fetched page 37 with 100 jobs.
2025-05-17 15:04:01,369 - utils.jobstreetmalay - INFO - Fetched page 38 with 100 jobs.
2025-05-17 15:04:03,304 - utils.jobstreetmalay - INFO - Fetched page 39 with 100 jobs.
2025-05-17 15:04:04,735 - utils.jobstreetmalay - INFO - Fetched page 40 with 100 jobs.
2025-05-17 15:04:07,197 - utils.jobstreetmalay - INFO - Fetched page 41 with 100 jobs.
2025-05-17 15:04:08,896 - utils.jobstreetmalay - INFO - Fetched page 42 with 100 jobs.
2025-05-17 15:04:11,443 - utils.jobstreetmalay - INFO - Fetched page 43 with 10 jobs.
2025-05-17 15:04:12,949 - utils.jobstreetmalay - INFO - No more jobs found.
2025-05-17 15:04:12,995 - utils.jobstreetmalay - INFO - Scraping completed. Total jobs scraped: 4210
