2025-05-10 20:22:55,278 - utils.jobsdbth - INFO - Total jobs found: 2771
2025-05-10 20:22:55,278 - utils.jobsdbth - INFO - Scraped job from page 1: 100 jobs collected.
2025-05-10 20:22:58,549 - utils.jobsdbth - INFO - Total jobs found: 2771
2025-05-10 20:22:58,550 - utils.jobsdbth - INFO - Scraped job from page 2: 200 jobs collected.
2025-05-10 20:23:02,028 - utils.jobsdbth - INFO - Total jobs found: 2771
2025-05-10 20:23:02,029 - utils.jobsdbth - INFO - Scraped job from page 3: 300 jobs collected.
2025-05-10 20:23:05,571 - utils.jobsdbth - INFO - Total jobs found: 2771
2025-05-10 20:23:05,572 - utils.jobsdbth - INFO - Scraped job from page 4: 400 jobs collected.
2025-05-10 20:23:09,694 - utils.jobsdbth - INFO - Total jobs found: 2771
2025-05-10 20:23:09,694 - utils.jobsdbth - INFO - Scraped job from page 5: 500 jobs collected.
2025-05-10 20:23:11,872 - utils.jobsdbth - INFO - Total jobs found: 2771
2025-05-10 20:23:11,872 - utils.jobsdbth - INFO - Scraped job from page 6: 600 jobs collected.
2025-05-10 20:23:15,707 - utils.jobsdbth - INFO - Total jobs found: 2771
2025-05-10 20:23:15,707 - utils.jobsdbth - INFO - Scraped job from page 7: 700 jobs collected.
2025-05-10 20:23:18,329 - utils.jobsdbth - INFO - Total jobs found: 2771
2025-05-10 20:23:18,329 - utils.jobsdbth - INFO - Scraped job from page 8: 800 jobs collected.
2025-05-10 20:23:21,289 - utils.jobsdbth - INFO - Total jobs found: 2771
2025-05-10 20:23:21,289 - utils.jobsdbth - INFO - Scraped job from page 9: 900 jobs collected.
2025-05-10 20:23:25,734 - utils.jobsdbth - INFO - Total jobs found: 2771
2025-05-10 20:23:25,734 - utils.jobsdbth - INFO - Scraped job from page 10: 1000 jobs collected.
2025-05-10 20:23:27,237 - utils.jobsdbth - INFO - Total jobs found: 2771
2025-05-10 20:23:27,237 - utils.jobsdbth - INFO - Scraped job from page 11: 1100 jobs collected.
2025-05-10 20:23:29,816 - utils.jobsdbth - INFO - Total jobs found: 2771
2025-05-10 20:23:29,816 - utils.jobsdbth - INFO - Scraped job from page 12: 1200 jobs collected.
2025-05-10 20:23:33,834 - utils.jobsdbth - INFO - Total jobs found: 2771
2025-05-10 20:23:33,834 - utils.jobsdbth - INFO - Scraped job from page 13: 1300 jobs collected.
2025-05-10 20:23:36,551 - utils.jobsdbth - INFO - Total jobs found: 2771
2025-05-10 20:23:36,551 - utils.jobsdbth - INFO - Scraped job from page 14: 1400 jobs collected.
2025-05-10 20:23:38,853 - utils.jobsdbth - INFO - Total jobs found: 2771
2025-05-10 20:23:38,853 - utils.jobsdbth - INFO - Scraped job from page 15: 1500 jobs collected.
2025-05-10 20:23:41,455 - utils.jobsdbth - INFO - Total jobs found: 2771
2025-05-10 20:23:41,456 - utils.jobsdbth - INFO - Scraped job from page 16: 1600 jobs collected.
2025-05-10 20:23:45,534 - utils.jobsdbth - INFO - Total jobs found: 2771
2025-05-10 20:23:45,534 - utils.jobsdbth - INFO - Scraped job from page 17: 1700 jobs collected.
2025-05-10 20:23:47,351 - utils.jobsdbth - INFO - Total jobs found: 2771
2025-05-10 20:23:47,352 - utils.jobsdbth - INFO - Scraped job from page 18: 1800 jobs collected.
2025-05-10 20:23:48,804 - utils.jobsdbth - INFO - Total jobs found: 2771
2025-05-10 20:23:48,805 - utils.jobsdbth - INFO - Scraped job from page 19: 1900 jobs collected.
2025-05-10 20:23:51,297 - utils.jobsdbth - INFO - Total jobs found: 2771
2025-05-10 20:23:51,298 - utils.jobsdbth - INFO - Scraped job from page 20: 2000 jobs collected.
2025-05-10 20:23:54,740 - utils.jobsdbth - INFO - Total jobs found: 2771
2025-05-10 20:23:54,740 - utils.jobsdbth - INFO - Scraped job from page 21: 2100 jobs collected.
2025-05-10 20:23:56,321 - utils.jobsdbth - INFO - Total jobs found: 2771
2025-05-10 20:23:56,321 - utils.jobsdbth - INFO - Scraped job from page 22: 2200 jobs collected.
2025-05-10 20:23:58,457 - utils.jobsdbth - INFO - Total jobs found: 2771
2025-05-10 20:23:58,457 - utils.jobsdbth - INFO - Scraped job from page 23: 2300 jobs collected.
2025-05-10 20:24:00,171 - utils.jobsdbth - INFO - Total jobs found: 2771
2025-05-10 20:24:00,172 - utils.jobsdbth - INFO - Scraped job from page 24: 2400 jobs collected.
2025-05-10 20:24:02,400 - utils.jobsdbth - INFO - Total jobs found: 2771
2025-05-10 20:24:02,400 - utils.jobsdbth - INFO - Scraped job from page 25: 2500 jobs collected.
2025-05-10 20:24:05,092 - utils.jobsdbth - INFO - Total jobs found: 2771
2025-05-10 20:24:05,092 - utils.jobsdbth - INFO - Scraped job from page 26: 2600 jobs collected.
2025-05-10 20:24:10,515 - utils.jobsdbth - INFO - Total jobs found: 2771
2025-05-10 20:24:10,515 - utils.jobsdbth - INFO - Scraped job from page 27: 2700 jobs collected.
2025-05-10 20:24:12,183 - utils.jobsdbth - INFO - Total jobs found: 2771
2025-05-10 20:24:12,184 - utils.jobsdbth - INFO - Scraped job from page 28: 2771 jobs collected.
2025-05-10 20:24:15,183 - utils.jobsdbth - INFO - Total jobs found: 2771
2025-05-10 20:24:15,183 - utils.jobsdbth - INFO - No more jobs found on page 29. Ending scrape.
2025-05-10 20:24:15,184 - utils.jobsdbth - INFO - Scraping completed. Total jobs scraped: 2771
2025-05-10 20:55:51,731 - utils.jobsdbth - INFO - Total jobs found: 2773
2025-05-10 20:55:51,731 - utils.jobsdbth - INFO - Scraped job from page 1: 100 jobs collected.
2025-05-10 20:55:53,288 - utils.jobsdbth - INFO - Total jobs found: 2773
2025-05-10 20:55:53,289 - utils.jobsdbth - INFO - Scraped job from page 2: 200 jobs collected.
2025-05-10 20:55:57,748 - utils.jobsdbth - INFO - Total jobs found: 2773
2025-05-10 20:55:57,748 - utils.jobsdbth - INFO - Scraped job from page 3: 300 jobs collected.
2025-05-10 20:56:00,873 - utils.jobsdbth - INFO - Total jobs found: 2773
2025-05-10 20:56:00,873 - utils.jobsdbth - INFO - Scraped job from page 4: 400 jobs collected.
2025-05-10 20:56:05,307 - utils.jobsdbth - INFO - Total jobs found: 2773
2025-05-10 20:56:05,307 - utils.jobsdbth - INFO - Scraped job from page 5: 500 jobs collected.
2025-05-10 20:56:08,454 - utils.jobsdbth - INFO - Total jobs found: 2773
2025-05-10 20:56:08,454 - utils.jobsdbth - INFO - Scraped job from page 6: 600 jobs collected.
2025-05-10 20:56:10,400 - utils.jobsdbth - INFO - Total jobs found: 2773
2025-05-10 20:56:10,400 - utils.jobsdbth - INFO - Scraped job from page 7: 700 jobs collected.
2025-05-10 20:56:13,547 - utils.jobsdbth - INFO - Total jobs found: 2773
2025-05-10 20:56:13,547 - utils.jobsdbth - INFO - Scraped job from page 8: 800 jobs collected.
2025-05-10 20:56:15,052 - utils.jobsdbth - INFO - Total jobs found: 2773
2025-05-10 20:56:15,052 - utils.jobsdbth - INFO - Scraped job from page 9: 900 jobs collected.
2025-05-10 20:56:17,754 - utils.jobsdbth - INFO - Total jobs found: 2773
2025-05-10 20:56:17,754 - utils.jobsdbth - INFO - Scraped job from page 10: 1000 jobs collected.
2025-05-10 20:56:19,865 - utils.jobsdbth - INFO - Total jobs found: 2773
2025-05-10 20:56:19,865 - utils.jobsdbth - INFO - Scraped job from page 11: 1100 jobs collected.
2025-05-10 20:56:23,544 - utils.jobsdbth - INFO - Total jobs found: 2773
2025-05-10 20:56:23,544 - utils.jobsdbth - INFO - Scraped job from page 12: 1200 jobs collected.
2025-05-10 20:56:26,453 - utils.jobsdbth - INFO - Total jobs found: 2773
2025-05-10 20:56:26,453 - utils.jobsdbth - INFO - Scraped job from page 13: 1300 jobs collected.
2025-05-10 20:56:28,467 - utils.jobsdbth - INFO - Total jobs found: 2773
2025-05-10 20:56:28,467 - utils.jobsdbth - INFO - Scraped job from page 14: 1400 jobs collected.
2025-05-10 20:56:33,115 - utils.jobsdbth - INFO - Total jobs found: 2773
2025-05-10 20:56:33,115 - utils.jobsdbth - INFO - Scraped job from page 15: 1500 jobs collected.
2025-05-10 20:56:36,647 - utils.jobsdbth - INFO - Total jobs found: 2773
2025-05-10 20:56:36,647 - utils.jobsdbth - INFO - Scraped job from page 16: 1600 jobs collected.
2025-05-10 20:56:38,644 - utils.jobsdbth - INFO - Total jobs found: 2773
2025-05-10 20:56:38,644 - utils.jobsdbth - INFO - Scraped job from page 17: 1700 jobs collected.
2025-05-10 20:56:40,267 - utils.jobsdbth - INFO - Total jobs found: 2773
2025-05-10 20:56:40,267 - utils.jobsdbth - INFO - Scraped job from page 18: 1800 jobs collected.
2025-05-10 20:56:42,754 - utils.jobsdbth - INFO - Total jobs found: 2773
2025-05-10 20:56:42,754 - utils.jobsdbth - INFO - Scraped job from page 19: 1900 jobs collected.
2025-05-10 20:56:45,621 - utils.jobsdbth - INFO - Total jobs found: 2773
2025-05-10 20:56:45,621 - utils.jobsdbth - INFO - Scraped job from page 20: 2000 jobs collected.
2025-05-10 20:56:49,962 - utils.jobsdbth - INFO - Total jobs found: 2773
2025-05-10 20:56:49,963 - utils.jobsdbth - INFO - Scraped job from page 21: 2100 jobs collected.
2025-05-10 20:56:53,029 - utils.jobsdbth - INFO - Total jobs found: 2773
2025-05-10 20:56:53,029 - utils.jobsdbth - INFO - Scraped job from page 22: 2200 jobs collected.
2025-05-10 20:56:57,086 - utils.jobsdbth - INFO - Total jobs found: 2773
2025-05-10 20:56:57,086 - utils.jobsdbth - INFO - Scraped job from page 23: 2300 jobs collected.
2025-05-10 20:57:00,237 - utils.jobsdbth - INFO - Total jobs found: 2773
2025-05-10 20:57:00,237 - utils.jobsdbth - INFO - Scraped job from page 24: 2400 jobs collected.
2025-05-10 20:57:01,613 - utils.jobsdbth - INFO - Total jobs found: 2773
2025-05-10 20:57:01,613 - utils.jobsdbth - INFO - Scraped job from page 25: 2500 jobs collected.
2025-05-10 20:57:03,367 - utils.jobsdbth - INFO - Total jobs found: 2773
2025-05-10 20:57:03,367 - utils.jobsdbth - INFO - Scraped job from page 26: 2600 jobs collected.
2025-05-10 20:57:07,405 - utils.jobsdbth - INFO - Total jobs found: 2773
2025-05-10 20:57:07,405 - utils.jobsdbth - INFO - Scraped job from page 27: 2700 jobs collected.
2025-05-10 20:57:09,869 - utils.jobsdbth - INFO - Total jobs found: 2773
2025-05-10 20:57:09,869 - utils.jobsdbth - INFO - Scraped job from page 28: 2773 jobs collected.
2025-05-10 20:57:13,870 - utils.jobsdbth - INFO - Total jobs found: 2773
2025-05-10 20:57:13,870 - utils.jobsdbth - INFO - No more jobs found on page 29. Ending scrape.
2025-05-10 20:57:13,870 - utils.jobsdbth - INFO - Scraping completed. Total jobs scraped: 2773
2025-05-10 22:54:01,586 - utils.jobsdbth - INFO - Total jobs found: 2678
2025-05-10 22:54:01,587 - utils.jobsdbth - INFO - Scraped job from page 1: 100 jobs collected.
2025-05-10 22:54:02,983 - utils.jobsdbth - INFO - Total jobs found: 2678
2025-05-10 22:54:02,985 - utils.jobsdbth - INFO - Scraped job from page 2: 200 jobs collected.
2025-05-10 22:54:05,394 - utils.jobsdbth - INFO - Total jobs found: 2678
2025-05-10 22:54:05,395 - utils.jobsdbth - INFO - Scraped job from page 3: 300 jobs collected.
2025-05-10 22:54:08,981 - utils.jobsdbth - INFO - Total jobs found: 2678
2025-05-10 22:54:08,983 - utils.jobsdbth - INFO - Scraped job from page 4: 400 jobs collected.
2025-05-10 22:54:13,161 - utils.jobsdbth - INFO - Total jobs found: 2678
2025-05-10 22:54:13,161 - utils.jobsdbth - INFO - Scraped job from page 5: 500 jobs collected.
2025-05-10 22:54:15,595 - utils.jobsdbth - INFO - Total jobs found: 2678
2025-05-10 22:54:15,595 - utils.jobsdbth - INFO - Scraped job from page 6: 600 jobs collected.
2025-05-10 22:54:18,849 - utils.jobsdbth - INFO - Total jobs found: 2678
2025-05-10 22:54:18,850 - utils.jobsdbth - INFO - Scraped job from page 7: 700 jobs collected.
2025-05-10 22:54:20,626 - utils.jobsdbth - INFO - Total jobs found: 2678
2025-05-10 22:54:20,627 - utils.jobsdbth - INFO - Scraped job from page 8: 800 jobs collected.
2025-05-10 22:54:22,783 - utils.jobsdbth - INFO - Total jobs found: 2678
2025-05-10 22:54:22,785 - utils.jobsdbth - INFO - Scraped job from page 9: 900 jobs collected.
2025-05-10 22:54:26,808 - utils.jobsdbth - INFO - Total jobs found: 2678
2025-05-10 22:54:26,809 - utils.jobsdbth - INFO - Scraped job from page 10: 1000 jobs collected.
2025-05-10 22:54:29,514 - utils.jobsdbth - INFO - Total jobs found: 2678
2025-05-10 22:54:29,515 - utils.jobsdbth - INFO - Scraped job from page 11: 1100 jobs collected.
2025-05-10 22:54:32,423 - utils.jobsdbth - INFO - Total jobs found: 2678
2025-05-10 22:54:32,424 - utils.jobsdbth - INFO - Scraped job from page 12: 1200 jobs collected.
2025-05-10 22:54:34,336 - utils.jobsdbth - INFO - Total jobs found: 2678
2025-05-10 22:54:34,338 - utils.jobsdbth - INFO - Scraped job from page 13: 1300 jobs collected.
2025-05-10 22:54:37,167 - utils.jobsdbth - INFO - Total jobs found: 2678
2025-05-10 22:54:37,168 - utils.jobsdbth - INFO - Scraped job from page 14: 1400 jobs collected.
2025-05-10 22:54:38,845 - utils.jobsdbth - INFO - Total jobs found: 2678
2025-05-10 22:54:38,846 - utils.jobsdbth - INFO - Scraped job from page 15: 1500 jobs collected.
2025-05-10 22:54:40,672 - utils.jobsdbth - INFO - Total jobs found: 2678
2025-05-10 22:54:40,673 - utils.jobsdbth - INFO - Scraped job from page 16: 1600 jobs collected.
2025-05-10 22:54:42,566 - utils.jobsdbth - INFO - Total jobs found: 2678
2025-05-10 22:54:42,568 - utils.jobsdbth - INFO - Scraped job from page 17: 1700 jobs collected.
2025-05-10 22:54:45,300 - utils.jobsdbth - INFO - Total jobs found: 2678
2025-05-10 22:54:45,302 - utils.jobsdbth - INFO - Scraped job from page 18: 1800 jobs collected.
2025-05-10 22:54:49,084 - utils.jobsdbth - INFO - Total jobs found: 2678
2025-05-10 22:54:49,086 - utils.jobsdbth - INFO - Scraped job from page 19: 1900 jobs collected.
2025-05-10 22:54:51,685 - utils.jobsdbth - INFO - Total jobs found: 2678
2025-05-10 22:54:51,686 - utils.jobsdbth - INFO - Scraped job from page 20: 2000 jobs collected.
2025-05-10 22:54:54,181 - utils.jobsdbth - INFO - Total jobs found: 2678
2025-05-10 22:54:54,182 - utils.jobsdbth - INFO - Scraped job from page 21: 2100 jobs collected.
2025-05-10 22:54:56,235 - utils.jobsdbth - INFO - Total jobs found: 2678
2025-05-10 22:54:56,237 - utils.jobsdbth - INFO - Scraped job from page 22: 2200 jobs collected.
2025-05-10 22:54:57,801 - utils.jobsdbth - INFO - Total jobs found: 2678
2025-05-10 22:54:57,803 - utils.jobsdbth - INFO - Scraped job from page 23: 2300 jobs collected.
2025-05-10 22:54:59,817 - utils.jobsdbth - INFO - Total jobs found: 2678
2025-05-10 22:54:59,818 - utils.jobsdbth - INFO - Scraped job from page 24: 2400 jobs collected.
2025-05-10 22:55:02,066 - utils.jobsdbth - INFO - Total jobs found: 2678
2025-05-10 22:55:02,067 - utils.jobsdbth - INFO - Scraped job from page 25: 2500 jobs collected.
2025-05-10 22:55:04,738 - utils.jobsdbth - INFO - Total jobs found: 2678
2025-05-10 22:55:04,739 - utils.jobsdbth - INFO - Scraped job from page 26: 2600 jobs collected.
2025-05-10 22:55:08,153 - utils.jobsdbth - INFO - Total jobs found: 2678
2025-05-10 22:55:08,154 - utils.jobsdbth - INFO - Scraped job from page 27: 2678 jobs collected.
2025-05-10 22:55:12,239 - utils.jobsdbth - INFO - Total jobs found: 2678
2025-05-10 22:55:12,240 - utils.jobsdbth - INFO - No more jobs found on page 28. Ending scrape.
2025-05-10 22:55:12,240 - utils.jobsdbth - INFO - Scraping completed. Total jobs scraped: 2678
2025-05-16 18:18:10,232 - utils.jobsdbth - INFO - Total jobs found: 2910
2025-05-16 18:18:10,253 - utils.jobsdbth - INFO - Scraped job from page 1: 100 jobs collected.
2025-05-16 18:18:13,031 - utils.jobsdbth - INFO - Total jobs found: 2910
2025-05-16 18:18:13,033 - utils.jobsdbth - INFO - Scraped job from page 2: 200 jobs collected.
2025-05-16 18:18:17,019 - utils.jobsdbth - INFO - Total jobs found: 2910
2025-05-16 18:18:17,020 - utils.jobsdbth - INFO - Scraped job from page 3: 300 jobs collected.
2025-05-16 18:18:19,797 - utils.jobsdbth - INFO - Total jobs found: 2910
2025-05-16 18:18:19,798 - utils.jobsdbth - INFO - Scraped job from page 4: 400 jobs collected.
2025-05-16 18:18:22,668 - utils.jobsdbth - INFO - Total jobs found: 2910
2025-05-16 18:18:22,669 - utils.jobsdbth - INFO - Scraped job from page 5: 500 jobs collected.
2025-05-16 18:18:24,248 - utils.jobsdbth - INFO - Total jobs found: 2910
2025-05-16 18:18:24,249 - utils.jobsdbth - INFO - Scraped job from page 6: 600 jobs collected.
2025-05-16 18:18:25,751 - utils.jobsdbth - INFO - Total jobs found: 2910
2025-05-16 18:18:25,753 - utils.jobsdbth - INFO - Scraped job from page 7: 700 jobs collected.
2025-05-16 18:18:28,028 - utils.jobsdbth - INFO - Total jobs found: 2910
2025-05-16 18:18:28,030 - utils.jobsdbth - INFO - Scraped job from page 8: 800 jobs collected.
2025-05-16 18:18:30,080 - utils.jobsdbth - INFO - Total jobs found: 2910
2025-05-16 18:18:30,081 - utils.jobsdbth - INFO - Scraped job from page 9: 900 jobs collected.
2025-05-16 18:18:31,911 - utils.jobsdbth - INFO - Total jobs found: 2910
2025-05-16 18:18:31,912 - utils.jobsdbth - INFO - Scraped job from page 10: 1000 jobs collected.
2025-05-16 18:18:35,151 - utils.jobsdbth - INFO - Total jobs found: 2910
2025-05-16 18:18:35,152 - utils.jobsdbth - INFO - Scraped job from page 11: 1100 jobs collected.
2025-05-16 18:18:38,757 - utils.jobsdbth - INFO - Total jobs found: 2910
2025-05-16 18:18:38,757 - utils.jobsdbth - INFO - Scraped job from page 12: 1200 jobs collected.
2025-05-16 18:18:40,717 - utils.jobsdbth - INFO - Total jobs found: 2910
2025-05-16 18:18:40,718 - utils.jobsdbth - INFO - Scraped job from page 13: 1300 jobs collected.
2025-05-16 18:18:42,961 - utils.jobsdbth - INFO - Total jobs found: 2910
2025-05-16 18:18:42,961 - utils.jobsdbth - INFO - Scraped job from page 14: 1400 jobs collected.
2025-05-16 18:18:46,255 - utils.jobsdbth - INFO - Total jobs found: 2910
2025-05-16 18:18:46,255 - utils.jobsdbth - INFO - Scraped job from page 15: 1500 jobs collected.
2025-05-16 18:18:47,701 - utils.jobsdbth - INFO - Total jobs found: 2910
2025-05-16 18:18:47,702 - utils.jobsdbth - INFO - Scraped job from page 16: 1600 jobs collected.
2025-05-16 18:18:51,778 - utils.jobsdbth - INFO - Total jobs found: 2910
2025-05-16 18:18:51,780 - utils.jobsdbth - INFO - Scraped job from page 17: 1700 jobs collected.
2025-05-16 18:18:53,538 - utils.jobsdbth - INFO - Total jobs found: 2911
2025-05-16 18:18:53,540 - utils.jobsdbth - INFO - Scraped job from page 18: 1800 jobs collected.
2025-05-16 18:18:55,718 - utils.jobsdbth - INFO - Total jobs found: 2911
2025-05-16 18:18:55,719 - utils.jobsdbth - INFO - Scraped job from page 19: 1900 jobs collected.
2025-05-16 18:18:58,880 - utils.jobsdbth - INFO - Total jobs found: 2911
2025-05-16 18:18:58,881 - utils.jobsdbth - INFO - Scraped job from page 20: 2000 jobs collected.
2025-05-16 18:19:00,345 - utils.jobsdbth - INFO - Total jobs found: 2911
2025-05-16 18:19:00,346 - utils.jobsdbth - INFO - Scraped job from page 21: 2100 jobs collected.
2025-05-16 18:19:01,690 - utils.jobsdbth - INFO - Total jobs found: 2911
2025-05-16 18:19:01,691 - utils.jobsdbth - INFO - Scraped job from page 22: 2200 jobs collected.
2025-05-16 18:19:03,006 - utils.jobsdbth - INFO - Total jobs found: 2911
2025-05-16 18:19:03,008 - utils.jobsdbth - INFO - Scraped job from page 23: 2300 jobs collected.
2025-05-16 18:19:06,526 - utils.jobsdbth - INFO - Total jobs found: 2911
2025-05-16 18:19:06,528 - utils.jobsdbth - INFO - Scraped job from page 24: 2400 jobs collected.
2025-05-16 18:19:14,200 - utils.jobsdbth - INFO - Total jobs found: 2911
2025-05-16 18:19:14,201 - utils.jobsdbth - INFO - Scraped job from page 25: 2500 jobs collected.
2025-05-16 18:19:16,103 - utils.jobsdbth - INFO - Total jobs found: 2911
2025-05-16 18:19:16,104 - utils.jobsdbth - INFO - Scraped job from page 26: 2600 jobs collected.
2025-05-16 18:19:19,713 - utils.jobsdbth - INFO - Total jobs found: 2911
2025-05-16 18:19:19,714 - utils.jobsdbth - INFO - Scraped job from page 27: 2700 jobs collected.
2025-05-16 18:19:22,180 - utils.jobsdbth - INFO - Total jobs found: 2911
2025-05-16 18:19:22,181 - utils.jobsdbth - INFO - Scraped job from page 28: 2800 jobs collected.
2025-05-16 18:19:23,823 - utils.jobsdbth - INFO - Total jobs found: 2911
2025-05-16 18:19:23,824 - utils.jobsdbth - INFO - Scraped job from page 29: 2900 jobs collected.
2025-05-16 18:19:28,072 - utils.jobsdbth - INFO - Total jobs found: 2911
2025-05-16 18:19:28,073 - utils.jobsdbth - INFO - Scraped job from page 30: 2911 jobs collected.
2025-05-16 18:19:30,234 - utils.jobsdbth - INFO - Total jobs found: 2911
2025-05-16 18:19:30,235 - utils.jobsdbth - INFO - No more jobs found on page 31. Ending scrape.
2025-05-16 18:19:30,235 - utils.jobsdbth - INFO - Scraping completed. Total jobs scraped: 2911
2025-05-16 18:54:44,041 - utils.jobsdbth - INFO - Total jobs found: 2915
2025-05-16 18:54:44,043 - utils.jobsdbth - INFO - Scraped job from page 1: 100 jobs collected.
2025-05-16 18:54:48,030 - utils.jobsdbth - INFO - Total jobs found: 2915
2025-05-16 18:54:48,031 - utils.jobsdbth - INFO - Scraped job from page 2: 200 jobs collected.
2025-05-16 18:54:50,337 - utils.jobsdbth - INFO - Total jobs found: 2915
2025-05-16 18:54:50,338 - utils.jobsdbth - INFO - Scraped job from page 3: 300 jobs collected.
2025-05-16 18:54:54,071 - utils.jobsdbth - INFO - Total jobs found: 2915
2025-05-16 18:54:54,071 - utils.jobsdbth - INFO - Scraped job from page 4: 400 jobs collected.
2025-05-16 18:54:58,142 - utils.jobsdbth - INFO - Total jobs found: 2915
2025-05-16 18:54:58,144 - utils.jobsdbth - INFO - Scraped job from page 5: 500 jobs collected.
2025-05-16 18:55:00,214 - utils.jobsdbth - INFO - Total jobs found: 2915
2025-05-16 18:55:00,215 - utils.jobsdbth - INFO - Scraped job from page 6: 600 jobs collected.
2025-05-16 18:55:04,008 - utils.jobsdbth - INFO - Total jobs found: 2915
2025-05-16 18:55:04,010 - utils.jobsdbth - INFO - Scraped job from page 7: 700 jobs collected.
2025-05-16 18:55:05,666 - utils.jobsdbth - INFO - Total jobs found: 2915
2025-05-16 18:55:05,667 - utils.jobsdbth - INFO - Scraped job from page 8: 800 jobs collected.
2025-05-16 18:55:09,621 - utils.jobsdbth - INFO - Total jobs found: 2915
2025-05-16 18:55:09,622 - utils.jobsdbth - INFO - Scraped job from page 9: 900 jobs collected.
2025-05-16 18:55:11,074 - utils.jobsdbth - INFO - Total jobs found: 2915
2025-05-16 18:55:11,076 - utils.jobsdbth - INFO - Scraped job from page 10: 1000 jobs collected.
2025-05-16 18:55:13,982 - utils.jobsdbth - INFO - Total jobs found: 2915
2025-05-16 18:55:13,982 - utils.jobsdbth - INFO - Scraped job from page 11: 1100 jobs collected.
2025-05-16 18:55:15,497 - utils.jobsdbth - INFO - Total jobs found: 2915
2025-05-16 18:55:15,499 - utils.jobsdbth - INFO - Scraped job from page 12: 1200 jobs collected.
2025-05-16 18:55:17,640 - utils.jobsdbth - INFO - Total jobs found: 2915
2025-05-16 18:55:17,641 - utils.jobsdbth - INFO - Scraped job from page 13: 1300 jobs collected.
2025-05-16 18:55:20,626 - utils.jobsdbth - INFO - Total jobs found: 2915
2025-05-16 18:55:20,627 - utils.jobsdbth - INFO - Scraped job from page 14: 1400 jobs collected.
2025-05-16 18:55:24,039 - utils.jobsdbth - INFO - Total jobs found: 2915
2025-05-16 18:55:24,040 - utils.jobsdbth - INFO - Scraped job from page 15: 1500 jobs collected.
2025-05-16 18:55:25,423 - utils.jobsdbth - INFO - Total jobs found: 2915
2025-05-16 18:55:25,423 - utils.jobsdbth - INFO - Scraped job from page 16: 1600 jobs collected.
2025-05-16 18:55:27,192 - utils.jobsdbth - INFO - Total jobs found: 2915
2025-05-16 18:55:27,193 - utils.jobsdbth - INFO - Scraped job from page 17: 1700 jobs collected.
2025-05-16 18:55:30,658 - utils.jobsdbth - INFO - Total jobs found: 2915
2025-05-16 18:55:30,659 - utils.jobsdbth - INFO - Scraped job from page 18: 1800 jobs collected.
2025-05-16 18:55:31,962 - utils.jobsdbth - INFO - Total jobs found: 2915
2025-05-16 18:55:31,964 - utils.jobsdbth - INFO - Scraped job from page 19: 1900 jobs collected.
2025-05-16 18:55:34,382 - utils.jobsdbth - INFO - Total jobs found: 2915
2025-05-16 18:55:34,384 - utils.jobsdbth - INFO - Scraped job from page 20: 2000 jobs collected.
2025-05-16 18:55:35,976 - utils.jobsdbth - INFO - Total jobs found: 2915
2025-05-16 18:55:35,977 - utils.jobsdbth - INFO - Scraped job from page 21: 2100 jobs collected.
2025-05-16 18:55:38,452 - utils.jobsdbth - INFO - Total jobs found: 2915
2025-05-16 18:55:38,453 - utils.jobsdbth - INFO - Scraped job from page 22: 2200 jobs collected.
2025-05-16 18:55:40,032 - utils.jobsdbth - INFO - Total jobs found: 2915
2025-05-16 18:55:40,033 - utils.jobsdbth - INFO - Scraped job from page 23: 2300 jobs collected.
2025-05-16 18:55:44,288 - utils.jobsdbth - INFO - Total jobs found: 2915
2025-05-16 18:55:44,290 - utils.jobsdbth - INFO - Scraped job from page 24: 2400 jobs collected.
2025-05-16 18:55:48,120 - utils.jobsdbth - INFO - Total jobs found: 2915
2025-05-16 18:55:48,121 - utils.jobsdbth - INFO - Scraped job from page 25: 2500 jobs collected.
2025-05-16 18:55:50,856 - utils.jobsdbth - INFO - Total jobs found: 2915
2025-05-16 18:55:50,858 - utils.jobsdbth - INFO - Scraped job from page 26: 2600 jobs collected.
2025-05-16 18:55:53,532 - utils.jobsdbth - INFO - Total jobs found: 2915
2025-05-16 18:55:53,533 - utils.jobsdbth - INFO - Scraped job from page 27: 2700 jobs collected.
2025-05-16 18:55:56,246 - utils.jobsdbth - INFO - Total jobs found: 2915
2025-05-16 18:55:56,247 - utils.jobsdbth - INFO - Scraped job from page 28: 2800 jobs collected.
2025-05-16 18:56:00,228 - utils.jobsdbth - INFO - Total jobs found: 2915
2025-05-16 18:56:00,229 - utils.jobsdbth - INFO - Scraped job from page 29: 2900 jobs collected.
2025-05-16 18:56:02,234 - utils.jobsdbth - INFO - Total jobs found: 2915
2025-05-16 18:56:02,235 - utils.jobsdbth - INFO - Scraped job from page 30: 2915 jobs collected.
2025-05-16 18:56:03,548 - utils.jobsdbth - INFO - Total jobs found: 2915
2025-05-16 18:56:03,548 - utils.jobsdbth - INFO - No more jobs found on page 31. Ending scrape.
2025-05-16 18:56:03,548 - utils.jobsdbth - INFO - Scraping completed. Total jobs scraped: 2915
2025-05-16 19:09:16,849 - utils.jobsdbth - INFO - Total jobs found: 2915
2025-05-16 19:09:16,850 - utils.jobsdbth - INFO - Scraped job from page 1: 100 jobs collected.
2025-05-16 19:09:19,758 - utils.jobsdbth - INFO - Total jobs found: 2915
2025-05-16 19:09:19,759 - utils.jobsdbth - INFO - Scraped job from page 2: 200 jobs collected.
2025-05-16 19:09:23,937 - utils.jobsdbth - INFO - Total jobs found: 2915
2025-05-16 19:09:23,938 - utils.jobsdbth - INFO - Scraped job from page 3: 300 jobs collected.
2025-05-16 19:09:27,713 - utils.jobsdbth - INFO - Total jobs found: 2915
2025-05-16 19:09:27,714 - utils.jobsdbth - INFO - Scraped job from page 4: 400 jobs collected.
2025-05-16 19:09:31,952 - utils.jobsdbth - INFO - Total jobs found: 2915
2025-05-16 19:09:31,953 - utils.jobsdbth - INFO - Scraped job from page 5: 500 jobs collected.
2025-05-16 19:09:34,241 - utils.jobsdbth - INFO - Total jobs found: 2915
2025-05-16 19:09:34,243 - utils.jobsdbth - INFO - Scraped job from page 6: 600 jobs collected.
2025-05-16 19:09:35,668 - utils.jobsdbth - INFO - Total jobs found: 2915
2025-05-16 19:09:35,669 - utils.jobsdbth - INFO - Scraped job from page 7: 700 jobs collected.
2025-05-16 19:09:38,176 - utils.jobsdbth - INFO - Total jobs found: 2915
2025-05-16 19:09:38,177 - utils.jobsdbth - INFO - Scraped job from page 8: 800 jobs collected.
2025-05-16 19:09:41,515 - utils.jobsdbth - INFO - Total jobs found: 2915
2025-05-16 19:09:41,516 - utils.jobsdbth - INFO - Scraped job from page 9: 900 jobs collected.
2025-05-16 19:09:44,474 - utils.jobsdbth - INFO - Total jobs found: 2915
2025-05-16 19:09:44,475 - utils.jobsdbth - INFO - Scraped job from page 10: 1000 jobs collected.
2025-05-16 19:09:46,295 - utils.jobsdbth - INFO - Total jobs found: 2915
2025-05-16 19:09:46,297 - utils.jobsdbth - INFO - Scraped job from page 11: 1100 jobs collected.
2025-05-16 19:09:48,120 - utils.jobsdbth - INFO - Total jobs found: 2915
2025-05-16 19:09:48,122 - utils.jobsdbth - INFO - Scraped job from page 12: 1200 jobs collected.
2025-05-16 19:09:49,924 - utils.jobsdbth - INFO - Total jobs found: 2915
2025-05-16 19:09:49,926 - utils.jobsdbth - INFO - Scraped job from page 13: 1300 jobs collected.
2025-05-16 19:09:51,196 - utils.jobsdbth - INFO - Total jobs found: 2915
2025-05-16 19:09:51,197 - utils.jobsdbth - INFO - Scraped job from page 14: 1400 jobs collected.
2025-05-16 19:09:54,608 - utils.jobsdbth - INFO - Total jobs found: 2915
2025-05-16 19:09:54,609 - utils.jobsdbth - INFO - Scraped job from page 15: 1500 jobs collected.
2025-05-16 19:09:57,392 - utils.jobsdbth - INFO - Total jobs found: 2915
2025-05-16 19:09:57,393 - utils.jobsdbth - INFO - Scraped job from page 16: 1600 jobs collected.
2025-05-16 19:09:59,788 - utils.jobsdbth - INFO - Total jobs found: 2915
2025-05-16 19:09:59,789 - utils.jobsdbth - INFO - Scraped job from page 17: 1700 jobs collected.
2025-05-16 19:10:03,926 - utils.jobsdbth - INFO - Total jobs found: 2915
2025-05-16 19:10:03,927 - utils.jobsdbth - INFO - Scraped job from page 18: 1800 jobs collected.
2025-05-16 19:10:07,565 - utils.jobsdbth - INFO - Total jobs found: 2915
2025-05-16 19:10:07,567 - utils.jobsdbth - INFO - Scraped job from page 19: 1900 jobs collected.
2025-05-16 19:10:09,773 - utils.jobsdbth - INFO - Total jobs found: 2915
2025-05-16 19:10:09,774 - utils.jobsdbth - INFO - Scraped job from page 20: 2000 jobs collected.
2025-05-16 19:10:13,464 - utils.jobsdbth - INFO - Total jobs found: 2915
2025-05-16 19:10:13,465 - utils.jobsdbth - INFO - Scraped job from page 21: 2100 jobs collected.
2025-05-16 19:10:17,562 - utils.jobsdbth - INFO - Total jobs found: 2915
2025-05-16 19:10:17,564 - utils.jobsdbth - INFO - Scraped job from page 22: 2200 jobs collected.
2025-05-16 19:10:19,068 - utils.jobsdbth - INFO - Total jobs found: 2915
2025-05-16 19:10:19,069 - utils.jobsdbth - INFO - Scraped job from page 23: 2300 jobs collected.
2025-05-16 19:10:20,923 - utils.jobsdbth - INFO - Total jobs found: 2915
2025-05-16 19:10:20,924 - utils.jobsdbth - INFO - Scraped job from page 24: 2400 jobs collected.
2025-05-16 19:10:23,566 - utils.jobsdbth - INFO - Total jobs found: 2915
2025-05-16 19:10:23,568 - utils.jobsdbth - INFO - Scraped job from page 25: 2500 jobs collected.
2025-05-16 19:10:27,267 - utils.jobsdbth - INFO - Total jobs found: 2915
2025-05-16 19:10:27,269 - utils.jobsdbth - INFO - Scraped job from page 26: 2600 jobs collected.
2025-05-16 19:10:29,851 - utils.jobsdbth - INFO - Total jobs found: 2915
2025-05-16 19:10:29,853 - utils.jobsdbth - INFO - Scraped job from page 27: 2700 jobs collected.
2025-05-16 19:10:31,290 - utils.jobsdbth - INFO - Total jobs found: 2915
2025-05-16 19:10:31,292 - utils.jobsdbth - INFO - Scraped job from page 28: 2800 jobs collected.
2025-05-16 19:10:33,800 - utils.jobsdbth - INFO - Total jobs found: 2915
2025-05-16 19:10:33,802 - utils.jobsdbth - INFO - Scraped job from page 29: 2900 jobs collected.
2025-05-16 19:10:37,474 - utils.jobsdbth - INFO - Total jobs found: 2915
2025-05-16 19:10:37,475 - utils.jobsdbth - INFO - Scraped job from page 30: 2915 jobs collected.
2025-05-16 19:10:39,550 - utils.jobsdbth - INFO - Total jobs found: 2915
2025-05-16 19:10:39,550 - utils.jobsdbth - INFO - No more jobs found on page 31. Ending scrape.
2025-05-16 19:10:39,550 - utils.jobsdbth - INFO - Scraping completed. Total jobs scraped: 2915
2025-05-16 19:20:24,424 - utils.jobsdbth - INFO - Total jobs found: 2915
2025-05-16 19:20:24,425 - utils.jobsdbth - INFO - Scraped job from page 1: 100 jobs collected.
2025-05-16 19:20:28,610 - utils.jobsdbth - INFO - Total jobs found: 2915
2025-05-16 19:20:28,612 - utils.jobsdbth - INFO - Scraped job from page 2: 200 jobs collected.
2025-05-16 19:20:31,909 - utils.jobsdbth - INFO - Total jobs found: 2915
2025-05-16 19:20:31,910 - utils.jobsdbth - INFO - Scraped job from page 3: 300 jobs collected.
2025-05-16 19:20:34,156 - utils.jobsdbth - INFO - Total jobs found: 2915
2025-05-16 19:20:34,157 - utils.jobsdbth - INFO - Scraped job from page 4: 400 jobs collected.
2025-05-16 19:20:36,556 - utils.jobsdbth - INFO - Total jobs found: 2915
2025-05-16 19:20:36,556 - utils.jobsdbth - INFO - Scraped job from page 5: 500 jobs collected.
2025-05-16 19:20:37,829 - utils.jobsdbth - INFO - Total jobs found: 2915
2025-05-16 19:20:37,830 - utils.jobsdbth - INFO - Scraped job from page 6: 600 jobs collected.
2025-05-16 19:20:40,803 - utils.jobsdbth - INFO - Total jobs found: 2915
2025-05-16 19:20:40,804 - utils.jobsdbth - INFO - Scraped job from page 7: 700 jobs collected.
2025-05-16 19:20:42,901 - utils.jobsdbth - INFO - Total jobs found: 2915
2025-05-16 19:20:42,901 - utils.jobsdbth - INFO - Scraped job from page 8: 800 jobs collected.
2025-05-16 19:20:45,595 - utils.jobsdbth - INFO - Total jobs found: 2915
2025-05-16 19:20:45,596 - utils.jobsdbth - INFO - Scraped job from page 9: 900 jobs collected.
2025-05-16 19:20:47,099 - utils.jobsdbth - INFO - Total jobs found: 2915
2025-05-16 19:20:47,100 - utils.jobsdbth - INFO - Scraped job from page 10: 1000 jobs collected.
2025-05-16 19:20:48,673 - utils.jobsdbth - INFO - Total jobs found: 2915
2025-05-16 19:20:48,674 - utils.jobsdbth - INFO - Scraped job from page 11: 1100 jobs collected.
2025-05-16 19:20:51,842 - utils.jobsdbth - INFO - Total jobs found: 2915
2025-05-16 19:20:51,843 - utils.jobsdbth - INFO - Scraped job from page 12: 1200 jobs collected.
2025-05-16 19:20:56,086 - utils.jobsdbth - INFO - Total jobs found: 2915
2025-05-16 19:20:56,088 - utils.jobsdbth - INFO - Scraped job from page 13: 1300 jobs collected.
2025-05-16 19:20:57,883 - utils.jobsdbth - INFO - Total jobs found: 2915
2025-05-16 19:20:57,884 - utils.jobsdbth - INFO - Scraped job from page 14: 1400 jobs collected.
2025-05-16 19:21:00,269 - utils.jobsdbth - INFO - Total jobs found: 2915
2025-05-16 19:21:00,269 - utils.jobsdbth - INFO - Scraped job from page 15: 1500 jobs collected.
2025-05-16 19:21:04,328 - utils.jobsdbth - INFO - Total jobs found: 2915
2025-05-16 19:21:04,329 - utils.jobsdbth - INFO - Scraped job from page 16: 1600 jobs collected.
2025-05-16 19:21:06,028 - utils.jobsdbth - INFO - Total jobs found: 2915
2025-05-16 19:21:06,029 - utils.jobsdbth - INFO - Scraped job from page 17: 1700 jobs collected.
2025-05-16 19:21:07,413 - utils.jobsdbth - INFO - Total jobs found: 2915
2025-05-16 19:21:07,414 - utils.jobsdbth - INFO - Scraped job from page 18: 1800 jobs collected.
2025-05-16 19:21:09,571 - utils.jobsdbth - INFO - Total jobs found: 2915
2025-05-16 19:21:09,571 - utils.jobsdbth - INFO - Scraped job from page 19: 1900 jobs collected.
2025-05-16 19:21:12,562 - utils.jobsdbth - INFO - Total jobs found: 2915
2025-05-16 19:21:12,562 - utils.jobsdbth - INFO - Scraped job from page 20: 2000 jobs collected.
2025-05-16 19:21:14,783 - utils.jobsdbth - INFO - Total jobs found: 2915
2025-05-16 19:21:14,784 - utils.jobsdbth - INFO - Scraped job from page 21: 2100 jobs collected.
2025-05-16 19:21:16,602 - utils.jobsdbth - INFO - Total jobs found: 2915
2025-05-16 19:21:16,603 - utils.jobsdbth - INFO - Scraped job from page 22: 2200 jobs collected.
2025-05-16 19:21:18,659 - utils.jobsdbth - INFO - Total jobs found: 2915
2025-05-16 19:21:18,660 - utils.jobsdbth - INFO - Scraped job from page 23: 2300 jobs collected.
2025-05-16 19:21:21,428 - utils.jobsdbth - INFO - Total jobs found: 2915
2025-05-16 19:21:21,428 - utils.jobsdbth - INFO - Scraped job from page 24: 2400 jobs collected.
2025-05-16 19:21:23,681 - utils.jobsdbth - INFO - Total jobs found: 2915
2025-05-16 19:21:23,682 - utils.jobsdbth - INFO - Scraped job from page 25: 2500 jobs collected.
2025-05-16 19:21:25,911 - utils.jobsdbth - INFO - Total jobs found: 2915
2025-05-16 19:21:25,912 - utils.jobsdbth - INFO - Scraped job from page 26: 2600 jobs collected.
2025-05-16 19:21:28,397 - utils.jobsdbth - INFO - Total jobs found: 2915
2025-05-16 19:21:28,397 - utils.jobsdbth - INFO - Scraped job from page 27: 2700 jobs collected.
2025-05-16 19:21:30,081 - utils.jobsdbth - INFO - Total jobs found: 2915
2025-05-16 19:21:30,082 - utils.jobsdbth - INFO - Scraped job from page 28: 2800 jobs collected.
2025-05-16 19:21:32,261 - utils.jobsdbth - INFO - Total jobs found: 2915
2025-05-16 19:21:32,261 - utils.jobsdbth - INFO - Scraped job from page 29: 2900 jobs collected.
2025-05-16 19:21:35,332 - utils.jobsdbth - INFO - Total jobs found: 2915
2025-05-16 19:21:35,333 - utils.jobsdbth - INFO - Scraped job from page 30: 2915 jobs collected.
2025-05-16 19:21:38,855 - utils.jobsdbth - INFO - Total jobs found: 2915
2025-05-16 19:21:38,855 - utils.jobsdbth - INFO - No more jobs found on page 31. Ending scrape.
2025-05-16 19:21:38,856 - utils.jobsdbth - INFO - Scraping completed. Total jobs scraped: 2915
2025-05-16 22:56:08,322 - utils.jobsdbth - INFO - Total jobs found: 2830
2025-05-16 22:56:08,323 - utils.jobsdbth - INFO - Scraped job from page 1: 100 jobs collected.
2025-05-16 22:56:12,507 - utils.jobsdbth - INFO - Total jobs found: 2830
2025-05-16 22:56:12,509 - utils.jobsdbth - INFO - Scraped job from page 2: 200 jobs collected.
2025-05-16 22:56:14,961 - utils.jobsdbth - INFO - Total jobs found: 2830
2025-05-16 22:56:14,962 - utils.jobsdbth - INFO - Scraped job from page 3: 300 jobs collected.
2025-05-16 22:56:18,620 - utils.jobsdbth - INFO - Total jobs found: 2830
2025-05-16 22:56:18,622 - utils.jobsdbth - INFO - Scraped job from page 4: 400 jobs collected.
2025-05-16 22:56:22,050 - utils.jobsdbth - INFO - Total jobs found: 2830
2025-05-16 22:56:22,051 - utils.jobsdbth - INFO - Scraped job from page 5: 500 jobs collected.
2025-05-16 22:56:23,848 - utils.jobsdbth - INFO - Total jobs found: 2830
2025-05-16 22:56:23,849 - utils.jobsdbth - INFO - Scraped job from page 6: 600 jobs collected.
2025-05-16 22:56:25,529 - utils.jobsdbth - INFO - Total jobs found: 2830
2025-05-16 22:56:25,529 - utils.jobsdbth - INFO - Scraped job from page 7: 700 jobs collected.
2025-05-16 22:56:29,136 - utils.jobsdbth - INFO - Total jobs found: 2830
2025-05-16 22:56:29,137 - utils.jobsdbth - INFO - Scraped job from page 8: 800 jobs collected.
2025-05-16 22:56:30,882 - utils.jobsdbth - INFO - Total jobs found: 2830
2025-05-16 22:56:30,883 - utils.jobsdbth - INFO - Scraped job from page 9: 900 jobs collected.
2025-05-16 22:56:34,441 - utils.jobsdbth - INFO - Total jobs found: 2830
2025-05-16 22:56:34,442 - utils.jobsdbth - INFO - Scraped job from page 10: 1000 jobs collected.
2025-05-16 22:56:36,296 - utils.jobsdbth - INFO - Total jobs found: 2830
2025-05-16 22:56:36,298 - utils.jobsdbth - INFO - Scraped job from page 11: 1100 jobs collected.
2025-05-16 22:56:38,453 - utils.jobsdbth - INFO - Total jobs found: 2830
2025-05-16 22:56:38,455 - utils.jobsdbth - INFO - Scraped job from page 12: 1200 jobs collected.
2025-05-16 22:56:40,424 - utils.jobsdbth - INFO - Total jobs found: 2830
2025-05-16 22:56:40,425 - utils.jobsdbth - INFO - Scraped job from page 13: 1300 jobs collected.
2025-05-16 22:56:42,433 - utils.jobsdbth - INFO - Total jobs found: 2830
2025-05-16 22:56:42,434 - utils.jobsdbth - INFO - Scraped job from page 14: 1400 jobs collected.
2025-05-16 22:56:45,614 - utils.jobsdbth - INFO - Total jobs found: 2830
2025-05-16 22:56:45,616 - utils.jobsdbth - INFO - Scraped job from page 15: 1500 jobs collected.
2025-05-16 22:56:47,442 - utils.jobsdbth - INFO - Total jobs found: 2830
2025-05-16 22:56:47,443 - utils.jobsdbth - INFO - Scraped job from page 16: 1600 jobs collected.
2025-05-16 22:56:48,938 - utils.jobsdbth - INFO - Total jobs found: 2830
2025-05-16 22:56:48,939 - utils.jobsdbth - INFO - Scraped job from page 17: 1700 jobs collected.
2025-05-16 22:56:50,797 - utils.jobsdbth - INFO - Total jobs found: 2830
2025-05-16 22:56:50,798 - utils.jobsdbth - INFO - Scraped job from page 18: 1800 jobs collected.
2025-05-16 22:56:55,233 - utils.jobsdbth - INFO - Total jobs found: 2830
2025-05-16 22:56:55,234 - utils.jobsdbth - INFO - Scraped job from page 19: 1900 jobs collected.
2025-05-16 22:56:57,101 - utils.jobsdbth - INFO - Total jobs found: 2830
2025-05-16 22:56:57,102 - utils.jobsdbth - INFO - Scraped job from page 20: 2000 jobs collected.
2025-05-16 22:57:01,359 - utils.jobsdbth - INFO - Total jobs found: 2830
2025-05-16 22:57:01,360 - utils.jobsdbth - INFO - Scraped job from page 21: 2100 jobs collected.
2025-05-16 22:57:04,262 - utils.jobsdbth - INFO - Total jobs found: 2830
2025-05-16 22:57:04,262 - utils.jobsdbth - INFO - Scraped job from page 22: 2200 jobs collected.
2025-05-16 22:57:07,922 - utils.jobsdbth - INFO - Total jobs found: 2830
2025-05-16 22:57:07,924 - utils.jobsdbth - INFO - Scraped job from page 23: 2300 jobs collected.
2025-05-16 22:57:11,806 - utils.jobsdbth - INFO - Total jobs found: 2830
2025-05-16 22:57:11,807 - utils.jobsdbth - INFO - Scraped job from page 24: 2400 jobs collected.
2025-05-16 22:57:15,200 - utils.jobsdbth - INFO - Total jobs found: 2830
2025-05-16 22:57:15,202 - utils.jobsdbth - INFO - Scraped job from page 25: 2500 jobs collected.
2025-05-16 22:57:17,893 - utils.jobsdbth - INFO - Total jobs found: 2830
2025-05-16 22:57:17,894 - utils.jobsdbth - INFO - Scraped job from page 26: 2600 jobs collected.
2025-05-16 22:57:20,062 - utils.jobsdbth - INFO - Total jobs found: 2830
2025-05-16 22:57:20,064 - utils.jobsdbth - INFO - Scraped job from page 27: 2700 jobs collected.
2025-05-16 22:57:21,569 - utils.jobsdbth - INFO - Total jobs found: 2830
2025-05-16 22:57:21,570 - utils.jobsdbth - INFO - Scraped job from page 28: 2800 jobs collected.
2025-05-16 22:57:25,076 - utils.jobsdbth - INFO - Total jobs found: 2830
2025-05-16 22:57:25,077 - utils.jobsdbth - INFO - Scraped job from page 29: 2830 jobs collected.
2025-05-16 22:57:27,852 - utils.jobsdbth - INFO - Total jobs found: 2830
2025-05-16 22:57:27,852 - utils.jobsdbth - INFO - No more jobs found on page 30. Ending scrape.
2025-05-16 22:57:27,853 - utils.jobsdbth - INFO - Scraping completed. Total jobs scraped: 2830
2025-05-17 15:01:09,049 - utils.jobsdbth - INFO - Total jobs found: 2833
2025-05-17 15:01:09,049 - utils.jobsdbth - INFO - Scraped job from page 1: 100 jobs collected.
2025-05-17 15:01:13,195 - utils.jobsdbth - INFO - Total jobs found: 2833
2025-05-17 15:01:13,196 - utils.jobsdbth - INFO - Scraped job from page 2: 200 jobs collected.
2025-05-17 15:01:16,348 - utils.jobsdbth - INFO - Total jobs found: 2833
2025-05-17 15:01:16,349 - utils.jobsdbth - INFO - Scraped job from page 3: 300 jobs collected.
2025-05-17 15:01:17,853 - utils.jobsdbth - INFO - Total jobs found: 2833
2025-05-17 15:01:17,854 - utils.jobsdbth - INFO - Scraped job from page 4: 400 jobs collected.
2025-05-17 15:01:20,026 - utils.jobsdbth - INFO - Total jobs found: 2833
2025-05-17 15:01:20,028 - utils.jobsdbth - INFO - Scraped job from page 5: 500 jobs collected.
2025-05-17 15:01:24,364 - utils.jobsdbth - INFO - Total jobs found: 2833
2025-05-17 15:01:24,366 - utils.jobsdbth - INFO - Scraped job from page 6: 600 jobs collected.
2025-05-17 15:01:27,242 - utils.jobsdbth - INFO - Total jobs found: 2833
2025-05-17 15:01:27,243 - utils.jobsdbth - INFO - Scraped job from page 7: 700 jobs collected.
2025-05-17 15:01:31,506 - utils.jobsdbth - INFO - Total jobs found: 2833
2025-05-17 15:01:31,507 - utils.jobsdbth - INFO - Scraped job from page 8: 800 jobs collected.
2025-05-17 15:01:34,347 - utils.jobsdbth - INFO - Total jobs found: 2833
2025-05-17 15:01:34,348 - utils.jobsdbth - INFO - Scraped job from page 9: 900 jobs collected.
2025-05-17 15:01:36,586 - utils.jobsdbth - INFO - Total jobs found: 2833
2025-05-17 15:01:36,586 - utils.jobsdbth - INFO - Scraped job from page 10: 1000 jobs collected.
2025-05-17 15:01:38,113 - utils.jobsdbth - INFO - Total jobs found: 2833
2025-05-17 15:01:38,114 - utils.jobsdbth - INFO - Scraped job from page 11: 1100 jobs collected.
2025-05-17 15:01:41,256 - utils.jobsdbth - INFO - Total jobs found: 2833
2025-05-17 15:01:41,257 - utils.jobsdbth - INFO - Scraped job from page 12: 1200 jobs collected.
2025-05-17 15:01:43,886 - utils.jobsdbth - INFO - Total jobs found: 2833
2025-05-17 15:01:43,887 - utils.jobsdbth - INFO - Scraped job from page 13: 1300 jobs collected.
2025-05-17 15:01:45,621 - utils.jobsdbth - INFO - Total jobs found: 2833
2025-05-17 15:01:45,622 - utils.jobsdbth - INFO - Scraped job from page 14: 1400 jobs collected.
2025-05-17 15:01:48,031 - utils.jobsdbth - INFO - Total jobs found: 2833
2025-05-17 15:01:48,032 - utils.jobsdbth - INFO - Scraped job from page 15: 1500 jobs collected.
2025-05-17 15:01:51,626 - utils.jobsdbth - INFO - Total jobs found: 2833
2025-05-17 15:01:51,627 - utils.jobsdbth - INFO - Scraped job from page 16: 1600 jobs collected.
2025-05-17 15:01:54,316 - utils.jobsdbth - INFO - Total jobs found: 2833
2025-05-17 15:01:54,317 - utils.jobsdbth - INFO - Scraped job from page 17: 1700 jobs collected.
2025-05-17 15:01:57,342 - utils.jobsdbth - INFO - Total jobs found: 2833
2025-05-17 15:01:57,344 - utils.jobsdbth - INFO - Scraped job from page 18: 1800 jobs collected.
2025-05-17 15:02:01,572 - utils.jobsdbth - INFO - Total jobs found: 2833
2025-05-17 15:02:01,574 - utils.jobsdbth - INFO - Scraped job from page 19: 1900 jobs collected.
2025-05-17 15:02:04,036 - utils.jobsdbth - INFO - Total jobs found: 2833
2025-05-17 15:02:04,037 - utils.jobsdbth - INFO - Scraped job from page 20: 2000 jobs collected.
2025-05-17 15:02:05,995 - utils.jobsdbth - INFO - Total jobs found: 2833
2025-05-17 15:02:05,995 - utils.jobsdbth - INFO - Scraped job from page 21: 2100 jobs collected.
2025-05-17 15:02:09,111 - utils.jobsdbth - INFO - Total jobs found: 2833
2025-05-17 15:02:09,113 - utils.jobsdbth - INFO - Scraped job from page 22: 2200 jobs collected.
2025-05-17 15:02:12,737 - utils.jobsdbth - INFO - Total jobs found: 2833
2025-05-17 15:02:12,737 - utils.jobsdbth - INFO - Scraped job from page 23: 2300 jobs collected.
2025-05-17 15:02:17,006 - utils.jobsdbth - INFO - Total jobs found: 2834
2025-05-17 15:02:17,007 - utils.jobsdbth - INFO - Scraped job from page 24: 2400 jobs collected.
2025-05-17 15:02:20,602 - utils.jobsdbth - INFO - Total jobs found: 2834
2025-05-17 15:02:20,604 - utils.jobsdbth - INFO - Scraped job from page 25: 2500 jobs collected.
2025-05-17 15:02:22,777 - utils.jobsdbth - INFO - Total jobs found: 2834
2025-05-17 15:02:22,778 - utils.jobsdbth - INFO - Scraped job from page 26: 2600 jobs collected.
2025-05-17 15:02:24,558 - utils.jobsdbth - INFO - Total jobs found: 2834
2025-05-17 15:02:24,560 - utils.jobsdbth - INFO - Scraped job from page 27: 2700 jobs collected.
2025-05-17 15:02:27,435 - utils.jobsdbth - INFO - Total jobs found: 2834
2025-05-17 15:02:27,437 - utils.jobsdbth - INFO - Scraped job from page 28: 2800 jobs collected.
2025-05-17 15:02:31,117 - utils.jobsdbth - INFO - Total jobs found: 2834
2025-05-17 15:02:31,118 - utils.jobsdbth - INFO - Scraped job from page 29: 2834 jobs collected.
2025-05-17 15:02:34,108 - utils.jobsdbth - INFO - Total jobs found: 2834
2025-05-17 15:02:34,108 - utils.jobsdbth - INFO - No more jobs found on page 30. Ending scrape.
2025-05-17 15:02:34,108 - utils.jobsdbth - INFO - Scraping completed. Total jobs scraped: 2834
2025-05-17 21:19:47,191 - utils.jobsdbth - INFO - Total jobs found: 2763
2025-05-17 21:19:47,206 - utils.jobsdbth - INFO - Scraped job from page 1: 100 jobs collected.
2025-05-17 21:19:48,810 - utils.jobsdbth - INFO - Total jobs found: 2763
2025-05-17 21:19:48,810 - utils.jobsdbth - INFO - Scraped job from page 2: 200 jobs collected.
2025-05-17 21:19:51,096 - utils.jobsdbth - INFO - Total jobs found: 2763
2025-05-17 21:19:51,097 - utils.jobsdbth - INFO - Scraped job from page 3: 300 jobs collected.
2025-05-17 21:19:54,976 - utils.jobsdbth - INFO - Total jobs found: 2763
2025-05-17 21:19:54,977 - utils.jobsdbth - INFO - Scraped job from page 4: 400 jobs collected.
2025-05-17 21:19:59,315 - utils.jobsdbth - INFO - Total jobs found: 2763
2025-05-17 21:19:59,318 - utils.jobsdbth - INFO - Scraped job from page 5: 500 jobs collected.
2025-05-17 21:20:01,537 - utils.jobsdbth - INFO - Total jobs found: 2763
2025-05-17 21:20:01,537 - utils.jobsdbth - INFO - Scraped job from page 6: 600 jobs collected.
2025-05-17 21:20:04,639 - utils.jobsdbth - INFO - Total jobs found: 2763
2025-05-17 21:20:04,642 - utils.jobsdbth - INFO - Scraped job from page 7: 700 jobs collected.
2025-05-17 21:20:07,573 - utils.jobsdbth - INFO - Total jobs found: 2763
2025-05-17 21:20:07,573 - utils.jobsdbth - INFO - Scraped job from page 8: 800 jobs collected.
2025-05-17 21:20:10,428 - utils.jobsdbth - INFO - Total jobs found: 2763
2025-05-17 21:20:10,428 - utils.jobsdbth - INFO - Scraped job from page 9: 900 jobs collected.
2025-05-17 21:20:13,656 - utils.jobsdbth - INFO - Total jobs found: 2763
2025-05-17 21:20:13,657 - utils.jobsdbth - INFO - Scraped job from page 10: 1000 jobs collected.
2025-05-17 21:20:16,218 - utils.jobsdbth - INFO - Total jobs found: 2763
2025-05-17 21:20:16,219 - utils.jobsdbth - INFO - Scraped job from page 11: 1100 jobs collected.
2025-05-17 21:20:19,100 - utils.jobsdbth - INFO - Total jobs found: 2763
2025-05-17 21:20:19,100 - utils.jobsdbth - INFO - Scraped job from page 12: 1200 jobs collected.
2025-05-17 21:20:21,957 - utils.jobsdbth - INFO - Total jobs found: 2763
2025-05-17 21:20:21,957 - utils.jobsdbth - INFO - Scraped job from page 13: 1300 jobs collected.
2025-05-17 21:20:26,360 - utils.jobsdbth - INFO - Total jobs found: 2763
2025-05-17 21:20:26,361 - utils.jobsdbth - INFO - Scraped job from page 14: 1400 jobs collected.
2025-05-17 21:20:30,402 - utils.jobsdbth - INFO - Total jobs found: 2763
2025-05-17 21:20:30,402 - utils.jobsdbth - INFO - Scraped job from page 15: 1500 jobs collected.
2025-05-17 21:20:33,192 - utils.jobsdbth - INFO - Total jobs found: 2763
2025-05-17 21:20:33,193 - utils.jobsdbth - INFO - Scraped job from page 16: 1600 jobs collected.
2025-05-17 21:20:36,298 - utils.jobsdbth - INFO - Total jobs found: 2763
2025-05-17 21:20:36,299 - utils.jobsdbth - INFO - Scraped job from page 17: 1700 jobs collected.
2025-05-17 21:20:39,735 - utils.jobsdbth - INFO - Total jobs found: 2763
2025-05-17 21:20:39,735 - utils.jobsdbth - INFO - Scraped job from page 18: 1800 jobs collected.
2025-05-17 21:20:42,819 - utils.jobsdbth - INFO - Total jobs found: 2763
2025-05-17 21:20:42,820 - utils.jobsdbth - INFO - Scraped job from page 19: 1900 jobs collected.
2025-05-17 21:20:46,354 - utils.jobsdbth - INFO - Total jobs found: 2763
2025-05-17 21:20:46,355 - utils.jobsdbth - INFO - Scraped job from page 20: 2000 jobs collected.
2025-05-17 21:20:49,782 - utils.jobsdbth - INFO - Total jobs found: 2763
2025-05-17 21:20:49,783 - utils.jobsdbth - INFO - Scraped job from page 21: 2100 jobs collected.
2025-05-17 21:20:54,067 - utils.jobsdbth - INFO - Total jobs found: 2763
2025-05-17 21:20:54,068 - utils.jobsdbth - INFO - Scraped job from page 22: 2200 jobs collected.
2025-05-17 21:20:56,625 - utils.jobsdbth - INFO - Total jobs found: 2763
2025-05-17 21:20:56,625 - utils.jobsdbth - INFO - Scraped job from page 23: 2300 jobs collected.
2025-05-17 21:20:58,980 - utils.jobsdbth - INFO - Total jobs found: 2763
2025-05-17 21:20:58,981 - utils.jobsdbth - INFO - Scraped job from page 24: 2400 jobs collected.
2025-05-17 21:21:01,783 - utils.jobsdbth - INFO - Total jobs found: 2763
2025-05-17 21:21:01,784 - utils.jobsdbth - INFO - Scraped job from page 25: 2500 jobs collected.
2025-05-17 21:21:05,632 - utils.jobsdbth - INFO - Total jobs found: 2763
2025-05-17 21:21:05,633 - utils.jobsdbth - INFO - Scraped job from page 26: 2600 jobs collected.
2025-05-17 21:21:09,198 - utils.jobsdbth - INFO - Total jobs found: 2763
2025-05-17 21:21:09,199 - utils.jobsdbth - INFO - Scraped job from page 27: 2700 jobs collected.
2025-05-17 21:21:13,114 - utils.jobsdbth - INFO - Total jobs found: 2763
2025-05-17 21:21:13,114 - utils.jobsdbth - INFO - Scraped job from page 28: 2763 jobs collected.
2025-05-17 21:21:16,122 - utils.jobsdbth - INFO - Total jobs found: 2763
2025-05-17 21:21:16,123 - utils.jobsdbth - INFO - No more jobs found on page 29. Ending scrape.
2025-05-17 21:21:16,123 - utils.jobsdbth - INFO - Scraping completed. Total jobs scraped: 2763
