2025-05-20 19:21:14,553 - utils.transform - INFO - Transforming JobNetMM DataFrame
2025-05-20 19:21:14,557 - utils.transform - INFO - Transformation JobNetMM complete
2025-05-20 19:48:36,230 - utils.transform - INFO - Transforming JobNetMM DataFrame
2025-05-20 19:48:36,232 - utils.transform - INFO - Transformation JobNetMM complete
2025-05-20 20:15:58,774 - utils.transform - INFO - Transforming JobNetMM DataFrame
2025-05-20 20:15:58,776 - utils.transform - INFO - Transformation JobNetMM complete
2025-05-21 15:27:03,440 - utils.transform - INFO - Transforming Foundit DataFrame
2025-05-21 15:27:07,888 - utils.transform - ERROR - Date Conversion error: a day ago -> invalid literal for int() with base 10: 'a'
2025-05-21 15:27:07,889 - utils.transform - ERROR - Date Conversion error: a day ago -> invalid literal for int() with base 10: 'a'
2025-05-21 15:27:07,891 - utils.transform - ERROR - Date Conversion error: a day ago -> invalid literal for int() with base 10: 'a'
2025-05-21 15:27:07,893 - utils.transform - ERROR - Date Conversion error: a day ago -> invalid literal for int() with base 10: 'a'
2025-05-21 15:27:07,894 - utils.transform - ERROR - Date Conversion error: a day ago -> invalid literal for int() with base 10: 'a'
2025-05-21 15:27:07,895 - utils.transform - ERROR - Date Conversion error: a day ago -> invalid literal for int() with base 10: 'a'
2025-05-21 15:27:07,895 - utils.transform - ERROR - Date Conversion error: a day ago -> invalid literal for int() with base 10: 'a'
2025-05-21 15:27:07,897 - utils.transform - ERROR - Date Conversion error: a day ago -> invalid literal for int() with base 10: 'a'
2025-05-21 15:27:07,905 - utils.transform - ERROR - Date Conversion error: a month ago -> invalid literal for int() with base 10: 'a'
2025-05-21 15:27:07,905 - utils.transform - ERROR - Date Conversion error: a month ago -> invalid literal for int() with base 10: 'a'
2025-05-21 15:27:07,906 - utils.transform - ERROR - Date Conversion error: a month ago -> invalid literal for int() with base 10: 'a'
2025-05-21 15:27:07,908 - utils.transform - ERROR - Date Conversion error: a month ago -> invalid literal for int() with base 10: 'a'
2025-05-21 15:27:07,909 - utils.transform - ERROR - Date Conversion error: a month ago -> invalid literal for int() with base 10: 'a'
2025-05-21 15:27:07,909 - utils.transform - ERROR - Date Conversion error: a month ago -> invalid literal for int() with base 10: 'a'
2025-05-21 15:27:07,909 - utils.transform - ERROR - Date Conversion error: a month ago -> invalid literal for int() with base 10: 'a'
2025-05-21 15:27:07,910 - utils.transform - ERROR - Date Conversion error: a month ago -> invalid literal for int() with base 10: 'a'
2025-05-21 15:27:07,911 - utils.transform - ERROR - Date Conversion error: a month ago -> invalid literal for int() with base 10: 'a'
2025-05-21 15:27:07,911 - utils.transform - ERROR - Date Conversion error: a month ago -> invalid literal for int() with base 10: 'a'
2025-05-21 15:27:07,912 - utils.transform - ERROR - Date Conversion error: a month ago -> invalid literal for int() with base 10: 'a'
2025-05-21 15:27:07,913 - utils.transform - ERROR - Date Conversion error: a month ago -> invalid literal for int() with base 10: 'a'
2025-05-21 15:27:07,914 - utils.transform - ERROR - Date Conversion error: a month ago -> invalid literal for int() with base 10: 'a'
2025-05-21 15:27:07,915 - utils.transform - ERROR - Date Conversion error: a month ago -> invalid literal for int() with base 10: 'a'
2025-05-21 15:27:07,916 - utils.transform - ERROR - Date Conversion error: a month ago -> invalid literal for int() with base 10: 'a'
2025-05-21 15:27:07,918 - utils.transform - ERROR - Date Conversion error: a month ago -> invalid literal for int() with base 10: 'a'
2025-05-21 15:27:07,919 - utils.transform - ERROR - Date Conversion error: a month ago -> invalid literal for int() with base 10: 'a'
2025-05-21 15:27:07,919 - utils.transform - ERROR - Date Conversion error: a month ago -> invalid literal for int() with base 10: 'a'
2025-05-21 15:27:07,920 - utils.transform - ERROR - Date Conversion error: a month ago -> invalid literal for int() with base 10: 'a'
2025-05-21 15:27:07,921 - utils.transform - ERROR - Date Conversion error: a month ago -> invalid literal for int() with base 10: 'a'
2025-05-21 15:27:07,922 - utils.transform - ERROR - Date Conversion error: a month ago -> invalid literal for int() with base 10: 'a'
2025-05-21 15:27:07,922 - utils.transform - ERROR - Date Conversion error: a month ago -> invalid literal for int() with base 10: 'a'
2025-05-21 15:27:07,923 - utils.transform - ERROR - Date Conversion error: a month ago -> invalid literal for int() with base 10: 'a'
2025-05-21 15:27:07,923 - utils.transform - ERROR - Date Conversion error: a month ago -> invalid literal for int() with base 10: 'a'
2025-05-21 15:27:07,924 - utils.transform - ERROR - Date Conversion error: a month ago -> invalid literal for int() with base 10: 'a'
2025-05-21 15:27:07,925 - utils.transform - ERROR - Date Conversion error: a month ago -> invalid literal for int() with base 10: 'a'
2025-05-21 15:27:07,925 - utils.transform - ERROR - Date Conversion error: a month ago -> invalid literal for int() with base 10: 'a'
2025-05-21 15:27:07,927 - utils.transform - ERROR - Date Conversion error: a month ago -> invalid literal for int() with base 10: 'a'
2025-05-21 15:27:07,927 - utils.transform - ERROR - Date Conversion error: a month ago -> invalid literal for int() with base 10: 'a'
2025-05-21 15:27:07,927 - utils.transform - ERROR - Date Conversion error: a month ago -> invalid literal for int() with base 10: 'a'
2025-05-21 15:27:07,928 - utils.transform - ERROR - Date Conversion error: a month ago -> invalid literal for int() with base 10: 'a'
2025-05-21 15:27:07,928 - utils.transform - ERROR - Date Conversion error: a month ago -> invalid literal for int() with base 10: 'a'
2025-05-21 15:27:07,929 - utils.transform - ERROR - Date Conversion error: a month ago -> invalid literal for int() with base 10: 'a'
2025-05-21 15:27:07,930 - utils.transform - ERROR - Date Conversion error: a month ago -> invalid literal for int() with base 10: 'a'
2025-05-21 15:27:07,933 - utils.transform - ERROR - Date Conversion error: a month ago -> invalid literal for int() with base 10: 'a'
2025-05-21 15:27:07,934 - utils.transform - ERROR - Date Conversion error: a month ago -> invalid literal for int() with base 10: 'a'
2025-05-21 15:27:07,935 - utils.transform - ERROR - Date Conversion error: a month ago -> invalid literal for int() with base 10: 'a'
2025-05-21 15:27:07,936 - utils.transform - ERROR - Date Conversion error: a month ago -> invalid literal for int() with base 10: 'a'
2025-05-21 15:27:07,937 - utils.transform - ERROR - Date Conversion error: a month ago -> invalid literal for int() with base 10: 'a'
2025-05-21 15:27:07,938 - utils.transform - ERROR - Date Conversion error: a month ago -> invalid literal for int() with base 10: 'a'
2025-05-21 15:27:07,939 - utils.transform - ERROR - Date Conversion error: a month ago -> invalid literal for int() with base 10: 'a'
2025-05-21 15:27:07,940 - utils.transform - ERROR - Date Conversion error: a month ago -> invalid literal for int() with base 10: 'a'
2025-05-21 15:27:07,942 - utils.transform - ERROR - Date Conversion error: a month ago -> invalid literal for int() with base 10: 'a'
2025-05-21 15:27:07,943 - utils.transform - ERROR - Date Conversion error: a month ago -> invalid literal for int() with base 10: 'a'
2025-05-21 15:27:07,944 - utils.transform - ERROR - Date Conversion error: a month ago -> invalid literal for int() with base 10: 'a'
2025-05-21 15:27:07,946 - utils.transform - ERROR - Date Conversion error: a month ago -> invalid literal for int() with base 10: 'a'
2025-05-21 15:27:07,951 - utils.transform - ERROR - Date Conversion error: a month ago -> invalid literal for int() with base 10: 'a'
2025-05-21 15:27:07,952 - utils.transform - ERROR - Date Conversion error: a month ago -> invalid literal for int() with base 10: 'a'
2025-05-21 15:27:07,953 - utils.transform - ERROR - Date Conversion error: a month ago -> invalid literal for int() with base 10: 'a'
2025-05-21 15:27:07,955 - utils.transform - ERROR - Date Conversion error: a month ago -> invalid literal for int() with base 10: 'a'
2025-05-21 15:27:07,956 - utils.transform - ERROR - Date Conversion error: a month ago -> invalid literal for int() with base 10: 'a'
2025-05-21 15:27:07,959 - utils.transform - ERROR - Date Conversion error: a month ago -> invalid literal for int() with base 10: 'a'
2025-05-21 15:27:07,963 - utils.transform - ERROR - Date Conversion error: a month ago -> invalid literal for int() with base 10: 'a'
2025-05-21 15:27:07,964 - utils.transform - ERROR - Date Conversion error: a month ago -> invalid literal for int() with base 10: 'a'
2025-05-21 15:27:07,965 - utils.transform - ERROR - Date Conversion error: a month ago -> invalid literal for int() with base 10: 'a'
2025-05-21 15:27:07,967 - utils.transform - ERROR - Date Conversion error: a month ago -> invalid literal for int() with base 10: 'a'
2025-05-21 15:27:07,968 - utils.transform - ERROR - Date Conversion error: a month ago -> invalid literal for int() with base 10: 'a'
2025-05-21 15:27:07,970 - utils.transform - ERROR - Date Conversion error: a month ago -> invalid literal for int() with base 10: 'a'
2025-05-21 15:27:07,972 - utils.transform - ERROR - Date Conversion error: a month ago -> invalid literal for int() with base 10: 'a'
2025-05-21 15:27:07,973 - utils.transform - ERROR - Date Conversion error: a month ago -> invalid literal for int() with base 10: 'a'
2025-05-21 15:27:07,974 - utils.transform - ERROR - Date Conversion error: a month ago -> invalid literal for int() with base 10: 'a'
2025-05-21 15:27:07,975 - utils.transform - ERROR - Date Conversion error: a month ago -> invalid literal for int() with base 10: 'a'
2025-05-21 15:27:07,976 - utils.transform - ERROR - Date Conversion error: a month ago -> invalid literal for int() with base 10: 'a'
2025-05-21 15:27:07,977 - utils.transform - ERROR - Date Conversion error: a month ago -> invalid literal for int() with base 10: 'a'
2025-05-21 15:27:07,980 - utils.transform - ERROR - Date Conversion error: a month ago -> invalid literal for int() with base 10: 'a'
2025-05-21 15:27:07,981 - utils.transform - ERROR - Date Conversion error: a month ago -> invalid literal for int() with base 10: 'a'
2025-05-21 15:27:07,982 - utils.transform - ERROR - Date Conversion error: a month ago -> invalid literal for int() with base 10: 'a'
2025-05-21 15:27:07,983 - utils.transform - ERROR - Date Conversion error: a month ago -> invalid literal for int() with base 10: 'a'
2025-05-21 15:27:07,984 - utils.transform - ERROR - Date Conversion error: a month ago -> invalid literal for int() with base 10: 'a'
2025-05-21 15:27:07,985 - utils.transform - ERROR - Date Conversion error: a month ago -> invalid literal for int() with base 10: 'a'
2025-05-21 15:27:07,986 - utils.transform - ERROR - Date Conversion error: a month ago -> invalid literal for int() with base 10: 'a'
2025-05-21 15:27:07,986 - utils.transform - ERROR - Date Conversion error: a month ago -> invalid literal for int() with base 10: 'a'
2025-05-21 15:27:07,987 - utils.transform - ERROR - Date Conversion error: a month ago -> invalid literal for int() with base 10: 'a'
2025-05-21 15:27:07,988 - utils.transform - ERROR - Date Conversion error: a month ago -> invalid literal for int() with base 10: 'a'
2025-05-21 15:27:07,988 - utils.transform - ERROR - Date Conversion error: a month ago -> invalid literal for int() with base 10: 'a'
2025-05-21 15:27:07,989 - utils.transform - ERROR - Date Conversion error: a month ago -> invalid literal for int() with base 10: 'a'
2025-05-21 15:27:07,990 - utils.transform - ERROR - Date Conversion error: a month ago -> invalid literal for int() with base 10: 'a'
2025-05-21 15:27:07,990 - utils.transform - ERROR - Date Conversion error: a month ago -> invalid literal for int() with base 10: 'a'
2025-05-21 15:27:07,991 - utils.transform - ERROR - Date Conversion error: a month ago -> invalid literal for int() with base 10: 'a'
2025-05-21 15:27:07,992 - utils.transform - ERROR - Date Conversion error: a month ago -> invalid literal for int() with base 10: 'a'
2025-05-21 15:27:07,992 - utils.transform - ERROR - Date Conversion error: a month ago -> invalid literal for int() with base 10: 'a'
2025-05-21 15:27:07,995 - utils.transform - ERROR - Date Conversion error: a month ago -> invalid literal for int() with base 10: 'a'
2025-05-21 15:27:07,996 - utils.transform - ERROR - Date Conversion error: a month ago -> invalid literal for int() with base 10: 'a'
2025-05-21 15:27:07,996 - utils.transform - ERROR - Date Conversion error: a month ago -> invalid literal for int() with base 10: 'a'
2025-05-21 15:27:07,997 - utils.transform - ERROR - Date Conversion error: a month ago -> invalid literal for int() with base 10: 'a'
2025-05-21 15:27:07,997 - utils.transform - ERROR - Date Conversion error: a month ago -> invalid literal for int() with base 10: 'a'
2025-05-21 15:27:07,998 - utils.transform - ERROR - Date Conversion error: a month ago -> invalid literal for int() with base 10: 'a'
2025-05-21 15:27:07,998 - utils.transform - ERROR - Date Conversion error: a month ago -> invalid literal for int() with base 10: 'a'
2025-05-21 15:27:07,999 - utils.transform - ERROR - Date Conversion error: a month ago -> invalid literal for int() with base 10: 'a'
2025-05-21 15:27:07,999 - utils.transform - ERROR - Date Conversion error: a month ago -> invalid literal for int() with base 10: 'a'
2025-05-21 15:27:08,000 - utils.transform - ERROR - Date Conversion error: a month ago -> invalid literal for int() with base 10: 'a'
2025-05-21 15:27:08,001 - utils.transform - ERROR - Date Conversion error: a month ago -> invalid literal for int() with base 10: 'a'
2025-05-21 15:27:08,001 - utils.transform - ERROR - Date Conversion error: a month ago -> invalid literal for int() with base 10: 'a'
2025-05-21 15:27:08,002 - utils.transform - ERROR - Date Conversion error: a month ago -> invalid literal for int() with base 10: 'a'
2025-05-21 15:27:08,002 - utils.transform - ERROR - Date Conversion error: a month ago -> invalid literal for int() with base 10: 'a'
2025-05-21 15:27:08,003 - utils.transform - ERROR - Date Conversion error: a month ago -> invalid literal for int() with base 10: 'a'
2025-05-21 15:27:08,004 - utils.transform - ERROR - Date Conversion error: a month ago -> invalid literal for int() with base 10: 'a'
2025-05-21 15:27:08,004 - utils.transform - ERROR - Date Conversion error: a month ago -> invalid literal for int() with base 10: 'a'
2025-05-21 15:27:08,005 - utils.transform - ERROR - Date Conversion error: a month ago -> invalid literal for int() with base 10: 'a'
2025-05-21 15:27:08,005 - utils.transform - ERROR - Date Conversion error: a month ago -> invalid literal for int() with base 10: 'a'
2025-05-21 15:27:08,006 - utils.transform - ERROR - Date Conversion error: a month ago -> invalid literal for int() with base 10: 'a'
2025-05-21 15:27:08,007 - utils.transform - ERROR - Date Conversion error: a month ago -> invalid literal for int() with base 10: 'a'
2025-05-21 15:27:08,007 - utils.transform - ERROR - Date Conversion error: a month ago -> invalid literal for int() with base 10: 'a'
2025-05-21 15:27:08,008 - utils.transform - ERROR - Date Conversion error: a month ago -> invalid literal for int() with base 10: 'a'
2025-05-21 15:27:08,011 - utils.transform - ERROR - Date Conversion error: a month ago -> invalid literal for int() with base 10: 'a'
2025-05-21 15:27:08,012 - utils.transform - ERROR - Date Conversion error: a month ago -> invalid literal for int() with base 10: 'a'
2025-05-21 15:27:08,013 - utils.transform - ERROR - Date Conversion error: a month ago -> invalid literal for int() with base 10: 'a'
2025-05-21 15:27:08,014 - utils.transform - ERROR - Date Conversion error: a month ago -> invalid literal for int() with base 10: 'a'
2025-05-21 15:27:08,014 - utils.transform - ERROR - Date Conversion error: a month ago -> invalid literal for int() with base 10: 'a'
2025-05-21 15:27:08,015 - utils.transform - ERROR - Date Conversion error: a month ago -> invalid literal for int() with base 10: 'a'
2025-05-21 15:27:08,016 - utils.transform - ERROR - Date Conversion error: a month ago -> invalid literal for int() with base 10: 'a'
2025-05-21 15:27:08,016 - utils.transform - ERROR - Date Conversion error: a month ago -> invalid literal for int() with base 10: 'a'
2025-05-21 15:27:08,017 - utils.transform - ERROR - Date Conversion error: a month ago -> invalid literal for int() with base 10: 'a'
2025-05-21 15:27:08,017 - utils.transform - ERROR - Date Conversion error: a month ago -> invalid literal for int() with base 10: 'a'
2025-05-21 15:27:08,018 - utils.transform - ERROR - Date Conversion error: a month ago -> invalid literal for int() with base 10: 'a'
2025-05-21 15:27:08,019 - utils.transform - ERROR - Date Conversion error: a month ago -> invalid literal for int() with base 10: 'a'
2025-05-21 15:27:08,020 - utils.transform - ERROR - Date Conversion error: a month ago -> invalid literal for int() with base 10: 'a'
2025-05-21 15:27:08,021 - utils.transform - ERROR - Date Conversion error: a month ago -> invalid literal for int() with base 10: 'a'
2025-05-21 15:27:08,021 - utils.transform - ERROR - Date Conversion error: a month ago -> invalid literal for int() with base 10: 'a'
2025-05-21 15:27:08,022 - utils.transform - ERROR - Date Conversion error: a month ago -> invalid literal for int() with base 10: 'a'
2025-05-21 15:27:08,023 - utils.transform - ERROR - Date Conversion error: a day ago -> invalid literal for int() with base 10: 'a'
2025-05-21 15:27:08,027 - utils.transform - ERROR - Date Conversion error: a day ago -> invalid literal for int() with base 10: 'a'
2025-05-21 15:27:08,028 - utils.transform - ERROR - Date Conversion error: a month ago -> invalid literal for int() with base 10: 'a'
2025-05-21 15:27:08,029 - utils.transform - ERROR - Date Conversion error: a month ago -> invalid literal for int() with base 10: 'a'
2025-05-21 15:27:08,033 - utils.transform - INFO - Transformation Foundit complete
2025-05-21 15:27:13,565 - utils.transform - INFO - Transforming JobNetMM DataFrame
2025-05-21 15:27:13,572 - utils.transform - INFO - Transformation JobNetMM complete
2025-05-21 15:27:39,187 - utils.transform - INFO - Transforming JobsDBTH DataFrame
2025-05-21 15:27:39,289 - utils.transform - INFO - Transformation JobsDBTH complete
2025-05-21 15:27:41,644 - utils.transform - INFO - Transforming Other Source DataFrame
2025-05-21 15:27:41,652 - utils.transform - INFO - Transformation complete
2025-05-21 15:27:55,742 - utils.transform - INFO - Transforming JobsDBTH DataFrame
2025-05-21 15:27:55,757 - utils.transform - INFO - Transformation JobsDBTH complete
2025-05-21 17:01:24,185 - utils.transform - INFO - Transforming Foundit DataFrame
2025-05-21 17:01:30,697 - utils.transform - ERROR - Date Conversion error: a day ago -> invalid literal for int() with base 10: 'a'
2025-05-21 17:01:30,698 - utils.transform - ERROR - Date Conversion error: a day ago -> invalid literal for int() with base 10: 'a'
2025-05-21 17:01:30,699 - utils.transform - ERROR - Date Conversion error: a day ago -> invalid literal for int() with base 10: 'a'
2025-05-21 17:01:30,702 - utils.transform - ERROR - Date Conversion error: a day ago -> invalid literal for int() with base 10: 'a'
2025-05-21 17:01:30,703 - utils.transform - ERROR - Date Conversion error: a day ago -> invalid literal for int() with base 10: 'a'
2025-05-21 17:01:30,703 - utils.transform - ERROR - Date Conversion error: a day ago -> invalid literal for int() with base 10: 'a'
2025-05-21 17:01:30,704 - utils.transform - ERROR - Date Conversion error: a day ago -> invalid literal for int() with base 10: 'a'
2025-05-21 17:01:30,705 - utils.transform - ERROR - Date Conversion error: a day ago -> invalid literal for int() with base 10: 'a'
2025-05-21 17:01:30,712 - utils.transform - ERROR - Date Conversion error: a month ago -> invalid literal for int() with base 10: 'a'
2025-05-21 17:01:30,713 - utils.transform - ERROR - Date Conversion error: a month ago -> invalid literal for int() with base 10: 'a'
2025-05-21 17:01:30,713 - utils.transform - ERROR - Date Conversion error: a month ago -> invalid literal for int() with base 10: 'a'
2025-05-21 17:01:30,715 - utils.transform - ERROR - Date Conversion error: a month ago -> invalid literal for int() with base 10: 'a'
2025-05-21 17:01:30,716 - utils.transform - ERROR - Date Conversion error: a month ago -> invalid literal for int() with base 10: 'a'
2025-05-21 17:01:30,716 - utils.transform - ERROR - Date Conversion error: a month ago -> invalid literal for int() with base 10: 'a'
2025-05-21 17:01:30,717 - utils.transform - ERROR - Date Conversion error: a month ago -> invalid literal for int() with base 10: 'a'
2025-05-21 17:01:30,718 - utils.transform - ERROR - Date Conversion error: a month ago -> invalid literal for int() with base 10: 'a'
2025-05-21 17:01:30,718 - utils.transform - ERROR - Date Conversion error: a month ago -> invalid literal for int() with base 10: 'a'
2025-05-21 17:01:30,719 - utils.transform - ERROR - Date Conversion error: a month ago -> invalid literal for int() with base 10: 'a'
2025-05-21 17:01:30,719 - utils.transform - ERROR - Date Conversion error: a month ago -> invalid literal for int() with base 10: 'a'
2025-05-21 17:01:30,720 - utils.transform - ERROR - Date Conversion error: a month ago -> invalid literal for int() with base 10: 'a'
2025-05-21 17:01:30,720 - utils.transform - ERROR - Date Conversion error: a month ago -> invalid literal for int() with base 10: 'a'
2025-05-21 17:01:30,721 - utils.transform - ERROR - Date Conversion error: a month ago -> invalid literal for int() with base 10: 'a'
2025-05-21 17:01:30,722 - utils.transform - ERROR - Date Conversion error: a month ago -> invalid literal for int() with base 10: 'a'
2025-05-21 17:01:30,722 - utils.transform - ERROR - Date Conversion error: a month ago -> invalid literal for int() with base 10: 'a'
2025-05-21 17:01:30,723 - utils.transform - ERROR - Date Conversion error: a month ago -> invalid literal for int() with base 10: 'a'
2025-05-21 17:01:30,723 - utils.transform - ERROR - Date Conversion error: a month ago -> invalid literal for int() with base 10: 'a'
2025-05-21 17:01:30,726 - utils.transform - ERROR - Date Conversion error: a month ago -> invalid literal for int() with base 10: 'a'
2025-05-21 17:01:30,726 - utils.transform - ERROR - Date Conversion error: a month ago -> invalid literal for int() with base 10: 'a'
2025-05-21 17:01:30,728 - utils.transform - ERROR - Date Conversion error: a month ago -> invalid literal for int() with base 10: 'a'
2025-05-21 17:01:30,728 - utils.transform - ERROR - Date Conversion error: a month ago -> invalid literal for int() with base 10: 'a'
2025-05-21 17:01:30,729 - utils.transform - ERROR - Date Conversion error: a month ago -> invalid literal for int() with base 10: 'a'
2025-05-21 17:01:30,730 - utils.transform - ERROR - Date Conversion error: a month ago -> invalid literal for int() with base 10: 'a'
2025-05-21 17:01:30,730 - utils.transform - ERROR - Date Conversion error: a month ago -> invalid literal for int() with base 10: 'a'
2025-05-21 17:01:30,731 - utils.transform - ERROR - Date Conversion error: a month ago -> invalid literal for int() with base 10: 'a'
2025-05-21 17:01:30,731 - utils.transform - ERROR - Date Conversion error: a month ago -> invalid literal for int() with base 10: 'a'
2025-05-21 17:01:30,732 - utils.transform - ERROR - Date Conversion error: a month ago -> invalid literal for int() with base 10: 'a'
2025-05-21 17:01:30,733 - utils.transform - ERROR - Date Conversion error: a month ago -> invalid literal for int() with base 10: 'a'
2025-05-21 17:01:30,733 - utils.transform - ERROR - Date Conversion error: a month ago -> invalid literal for int() with base 10: 'a'
2025-05-21 17:01:30,734 - utils.transform - ERROR - Date Conversion error: a month ago -> invalid literal for int() with base 10: 'a'
2025-05-21 17:01:30,734 - utils.transform - ERROR - Date Conversion error: a month ago -> invalid literal for int() with base 10: 'a'
2025-05-21 17:01:30,735 - utils.transform - ERROR - Date Conversion error: a month ago -> invalid literal for int() with base 10: 'a'
2025-05-21 17:01:30,735 - utils.transform - ERROR - Date Conversion error: a month ago -> invalid literal for int() with base 10: 'a'
2025-05-21 17:01:30,736 - utils.transform - ERROR - Date Conversion error: a month ago -> invalid literal for int() with base 10: 'a'
2025-05-21 17:01:30,737 - utils.transform - ERROR - Date Conversion error: a month ago -> invalid literal for int() with base 10: 'a'
2025-05-21 17:01:30,737 - utils.transform - ERROR - Date Conversion error: a month ago -> invalid literal for int() with base 10: 'a'
2025-05-21 17:01:30,738 - utils.transform - ERROR - Date Conversion error: a month ago -> invalid literal for int() with base 10: 'a'
2025-05-21 17:01:30,738 - utils.transform - ERROR - Date Conversion error: a month ago -> invalid literal for int() with base 10: 'a'
2025-05-21 17:01:30,739 - utils.transform - ERROR - Date Conversion error: a month ago -> invalid literal for int() with base 10: 'a'
2025-05-21 17:01:30,739 - utils.transform - ERROR - Date Conversion error: a month ago -> invalid literal for int() with base 10: 'a'
2025-05-21 17:01:30,740 - utils.transform - ERROR - Date Conversion error: a month ago -> invalid literal for int() with base 10: 'a'
2025-05-21 17:01:30,744 - utils.transform - ERROR - Date Conversion error: a month ago -> invalid literal for int() with base 10: 'a'
2025-05-21 17:01:30,745 - utils.transform - ERROR - Date Conversion error: a month ago -> invalid literal for int() with base 10: 'a'
2025-05-21 17:01:30,745 - utils.transform - ERROR - Date Conversion error: a month ago -> invalid literal for int() with base 10: 'a'
2025-05-21 17:01:30,746 - utils.transform - ERROR - Date Conversion error: a month ago -> invalid literal for int() with base 10: 'a'
2025-05-21 17:01:30,747 - utils.transform - ERROR - Date Conversion error: a month ago -> invalid literal for int() with base 10: 'a'
2025-05-21 17:01:30,747 - utils.transform - ERROR - Date Conversion error: a month ago -> invalid literal for int() with base 10: 'a'
2025-05-21 17:01:30,748 - utils.transform - ERROR - Date Conversion error: a month ago -> invalid literal for int() with base 10: 'a'
2025-05-21 17:01:30,749 - utils.transform - ERROR - Date Conversion error: a month ago -> invalid literal for int() with base 10: 'a'
2025-05-21 17:01:30,749 - utils.transform - ERROR - Date Conversion error: a month ago -> invalid literal for int() with base 10: 'a'
2025-05-21 17:01:30,750 - utils.transform - ERROR - Date Conversion error: a month ago -> invalid literal for int() with base 10: 'a'
2025-05-21 17:01:30,751 - utils.transform - ERROR - Date Conversion error: a month ago -> invalid literal for int() with base 10: 'a'
2025-05-21 17:01:30,752 - utils.transform - ERROR - Date Conversion error: a month ago -> invalid literal for int() with base 10: 'a'
2025-05-21 17:01:30,752 - utils.transform - ERROR - Date Conversion error: a month ago -> invalid literal for int() with base 10: 'a'
2025-05-21 17:01:30,753 - utils.transform - ERROR - Date Conversion error: a month ago -> invalid literal for int() with base 10: 'a'
2025-05-21 17:01:30,754 - utils.transform - ERROR - Date Conversion error: a month ago -> invalid literal for int() with base 10: 'a'
2025-05-21 17:01:30,754 - utils.transform - ERROR - Date Conversion error: a month ago -> invalid literal for int() with base 10: 'a'
2025-05-21 17:01:30,755 - utils.transform - ERROR - Date Conversion error: a month ago -> invalid literal for int() with base 10: 'a'
2025-05-21 17:01:30,758 - utils.transform - ERROR - Date Conversion error: a month ago -> invalid literal for int() with base 10: 'a'
2025-05-21 17:01:30,759 - utils.transform - ERROR - Date Conversion error: a month ago -> invalid literal for int() with base 10: 'a'
2025-05-21 17:01:30,760 - utils.transform - ERROR - Date Conversion error: a month ago -> invalid literal for int() with base 10: 'a'
2025-05-21 17:01:30,760 - utils.transform - ERROR - Date Conversion error: a month ago -> invalid literal for int() with base 10: 'a'
2025-05-21 17:01:30,761 - utils.transform - ERROR - Date Conversion error: a month ago -> invalid literal for int() with base 10: 'a'
2025-05-21 17:01:30,762 - utils.transform - ERROR - Date Conversion error: a month ago -> invalid literal for int() with base 10: 'a'
2025-05-21 17:01:30,762 - utils.transform - ERROR - Date Conversion error: a month ago -> invalid literal for int() with base 10: 'a'
2025-05-21 17:01:30,763 - utils.transform - ERROR - Date Conversion error: a month ago -> invalid literal for int() with base 10: 'a'
2025-05-21 17:01:30,764 - utils.transform - ERROR - Date Conversion error: a month ago -> invalid literal for int() with base 10: 'a'
2025-05-21 17:01:30,765 - utils.transform - ERROR - Date Conversion error: a month ago -> invalid literal for int() with base 10: 'a'
2025-05-21 17:01:30,766 - utils.transform - ERROR - Date Conversion error: a month ago -> invalid literal for int() with base 10: 'a'
2025-05-21 17:01:30,766 - utils.transform - ERROR - Date Conversion error: a month ago -> invalid literal for int() with base 10: 'a'
2025-05-21 17:01:30,766 - utils.transform - ERROR - Date Conversion error: a month ago -> invalid literal for int() with base 10: 'a'
2025-05-21 17:01:30,767 - utils.transform - ERROR - Date Conversion error: a month ago -> invalid literal for int() with base 10: 'a'
2025-05-21 17:01:30,767 - utils.transform - ERROR - Date Conversion error: a month ago -> invalid literal for int() with base 10: 'a'
2025-05-21 17:01:30,768 - utils.transform - ERROR - Date Conversion error: a month ago -> invalid literal for int() with base 10: 'a'
2025-05-21 17:01:30,769 - utils.transform - ERROR - Date Conversion error: a month ago -> invalid literal for int() with base 10: 'a'
2025-05-21 17:01:30,769 - utils.transform - ERROR - Date Conversion error: a month ago -> invalid literal for int() with base 10: 'a'
2025-05-21 17:01:30,770 - utils.transform - ERROR - Date Conversion error: a month ago -> invalid literal for int() with base 10: 'a'
2025-05-21 17:01:30,773 - utils.transform - ERROR - Date Conversion error: a month ago -> invalid literal for int() with base 10: 'a'
2025-05-21 17:01:30,773 - utils.transform - ERROR - Date Conversion error: a month ago -> invalid literal for int() with base 10: 'a'
2025-05-21 17:01:30,774 - utils.transform - ERROR - Date Conversion error: a month ago -> invalid literal for int() with base 10: 'a'
2025-05-21 17:01:30,774 - utils.transform - ERROR - Date Conversion error: a month ago -> invalid literal for int() with base 10: 'a'
2025-05-21 17:01:30,775 - utils.transform - ERROR - Date Conversion error: a month ago -> invalid literal for int() with base 10: 'a'
2025-05-21 17:01:30,776 - utils.transform - ERROR - Date Conversion error: a month ago -> invalid literal for int() with base 10: 'a'
2025-05-21 17:01:30,777 - utils.transform - ERROR - Date Conversion error: a month ago -> invalid literal for int() with base 10: 'a'
2025-05-21 17:01:30,778 - utils.transform - ERROR - Date Conversion error: a month ago -> invalid literal for int() with base 10: 'a'
2025-05-21 17:01:30,778 - utils.transform - ERROR - Date Conversion error: a month ago -> invalid literal for int() with base 10: 'a'
2025-05-21 17:01:30,779 - utils.transform - ERROR - Date Conversion error: a month ago -> invalid literal for int() with base 10: 'a'
2025-05-21 17:01:30,779 - utils.transform - ERROR - Date Conversion error: a month ago -> invalid literal for int() with base 10: 'a'
2025-05-21 17:01:30,780 - utils.transform - ERROR - Date Conversion error: a month ago -> invalid literal for int() with base 10: 'a'
2025-05-21 17:01:30,780 - utils.transform - ERROR - Date Conversion error: a month ago -> invalid literal for int() with base 10: 'a'
2025-05-21 17:01:30,781 - utils.transform - ERROR - Date Conversion error: a month ago -> invalid literal for int() with base 10: 'a'
2025-05-21 17:01:30,781 - utils.transform - ERROR - Date Conversion error: a month ago -> invalid literal for int() with base 10: 'a'
2025-05-21 17:01:30,782 - utils.transform - ERROR - Date Conversion error: a month ago -> invalid literal for int() with base 10: 'a'
2025-05-21 17:01:30,783 - utils.transform - ERROR - Date Conversion error: a month ago -> invalid literal for int() with base 10: 'a'
2025-05-21 17:01:30,784 - utils.transform - ERROR - Date Conversion error: a month ago -> invalid literal for int() with base 10: 'a'
2025-05-21 17:01:30,784 - utils.transform - ERROR - Date Conversion error: a month ago -> invalid literal for int() with base 10: 'a'
2025-05-21 17:01:30,785 - utils.transform - ERROR - Date Conversion error: a month ago -> invalid literal for int() with base 10: 'a'
2025-05-21 17:01:30,786 - utils.transform - ERROR - Date Conversion error: a month ago -> invalid literal for int() with base 10: 'a'
2025-05-21 17:01:30,789 - utils.transform - ERROR - Date Conversion error: a month ago -> invalid literal for int() with base 10: 'a'
2025-05-21 17:01:30,789 - utils.transform - ERROR - Date Conversion error: a month ago -> invalid literal for int() with base 10: 'a'
2025-05-21 17:01:30,790 - utils.transform - ERROR - Date Conversion error: a month ago -> invalid literal for int() with base 10: 'a'
2025-05-21 17:01:30,791 - utils.transform - ERROR - Date Conversion error: a month ago -> invalid literal for int() with base 10: 'a'
2025-05-21 17:01:30,791 - utils.transform - ERROR - Date Conversion error: a month ago -> invalid literal for int() with base 10: 'a'
2025-05-21 17:01:30,792 - utils.transform - ERROR - Date Conversion error: a month ago -> invalid literal for int() with base 10: 'a'
2025-05-21 17:01:30,792 - utils.transform - ERROR - Date Conversion error: a month ago -> invalid literal for int() with base 10: 'a'
2025-05-21 17:01:30,793 - utils.transform - ERROR - Date Conversion error: a month ago -> invalid literal for int() with base 10: 'a'
2025-05-21 17:01:30,794 - utils.transform - ERROR - Date Conversion error: a month ago -> invalid literal for int() with base 10: 'a'
2025-05-21 17:01:30,794 - utils.transform - ERROR - Date Conversion error: a month ago -> invalid literal for int() with base 10: 'a'
2025-05-21 17:01:30,795 - utils.transform - ERROR - Date Conversion error: a month ago -> invalid literal for int() with base 10: 'a'
2025-05-21 17:01:30,796 - utils.transform - ERROR - Date Conversion error: a month ago -> invalid literal for int() with base 10: 'a'
2025-05-21 17:01:30,796 - utils.transform - ERROR - Date Conversion error: a month ago -> invalid literal for int() with base 10: 'a'
2025-05-21 17:01:30,797 - utils.transform - ERROR - Date Conversion error: a month ago -> invalid literal for int() with base 10: 'a'
2025-05-21 17:01:30,797 - utils.transform - ERROR - Date Conversion error: a month ago -> invalid literal for int() with base 10: 'a'
2025-05-21 17:01:30,799 - utils.transform - ERROR - Date Conversion error: a month ago -> invalid literal for int() with base 10: 'a'
2025-05-21 17:01:30,799 - utils.transform - ERROR - Date Conversion error: a month ago -> invalid literal for int() with base 10: 'a'
2025-05-21 17:01:30,800 - utils.transform - ERROR - Date Conversion error: a month ago -> invalid literal for int() with base 10: 'a'
2025-05-21 17:01:30,800 - utils.transform - ERROR - Date Conversion error: a month ago -> invalid literal for int() with base 10: 'a'
2025-05-21 17:01:30,801 - utils.transform - ERROR - Date Conversion error: a month ago -> invalid literal for int() with base 10: 'a'
2025-05-21 17:01:30,805 - utils.transform - ERROR - Date Conversion error: a month ago -> invalid literal for int() with base 10: 'a'
2025-05-21 17:01:30,806 - utils.transform - ERROR - Date Conversion error: a month ago -> invalid literal for int() with base 10: 'a'
2025-05-21 17:01:30,807 - utils.transform - ERROR - Date Conversion error: a month ago -> invalid literal for int() with base 10: 'a'
2025-05-21 17:01:30,808 - utils.transform - ERROR - Date Conversion error: a month ago -> invalid literal for int() with base 10: 'a'
2025-05-21 17:01:30,808 - utils.transform - ERROR - Date Conversion error: a day ago -> invalid literal for int() with base 10: 'a'
2025-05-21 17:01:30,809 - utils.transform - ERROR - Date Conversion error: a day ago -> invalid literal for int() with base 10: 'a'
2025-05-21 17:01:30,810 - utils.transform - ERROR - Date Conversion error: a month ago -> invalid literal for int() with base 10: 'a'
2025-05-21 17:01:30,810 - utils.transform - ERROR - Date Conversion error: a month ago -> invalid literal for int() with base 10: 'a'
2025-05-21 17:01:30,811 - utils.transform - ERROR - Date Conversion error: a month ago -> invalid literal for int() with base 10: 'a'
2025-05-21 17:01:30,811 - utils.transform - ERROR - Date Conversion error: a month ago -> invalid literal for int() with base 10: 'a'
2025-05-21 17:01:30,812 - utils.transform - ERROR - Date Conversion error: a month ago -> invalid literal for int() with base 10: 'a'
2025-05-21 17:01:30,813 - utils.transform - ERROR - Date Conversion error: a month ago -> invalid literal for int() with base 10: 'a'
2025-05-21 17:01:31,505 - utils.transform - INFO - Transformation Foundit complete
2025-05-21 17:01:54,219 - utils.transform - INFO - Transforming JobNetMM DataFrame
2025-05-21 17:01:54,227 - utils.transform - INFO - Transformation JobNetMM complete
2025-05-21 17:01:57,063 - utils.transform - INFO - Transforming JobsDBTH DataFrame
2025-05-21 17:01:57,162 - utils.transform - INFO - Transformation JobsDBTH complete
2025-05-21 17:02:18,032 - utils.transform - INFO - Transforming Other Source DataFrame
2025-05-21 17:02:18,043 - utils.transform - INFO - Transformation complete
2025-05-21 17:02:21,383 - utils.transform - INFO - Transforming JobsDBTH DataFrame
2025-05-21 17:02:21,401 - utils.transform - INFO - Transformation JobsDBTH complete
2025-05-21 17:28:00,538 - utils.transform - INFO - Transforming Foundit DataFrame
2025-05-21 17:28:00,622 - utils.transform - ERROR - Date Conversion error: a day ago -> invalid literal for int() with base 10: 'a'
2025-05-21 17:28:00,622 - utils.transform - ERROR - Date Conversion error: a day ago -> invalid literal for int() with base 10: 'a'
2025-05-21 17:28:00,624 - utils.transform - ERROR - Date Conversion error: a day ago -> invalid literal for int() with base 10: 'a'
2025-05-21 17:28:00,630 - utils.transform - ERROR - Date Conversion error: a day ago -> invalid literal for int() with base 10: 'a'
2025-05-21 17:28:00,631 - utils.transform - ERROR - Date Conversion error: a day ago -> invalid literal for int() with base 10: 'a'
2025-05-21 17:28:00,632 - utils.transform - ERROR - Date Conversion error: a day ago -> invalid literal for int() with base 10: 'a'
2025-05-21 17:28:00,632 - utils.transform - ERROR - Date Conversion error: a day ago -> invalid literal for int() with base 10: 'a'
2025-05-21 17:28:00,633 - utils.transform - ERROR - Date Conversion error: a day ago -> invalid literal for int() with base 10: 'a'
2025-05-21 17:28:00,637 - utils.transform - ERROR - Date Conversion error: an hour ago -> invalid literal for int() with base 10: 'an'
2025-05-21 17:28:00,640 - utils.transform - ERROR - Date Conversion error: a month ago -> invalid literal for int() with base 10: 'a'
2025-05-21 17:28:00,641 - utils.transform - ERROR - Date Conversion error: a month ago -> invalid literal for int() with base 10: 'a'
2025-05-21 17:28:00,642 - utils.transform - ERROR - Date Conversion error: a month ago -> invalid literal for int() with base 10: 'a'
2025-05-21 17:28:00,645 - utils.transform - ERROR - Date Conversion error: a month ago -> invalid literal for int() with base 10: 'a'
2025-05-21 17:28:00,646 - utils.transform - ERROR - Date Conversion error: a month ago -> invalid literal for int() with base 10: 'a'
2025-05-21 17:28:00,646 - utils.transform - ERROR - Date Conversion error: a month ago -> invalid literal for int() with base 10: 'a'
2025-05-21 17:28:00,647 - utils.transform - ERROR - Date Conversion error: a month ago -> invalid literal for int() with base 10: 'a'
2025-05-21 17:28:00,648 - utils.transform - ERROR - Date Conversion error: a month ago -> invalid literal for int() with base 10: 'a'
2025-05-21 17:28:00,649 - utils.transform - ERROR - Date Conversion error: a month ago -> invalid literal for int() with base 10: 'a'
2025-05-21 17:28:00,650 - utils.transform - ERROR - Date Conversion error: a month ago -> invalid literal for int() with base 10: 'a'
2025-05-21 17:28:00,650 - utils.transform - ERROR - Date Conversion error: a month ago -> invalid literal for int() with base 10: 'a'
2025-05-21 17:28:00,651 - utils.transform - ERROR - Date Conversion error: a month ago -> invalid literal for int() with base 10: 'a'
2025-05-21 17:28:00,652 - utils.transform - ERROR - Date Conversion error: a month ago -> invalid literal for int() with base 10: 'a'
2025-05-21 17:28:00,652 - utils.transform - ERROR - Date Conversion error: a month ago -> invalid literal for int() with base 10: 'a'
2025-05-21 17:28:00,653 - utils.transform - ERROR - Date Conversion error: a month ago -> invalid literal for int() with base 10: 'a'
2025-05-21 17:28:00,653 - utils.transform - ERROR - Date Conversion error: a month ago -> invalid literal for int() with base 10: 'a'
2025-05-21 17:28:00,654 - utils.transform - ERROR - Date Conversion error: a month ago -> invalid literal for int() with base 10: 'a'
2025-05-21 17:28:00,655 - utils.transform - ERROR - Date Conversion error: a month ago -> invalid literal for int() with base 10: 'a'
2025-05-21 17:28:00,661 - utils.transform - ERROR - Date Conversion error: a month ago -> invalid literal for int() with base 10: 'a'
2025-05-21 17:28:00,661 - utils.transform - ERROR - Date Conversion error: a month ago -> invalid literal for int() with base 10: 'a'
2025-05-21 17:28:00,662 - utils.transform - ERROR - Date Conversion error: a month ago -> invalid literal for int() with base 10: 'a'
2025-05-21 17:28:00,662 - utils.transform - ERROR - Date Conversion error: a month ago -> invalid literal for int() with base 10: 'a'
2025-05-21 17:28:00,663 - utils.transform - ERROR - Date Conversion error: a month ago -> invalid literal for int() with base 10: 'a'
2025-05-21 17:28:00,664 - utils.transform - ERROR - Date Conversion error: a month ago -> invalid literal for int() with base 10: 'a'
2025-05-21 17:28:00,664 - utils.transform - ERROR - Date Conversion error: a month ago -> invalid literal for int() with base 10: 'a'
2025-05-21 17:28:00,665 - utils.transform - ERROR - Date Conversion error: a month ago -> invalid literal for int() with base 10: 'a'
2025-05-21 17:28:00,665 - utils.transform - ERROR - Date Conversion error: a month ago -> invalid literal for int() with base 10: 'a'
2025-05-21 17:28:00,666 - utils.transform - ERROR - Date Conversion error: a month ago -> invalid literal for int() with base 10: 'a'
2025-05-21 17:28:00,667 - utils.transform - ERROR - Date Conversion error: a month ago -> invalid literal for int() with base 10: 'a'
2025-05-21 17:28:00,667 - utils.transform - ERROR - Date Conversion error: a month ago -> invalid literal for int() with base 10: 'a'
2025-05-21 17:28:00,668 - utils.transform - ERROR - Date Conversion error: a month ago -> invalid literal for int() with base 10: 'a'
2025-05-21 17:28:00,668 - utils.transform - ERROR - Date Conversion error: a month ago -> invalid literal for int() with base 10: 'a'
2025-05-21 17:28:00,669 - utils.transform - ERROR - Date Conversion error: a month ago -> invalid literal for int() with base 10: 'a'
2025-05-21 17:28:00,670 - utils.transform - ERROR - Date Conversion error: a month ago -> invalid literal for int() with base 10: 'a'
2025-05-21 17:28:00,675 - utils.transform - ERROR - Date Conversion error: a month ago -> invalid literal for int() with base 10: 'a'
2025-05-21 17:28:00,677 - utils.transform - ERROR - Date Conversion error: a month ago -> invalid literal for int() with base 10: 'a'
2025-05-21 17:28:00,678 - utils.transform - ERROR - Date Conversion error: a month ago -> invalid literal for int() with base 10: 'a'
2025-05-21 17:28:00,678 - utils.transform - ERROR - Date Conversion error: a month ago -> invalid literal for int() with base 10: 'a'
2025-05-21 17:28:00,680 - utils.transform - ERROR - Date Conversion error: a month ago -> invalid literal for int() with base 10: 'a'
2025-05-21 17:28:00,681 - utils.transform - ERROR - Date Conversion error: a month ago -> invalid literal for int() with base 10: 'a'
2025-05-21 17:28:00,681 - utils.transform - ERROR - Date Conversion error: a month ago -> invalid literal for int() with base 10: 'a'
2025-05-21 17:28:00,682 - utils.transform - ERROR - Date Conversion error: a month ago -> invalid literal for int() with base 10: 'a'
2025-05-21 17:28:00,683 - utils.transform - ERROR - Date Conversion error: a month ago -> invalid literal for int() with base 10: 'a'
2025-05-21 17:28:00,683 - utils.transform - ERROR - Date Conversion error: a month ago -> invalid literal for int() with base 10: 'a'
2025-05-21 17:28:00,684 - utils.transform - ERROR - Date Conversion error: a month ago -> invalid literal for int() with base 10: 'a'
2025-05-21 17:28:00,684 - utils.transform - ERROR - Date Conversion error: a month ago -> invalid literal for int() with base 10: 'a'
2025-05-21 17:28:00,685 - utils.transform - ERROR - Date Conversion error: a month ago -> invalid literal for int() with base 10: 'a'
2025-05-21 17:28:00,686 - utils.transform - ERROR - Date Conversion error: a month ago -> invalid literal for int() with base 10: 'a'
2025-05-21 17:28:00,688 - utils.transform - ERROR - Date Conversion error: a month ago -> invalid literal for int() with base 10: 'a'
2025-05-21 17:28:00,691 - utils.transform - ERROR - Date Conversion error: a month ago -> invalid literal for int() with base 10: 'a'
2025-05-21 17:28:00,693 - utils.transform - ERROR - Date Conversion error: a month ago -> invalid literal for int() with base 10: 'a'
2025-05-21 17:28:00,694 - utils.transform - ERROR - Date Conversion error: a month ago -> invalid literal for int() with base 10: 'a'
2025-05-21 17:28:00,694 - utils.transform - ERROR - Date Conversion error: a month ago -> invalid literal for int() with base 10: 'a'
2025-05-21 17:28:00,695 - utils.transform - ERROR - Date Conversion error: a month ago -> invalid literal for int() with base 10: 'a'
2025-05-21 17:28:00,696 - utils.transform - ERROR - Date Conversion error: a month ago -> invalid literal for int() with base 10: 'a'
2025-05-21 17:28:00,696 - utils.transform - ERROR - Date Conversion error: a month ago -> invalid literal for int() with base 10: 'a'
2025-05-21 17:28:00,697 - utils.transform - ERROR - Date Conversion error: a month ago -> invalid literal for int() with base 10: 'a'
2025-05-21 17:28:00,698 - utils.transform - ERROR - Date Conversion error: a month ago -> invalid literal for int() with base 10: 'a'
2025-05-21 17:28:00,698 - utils.transform - ERROR - Date Conversion error: a month ago -> invalid literal for int() with base 10: 'a'
2025-05-21 17:28:00,699 - utils.transform - ERROR - Date Conversion error: a month ago -> invalid literal for int() with base 10: 'a'
2025-05-21 17:28:00,700 - utils.transform - ERROR - Date Conversion error: a month ago -> invalid literal for int() with base 10: 'a'
2025-05-21 17:28:00,700 - utils.transform - ERROR - Date Conversion error: a month ago -> invalid literal for int() with base 10: 'a'
2025-05-21 17:28:00,701 - utils.transform - ERROR - Date Conversion error: a month ago -> invalid literal for int() with base 10: 'a'
2025-05-21 17:28:00,701 - utils.transform - ERROR - Date Conversion error: a month ago -> invalid literal for int() with base 10: 'a'
2025-05-21 17:28:00,704 - utils.transform - ERROR - Date Conversion error: a month ago -> invalid literal for int() with base 10: 'a'
2025-05-21 17:28:00,707 - utils.transform - ERROR - Date Conversion error: a month ago -> invalid literal for int() with base 10: 'a'
2025-05-21 17:28:00,708 - utils.transform - ERROR - Date Conversion error: a month ago -> invalid literal for int() with base 10: 'a'
2025-05-21 17:28:00,708 - utils.transform - ERROR - Date Conversion error: a month ago -> invalid literal for int() with base 10: 'a'
2025-05-21 17:28:00,709 - utils.transform - ERROR - Date Conversion error: a month ago -> invalid literal for int() with base 10: 'a'
2025-05-21 17:28:00,710 - utils.transform - ERROR - Date Conversion error: a month ago -> invalid literal for int() with base 10: 'a'
2025-05-21 17:28:00,710 - utils.transform - ERROR - Date Conversion error: a month ago -> invalid literal for int() with base 10: 'a'
2025-05-21 17:28:00,711 - utils.transform - ERROR - Date Conversion error: a month ago -> invalid literal for int() with base 10: 'a'
2025-05-21 17:28:00,711 - utils.transform - ERROR - Date Conversion error: a month ago -> invalid literal for int() with base 10: 'a'
2025-05-21 17:28:00,712 - utils.transform - ERROR - Date Conversion error: a month ago -> invalid literal for int() with base 10: 'a'
2025-05-21 17:28:00,713 - utils.transform - ERROR - Date Conversion error: a month ago -> invalid literal for int() with base 10: 'a'
2025-05-21 17:28:00,713 - utils.transform - ERROR - Date Conversion error: a month ago -> invalid literal for int() with base 10: 'a'
2025-05-21 17:28:00,714 - utils.transform - ERROR - Date Conversion error: a month ago -> invalid literal for int() with base 10: 'a'
2025-05-21 17:28:00,715 - utils.transform - ERROR - Date Conversion error: a month ago -> invalid literal for int() with base 10: 'a'
2025-05-21 17:28:00,715 - utils.transform - ERROR - Date Conversion error: a month ago -> invalid literal for int() with base 10: 'a'
2025-05-21 17:28:00,716 - utils.transform - ERROR - Date Conversion error: a month ago -> invalid literal for int() with base 10: 'a'
2025-05-21 17:28:00,717 - utils.transform - ERROR - Date Conversion error: a month ago -> invalid literal for int() with base 10: 'a'
2025-05-21 17:28:00,720 - utils.transform - ERROR - Date Conversion error: a month ago -> invalid literal for int() with base 10: 'a'
2025-05-21 17:28:00,723 - utils.transform - ERROR - Date Conversion error: a month ago -> invalid literal for int() with base 10: 'a'
2025-05-21 17:28:00,724 - utils.transform - ERROR - Date Conversion error: a month ago -> invalid literal for int() with base 10: 'a'
2025-05-21 17:28:00,724 - utils.transform - ERROR - Date Conversion error: a month ago -> invalid literal for int() with base 10: 'a'
2025-05-21 17:28:00,725 - utils.transform - ERROR - Date Conversion error: a month ago -> invalid literal for int() with base 10: 'a'
2025-05-21 17:28:00,726 - utils.transform - ERROR - Date Conversion error: a month ago -> invalid literal for int() with base 10: 'a'
2025-05-21 17:28:00,726 - utils.transform - ERROR - Date Conversion error: a month ago -> invalid literal for int() with base 10: 'a'
2025-05-21 17:28:00,727 - utils.transform - ERROR - Date Conversion error: a month ago -> invalid literal for int() with base 10: 'a'
2025-05-21 17:28:00,727 - utils.transform - ERROR - Date Conversion error: a month ago -> invalid literal for int() with base 10: 'a'
2025-05-21 17:28:00,728 - utils.transform - ERROR - Date Conversion error: a month ago -> invalid literal for int() with base 10: 'a'
2025-05-21 17:28:00,729 - utils.transform - ERROR - Date Conversion error: a month ago -> invalid literal for int() with base 10: 'a'
2025-05-21 17:28:00,729 - utils.transform - ERROR - Date Conversion error: a month ago -> invalid literal for int() with base 10: 'a'
2025-05-21 17:28:00,730 - utils.transform - ERROR - Date Conversion error: a month ago -> invalid literal for int() with base 10: 'a'
2025-05-21 17:28:00,730 - utils.transform - ERROR - Date Conversion error: a month ago -> invalid literal for int() with base 10: 'a'
2025-05-21 17:28:00,731 - utils.transform - ERROR - Date Conversion error: a month ago -> invalid literal for int() with base 10: 'a'
2025-05-21 17:28:00,732 - utils.transform - ERROR - Date Conversion error: a month ago -> invalid literal for int() with base 10: 'a'
2025-05-21 17:28:00,732 - utils.transform - ERROR - Date Conversion error: a month ago -> invalid literal for int() with base 10: 'a'
2025-05-21 17:28:00,733 - utils.transform - ERROR - Date Conversion error: a month ago -> invalid literal for int() with base 10: 'a'
2025-05-21 17:28:00,739 - utils.transform - ERROR - Date Conversion error: a month ago -> invalid literal for int() with base 10: 'a'
2025-05-21 17:28:00,739 - utils.transform - ERROR - Date Conversion error: a month ago -> invalid literal for int() with base 10: 'a'
2025-05-21 17:28:00,740 - utils.transform - ERROR - Date Conversion error: a month ago -> invalid literal for int() with base 10: 'a'
2025-05-21 17:28:00,741 - utils.transform - ERROR - Date Conversion error: a month ago -> invalid literal for int() with base 10: 'a'
2025-05-21 17:28:00,742 - utils.transform - ERROR - Date Conversion error: a month ago -> invalid literal for int() with base 10: 'a'
2025-05-21 17:28:00,743 - utils.transform - ERROR - Date Conversion error: a month ago -> invalid literal for int() with base 10: 'a'
2025-05-21 17:28:00,743 - utils.transform - ERROR - Date Conversion error: a month ago -> invalid literal for int() with base 10: 'a'
2025-05-21 17:28:00,744 - utils.transform - ERROR - Date Conversion error: a month ago -> invalid literal for int() with base 10: 'a'
2025-05-21 17:28:00,744 - utils.transform - ERROR - Date Conversion error: a month ago -> invalid literal for int() with base 10: 'a'
2025-05-21 17:28:00,745 - utils.transform - ERROR - Date Conversion error: a month ago -> invalid literal for int() with base 10: 'a'
2025-05-21 17:28:00,745 - utils.transform - ERROR - Date Conversion error: a month ago -> invalid literal for int() with base 10: 'a'
2025-05-21 17:28:00,746 - utils.transform - ERROR - Date Conversion error: a month ago -> invalid literal for int() with base 10: 'a'
2025-05-21 17:28:00,747 - utils.transform - ERROR - Date Conversion error: a month ago -> invalid literal for int() with base 10: 'a'
2025-05-21 17:28:00,747 - utils.transform - ERROR - Date Conversion error: a month ago -> invalid literal for int() with base 10: 'a'
2025-05-21 17:28:00,748 - utils.transform - ERROR - Date Conversion error: a month ago -> invalid literal for int() with base 10: 'a'
2025-05-21 17:28:00,753 - utils.transform - ERROR - Date Conversion error: a month ago -> invalid literal for int() with base 10: 'a'
2025-05-21 17:28:00,754 - utils.transform - ERROR - Date Conversion error: a month ago -> invalid literal for int() with base 10: 'a'
2025-05-21 17:28:00,755 - utils.transform - ERROR - Date Conversion error: a month ago -> invalid literal for int() with base 10: 'a'
2025-05-21 17:28:00,755 - utils.transform - ERROR - Date Conversion error: a month ago -> invalid literal for int() with base 10: 'a'
2025-05-21 17:28:00,756 - utils.transform - ERROR - Date Conversion error: a month ago -> invalid literal for int() with base 10: 'a'
2025-05-21 17:28:00,757 - utils.transform - ERROR - Date Conversion error: a month ago -> invalid literal for int() with base 10: 'a'
2025-05-21 17:28:00,757 - utils.transform - ERROR - Date Conversion error: a month ago -> invalid literal for int() with base 10: 'a'
2025-05-21 17:28:00,758 - utils.transform - ERROR - Date Conversion error: a month ago -> invalid literal for int() with base 10: 'a'
2025-05-21 17:28:00,758 - utils.transform - ERROR - Date Conversion error: a month ago -> invalid literal for int() with base 10: 'a'
2025-05-21 17:28:00,759 - utils.transform - ERROR - Date Conversion error: a month ago -> invalid literal for int() with base 10: 'a'
2025-05-21 17:28:00,760 - utils.transform - ERROR - Date Conversion error: a month ago -> invalid literal for int() with base 10: 'a'
2025-05-21 17:28:00,760 - utils.transform - ERROR - Date Conversion error: a month ago -> invalid literal for int() with base 10: 'a'
2025-05-21 17:28:00,761 - utils.transform - ERROR - Date Conversion error: a month ago -> invalid literal for int() with base 10: 'a'
2025-05-21 17:28:00,761 - utils.transform - ERROR - Date Conversion error: a month ago -> invalid literal for int() with base 10: 'a'
2025-05-21 17:28:00,762 - utils.transform - ERROR - Date Conversion error: a month ago -> invalid literal for int() with base 10: 'a'
2025-05-21 17:28:00,763 - utils.transform - ERROR - Date Conversion error: a month ago -> invalid literal for int() with base 10: 'a'
2025-05-21 17:28:00,763 - utils.transform - ERROR - Date Conversion error: a month ago -> invalid literal for int() with base 10: 'a'
2025-05-21 17:28:00,764 - utils.transform - ERROR - Date Conversion error: a month ago -> invalid literal for int() with base 10: 'a'
2025-05-21 17:28:00,769 - utils.transform - ERROR - Date Conversion error: a month ago -> invalid literal for int() with base 10: 'a'
2025-05-21 17:28:00,771 - utils.transform - ERROR - Date Conversion error: a day ago -> invalid literal for int() with base 10: 'a'
2025-05-21 17:28:00,771 - utils.transform - ERROR - Date Conversion error: a day ago -> invalid literal for int() with base 10: 'a'
2025-05-21 17:28:00,772 - utils.transform - ERROR - Date Conversion error: a month ago -> invalid literal for int() with base 10: 'a'
2025-05-21 17:28:00,773 - utils.transform - ERROR - Date Conversion error: a month ago -> invalid literal for int() with base 10: 'a'
2025-05-21 17:28:00,773 - utils.transform - ERROR - Date Conversion error: a month ago -> invalid literal for int() with base 10: 'a'
2025-05-21 17:28:00,774 - utils.transform - ERROR - Date Conversion error: a month ago -> invalid literal for int() with base 10: 'a'
2025-05-21 17:28:00,775 - utils.transform - ERROR - Date Conversion error: a month ago -> invalid literal for int() with base 10: 'a'
2025-05-21 17:28:00,782 - utils.transform - INFO - Transformation Foundit complete
2025-05-21 17:28:12,922 - utils.transform - INFO - Transforming JobNetMM DataFrame
2025-05-21 17:28:12,930 - utils.transform - INFO - Transformation JobNetMM complete
2025-05-21 17:28:34,168 - utils.transform - INFO - Transforming JobsDBTH DataFrame
2025-05-21 17:28:34,257 - utils.transform - INFO - Transformation JobsDBTH complete
2025-05-21 17:28:39,419 - utils.transform - INFO - Transforming Other Source DataFrame
2025-05-21 17:28:39,428 - utils.transform - INFO - Transformation complete
2025-05-21 17:28:56,869 - utils.transform - INFO - Transforming JobsDBTH DataFrame
2025-05-21 17:28:56,885 - utils.transform - INFO - Transformation JobsDBTH complete
2025-05-24 14:23:52,906 - utils.transform - INFO - Transforming Foundit DataFrame
2025-05-24 14:23:57,718 - utils.transform - ERROR - Date Conversion error: a day ago -> invalid literal for int() with base 10: 'a'
2025-05-24 14:23:57,719 - utils.transform - ERROR - Date Conversion error: a day ago -> invalid literal for int() with base 10: 'a'
2025-05-24 14:23:57,721 - utils.transform - ERROR - Date Conversion error: a day ago -> invalid literal for int() with base 10: 'a'
2025-05-24 14:23:57,725 - utils.transform - ERROR - Date Conversion error: a day ago -> invalid literal for int() with base 10: 'a'
2025-05-24 14:23:57,726 - utils.transform - ERROR - Date Conversion error: a day ago -> invalid literal for int() with base 10: 'a'
2025-05-24 14:23:57,727 - utils.transform - ERROR - Date Conversion error: a day ago -> invalid literal for int() with base 10: 'a'
2025-05-24 14:23:57,727 - utils.transform - ERROR - Date Conversion error: a day ago -> invalid literal for int() with base 10: 'a'
2025-05-24 14:23:57,727 - utils.transform - ERROR - Date Conversion error: a day ago -> invalid literal for int() with base 10: 'a'
2025-05-24 14:23:57,728 - utils.transform - ERROR - Date Conversion error: an hour ago -> invalid literal for int() with base 10: 'an'
2025-05-24 14:23:57,728 - utils.transform - ERROR - Date Conversion error: an hour ago -> invalid literal for int() with base 10: 'an'
2025-05-24 14:23:57,729 - utils.transform - ERROR - Date Conversion error: an hour ago -> invalid literal for int() with base 10: 'an'
2025-05-24 14:23:57,730 - utils.transform - ERROR - Date Conversion error: an hour ago -> invalid literal for int() with base 10: 'an'
2025-05-24 14:23:57,739 - utils.transform - ERROR - Date Conversion error: a month ago -> invalid literal for int() with base 10: 'a'
2025-05-24 14:23:57,739 - utils.transform - ERROR - Date Conversion error: a month ago -> invalid literal for int() with base 10: 'a'
2025-05-24 14:23:57,740 - utils.transform - ERROR - Date Conversion error: a day ago -> invalid literal for int() with base 10: 'a'
2025-05-24 14:23:57,743 - utils.transform - ERROR - Date Conversion error: a day ago -> invalid literal for int() with base 10: 'a'
2025-05-24 14:23:57,743 - utils.transform - ERROR - Date Conversion error: a month ago -> invalid literal for int() with base 10: 'a'
2025-05-24 14:23:57,744 - utils.transform - ERROR - Date Conversion error: a month ago -> invalid literal for int() with base 10: 'a'
2025-05-24 14:23:57,744 - utils.transform - ERROR - Date Conversion error: a month ago -> invalid literal for int() with base 10: 'a'
2025-05-24 14:23:57,745 - utils.transform - ERROR - Date Conversion error: a month ago -> invalid literal for int() with base 10: 'a'
2025-05-24 14:23:57,745 - utils.transform - ERROR - Date Conversion error: a month ago -> invalid literal for int() with base 10: 'a'
2025-05-24 14:23:57,746 - utils.transform - ERROR - Date Conversion error: a month ago -> invalid literal for int() with base 10: 'a'
2025-05-24 14:23:57,747 - utils.transform - ERROR - Date Conversion error: a month ago -> invalid literal for int() with base 10: 'a'
2025-05-24 14:23:57,748 - utils.transform - ERROR - Date Conversion error: a month ago -> invalid literal for int() with base 10: 'a'
2025-05-24 14:23:57,749 - utils.transform - ERROR - Date Conversion error: a month ago -> invalid literal for int() with base 10: 'a'
2025-05-24 14:23:57,751 - utils.transform - ERROR - Date Conversion error: a month ago -> invalid literal for int() with base 10: 'a'
2025-05-24 14:23:57,760 - utils.transform - ERROR - Date Conversion error: a month ago -> invalid literal for int() with base 10: 'a'
2025-05-24 14:23:57,761 - utils.transform - ERROR - Date Conversion error: a month ago -> invalid literal for int() with base 10: 'a'
2025-05-24 14:23:57,762 - utils.transform - ERROR - Date Conversion error: a month ago -> invalid literal for int() with base 10: 'a'
2025-05-24 14:23:57,764 - utils.transform - ERROR - Date Conversion error: a month ago -> invalid literal for int() with base 10: 'a'
2025-05-24 14:23:57,765 - utils.transform - ERROR - Date Conversion error: a month ago -> invalid literal for int() with base 10: 'a'
2025-05-24 14:23:57,766 - utils.transform - ERROR - Date Conversion error: a month ago -> invalid literal for int() with base 10: 'a'
2025-05-24 14:23:57,771 - utils.transform - ERROR - Date Conversion error: a month ago -> invalid literal for int() with base 10: 'a'
2025-05-24 14:23:57,776 - utils.transform - ERROR - Date Conversion error: a month ago -> invalid literal for int() with base 10: 'a'
2025-05-24 14:23:57,777 - utils.transform - ERROR - Date Conversion error: a month ago -> invalid literal for int() with base 10: 'a'
2025-05-24 14:23:57,778 - utils.transform - ERROR - Date Conversion error: a month ago -> invalid literal for int() with base 10: 'a'
2025-05-24 14:23:57,780 - utils.transform - ERROR - Date Conversion error: a month ago -> invalid literal for int() with base 10: 'a'
2025-05-24 14:23:57,781 - utils.transform - ERROR - Date Conversion error: a month ago -> invalid literal for int() with base 10: 'a'
2025-05-24 14:23:57,782 - utils.transform - ERROR - Date Conversion error: a month ago -> invalid literal for int() with base 10: 'a'
2025-05-24 14:23:57,784 - utils.transform - ERROR - Date Conversion error: a month ago -> invalid literal for int() with base 10: 'a'
2025-05-24 14:23:57,789 - utils.transform - ERROR - Date Conversion error: a month ago -> invalid literal for int() with base 10: 'a'
2025-05-24 14:23:57,792 - utils.transform - ERROR - Date Conversion error: a month ago -> invalid literal for int() with base 10: 'a'
2025-05-24 14:23:57,793 - utils.transform - ERROR - Date Conversion error: a month ago -> invalid literal for int() with base 10: 'a'
2025-05-24 14:23:57,794 - utils.transform - ERROR - Date Conversion error: a month ago -> invalid literal for int() with base 10: 'a'
2025-05-24 14:23:57,796 - utils.transform - ERROR - Date Conversion error: a month ago -> invalid literal for int() with base 10: 'a'
2025-05-24 14:23:57,797 - utils.transform - ERROR - Date Conversion error: a month ago -> invalid literal for int() with base 10: 'a'
2025-05-24 14:23:57,798 - utils.transform - ERROR - Date Conversion error: a month ago -> invalid literal for int() with base 10: 'a'
2025-05-24 14:23:57,805 - utils.transform - ERROR - Date Conversion error: a month ago -> invalid literal for int() with base 10: 'a'
2025-05-24 14:23:57,806 - utils.transform - ERROR - Date Conversion error: a month ago -> invalid literal for int() with base 10: 'a'
2025-05-24 14:23:57,807 - utils.transform - ERROR - Date Conversion error: a month ago -> invalid literal for int() with base 10: 'a'
2025-05-24 14:23:57,808 - utils.transform - ERROR - Date Conversion error: a month ago -> invalid literal for int() with base 10: 'a'
2025-05-24 14:23:57,809 - utils.transform - ERROR - Date Conversion error: a month ago -> invalid literal for int() with base 10: 'a'
2025-05-24 14:23:57,809 - utils.transform - ERROR - Date Conversion error: a month ago -> invalid literal for int() with base 10: 'a'
2025-05-24 14:23:57,810 - utils.transform - ERROR - Date Conversion error: a month ago -> invalid literal for int() with base 10: 'a'
2025-05-24 14:23:57,811 - utils.transform - ERROR - Date Conversion error: a month ago -> invalid literal for int() with base 10: 'a'
2025-05-24 14:23:57,812 - utils.transform - ERROR - Date Conversion error: a month ago -> invalid literal for int() with base 10: 'a'
2025-05-24 14:23:57,813 - utils.transform - ERROR - Date Conversion error: a month ago -> invalid literal for int() with base 10: 'a'
2025-05-24 14:23:57,820 - utils.transform - ERROR - Date Conversion error: a month ago -> invalid literal for int() with base 10: 'a'
2025-05-24 14:23:57,822 - utils.transform - ERROR - Date Conversion error: a month ago -> invalid literal for int() with base 10: 'a'
2025-05-24 14:23:57,823 - utils.transform - ERROR - Date Conversion error: a month ago -> invalid literal for int() with base 10: 'a'
2025-05-24 14:23:57,824 - utils.transform - ERROR - Date Conversion error: a month ago -> invalid literal for int() with base 10: 'a'
2025-05-24 14:23:57,825 - utils.transform - ERROR - Date Conversion error: a month ago -> invalid literal for int() with base 10: 'a'
2025-05-24 14:23:57,826 - utils.transform - ERROR - Date Conversion error: a month ago -> invalid literal for int() with base 10: 'a'
2025-05-24 14:23:57,827 - utils.transform - ERROR - Date Conversion error: a month ago -> invalid literal for int() with base 10: 'a'
2025-05-24 14:23:57,827 - utils.transform - ERROR - Date Conversion error: a month ago -> invalid literal for int() with base 10: 'a'
2025-05-24 14:23:57,828 - utils.transform - ERROR - Date Conversion error: a month ago -> invalid literal for int() with base 10: 'a'
2025-05-24 14:23:57,829 - utils.transform - ERROR - Date Conversion error: a month ago -> invalid literal for int() with base 10: 'a'
2025-05-24 14:23:57,835 - utils.transform - ERROR - Date Conversion error: a month ago -> invalid literal for int() with base 10: 'a'
2025-05-24 14:23:57,837 - utils.transform - ERROR - Date Conversion error: a month ago -> invalid literal for int() with base 10: 'a'
2025-05-24 14:23:57,837 - utils.transform - ERROR - Date Conversion error: a month ago -> invalid literal for int() with base 10: 'a'
2025-05-24 14:23:57,838 - utils.transform - ERROR - Date Conversion error: a month ago -> invalid literal for int() with base 10: 'a'
2025-05-24 14:23:57,840 - utils.transform - ERROR - Date Conversion error: a month ago -> invalid literal for int() with base 10: 'a'
2025-05-24 14:23:57,841 - utils.transform - ERROR - Date Conversion error: a month ago -> invalid literal for int() with base 10: 'a'
2025-05-24 14:23:57,842 - utils.transform - ERROR - Date Conversion error: a month ago -> invalid literal for int() with base 10: 'a'
2025-05-24 14:23:57,843 - utils.transform - ERROR - Date Conversion error: a month ago -> invalid literal for int() with base 10: 'a'
2025-05-24 14:23:57,843 - utils.transform - ERROR - Date Conversion error: a month ago -> invalid literal for int() with base 10: 'a'
2025-05-24 14:23:57,844 - utils.transform - ERROR - Date Conversion error: a month ago -> invalid literal for int() with base 10: 'a'
2025-05-24 14:23:57,848 - utils.transform - ERROR - Date Conversion error: a month ago -> invalid literal for int() with base 10: 'a'
2025-05-24 14:23:57,851 - utils.transform - ERROR - Date Conversion error: a month ago -> invalid literal for int() with base 10: 'a'
2025-05-24 14:23:57,852 - utils.transform - ERROR - Date Conversion error: a month ago -> invalid literal for int() with base 10: 'a'
2025-05-24 14:23:57,853 - utils.transform - ERROR - Date Conversion error: a month ago -> invalid literal for int() with base 10: 'a'
2025-05-24 14:23:57,854 - utils.transform - ERROR - Date Conversion error: a month ago -> invalid literal for int() with base 10: 'a'
2025-05-24 14:23:57,855 - utils.transform - ERROR - Date Conversion error: a month ago -> invalid literal for int() with base 10: 'a'
2025-05-24 14:23:57,857 - utils.transform - ERROR - Date Conversion error: a month ago -> invalid literal for int() with base 10: 'a'
2025-05-24 14:23:57,858 - utils.transform - ERROR - Date Conversion error: a month ago -> invalid literal for int() with base 10: 'a'
2025-05-24 14:23:57,858 - utils.transform - ERROR - Date Conversion error: a month ago -> invalid literal for int() with base 10: 'a'
2025-05-24 14:23:57,860 - utils.transform - ERROR - Date Conversion error: a month ago -> invalid literal for int() with base 10: 'a'
2025-05-24 14:23:57,867 - utils.transform - ERROR - Date Conversion error: a month ago -> invalid literal for int() with base 10: 'a'
2025-05-24 14:23:57,867 - utils.transform - ERROR - Date Conversion error: a month ago -> invalid literal for int() with base 10: 'a'
2025-05-24 14:23:57,868 - utils.transform - ERROR - Date Conversion error: a month ago -> invalid literal for int() with base 10: 'a'
2025-05-24 14:23:57,869 - utils.transform - ERROR - Date Conversion error: a month ago -> invalid literal for int() with base 10: 'a'
2025-05-24 14:23:57,870 - utils.transform - ERROR - Date Conversion error: a month ago -> invalid literal for int() with base 10: 'a'
2025-05-24 14:23:57,870 - utils.transform - ERROR - Date Conversion error: a month ago -> invalid literal for int() with base 10: 'a'
2025-05-24 14:23:57,871 - utils.transform - ERROR - Date Conversion error: a month ago -> invalid literal for int() with base 10: 'a'
2025-05-24 14:23:57,872 - utils.transform - ERROR - Date Conversion error: a month ago -> invalid literal for int() with base 10: 'a'
2025-05-24 14:23:57,872 - utils.transform - ERROR - Date Conversion error: a month ago -> invalid literal for int() with base 10: 'a'
2025-05-24 14:23:57,873 - utils.transform - ERROR - Date Conversion error: a month ago -> invalid literal for int() with base 10: 'a'
2025-05-24 14:23:57,873 - utils.transform - ERROR - Date Conversion error: a month ago -> invalid literal for int() with base 10: 'a'
2025-05-24 14:23:57,874 - utils.transform - ERROR - Date Conversion error: a month ago -> invalid literal for int() with base 10: 'a'
2025-05-24 14:23:57,875 - utils.transform - ERROR - Date Conversion error: a month ago -> invalid literal for int() with base 10: 'a'
2025-05-24 14:23:57,875 - utils.transform - ERROR - Date Conversion error: a month ago -> invalid literal for int() with base 10: 'a'
2025-05-24 14:23:57,876 - utils.transform - ERROR - Date Conversion error: a month ago -> invalid literal for int() with base 10: 'a'
2025-05-24 14:23:57,882 - utils.transform - ERROR - Date Conversion error: a month ago -> invalid literal for int() with base 10: 'a'
2025-05-24 14:23:57,883 - utils.transform - ERROR - Date Conversion error: a month ago -> invalid literal for int() with base 10: 'a'
2025-05-24 14:23:57,883 - utils.transform - ERROR - Date Conversion error: a month ago -> invalid literal for int() with base 10: 'a'
2025-05-24 14:23:57,884 - utils.transform - ERROR - Date Conversion error: a month ago -> invalid literal for int() with base 10: 'a'
2025-05-24 14:23:57,885 - utils.transform - ERROR - Date Conversion error: a month ago -> invalid literal for int() with base 10: 'a'
2025-05-24 14:23:57,885 - utils.transform - ERROR - Date Conversion error: a month ago -> invalid literal for int() with base 10: 'a'
2025-05-24 14:23:57,885 - utils.transform - ERROR - Date Conversion error: a month ago -> invalid literal for int() with base 10: 'a'
2025-05-24 14:23:57,886 - utils.transform - ERROR - Date Conversion error: a month ago -> invalid literal for int() with base 10: 'a'
2025-05-24 14:23:57,886 - utils.transform - ERROR - Date Conversion error: a month ago -> invalid literal for int() with base 10: 'a'
2025-05-24 14:23:57,887 - utils.transform - ERROR - Date Conversion error: a month ago -> invalid literal for int() with base 10: 'a'
2025-05-24 14:23:57,888 - utils.transform - ERROR - Date Conversion error: a month ago -> invalid literal for int() with base 10: 'a'
2025-05-24 14:23:57,888 - utils.transform - ERROR - Date Conversion error: a month ago -> invalid literal for int() with base 10: 'a'
2025-05-24 14:23:57,889 - utils.transform - ERROR - Date Conversion error: a month ago -> invalid literal for int() with base 10: 'a'
2025-05-24 14:23:57,889 - utils.transform - ERROR - Date Conversion error: a month ago -> invalid literal for int() with base 10: 'a'
2025-05-24 14:23:57,890 - utils.transform - ERROR - Date Conversion error: a month ago -> invalid literal for int() with base 10: 'a'
2025-05-24 14:23:57,891 - utils.transform - ERROR - Date Conversion error: a month ago -> invalid literal for int() with base 10: 'a'
2025-05-24 14:23:57,891 - utils.transform - ERROR - Date Conversion error: a month ago -> invalid literal for int() with base 10: 'a'
2025-05-24 14:23:57,892 - utils.transform - ERROR - Date Conversion error: a month ago -> invalid literal for int() with base 10: 'a'
2025-05-24 14:23:57,897 - utils.transform - ERROR - Date Conversion error: a month ago -> invalid literal for int() with base 10: 'a'
2025-05-24 14:23:57,898 - utils.transform - ERROR - Date Conversion error: a month ago -> invalid literal for int() with base 10: 'a'
2025-05-24 14:23:57,899 - utils.transform - ERROR - Date Conversion error: a month ago -> invalid literal for int() with base 10: 'a'
2025-05-24 14:23:57,899 - utils.transform - ERROR - Date Conversion error: a month ago -> invalid literal for int() with base 10: 'a'
2025-05-24 14:23:57,900 - utils.transform - ERROR - Date Conversion error: a month ago -> invalid literal for int() with base 10: 'a'
2025-05-24 14:23:57,901 - utils.transform - ERROR - Date Conversion error: a month ago -> invalid literal for int() with base 10: 'a'
2025-05-24 14:23:57,901 - utils.transform - ERROR - Date Conversion error: a month ago -> invalid literal for int() with base 10: 'a'
2025-05-24 14:23:57,902 - utils.transform - ERROR - Date Conversion error: a month ago -> invalid literal for int() with base 10: 'a'
2025-05-24 14:23:57,903 - utils.transform - ERROR - Date Conversion error: a month ago -> invalid literal for int() with base 10: 'a'
2025-05-24 14:23:57,903 - utils.transform - ERROR - Date Conversion error: a month ago -> invalid literal for int() with base 10: 'a'
2025-05-24 14:23:57,904 - utils.transform - ERROR - Date Conversion error: a month ago -> invalid literal for int() with base 10: 'a'
2025-05-24 14:23:57,904 - utils.transform - ERROR - Date Conversion error: a month ago -> invalid literal for int() with base 10: 'a'
2025-05-24 14:23:57,905 - utils.transform - ERROR - Date Conversion error: a month ago -> invalid literal for int() with base 10: 'a'
2025-05-24 14:23:57,906 - utils.transform - ERROR - Date Conversion error: a month ago -> invalid literal for int() with base 10: 'a'
2025-05-24 14:23:57,906 - utils.transform - ERROR - Date Conversion error: a month ago -> invalid literal for int() with base 10: 'a'
2025-05-24 14:23:57,907 - utils.transform - ERROR - Date Conversion error: a month ago -> invalid literal for int() with base 10: 'a'
2025-05-24 14:23:57,907 - utils.transform - ERROR - Date Conversion error: a month ago -> invalid literal for int() with base 10: 'a'
2025-05-24 14:23:57,910 - utils.transform - ERROR - Date Conversion error: a month ago -> invalid literal for int() with base 10: 'a'
2025-05-24 14:23:57,950 - utils.transform - INFO - Transformation Foundit complete
2025-05-24 14:24:29,997 - utils.transform - INFO - Transforming Other Source DataFrame
2025-05-24 14:24:30,003 - utils.transform - INFO - Transformation complete
2025-05-24 14:47:44,244 - utils.transform - INFO - Transforming Foundit DataFrame
2025-05-24 14:47:44,376 - utils.transform - INFO - Transformation Foundit complete
2025-05-24 14:48:16,724 - utils.transform - INFO - Transforming JobNetMM DataFrame
2025-05-24 14:48:16,733 - utils.transform - INFO - Transformation JobNetMM complete
2025-05-24 14:48:17,507 - utils.transform - INFO - Transforming JobsDBTH DataFrame
2025-05-24 14:48:18,112 - utils.transform - INFO - Transforming Other Source DataFrame
2025-05-24 14:48:18,119 - utils.transform - INFO - Transformation complete
2025-05-24 14:48:19,823 - utils.transform - WARNING - Failed to parse salary: Negotiable -> invalid literal for int() with base 10: 'Negotiable'
2025-05-24 14:48:20,536 - utils.transform - WARNING - Failed to parse salary: $3,800 + $600 Housing Allowance + 2 month Bonus -> invalid literal for int() with base 10: '$3800'
2025-05-24 14:48:21,818 - utils.transform - WARNING - Failed to parse salary: Monthly Salary -> invalid literal for int() with base 10: 'Monthly'
2025-05-24 14:48:21,926 - utils.transform - WARNING - Failed to parse salary: THB 50,000 - 70,000 -> invalid literal for int() with base 10: 'THB'
2025-05-24 14:48:22,205 - utils.transform - WARNING - Failed to parse salary: Competitive Benefits + AL -> invalid literal for int() with base 10: 'Competitive'
2025-05-24 14:48:22,226 - utils.transform - WARNING - Failed to parse salary: THB 30,000 - 40,000 -> invalid literal for int() with base 10: 'THB'
2025-05-24 14:48:22,324 - utils.transform - WARNING - Failed to parse salary: THB 50,000 - 80,000 -> invalid literal for int() with base 10: 'THB'
2025-05-24 14:48:22,525 - utils.transform - WARNING - Failed to parse salary: THB 40,000 - 60,000 -> invalid literal for int() with base 10: 'THB'
2025-05-24 14:48:22,525 - utils.transform - WARNING - Failed to parse salary: THB 50,000 - 80,000 -> invalid literal for int() with base 10: 'THB'
2025-05-24 14:48:22,526 - utils.transform - WARNING - Failed to parse salary: THB 40,000 - 80,000 -> invalid literal for int() with base 10: 'THB'
2025-05-24 14:48:22,526 - utils.transform - WARNING - Failed to parse salary: THB 60,000 - 80,000 -> invalid literal for int() with base 10: 'THB'
2025-05-24 14:48:22,822 - utils.transform - WARNING - Failed to parse salary: Negotiable -> invalid literal for int() with base 10: 'Negotiable'
2025-05-24 14:48:22,874 - utils.transform - WARNING - Failed to parse salary: THB 100k -> invalid literal for int() with base 10: 'THB'
2025-05-24 14:48:22,916 - utils.transform - WARNING - Failed to parse salary: THB Up to 200k -> invalid literal for int() with base 10: 'THB'
2025-05-24 14:48:22,952 - utils.transform - WARNING - Failed to parse salary: Negotiable -> invalid literal for int() with base 10: 'Negotiable'
2025-05-24 14:48:23,403 - utils.transform - WARNING - Failed to parse salary: THB 70,000 - 100,000 -> invalid literal for int() with base 10: 'THB'
2025-05-24 14:48:23,650 - utils.transform - WARNING - Failed to parse salary: $3,500  $5,000 per month -> invalid literal for int() with base 10: '$3500'
2025-05-24 14:48:23,901 - utils.transform - WARNING - Failed to parse salary: $1,000 per month -> invalid literal for int() with base 10: '$1000'
2025-05-24 14:48:23,917 - utils.transform - WARNING - Failed to parse salary: RM3,000  RM4,000 per month -> invalid literal for int() with base 10: 'RM'
2025-05-24 14:48:25,934 - utils.transform - INFO - Transformation JobsDBTH complete
2025-05-24 15:40:30,221 - utils.transform - INFO - Transforming Foundit DataFrame
2025-05-24 15:40:31,340 - utils.transform - INFO - Transformation Foundit complete
2025-05-24 15:41:07,128 - utils.transform - INFO - Transforming JobNetMM DataFrame
2025-05-24 15:41:07,146 - utils.transform - INFO - Transformation JobNetMM complete
2025-05-24 15:41:07,366 - utils.transform - INFO - Transforming JobsDBTH DataFrame
2025-05-24 15:41:07,429 - utils.transform - INFO - Transforming Other Source DataFrame
2025-05-24 15:41:07,436 - utils.transform - INFO - Transformation complete
2025-05-24 15:41:08,065 - utils.transform - INFO - Transformation JobsDBTH complete
2025-05-24 15:51:42,409 - utils.transform - INFO - Transforming Foundit DataFrame
2025-05-24 15:51:42,528 - utils.transform - INFO - Transformation Foundit complete
2025-05-24 15:52:11,058 - utils.transform - INFO - Transforming JobsDBTH DataFrame
2025-05-24 15:52:11,749 - utils.transform - INFO - Transformation JobsDBTH complete
2025-05-24 15:52:16,946 - utils.transform - INFO - Transforming JobNetMM DataFrame
2025-05-24 15:52:16,957 - utils.transform - INFO - Transformation JobNetMM complete
2025-05-24 15:52:19,298 - utils.transform - INFO - Transforming Other Source DataFrame
2025-05-24 15:52:19,305 - utils.transform - INFO - Transformation complete
2025-05-24 15:52:36,495 - utils.transform - INFO - Transforming JobsDBTH DataFrame
2025-05-24 15:52:36,503 - utils.transform - INFO - Transformation JobsDBTH complete
2025-05-24 16:04:25,858 - utils.transform - INFO - Transforming Foundit DataFrame
2025-05-24 16:04:25,970 - utils.transform - INFO - Transformation Foundit complete
2025-05-24 16:04:57,741 - utils.transform - INFO - Transforming JobsDBTH DataFrame
2025-05-24 16:04:58,555 - utils.transform - INFO - Transformation JobsDBTH complete
2025-05-24 16:04:59,250 - utils.transform - INFO - Transforming JobNetMM DataFrame
2025-05-24 16:04:59,267 - utils.transform - INFO - Transformation JobNetMM complete
2025-05-24 16:05:02,086 - utils.transform - INFO - Transforming Other Source DataFrame
2025-05-24 16:05:02,097 - utils.transform - INFO - Transformation complete
2025-05-24 16:05:21,651 - utils.transform - INFO - Transforming JobsDBTH DataFrame
2025-05-24 16:05:21,663 - utils.transform - INFO - Transformation JobsDBTH complete
2025-05-24 16:52:23,968 - utils.transform - INFO - Transforming Foundit DataFrame
2025-05-24 16:52:24,074 - utils.transform - INFO - Transformation Foundit complete
2025-05-24 16:52:57,910 - utils.transform - INFO - Transforming JobNetMM DataFrame
2025-05-24 16:52:57,920 - utils.transform - INFO - Transformation JobNetMM complete
2025-05-24 16:53:16,165 - utils.transform - INFO - Transforming JobsDBTH DataFrame
2025-05-24 16:53:16,171 - utils.transform - INFO - Transformation JobsDBTH complete
2025-05-24 17:01:31,739 - utils.transform - INFO - Transforming Foundit DataFrame
2025-05-24 17:01:31,852 - utils.transform - INFO - Transformation Foundit complete
2025-05-24 17:02:04,785 - utils.transform - INFO - Transforming JobNetMM DataFrame
2025-05-24 17:02:04,794 - utils.transform - INFO - Transformation JobNetMM complete
2025-05-24 17:02:25,342 - utils.transform - INFO - Transforming JobsDBTH DataFrame
2025-05-24 17:02:25,349 - utils.transform - INFO - Transformation JobsDBTH complete
2025-05-24 17:44:20,390 - utils.transform - INFO - Transforming JobsDBTH DataFrame
2025-05-24 17:44:20,411 - utils.transform - INFO - Transformation JobsDBTH complete
2025-05-24 18:38:53,638 - utils.transform - INFO - Transforming JobsDBSG DataFrame
2025-05-24 18:38:53,648 - utils.transform - INFO - Transformation JobsDBSG complete
2025-05-24 18:43:01,140 - utils.transform - INFO - Transforming JobsDBSG DataFrame
2025-05-24 18:43:01,149 - utils.transform - INFO - Transformation JobsDBSG complete
2025-05-24 18:50:33,329 - utils.transform - INFO - Transforming JobStreet MY DataFrame
2025-05-24 18:50:34,402 - utils.transform - INFO - Transformation JobStreet MY complete
2025-05-24 18:59:44,647 - utils.transform - INFO - Transforming JobStreet MY DataFrame
2025-05-24 18:59:45,865 - utils.transform - INFO - Transformation JobStreet MY complete
2025-05-26 10:37:47,867 - utils.transform - INFO - Transforming JobsDBSG DataFrame
2025-05-26 10:37:48,125 - utils.transform - INFO - Transformation JobsDBSG complete
2025-05-26 13:02:25,074 - utils.transform - INFO - Transforming JobsDBSG DataFrame
2025-05-26 13:02:25,328 - utils.transform - INFO - Transformation JobsDBSG complete
