2025-05-27 00:21:08,539 - extract.jobdbsg - INFO - Scraping role: Software-Developer, page: 1
2025-05-27 00:21:08,539 - extract.jobdbsg - INFO - Scraping role: Software-Developer, page: 1, URL: https://sg.jobsdb.com/Software-Developer-jobs?page=1
2025-05-27 00:21:14,719 - extract.jobdbsg - INFO - Scraping role: Software-Developer, page: 2
2025-05-27 00:21:14,719 - extract.jobdbsg - INFO - Scraping role: Software-Developer, page: 2, URL: https://sg.jobsdb.com/Software-Developer-jobs?page=2
2025-05-27 00:21:19,753 - extract.jobdbsg - INFO - Scraping role: Software-Developer, page: 3
2025-05-27 00:21:19,753 - extract.jobdbsg - INFO - Scraping role: Software-Developer, page: 3, URL: https://sg.jobsdb.com/Software-Developer-jobs?page=3
2025-05-27 00:21:24,810 - extract.jobdbsg - INFO - Scraping role: Web-Developer, page: 1
2025-05-27 00:21:24,810 - extract.jobdbsg - INFO - Scraping role: Web-Developer, page: 1, URL: https://sg.jobsdb.com/Web-Developer-jobs?page=1
2025-05-27 00:21:29,284 - extract.jobdbsg - INFO - Scraping role: Web-Developer, page: 2
2025-05-27 00:21:29,284 - extract.jobdbsg - INFO - Scraping role: Web-Developer, page: 2, URL: https://sg.jobsdb.com/Web-Developer-jobs?page=2
2025-05-27 00:21:34,559 - extract.jobdbsg - INFO - Scraping role: Web-Developer, page: 3
2025-05-27 00:21:34,560 - extract.jobdbsg - INFO - Scraping role: Web-Developer, page: 3, URL: https://sg.jobsdb.com/Web-Developer-jobs?page=3
2025-05-27 00:21:38,803 - extract.jobdbsg - INFO - Scraping role: Data-Scientist, page: 1
2025-05-27 00:21:38,803 - extract.jobdbsg - INFO - Scraping role: Data-Scientist, page: 1, URL: https://sg.jobsdb.com/Data-Scientist-jobs?page=1
2025-05-27 00:21:43,214 - extract.jobdbsg - INFO - Scraping role: Data-Scientist, page: 2
2025-05-27 00:21:43,214 - extract.jobdbsg - INFO - Scraping role: Data-Scientist, page: 2, URL: https://sg.jobsdb.com/Data-Scientist-jobs?page=2
2025-05-27 00:21:48,822 - extract.jobdbsg - INFO - Scraping role: Data-Scientist, page: 3
2025-05-27 00:21:48,822 - extract.jobdbsg - INFO - Scraping role: Data-Scientist, page: 3, URL: https://sg.jobsdb.com/Data-Scientist-jobs?page=3
2025-05-27 00:21:51,685 - extract.jobdbsg - INFO - Scraping role: Data-Analyst, page: 1
2025-05-27 00:21:51,685 - extract.jobdbsg - INFO - Scraping role: Data-Analyst, page: 1, URL: https://sg.jobsdb.com/Data-Analyst-jobs?page=1
2025-05-27 00:21:57,250 - extract.jobdbsg - INFO - Scraping role: Data-Analyst, page: 2
2025-05-27 00:21:57,250 - extract.jobdbsg - INFO - Scraping role: Data-Analyst, page: 2, URL: https://sg.jobsdb.com/Data-Analyst-jobs?page=2
2025-05-27 00:22:01,660 - extract.jobdbsg - INFO - Scraping role: Data-Analyst, page: 3
2025-05-27 00:22:01,660 - extract.jobdbsg - INFO - Scraping role: Data-Analyst, page: 3, URL: https://sg.jobsdb.com/Data-Analyst-jobs?page=3
2025-05-27 00:22:05,322 - extract.jobdbsg - INFO - Scraping role: AI-Engineer, page: 1
2025-05-27 00:22:05,322 - extract.jobdbsg - INFO - Scraping role: AI-Engineer, page: 1, URL: https://sg.jobsdb.com/AI-Engineer-jobs?page=1
2025-05-27 00:22:08,505 - extract.jobdbsg - INFO - Scraping role: AI-Engineer, page: 2
2025-05-27 00:22:08,505 - extract.jobdbsg - INFO - Scraping role: AI-Engineer, page: 2, URL: https://sg.jobsdb.com/AI-Engineer-jobs?page=2
2025-05-27 00:22:14,129 - extract.jobdbsg - INFO - Scraping role: AI-Engineer, page: 3
2025-05-27 00:22:14,129 - extract.jobdbsg - INFO - Scraping role: AI-Engineer, page: 3, URL: https://sg.jobsdb.com/AI-Engineer-jobs?page=3
2025-05-27 00:22:19,549 - extract.jobdbsg - INFO - Scraping role: Machine-Learning-Engineer, page: 1
2025-05-27 00:22:19,549 - extract.jobdbsg - INFO - Scraping role: Machine-Learning-Engineer, page: 1, URL: https://sg.jobsdb.com/Machine-Learning-Engineer-jobs?page=1
2025-05-27 00:22:22,596 - extract.jobdbsg - INFO - Scraping role: Machine-Learning-Engineer, page: 2
2025-05-27 00:22:22,596 - extract.jobdbsg - INFO - Scraping role: Machine-Learning-Engineer, page: 2, URL: https://sg.jobsdb.com/Machine-Learning-Engineer-jobs?page=2
2025-05-27 00:22:28,311 - extract.jobdbsg - INFO - Scraping role: Machine-Learning-Engineer, page: 3
2025-05-27 00:22:28,311 - extract.jobdbsg - INFO - Scraping role: Machine-Learning-Engineer, page: 3, URL: https://sg.jobsdb.com/Machine-Learning-Engineer-jobs?page=3
2025-05-27 00:22:33,067 - extract.jobdbsg - INFO - Scraping role: DevOps-Engineer, page: 1
2025-05-27 00:22:33,067 - extract.jobdbsg - INFO - Scraping role: DevOps-Engineer, page: 1, URL: https://sg.jobsdb.com/DevOps-Engineer-jobs?page=1
2025-05-27 00:22:36,582 - extract.jobdbsg - INFO - Scraping role: DevOps-Engineer, page: 2
2025-05-27 00:22:36,583 - extract.jobdbsg - INFO - Scraping role: DevOps-Engineer, page: 2, URL: https://sg.jobsdb.com/DevOps-Engineer-jobs?page=2
2025-05-27 00:22:41,848 - extract.jobdbsg - INFO - Scraping role: DevOps-Engineer, page: 3
2025-05-27 00:22:41,848 - extract.jobdbsg - INFO - Scraping role: DevOps-Engineer, page: 3, URL: https://sg.jobsdb.com/DevOps-Engineer-jobs?page=3
2025-05-27 00:22:45,161 - extract.jobdbsg - INFO - Scraping role: Cloud-Engineer, page: 1
2025-05-27 00:22:45,161 - extract.jobdbsg - INFO - Scraping role: Cloud-Engineer, page: 1, URL: https://sg.jobsdb.com/Cloud-Engineer-jobs?page=1
2025-05-27 00:22:50,179 - extract.jobdbsg - INFO - Scraping role: Cloud-Engineer, page: 2
2025-05-27 00:22:50,179 - extract.jobdbsg - INFO - Scraping role: Cloud-Engineer, page: 2, URL: https://sg.jobsdb.com/Cloud-Engineer-jobs?page=2
2025-05-27 00:22:53,137 - extract.jobdbsg - INFO - Scraping role: Cloud-Engineer, page: 3
2025-05-27 00:22:53,137 - extract.jobdbsg - INFO - Scraping role: Cloud-Engineer, page: 3, URL: https://sg.jobsdb.com/Cloud-Engineer-jobs?page=3
2025-05-27 00:22:57,031 - extract.jobdbsg - INFO - Scraping role: Cybersecurity, page: 1
2025-05-27 00:22:57,031 - extract.jobdbsg - INFO - Scraping role: Cybersecurity, page: 1, URL: https://sg.jobsdb.com/Cybersecurity-jobs?page=1
2025-05-27 00:23:01,105 - extract.jobdbsg - INFO - Scraping role: Cybersecurity, page: 2
2025-05-27 00:23:01,105 - extract.jobdbsg - INFO - Scraping role: Cybersecurity, page: 2, URL: https://sg.jobsdb.com/Cybersecurity-jobs?page=2
2025-05-27 00:23:04,109 - extract.jobdbsg - INFO - Scraping role: Cybersecurity, page: 3
2025-05-27 00:23:04,109 - extract.jobdbsg - INFO - Scraping role: Cybersecurity, page: 3, URL: https://sg.jobsdb.com/Cybersecurity-jobs?page=3
2025-05-27 00:23:08,093 - extract.jobdbsg - INFO - WebDriver closed.
2025-05-27 00:23:08,093 - extract.jobdbsg - INFO - Scraping completed. Total jobs collected: 405
