2025-05-27 00:01:24,667 - extract.founditSG - INFO -  Fetching jobs at start=0...
2025-05-27 00:01:25,528 - extract.founditSG - INFO -  Total unique jobs collected so far: 16
2025-05-27 00:01:26,529 - extract.founditSG - INFO -  Fetching jobs at start=15...
2025-05-27 00:01:27,432 - extract.founditSG - INFO -  Total unique jobs collected so far: 31
2025-05-27 00:01:28,432 - extract.founditSG - INFO -  Fetching jobs at start=30...
2025-05-27 00:01:28,881 - extract.founditSG - INFO -  Total unique jobs collected so far: 46
2025-05-27 00:01:29,881 - extract.founditSG - INFO -  Fetching jobs at start=45...
2025-05-27 00:01:30,422 - extract.founditSG - INFO -  Total unique jobs collected so far: 58
2025-05-27 00:01:31,422 - extract.founditSG - INFO -  Fetching jobs at start=60...
2025-05-27 00:01:31,951 - extract.founditSG - INFO -  Total unique jobs collected so far: 73
2025-05-27 00:01:32,951 - extract.founditSG - INFO -  Fetching jobs at start=75...
2025-05-27 00:01:33,380 - extract.founditSG - INFO -  Total unique jobs collected so far: 84
2025-05-27 00:01:34,380 - extract.founditSG - INFO -  Fetching jobs at start=90...
2025-05-27 00:01:34,970 - extract.founditSG - INFO -  Total unique jobs collected so far: 94
2025-05-27 00:01:35,970 - extract.founditSG - INFO -  Fetching jobs at start=105...
2025-05-27 00:01:36,388 - extract.founditSG - INFO -  Total unique jobs collected so far: 103
2025-05-27 00:01:37,388 - extract.founditSG - INFO -  Fetching jobs at start=120...
2025-05-27 00:01:38,000 - extract.founditSG - INFO -  Total unique jobs collected so far: 113
2025-05-27 00:01:39,001 - extract.founditSG - INFO -  Fetching jobs at start=135...
2025-05-27 00:01:39,529 - extract.founditSG - INFO -  No new unique jobs found on this page. Skipped pages so far: 1
2025-05-27 00:01:39,530 - extract.founditSG - INFO -  Total unique jobs collected so far: 113
2025-05-27 00:01:40,530 - extract.founditSG - INFO -  Fetching jobs at start=150...
2025-05-27 00:01:40,971 - extract.founditSG - INFO -  Total unique jobs collected so far: 119
2025-05-27 00:01:41,972 - extract.founditSG - INFO -  Fetching jobs at start=165...
2025-05-27 00:01:42,497 - extract.founditSG - INFO -  Total unique jobs collected so far: 131
2025-05-27 00:01:43,497 - extract.founditSG - INFO -  Fetching jobs at start=180...
2025-05-27 00:01:43,924 - extract.founditSG - INFO -  Total unique jobs collected so far: 146
2025-05-27 00:01:44,924 - extract.founditSG - INFO -  Fetching jobs at start=195...
2025-05-27 00:01:45,490 - extract.founditSG - INFO -  Total unique jobs collected so far: 157
2025-05-27 00:01:46,491 - extract.founditSG - INFO -  Fetching jobs at start=210...
2025-05-27 00:01:47,015 - extract.founditSG - INFO -  Total unique jobs collected so far: 171
2025-05-27 00:01:48,015 - extract.founditSG - INFO -  Fetching jobs at start=225...
2025-05-27 00:01:48,452 - extract.founditSG - INFO -  Total unique jobs collected so far: 185
2025-05-27 00:01:49,453 - extract.founditSG - INFO -  Fetching jobs at start=240...
2025-05-27 00:01:49,991 - extract.founditSG - INFO -  Total unique jobs collected so far: 195
2025-05-27 00:01:50,991 - extract.founditSG - INFO -  Fetching jobs at start=255...
2025-05-27 00:01:51,433 - extract.founditSG - INFO -  Total unique jobs collected so far: 210
2025-05-27 00:01:52,433 - extract.founditSG - INFO -  Fetching jobs at start=270...
2025-05-27 00:01:52,900 - extract.founditSG - INFO -  Total unique jobs collected so far: 220
2025-05-27 00:01:53,900 - extract.founditSG - INFO -  Fetching jobs at start=285...
2025-05-27 00:01:54,443 - extract.founditSG - INFO -  Total unique jobs collected so far: 230
2025-05-27 00:01:55,443 - extract.founditSG - INFO -  Fetching jobs at start=300...
2025-05-27 00:01:55,891 - extract.founditSG - INFO -  Total unique jobs collected so far: 239
2025-05-27 00:01:56,891 - extract.founditSG - INFO -  Fetching jobs at start=315...
2025-05-27 00:01:57,436 - extract.founditSG - INFO -  Total unique jobs collected so far: 253
2025-05-27 00:01:58,436 - extract.founditSG - INFO -  Fetching jobs at start=330...
2025-05-27 00:01:58,871 - extract.founditSG - INFO -  Total unique jobs collected so far: 266
2025-05-27 00:01:59,871 - extract.founditSG - INFO -  Fetching jobs at start=345...
2025-05-27 00:02:00,329 - extract.founditSG - INFO -  Total unique jobs collected so far: 278
2025-05-27 00:02:01,330 - extract.founditSG - INFO -  Fetching jobs at start=360...
2025-05-27 00:02:01,851 - extract.founditSG - INFO -  Total unique jobs collected so far: 292
2025-05-27 00:02:02,851 - extract.founditSG - INFO -  Fetching jobs at start=375...
2025-05-27 00:02:03,304 - extract.founditSG - INFO -  Total unique jobs collected so far: 307
2025-05-27 00:02:04,304 - extract.founditSG - INFO -  Fetching jobs at start=390...
2025-05-27 00:02:04,731 - extract.founditSG - INFO -  Total unique jobs collected so far: 322
2025-05-27 00:02:05,732 - extract.founditSG - INFO -  Fetching jobs at start=405...
2025-05-27 00:02:06,378 - extract.founditSG - INFO -  Total unique jobs collected so far: 330
2025-05-27 00:02:07,378 - extract.founditSG - INFO -  Fetching jobs at start=420...
2025-05-27 00:02:07,826 - extract.founditSG - INFO -  Total unique jobs collected so far: 335
2025-05-27 00:02:08,826 - extract.founditSG - INFO -  Fetching jobs at start=435...
2025-05-27 00:02:09,256 - extract.founditSG - INFO -  Total unique jobs collected so far: 346
2025-05-27 00:02:10,256 - extract.founditSG - INFO -  Fetching jobs at start=450...
2025-05-27 00:02:10,792 - extract.founditSG - INFO -  Total unique jobs collected so far: 352
2025-05-27 00:02:11,792 - extract.founditSG - INFO -  Fetching jobs at start=465...
2025-05-27 00:02:12,312 - extract.founditSG - INFO -  Total unique jobs collected so far: 363
2025-05-27 00:02:13,312 - extract.founditSG - INFO -  Fetching jobs at start=480...
2025-05-27 00:02:13,845 - extract.founditSG - INFO -  Total unique jobs collected so far: 370
2025-05-27 00:02:14,845 - extract.founditSG - INFO -  Fetching jobs at start=495...
2025-05-27 00:02:15,388 - extract.founditSG - INFO -  Total unique jobs collected so far: 380
2025-05-27 00:02:16,388 - extract.founditSG - INFO -  Fetching jobs at start=510...
2025-05-27 00:02:16,818 - extract.founditSG - INFO -  Total unique jobs collected so far: 395
2025-05-27 00:02:17,818 - extract.founditSG - INFO -  Fetching jobs at start=525...
2025-05-27 00:02:18,372 - extract.founditSG - INFO -  Total unique jobs collected so far: 408
2025-05-27 00:02:19,373 - extract.founditSG - INFO -  Fetching jobs at start=540...
2025-05-27 00:02:19,790 - extract.founditSG - INFO -  Total unique jobs collected so far: 410
2025-05-27 00:02:20,790 - extract.founditSG - INFO -  Fetching jobs at start=555...
2025-05-27 00:02:21,218 - extract.founditSG - INFO -  No job data returned. Ending.
2025-05-27 00:02:21,218 - extract.founditSG - INFO -  Total jobs scraped: 410
2025-05-27 00:02:21,218 - extract.founditSG - INFO -  Total unique jobs scraped: 410
