2025-05-27 00:21:07,095 - extract.founditSG - INFO -  Fetching jobs at start=0...
2025-05-27 00:21:08,124 - extract.founditSG - INFO -  Total unique jobs collected so far: 16
2025-05-27 00:21:09,125 - extract.founditSG - INFO -  Fetching jobs at start=15...
2025-05-27 00:21:10,033 - extract.founditSG - INFO -  Total unique jobs collected so far: 31
2025-05-27 00:21:11,033 - extract.founditSG - INFO -  Fetching jobs at start=30...
2025-05-27 00:21:11,585 - extract.founditSG - INFO -  Total unique jobs collected so far: 44
2025-05-27 00:21:12,585 - extract.founditSG - INFO -  Fetching jobs at start=45...
2025-05-27 00:21:13,103 - extract.founditSG - INFO -  Total unique jobs collected so far: 59
2025-05-27 00:21:14,104 - extract.founditSG - INFO -  Fetching jobs at start=60...
2025-05-27 00:21:14,627 - extract.founditSG - INFO -  Total unique jobs collected so far: 70
2025-05-27 00:21:15,627 - extract.founditSG - INFO -  Fetching jobs at start=75...
2025-05-27 00:21:16,278 - extract.founditSG - INFO -  Total unique jobs collected so far: 85
2025-05-27 00:21:17,278 - extract.founditSG - INFO -  Fetching jobs at start=90...
2025-05-27 00:21:17,815 - extract.founditSG - INFO -  Total unique jobs collected so far: 100
2025-05-27 00:21:18,815 - extract.founditSG - INFO -  Fetching jobs at start=105...
2025-05-27 00:21:19,366 - extract.founditSG - INFO -  Total unique jobs collected so far: 112
2025-05-27 00:21:20,366 - extract.founditSG - INFO -  Fetching jobs at start=120...
2025-05-27 00:21:20,931 - extract.founditSG - INFO -  Total unique jobs collected so far: 120
2025-05-27 00:21:21,932 - extract.founditSG - INFO -  Fetching jobs at start=135...
2025-05-27 00:21:22,449 - extract.founditSG - INFO -  Total unique jobs collected so far: 124
2025-05-27 00:21:23,449 - extract.founditSG - INFO -  Fetching jobs at start=150...
2025-05-27 00:21:24,593 - extract.founditSG - INFO -  Total unique jobs collected so far: 128
2025-05-27 00:21:25,593 - extract.founditSG - INFO -  Fetching jobs at start=165...
2025-05-27 00:21:26,114 - extract.founditSG - INFO -  Total unique jobs collected so far: 135
2025-05-27 00:21:27,114 - extract.founditSG - INFO -  Fetching jobs at start=180...
2025-05-27 00:21:27,643 - extract.founditSG - INFO -  Total unique jobs collected so far: 150
2025-05-27 00:21:28,643 - extract.founditSG - INFO -  Fetching jobs at start=195...
2025-05-27 00:21:30,160 - extract.founditSG - INFO -  Total unique jobs collected so far: 160
2025-05-27 00:21:31,160 - extract.founditSG - INFO -  Fetching jobs at start=210...
2025-05-27 00:21:31,596 - extract.founditSG - INFO -  Total unique jobs collected so far: 172
2025-05-27 00:21:32,596 - extract.founditSG - INFO -  Fetching jobs at start=225...
2025-05-27 00:21:33,151 - extract.founditSG - INFO -  Total unique jobs collected so far: 186
2025-05-27 00:21:34,151 - extract.founditSG - INFO -  Fetching jobs at start=240...
2025-05-27 00:21:34,624 - extract.founditSG - INFO -  Total unique jobs collected so far: 194
2025-05-27 00:21:35,624 - extract.founditSG - INFO -  Fetching jobs at start=255...
2025-05-27 00:21:36,160 - extract.founditSG - INFO -  Total unique jobs collected so far: 208
2025-05-27 00:21:37,160 - extract.founditSG - INFO -  Fetching jobs at start=270...
2025-05-27 00:21:37,567 - extract.founditSG - INFO -  Total unique jobs collected so far: 215
2025-05-27 00:21:38,567 - extract.founditSG - INFO -  Fetching jobs at start=285...
2025-05-27 00:21:39,086 - extract.founditSG - INFO -  Total unique jobs collected so far: 220
2025-05-27 00:21:40,086 - extract.founditSG - INFO -  Fetching jobs at start=300...
2025-05-27 00:21:40,523 - extract.founditSG - INFO -  Total unique jobs collected so far: 226
2025-05-27 00:21:41,523 - extract.founditSG - INFO -  Fetching jobs at start=315...
2025-05-27 00:21:42,330 - extract.founditSG - INFO -  Total unique jobs collected so far: 240
2025-05-27 00:21:43,331 - extract.founditSG - INFO -  Fetching jobs at start=330...
2025-05-27 00:21:43,876 - extract.founditSG - INFO -  Total unique jobs collected so far: 254
2025-05-27 00:21:44,876 - extract.founditSG - INFO -  Fetching jobs at start=345...
2025-05-27 00:21:45,416 - extract.founditSG - INFO -  Total unique jobs collected so far: 265
2025-05-27 00:21:46,417 - extract.founditSG - INFO -  Fetching jobs at start=360...
2025-05-27 00:21:46,829 - extract.founditSG - INFO -  Total unique jobs collected so far: 279
2025-05-27 00:21:47,829 - extract.founditSG - INFO -  Fetching jobs at start=375...
2025-05-27 00:21:48,387 - extract.founditSG - INFO -  Total unique jobs collected so far: 294
2025-05-27 00:21:49,387 - extract.founditSG - INFO -  Fetching jobs at start=390...
2025-05-27 00:21:49,795 - extract.founditSG - INFO -  Total unique jobs collected so far: 309
2025-05-27 00:21:50,795 - extract.founditSG - INFO -  Fetching jobs at start=405...
2025-05-27 00:21:51,273 - extract.founditSG - INFO -  Total unique jobs collected so far: 323
2025-05-27 00:21:52,274 - extract.founditSG - INFO -  Fetching jobs at start=420...
2025-05-27 00:21:52,894 - extract.founditSG - INFO -  Total unique jobs collected so far: 330
2025-05-27 00:21:53,894 - extract.founditSG - INFO -  Fetching jobs at start=435...
2025-05-27 00:21:54,352 - extract.founditSG - INFO -  Total unique jobs collected so far: 341
2025-05-27 00:21:55,353 - extract.founditSG - INFO -  Fetching jobs at start=450...
2025-05-27 00:21:55,961 - extract.founditSG - INFO -  Total unique jobs collected so far: 352
2025-05-27 00:21:56,962 - extract.founditSG - INFO -  Fetching jobs at start=465...
2025-05-27 00:21:57,385 - extract.founditSG - INFO -  Total unique jobs collected so far: 358
2025-05-27 00:21:58,386 - extract.founditSG - INFO -  Fetching jobs at start=480...
2025-05-27 00:21:58,806 - extract.founditSG - INFO -  Total unique jobs collected so far: 359
2025-05-27 00:21:59,806 - extract.founditSG - INFO -  Fetching jobs at start=495...
2025-05-27 00:22:00,233 - extract.founditSG - INFO -  Total unique jobs collected so far: 373
2025-05-27 00:22:01,233 - extract.founditSG - INFO -  Fetching jobs at start=510...
2025-05-27 00:22:01,654 - extract.founditSG - INFO -  Total unique jobs collected so far: 388
2025-05-27 00:22:02,654 - extract.founditSG - INFO -  Fetching jobs at start=525...
2025-05-27 00:22:03,061 - extract.founditSG - INFO -  Total unique jobs collected so far: 403
2025-05-27 00:22:04,061 - extract.founditSG - INFO -  Fetching jobs at start=540...
2025-05-27 00:22:04,469 - extract.founditSG - INFO -  Total unique jobs collected so far: 406
2025-05-27 00:22:05,469 - extract.founditSG - INFO -  Fetching jobs at start=555...
2025-05-27 00:22:05,866 - extract.founditSG - INFO -  No job data returned. Ending.
2025-05-27 00:22:05,866 - extract.founditSG - INFO -  Total jobs scraped: 406
2025-05-27 00:22:05,866 - extract.founditSG - INFO -  Total unique jobs scraped: 406
