2025-05-26 23:03:01,524 - extract.jobdbsg - INFO - Scraping role: Software-Developer, page: 1
2025-05-26 23:03:01,525 - extract.jobdbsg - INFO - Scraping role: Software-Developer, page: 1, URL: https://sg.jobsdb.com/Software-Developer-jobs?page=1
2025-05-26 23:03:16,300 - extract.jobdbsg - INFO - Scraping role: Software-Developer, page: 2
2025-05-26 23:03:16,300 - extract.jobdbsg - INFO - Scraping role: Software-Developer, page: 2, URL: https://sg.jobsdb.com/Software-Developer-jobs?page=2
2025-05-26 23:03:23,576 - extract.jobdbsg - INFO - Scraping role: Software-Developer, page: 3
2025-05-26 23:03:23,576 - extract.jobdbsg - INFO - Scraping role: Software-Developer, page: 3, URL: https://sg.jobsdb.com/Software-Developer-jobs?page=3
2025-05-26 23:03:29,254 - extract.jobdbsg - INFO - Scraping role: Web-Developer, page: 1
2025-05-26 23:03:29,254 - extract.jobdbsg - INFO - Scraping role: Web-Developer, page: 1, URL: https://sg.jobsdb.com/Web-Developer-jobs?page=1
2025-05-26 23:03:33,258 - extract.jobdbsg - INFO - Scraping role: Web-Developer, page: 2
2025-05-26 23:03:33,259 - extract.jobdbsg - INFO - Scraping role: Web-Developer, page: 2, URL: https://sg.jobsdb.com/Web-Developer-jobs?page=2
2025-05-26 23:03:39,526 - extract.jobdbsg - INFO - Scraping role: Web-Developer, page: 3
2025-05-26 23:03:39,526 - extract.jobdbsg - INFO - Scraping role: Web-Developer, page: 3, URL: https://sg.jobsdb.com/Web-Developer-jobs?page=3
2025-05-26 23:03:45,592 - extract.jobdbsg - INFO - Scraping role: Data-Scientist, page: 1
2025-05-26 23:03:45,592 - extract.jobdbsg - INFO - Scraping role: Data-Scientist, page: 1, URL: https://sg.jobsdb.com/Data-Scientist-jobs?page=1
2025-05-26 23:03:51,549 - extract.jobdbsg - INFO - Scraping role: Data-Scientist, page: 2
2025-05-26 23:03:51,549 - extract.jobdbsg - INFO - Scraping role: Data-Scientist, page: 2, URL: https://sg.jobsdb.com/Data-Scientist-jobs?page=2
2025-05-26 23:03:55,754 - extract.jobdbsg - INFO - Scraping role: Data-Scientist, page: 3
2025-05-26 23:03:55,755 - extract.jobdbsg - INFO - Scraping role: Data-Scientist, page: 3, URL: https://sg.jobsdb.com/Data-Scientist-jobs?page=3
2025-05-26 23:03:59,476 - extract.jobdbsg - INFO - Scraping role: Data-Analyst, page: 1
2025-05-26 23:03:59,476 - extract.jobdbsg - INFO - Scraping role: Data-Analyst, page: 1, URL: https://sg.jobsdb.com/Data-Analyst-jobs?page=1
2025-05-26 23:04:04,238 - extract.jobdbsg - INFO - Scraping role: Data-Analyst, page: 2
2025-05-26 23:04:04,238 - extract.jobdbsg - INFO - Scraping role: Data-Analyst, page: 2, URL: https://sg.jobsdb.com/Data-Analyst-jobs?page=2
2025-05-26 23:04:10,503 - extract.jobdbsg - INFO - Scraping role: Data-Analyst, page: 3
2025-05-26 23:04:10,503 - extract.jobdbsg - INFO - Scraping role: Data-Analyst, page: 3, URL: https://sg.jobsdb.com/Data-Analyst-jobs?page=3
2025-05-26 23:04:18,179 - extract.jobdbsg - INFO - Scraping role: AI-Engineer, page: 1
2025-05-26 23:04:18,179 - extract.jobdbsg - INFO - Scraping role: AI-Engineer, page: 1, URL: https://sg.jobsdb.com/AI-Engineer-jobs?page=1
2025-05-26 23:04:23,977 - extract.jobdbsg - INFO - Scraping role: AI-Engineer, page: 2
2025-05-26 23:04:23,977 - extract.jobdbsg - INFO - Scraping role: AI-Engineer, page: 2, URL: https://sg.jobsdb.com/AI-Engineer-jobs?page=2
2025-05-26 23:04:31,111 - extract.jobdbsg - INFO - Scraping role: AI-Engineer, page: 3
2025-05-26 23:04:31,111 - extract.jobdbsg - INFO - Scraping role: AI-Engineer, page: 3, URL: https://sg.jobsdb.com/AI-Engineer-jobs?page=3
2025-05-26 23:04:37,909 - extract.jobdbsg - INFO - Scraping role: Machine-Learning-Engineer, page: 1
2025-05-26 23:04:37,910 - extract.jobdbsg - INFO - Scraping role: Machine-Learning-Engineer, page: 1, URL: https://sg.jobsdb.com/Machine-Learning-Engineer-jobs?page=1
2025-05-26 23:04:43,605 - extract.jobdbsg - INFO - Scraping role: Machine-Learning-Engineer, page: 2
2025-05-26 23:04:43,605 - extract.jobdbsg - INFO - Scraping role: Machine-Learning-Engineer, page: 2, URL: https://sg.jobsdb.com/Machine-Learning-Engineer-jobs?page=2
2025-05-26 23:04:50,675 - extract.jobdbsg - INFO - Scraping role: Machine-Learning-Engineer, page: 3
2025-05-26 23:04:50,675 - extract.jobdbsg - INFO - Scraping role: Machine-Learning-Engineer, page: 3, URL: https://sg.jobsdb.com/Machine-Learning-Engineer-jobs?page=3
2025-05-26 23:04:56,118 - extract.jobdbsg - INFO - Scraping role: DevOps-Engineer, page: 1
2025-05-26 23:04:56,119 - extract.jobdbsg - INFO - Scraping role: DevOps-Engineer, page: 1, URL: https://sg.jobsdb.com/DevOps-Engineer-jobs?page=1
2025-05-26 23:05:02,499 - extract.jobdbsg - INFO - Scraping role: DevOps-Engineer, page: 2
2025-05-26 23:05:02,499 - extract.jobdbsg - INFO - Scraping role: DevOps-Engineer, page: 2, URL: https://sg.jobsdb.com/DevOps-Engineer-jobs?page=2
2025-05-26 23:07:12,312 - extract.jobdbsg - INFO - WebDriver closed.
