2025-05-26 23:09:53,872 - extract.founditSG - INFO -  Fetching jobs at start=0...
2025-05-26 23:09:55,941 - extract.founditSG - INFO -  Total unique jobs collected so far: 16
2025-05-26 23:09:56,942 - extract.founditSG - INFO -  Fetching jobs at start=15...
2025-05-26 23:09:57,500 - extract.founditSG - INFO -  Total unique jobs collected so far: 28
2025-05-26 23:09:58,501 - extract.founditSG - INFO -  Fetching jobs at start=30...
2025-05-26 23:09:58,882 - extract.founditSG - INFO -  Total unique jobs collected so far: 43
2025-05-26 23:09:59,883 - extract.founditSG - INFO -  Fetching jobs at start=45...
2025-05-26 23:10:00,226 - extract.founditSG - INFO -  Total unique jobs collected so far: 55
2025-05-26 23:10:01,261 - extract.founditSG - INFO -  Fetching jobs at start=60...
2025-05-26 23:10:01,722 - extract.founditSG - INFO -  Total unique jobs collected so far: 70
2025-05-26 23:10:02,722 - extract.founditSG - INFO -  Fetching jobs at start=75...
2025-05-26 23:10:03,035 - extract.founditSG - INFO -  Total unique jobs collected so far: 82
2025-05-26 23:10:04,036 - extract.founditSG - INFO -  Fetching jobs at start=90...
2025-05-26 23:10:04,318 - extract.founditSG - INFO -  Total unique jobs collected so far: 84
2025-05-26 23:10:05,319 - extract.founditSG - INFO -  Fetching jobs at start=105...
2025-05-26 23:10:05,737 - extract.founditSG - INFO -  Total unique jobs collected so far: 98
2025-05-26 23:10:06,739 - extract.founditSG - INFO -  Fetching jobs at start=120...
2025-05-26 23:10:07,071 - extract.founditSG - INFO -  Total unique jobs collected so far: 105
2025-05-26 23:10:08,072 - extract.founditSG - INFO -  Fetching jobs at start=135...
2025-05-26 23:10:08,410 - extract.founditSG - INFO -  Total unique jobs collected so far: 118
2025-05-26 23:10:09,412 - extract.founditSG - INFO -  Fetching jobs at start=150...
2025-05-26 23:10:09,949 - extract.founditSG - INFO -  Total unique jobs collected so far: 126
2025-05-26 23:10:10,950 - extract.founditSG - INFO -  Fetching jobs at start=165...
2025-05-26 23:10:11,287 - extract.founditSG - INFO -  Total unique jobs collected so far: 136
2025-05-26 23:10:12,288 - extract.founditSG - INFO -  Fetching jobs at start=180...
2025-05-26 23:10:12,916 - extract.founditSG - INFO -  Total unique jobs collected so far: 151
2025-05-26 23:10:13,916 - extract.founditSG - INFO -  Fetching jobs at start=195...
2025-05-26 23:10:14,237 - extract.founditSG - INFO -  Total unique jobs collected so far: 166
2025-05-26 23:10:15,238 - extract.founditSG - INFO -  Fetching jobs at start=210...
2025-05-26 23:10:15,565 - extract.founditSG - INFO -  Total unique jobs collected so far: 181
2025-05-26 23:10:16,566 - extract.founditSG - INFO -  Fetching jobs at start=225...
2025-05-26 23:10:16,958 - extract.founditSG - INFO -  Total unique jobs collected so far: 191
2025-05-26 23:10:17,959 - extract.founditSG - INFO -  Fetching jobs at start=240...
2025-05-26 23:10:18,301 - extract.founditSG - INFO -  Total unique jobs collected so far: 200
2025-05-26 23:10:19,302 - extract.founditSG - INFO -  Fetching jobs at start=255...
2025-05-26 23:10:19,702 - extract.founditSG - INFO -  Total unique jobs collected so far: 215
2025-05-26 23:10:20,704 - extract.founditSG - INFO -  Fetching jobs at start=270...
2025-05-26 23:10:20,981 - extract.founditSG - INFO -  Total unique jobs collected so far: 224
2025-05-26 23:10:21,983 - extract.founditSG - INFO -  Fetching jobs at start=285...
2025-05-26 23:10:22,299 - extract.founditSG - INFO -  Total unique jobs collected so far: 238
2025-05-26 23:10:23,299 - extract.founditSG - INFO -  Fetching jobs at start=300...
2025-05-26 23:10:23,571 - extract.founditSG - INFO -  Total unique jobs collected so far: 251
2025-05-26 23:10:24,572 - extract.founditSG - INFO -  Fetching jobs at start=315...
2025-05-26 23:10:24,899 - extract.founditSG - INFO -  Total unique jobs collected so far: 261
2025-05-26 23:10:25,900 - extract.founditSG - INFO -  Fetching jobs at start=330...
2025-05-26 23:10:26,525 - extract.founditSG - INFO -  Total unique jobs collected so far: 275
2025-05-26 23:10:27,526 - extract.founditSG - INFO -  Fetching jobs at start=345...
2025-05-26 23:10:28,196 - extract.founditSG - INFO -  Total unique jobs collected so far: 288
2025-05-26 23:10:29,196 - extract.founditSG - INFO -  Fetching jobs at start=360...
2025-05-26 23:10:29,579 - extract.founditSG - INFO -  Total unique jobs collected so far: 303
2025-05-26 23:10:30,580 - extract.founditSG - INFO -  Fetching jobs at start=375...
2025-05-26 23:10:30,907 - extract.founditSG - INFO -  Total unique jobs collected so far: 318
2025-05-26 23:10:31,908 - extract.founditSG - INFO -  Fetching jobs at start=390...
2025-05-26 23:10:32,334 - extract.founditSG - INFO -  Total unique jobs collected so far: 333
2025-05-26 23:10:33,336 - extract.founditSG - INFO -  Fetching jobs at start=405...
2025-05-26 23:10:33,625 - extract.founditSG - INFO -  Total unique jobs collected so far: 348
2025-05-26 23:10:34,625 - extract.founditSG - INFO -  Fetching jobs at start=420...
2025-05-26 23:10:34,942 - extract.founditSG - INFO -  Total unique jobs collected so far: 361
2025-05-26 23:10:35,944 - extract.founditSG - INFO -  Fetching jobs at start=435...
2025-05-26 23:10:37,506 - extract.founditSG - INFO -  Total unique jobs collected so far: 371
2025-05-26 23:10:38,508 - extract.founditSG - INFO -  Fetching jobs at start=450...
2025-05-26 23:10:39,483 - extract.founditSG - INFO -  Total unique jobs collected so far: 380
2025-05-26 23:10:40,483 - extract.founditSG - INFO -  Fetching jobs at start=465...
2025-05-26 23:10:41,276 - extract.founditSG - INFO -  Total unique jobs collected so far: 390
2025-05-26 23:10:42,277 - extract.founditSG - INFO -  Fetching jobs at start=480...
2025-05-26 23:10:42,581 - extract.founditSG - INFO -  Total unique jobs collected so far: 392
2025-05-26 23:10:43,582 - extract.founditSG - INFO -  Fetching jobs at start=495...
2025-05-26 23:10:44,048 - extract.founditSG - INFO -  Total unique jobs collected so far: 402
2025-05-26 23:10:45,049 - extract.founditSG - INFO -  Fetching jobs at start=510...
2025-05-26 23:10:45,329 - extract.founditSG - INFO -  Total unique jobs collected so far: 416
2025-05-26 23:10:46,331 - extract.founditSG - INFO -  Fetching jobs at start=525...
2025-05-26 23:10:46,688 - extract.founditSG - INFO -  Total unique jobs collected so far: 425
2025-05-26 23:10:47,690 - extract.founditSG - INFO -  Fetching jobs at start=540...
2025-05-26 23:10:47,944 - extract.founditSG - INFO -  Total unique jobs collected so far: 432
2025-05-26 23:10:48,944 - extract.founditSG - INFO -  Fetching jobs at start=555...
2025-05-26 23:10:49,188 - extract.founditSG - INFO -  No job data returned. Ending.
2025-05-26 23:10:49,188 - extract.founditSG - INFO -  Total jobs scraped: 432
2025-05-26 23:10:49,188 - extract.founditSG - INFO -  Total unique jobs scraped: 432
