2025-05-27 00:36:26,031 - extract.founditSG - INFO -  Fetching jobs at start=0...
2025-05-27 00:36:27,027 - extract.founditSG - INFO -  Total unique jobs collected so far: 16
2025-05-27 00:36:28,027 - extract.founditSG - INFO -  Fetching jobs at start=15...
2025-05-27 00:36:28,956 - extract.founditSG - INFO -  Total unique jobs collected so far: 28
2025-05-27 00:36:29,956 - extract.founditSG - INFO -  Fetching jobs at start=30...
2025-05-27 00:36:30,466 - extract.founditSG - INFO -  Total unique jobs collected so far: 43
2025-05-27 00:36:31,466 - extract.founditSG - INFO -  Fetching jobs at start=45...
2025-05-27 00:36:32,004 - extract.founditSG - INFO -  Total unique jobs collected so far: 58
2025-05-27 00:36:33,004 - extract.founditSG - INFO -  Fetching jobs at start=60...
2025-05-27 00:36:33,543 - extract.founditSG - INFO -  Total unique jobs collected so far: 73
2025-05-27 00:36:34,544 - extract.founditSG - INFO -  Fetching jobs at start=75...
2025-05-27 00:36:35,135 - extract.founditSG - INFO -  Total unique jobs collected so far: 85
2025-05-27 00:36:36,136 - extract.founditSG - INFO -  Fetching jobs at start=90...
2025-05-27 00:36:36,656 - extract.founditSG - INFO -  Total unique jobs collected so far: 98
2025-05-27 00:36:37,656 - extract.founditSG - INFO -  Fetching jobs at start=105...
2025-05-27 00:36:38,185 - extract.founditSG - INFO -  Total unique jobs collected so far: 113
2025-05-27 00:36:39,185 - extract.founditSG - INFO -  Fetching jobs at start=120...
2025-05-27 00:36:39,713 - extract.founditSG - INFO -  Total unique jobs collected so far: 126
2025-05-27 00:36:40,713 - extract.founditSG - INFO -  Fetching jobs at start=135...
2025-05-27 00:36:41,408 - extract.founditSG - INFO -  Total unique jobs collected so far: 131
2025-05-27 00:36:42,408 - extract.founditSG - INFO -  Fetching jobs at start=150...
2025-05-27 00:36:42,922 - extract.founditSG - INFO -  Total unique jobs collected so far: 141
2025-05-27 00:36:43,922 - extract.founditSG - INFO -  Fetching jobs at start=165...
2025-05-27 00:36:44,458 - extract.founditSG - INFO -  Total unique jobs collected so far: 144
2025-05-27 00:36:45,458 - extract.founditSG - INFO -  Fetching jobs at start=180...
2025-05-27 00:36:45,973 - extract.founditSG - INFO -  Total unique jobs collected so far: 159
2025-05-27 00:36:46,973 - extract.founditSG - INFO -  Fetching jobs at start=195...
2025-05-27 00:36:47,677 - extract.founditSG - INFO -  Total unique jobs collected so far: 174
2025-05-27 00:36:48,678 - extract.founditSG - INFO -  Fetching jobs at start=210...
2025-05-27 00:36:49,222 - extract.founditSG - INFO -  Total unique jobs collected so far: 187
2025-05-27 00:36:50,223 - extract.founditSG - INFO -  Fetching jobs at start=225...
2025-05-27 00:36:50,765 - extract.founditSG - INFO -  Total unique jobs collected so far: 200
2025-05-27 00:36:51,765 - extract.founditSG - INFO -  Fetching jobs at start=240...
2025-05-27 00:36:52,486 - extract.founditSG - INFO -  Total unique jobs collected so far: 212
2025-05-27 00:36:53,487 - extract.founditSG - INFO -  Fetching jobs at start=255...
2025-05-27 00:36:54,012 - extract.founditSG - INFO -  Total unique jobs collected so far: 227
2025-05-27 00:36:55,012 - extract.founditSG - INFO -  Fetching jobs at start=270...
2025-05-27 00:36:55,551 - extract.founditSG - INFO -  Total unique jobs collected so far: 237
2025-05-27 00:36:56,551 - extract.founditSG - INFO -  Fetching jobs at start=285...
2025-05-27 00:36:57,289 - extract.founditSG - INFO -  Total unique jobs collected so far: 240
2025-05-27 00:36:58,289 - extract.founditSG - INFO -  Fetching jobs at start=300...
2025-05-27 00:36:59,009 - extract.founditSG - INFO -  Total unique jobs collected so far: 254
2025-05-27 00:37:00,010 - extract.founditSG - INFO -  Fetching jobs at start=315...
2025-05-27 00:37:00,556 - extract.founditSG - INFO -  Total unique jobs collected so far: 260
2025-05-27 00:37:01,556 - extract.founditSG - INFO -  Fetching jobs at start=330...
2025-05-27 00:37:02,074 - extract.founditSG - INFO -  Total unique jobs collected so far: 274
2025-05-27 00:37:03,075 - extract.founditSG - INFO -  Fetching jobs at start=345...
2025-05-27 00:37:03,596 - extract.founditSG - INFO -  Total unique jobs collected so far: 287
2025-05-27 00:37:04,597 - extract.founditSG - INFO -  Fetching jobs at start=360...
2025-05-27 00:37:05,129 - extract.founditSG - INFO -  Total unique jobs collected so far: 301
2025-05-27 00:37:06,129 - extract.founditSG - INFO -  Fetching jobs at start=375...
2025-05-27 00:37:06,656 - extract.founditSG - INFO -  Total unique jobs collected so far: 316
2025-05-27 00:37:07,656 - extract.founditSG - INFO -  Fetching jobs at start=390...
2025-05-27 00:37:09,226 - extract.founditSG - INFO -  Total unique jobs collected so far: 331
2025-05-27 00:37:10,227 - extract.founditSG - INFO -  Fetching jobs at start=405...
2025-05-27 00:37:11,488 - extract.founditSG - INFO -  Total unique jobs collected so far: 344
2025-05-27 00:37:12,488 - extract.founditSG - INFO -  Fetching jobs at start=420...
2025-05-27 00:37:13,011 - extract.founditSG - INFO -  Total unique jobs collected so far: 355
2025-05-27 00:37:14,011 - extract.founditSG - INFO -  Fetching jobs at start=435...
2025-05-27 00:37:14,651 - extract.founditSG - INFO -  Total unique jobs collected so far: 361
2025-05-27 00:37:15,651 - extract.founditSG - INFO -  Fetching jobs at start=450...
2025-05-27 00:37:16,163 - extract.founditSG - INFO -  Total unique jobs collected so far: 371
2025-05-27 00:37:17,163 - extract.founditSG - INFO -  Fetching jobs at start=465...
2025-05-27 00:37:17,685 - extract.founditSG - INFO -  Total unique jobs collected so far: 379
2025-05-27 00:37:18,685 - extract.founditSG - INFO -  Fetching jobs at start=480...
2025-05-27 00:37:19,203 - extract.founditSG - INFO -  Total unique jobs collected so far: 389
2025-05-27 00:37:20,203 - extract.founditSG - INFO -  Fetching jobs at start=495...
2025-05-27 00:37:20,816 - extract.founditSG - INFO -  Total unique jobs collected so far: 397
2025-05-27 00:37:21,817 - extract.founditSG - INFO -  Fetching jobs at start=510...
2025-05-27 00:37:22,330 - extract.founditSG - INFO -  Total unique jobs collected so far: 411
2025-05-27 00:37:23,331 - extract.founditSG - INFO -  Fetching jobs at start=525...
2025-05-27 00:37:23,866 - extract.founditSG - INFO -  Total unique jobs collected so far: 423
2025-05-27 00:37:24,866 - extract.founditSG - INFO -  Fetching jobs at start=540...
2025-05-27 00:37:25,390 - extract.founditSG - INFO -  Total unique jobs collected so far: 427
2025-05-27 00:37:26,390 - extract.founditSG - INFO -  Fetching jobs at start=555...
2025-05-27 00:37:26,714 - extract.founditSG - INFO -  No job data returned. Ending.
2025-05-27 00:37:26,714 - extract.founditSG - INFO -  Total jobs scraped: 427
2025-05-27 00:37:26,714 - extract.founditSG - INFO -  Total unique jobs scraped: 427
