2025-05-26 23:57:59,734 - extract.founditSG - INFO -  Fetching jobs at start=0...
2025-05-26 23:58:00,198 - extract.founditSG - INFO -  Total unique jobs collected so far: 16
2025-05-26 23:58:01,200 - extract.founditSG - INFO -  Fetching jobs at start=15...
2025-05-26 23:58:02,108 - extract.founditSG - INFO -  Total unique jobs collected so far: 31
2025-05-26 23:58:03,109 - extract.founditSG - INFO -  Fetching jobs at start=30...
2025-05-26 23:58:03,445 - extract.founditSG - INFO -  Total unique jobs collected so far: 44
2025-05-26 23:58:04,446 - extract.founditSG - INFO -  Fetching jobs at start=45...
2025-05-26 23:58:04,870 - extract.founditSG - INFO -  Total unique jobs collected so far: 59
2025-05-26 23:58:05,872 - extract.founditSG - INFO -  Fetching jobs at start=60...
2025-05-26 23:58:06,238 - extract.founditSG - INFO -  Total unique jobs collected so far: 68
2025-05-26 23:58:07,238 - extract.founditSG - INFO -  Fetching jobs at start=75...
2025-05-26 23:58:07,616 - extract.founditSG - INFO -  Total unique jobs collected so far: 80
2025-05-26 23:58:08,617 - extract.founditSG - INFO -  Fetching jobs at start=90...
2025-05-26 23:58:08,902 - extract.founditSG - INFO -  Total unique jobs collected so far: 91
2025-05-26 23:58:09,903 - extract.founditSG - INFO -  Fetching jobs at start=105...
2025-05-26 23:58:10,259 - extract.founditSG - INFO -  Total unique jobs collected so far: 103
2025-05-26 23:58:11,260 - extract.founditSG - INFO -  Fetching jobs at start=120...
2025-05-26 23:58:11,935 - extract.founditSG - INFO -  Total unique jobs collected so far: 105
2025-05-26 23:58:12,936 - extract.founditSG - INFO -  Fetching jobs at start=135...
2025-05-26 23:58:13,526 - extract.founditSG - INFO -  Total unique jobs collected so far: 116
2025-05-26 23:58:14,527 - extract.founditSG - INFO -  Fetching jobs at start=150...
2025-05-26 23:58:15,145 - extract.founditSG - INFO -  Total unique jobs collected so far: 122
2025-05-26 23:58:16,145 - extract.founditSG - INFO -  Fetching jobs at start=165...
2025-05-26 23:58:16,468 - extract.founditSG - INFO -  Total unique jobs collected so far: 137
2025-05-26 23:58:17,470 - extract.founditSG - INFO -  Fetching jobs at start=180...
2025-05-26 23:58:17,751 - extract.founditSG - INFO -  Total unique jobs collected so far: 152
2025-05-26 23:58:18,753 - extract.founditSG - INFO -  Fetching jobs at start=195...
2025-05-26 23:58:19,028 - extract.founditSG - INFO -  Total unique jobs collected so far: 167
2025-05-26 23:58:20,030 - extract.founditSG - INFO -  Fetching jobs at start=210...
2025-05-26 23:58:20,418 - extract.founditSG - INFO -  Total unique jobs collected so far: 182
2025-05-26 23:58:21,420 - extract.founditSG - INFO -  Fetching jobs at start=225...
2025-05-26 23:58:21,806 - extract.founditSG - INFO -  Total unique jobs collected so far: 197
2025-05-26 23:58:22,807 - extract.founditSG - INFO -  Fetching jobs at start=240...
2025-05-26 23:58:23,080 - extract.founditSG - INFO -  Total unique jobs collected so far: 203
2025-05-26 23:58:24,081 - extract.founditSG - INFO -  Fetching jobs at start=255...
2025-05-26 23:58:24,593 - extract.founditSG - INFO -  Total unique jobs collected so far: 213
2025-05-26 23:58:25,594 - extract.founditSG - INFO -  Fetching jobs at start=270...
2025-05-26 23:58:25,928 - extract.founditSG - INFO -  Total unique jobs collected so far: 222
2025-05-26 23:58:26,929 - extract.founditSG - INFO -  Fetching jobs at start=285...
2025-05-26 23:58:27,426 - extract.founditSG - INFO -  Total unique jobs collected so far: 230
2025-05-26 23:58:28,427 - extract.founditSG - INFO -  Fetching jobs at start=300...
2025-05-26 23:58:28,735 - extract.founditSG - INFO -  Total unique jobs collected so far: 238
2025-05-26 23:58:29,736 - extract.founditSG - INFO -  Fetching jobs at start=315...
2025-05-26 23:58:30,132 - extract.founditSG - INFO -  Total unique jobs collected so far: 248
2025-05-26 23:58:31,133 - extract.founditSG - INFO -  Fetching jobs at start=330...
2025-05-26 23:58:31,399 - extract.founditSG - INFO -  Total unique jobs collected so far: 261
2025-05-26 23:58:32,401 - extract.founditSG - INFO -  Fetching jobs at start=345...
2025-05-26 23:58:32,691 - extract.founditSG - INFO -  Total unique jobs collected so far: 276
2025-05-26 23:58:33,693 - extract.founditSG - INFO -  Fetching jobs at start=360...
2025-05-26 23:58:34,009 - extract.founditSG - INFO -  Total unique jobs collected so far: 291
2025-05-26 23:58:35,010 - extract.founditSG - INFO -  Fetching jobs at start=375...
2025-05-26 23:58:35,289 - extract.founditSG - INFO -  Total unique jobs collected so far: 306
2025-05-26 23:58:36,290 - extract.founditSG - INFO -  Fetching jobs at start=390...
2025-05-26 23:58:36,592 - extract.founditSG - INFO -  Total unique jobs collected so far: 321
2025-05-26 23:58:37,592 - extract.founditSG - INFO -  Fetching jobs at start=405...
2025-05-26 23:58:37,955 - extract.founditSG - INFO -  Total unique jobs collected so far: 333
2025-05-26 23:58:38,955 - extract.founditSG - INFO -  Fetching jobs at start=420...
2025-05-26 23:58:39,267 - extract.founditSG - INFO -  Total unique jobs collected so far: 339
2025-05-26 23:58:40,268 - extract.founditSG - INFO -  Fetching jobs at start=435...
2025-05-26 23:58:40,665 - extract.founditSG - INFO -  Total unique jobs collected so far: 350
2025-05-26 23:58:41,667 - extract.founditSG - INFO -  Fetching jobs at start=450...
2025-05-26 23:58:41,952 - extract.founditSG - INFO -  Total unique jobs collected so far: 365
2025-05-26 23:58:42,953 - extract.founditSG - INFO -  Fetching jobs at start=465...
2025-05-26 23:58:43,317 - extract.founditSG - INFO -  Total unique jobs collected so far: 375
2025-05-26 23:58:44,318 - extract.founditSG - INFO -  Fetching jobs at start=480...
2025-05-26 23:58:44,638 - extract.founditSG - INFO -  Total unique jobs collected so far: 380
2025-05-26 23:58:45,639 - extract.founditSG - INFO -  Fetching jobs at start=495...
2025-05-26 23:58:45,941 - extract.founditSG - INFO -  Total unique jobs collected so far: 388
2025-05-26 23:58:46,942 - extract.founditSG - INFO -  Fetching jobs at start=510...
2025-05-26 23:58:47,256 - extract.founditSG - INFO -  Total unique jobs collected so far: 403
2025-05-26 23:58:48,256 - extract.founditSG - INFO -  Fetching jobs at start=525...
2025-05-26 23:58:48,572 - extract.founditSG - INFO -  Total unique jobs collected so far: 411
2025-05-26 23:58:49,575 - extract.founditSG - INFO -  Fetching jobs at start=540...
2025-05-26 23:58:50,061 - extract.founditSG - INFO -  Total unique jobs collected so far: 416
2025-05-26 23:58:51,062 - extract.founditSG - INFO -  Fetching jobs at start=555...
2025-05-26 23:58:51,313 - extract.founditSG - INFO -  No job data returned. Ending.
2025-05-26 23:58:51,314 - extract.founditSG - INFO -  Total jobs scraped: 416
2025-05-26 23:58:51,314 - extract.founditSG - INFO -  Total unique jobs scraped: 416
