2025-05-27 00:36:26,785 - extract.jobdbsg - INFO - Scraping role: Software-Developer, page: 1
2025-05-27 00:36:26,785 - extract.jobdbsg - INFO - Scraping role: Software-Developer, page: 1, URL: https://sg.jobsdb.com/Software-Developer-jobs?page=1
2025-05-27 00:36:31,780 - extract.jobdbsg - INFO - Scraping role: Software-Developer, page: 2
2025-05-27 00:36:31,780 - extract.jobdbsg - INFO - Scraping role: Software-Developer, page: 2, URL: https://sg.jobsdb.com/Software-Developer-jobs?page=2
2025-05-27 00:36:37,161 - extract.jobdbsg - INFO - Scraping role: Software-Developer, page: 3
2025-05-27 00:36:37,161 - extract.jobdbsg - INFO - Scraping role: Software-Developer, page: 3, URL: https://sg.jobsdb.com/Software-Developer-jobs?page=3
2025-05-27 00:36:41,549 - extract.jobdbsg - INFO - Scraping role: Web-Developer, page: 1
2025-05-27 00:36:41,549 - extract.jobdbsg - INFO - Scraping role: Web-Developer, page: 1, URL: https://sg.jobsdb.com/Web-Developer-jobs?page=1
2025-05-27 00:36:44,263 - extract.jobdbsg - INFO - Scraping role: Web-Developer, page: 2
2025-05-27 00:36:44,263 - extract.jobdbsg - INFO - Scraping role: Web-Developer, page: 2, URL: https://sg.jobsdb.com/Web-Developer-jobs?page=2
2025-05-27 00:36:49,256 - extract.jobdbsg - INFO - Scraping role: Web-Developer, page: 3
2025-05-27 00:36:49,256 - extract.jobdbsg - INFO - Scraping role: Web-Developer, page: 3, URL: https://sg.jobsdb.com/Web-Developer-jobs?page=3
2025-05-27 00:36:52,935 - extract.jobdbsg - INFO - Scraping role: Data-Scientist, page: 1
2025-05-27 00:36:52,935 - extract.jobdbsg - INFO - Scraping role: Data-Scientist, page: 1, URL: https://sg.jobsdb.com/Data-Scientist-jobs?page=1
2025-05-27 00:36:56,999 - extract.jobdbsg - INFO - Scraping role: Data-Scientist, page: 2
2025-05-27 00:36:56,999 - extract.jobdbsg - INFO - Scraping role: Data-Scientist, page: 2, URL: https://sg.jobsdb.com/Data-Scientist-jobs?page=2
2025-05-27 00:36:59,983 - extract.jobdbsg - INFO - Scraping role: Data-Scientist, page: 3
2025-05-27 00:36:59,983 - extract.jobdbsg - INFO - Scraping role: Data-Scientist, page: 3, URL: https://sg.jobsdb.com/Data-Scientist-jobs?page=3
2025-05-27 00:37:02,629 - extract.jobdbsg - INFO - Scraping role: Data-Analyst, page: 1
2025-05-27 00:37:02,629 - extract.jobdbsg - INFO - Scraping role: Data-Analyst, page: 1, URL: https://sg.jobsdb.com/Data-Analyst-jobs?page=1
2025-05-27 00:37:08,301 - extract.jobdbsg - INFO - Scraping role: Data-Analyst, page: 2
2025-05-27 00:37:08,301 - extract.jobdbsg - INFO - Scraping role: Data-Analyst, page: 2, URL: https://sg.jobsdb.com/Data-Analyst-jobs?page=2
2025-05-27 00:37:12,014 - extract.jobdbsg - INFO - Scraping role: Data-Analyst, page: 3
2025-05-27 00:37:12,014 - extract.jobdbsg - INFO - Scraping role: Data-Analyst, page: 3, URL: https://sg.jobsdb.com/Data-Analyst-jobs?page=3
2025-05-27 00:37:16,820 - extract.jobdbsg - INFO - Scraping role: AI-Engineer, page: 1
2025-05-27 00:37:16,820 - extract.jobdbsg - INFO - Scraping role: AI-Engineer, page: 1, URL: https://sg.jobsdb.com/AI-Engineer-jobs?page=1
2025-05-27 00:37:20,129 - extract.jobdbsg - INFO - Scraping role: AI-Engineer, page: 2
2025-05-27 00:37:20,129 - extract.jobdbsg - INFO - Scraping role: AI-Engineer, page: 2, URL: https://sg.jobsdb.com/AI-Engineer-jobs?page=2
2025-05-27 00:37:24,901 - extract.jobdbsg - INFO - Scraping role: AI-Engineer, page: 3
2025-05-27 00:37:24,901 - extract.jobdbsg - INFO - Scraping role: AI-Engineer, page: 3, URL: https://sg.jobsdb.com/AI-Engineer-jobs?page=3
2025-05-27 00:37:28,794 - extract.jobdbsg - INFO - Scraping role: Machine-Learning-Engineer, page: 1
2025-05-27 00:37:28,794 - extract.jobdbsg - INFO - Scraping role: Machine-Learning-Engineer, page: 1, URL: https://sg.jobsdb.com/Machine-Learning-Engineer-jobs?page=1
2025-05-27 00:37:33,197 - extract.jobdbsg - INFO - Scraping role: Machine-Learning-Engineer, page: 2
2025-05-27 00:37:33,197 - extract.jobdbsg - INFO - Scraping role: Machine-Learning-Engineer, page: 2, URL: https://sg.jobsdb.com/Machine-Learning-Engineer-jobs?page=2
2025-05-27 00:37:37,671 - extract.jobdbsg - INFO - Scraping role: Machine-Learning-Engineer, page: 3
2025-05-27 00:37:37,671 - extract.jobdbsg - INFO - Scraping role: Machine-Learning-Engineer, page: 3, URL: https://sg.jobsdb.com/Machine-Learning-Engineer-jobs?page=3
2025-05-27 00:37:43,236 - extract.jobdbsg - INFO - Scraping role: DevOps-Engineer, page: 1
2025-05-27 00:37:43,236 - extract.jobdbsg - INFO - Scraping role: DevOps-Engineer, page: 1, URL: https://sg.jobsdb.com/DevOps-Engineer-jobs?page=1
2025-05-27 00:37:46,441 - extract.jobdbsg - INFO - Scraping role: DevOps-Engineer, page: 2
2025-05-27 00:37:46,441 - extract.jobdbsg - INFO - Scraping role: DevOps-Engineer, page: 2, URL: https://sg.jobsdb.com/DevOps-Engineer-jobs?page=2
2025-05-27 00:37:50,045 - extract.jobdbsg - INFO - Scraping role: DevOps-Engineer, page: 3
2025-05-27 00:37:50,045 - extract.jobdbsg - INFO - Scraping role: DevOps-Engineer, page: 3, URL: https://sg.jobsdb.com/DevOps-Engineer-jobs?page=3
2025-05-27 00:37:55,200 - extract.jobdbsg - INFO - Scraping role: Cloud-Engineer, page: 1
2025-05-27 00:37:55,200 - extract.jobdbsg - INFO - Scraping role: Cloud-Engineer, page: 1, URL: https://sg.jobsdb.com/Cloud-Engineer-jobs?page=1
2025-05-27 00:37:59,533 - extract.jobdbsg - INFO - Scraping role: Cloud-Engineer, page: 2
2025-05-27 00:37:59,533 - extract.jobdbsg - INFO - Scraping role: Cloud-Engineer, page: 2, URL: https://sg.jobsdb.com/Cloud-Engineer-jobs?page=2
2025-05-27 00:38:02,499 - extract.jobdbsg - INFO - Scraping role: Cloud-Engineer, page: 3
2025-05-27 00:38:02,499 - extract.jobdbsg - INFO - Scraping role: Cloud-Engineer, page: 3, URL: https://sg.jobsdb.com/Cloud-Engineer-jobs?page=3
2025-05-27 00:38:05,832 - extract.jobdbsg - INFO - Scraping role: Cybersecurity, page: 1
2025-05-27 00:38:05,832 - extract.jobdbsg - INFO - Scraping role: Cybersecurity, page: 1, URL: https://sg.jobsdb.com/Cybersecurity-jobs?page=1
2025-05-27 00:38:10,095 - extract.jobdbsg - INFO - Scraping role: Cybersecurity, page: 2
2025-05-27 00:38:10,095 - extract.jobdbsg - INFO - Scraping role: Cybersecurity, page: 2, URL: https://sg.jobsdb.com/Cybersecurity-jobs?page=2
2025-05-27 00:38:15,068 - extract.jobdbsg - INFO - Scraping role: Cybersecurity, page: 3
2025-05-27 00:38:15,068 - extract.jobdbsg - INFO - Scraping role: Cybersecurity, page: 3, URL: https://sg.jobsdb.com/Cybersecurity-jobs?page=3
2025-05-27 00:38:18,439 - extract.jobdbsg - INFO - WebDriver closed.
2025-05-27 00:38:18,439 - extract.jobdbsg - INFO - Scraping completed. Total jobs collected: 405
