2025-05-26 23:09:56,887 - extract.jobdbsg - INFO - Scraping role: Software-Developer, page: 1
2025-05-26 23:09:56,887 - extract.jobdbsg - INFO - Scraping role: Software-Developer, page: 1, URL: https://sg.jobsdb.com/Software-Developer-jobs?page=1
2025-05-26 23:10:10,858 - extract.jobdbsg - INFO - Scraping role: Software-Developer, page: 2
2025-05-26 23:10:10,858 - extract.jobdbsg - INFO - Scraping role: Software-Developer, page: 2, URL: https://sg.jobsdb.com/Software-Developer-jobs?page=2
2025-05-26 23:10:17,104 - extract.jobdbsg - INFO - Scraping role: Software-Developer, page: 3
2025-05-26 23:10:17,104 - extract.jobdbsg - INFO - Scraping role: Software-Developer, page: 3, URL: https://sg.jobsdb.com/Software-Developer-jobs?page=3
2025-05-26 23:10:21,548 - extract.jobdbsg - INFO - Scraping role: Web-Developer, page: 1
2025-05-26 23:10:21,549 - extract.jobdbsg - INFO - Scraping role: Web-Developer, page: 1, URL: https://sg.jobsdb.com/Web-Developer-jobs?page=1
2025-05-26 23:10:28,277 - extract.jobdbsg - INFO - Scraping role: Web-Developer, page: 2
2025-05-26 23:10:28,277 - extract.jobdbsg - INFO - Scraping role: Web-Developer, page: 2, URL: https://sg.jobsdb.com/Web-Developer-jobs?page=2
2025-05-26 23:10:33,668 - extract.jobdbsg - INFO - Scraping role: Web-Developer, page: 3
2025-05-26 23:10:33,668 - extract.jobdbsg - INFO - Scraping role: Web-Developer, page: 3, URL: https://sg.jobsdb.com/Web-Developer-jobs?page=3
2025-05-26 23:10:39,260 - extract.jobdbsg - INFO - Scraping role: Data-Scientist, page: 1
2025-05-26 23:10:39,260 - extract.jobdbsg - INFO - Scraping role: Data-Scientist, page: 1, URL: https://sg.jobsdb.com/Data-Scientist-jobs?page=1
2025-05-26 23:10:44,452 - extract.jobdbsg - INFO - Scraping role: Data-Scientist, page: 2
2025-05-26 23:10:44,453 - extract.jobdbsg - INFO - Scraping role: Data-Scientist, page: 2, URL: https://sg.jobsdb.com/Data-Scientist-jobs?page=2
2025-05-26 23:10:48,714 - extract.jobdbsg - INFO - Scraping role: Data-Scientist, page: 3
2025-05-26 23:10:48,715 - extract.jobdbsg - INFO - Scraping role: Data-Scientist, page: 3, URL: https://sg.jobsdb.com/Data-Scientist-jobs?page=3
2025-05-26 23:10:54,067 - extract.jobdbsg - INFO - Scraping role: Data-Analyst, page: 1
2025-05-26 23:10:54,068 - extract.jobdbsg - INFO - Scraping role: Data-Analyst, page: 1, URL: https://sg.jobsdb.com/Data-Analyst-jobs?page=1
2025-05-26 23:10:59,817 - extract.jobdbsg - INFO - Scraping role: Data-Analyst, page: 2
2025-05-26 23:10:59,817 - extract.jobdbsg - INFO - Scraping role: Data-Analyst, page: 2, URL: https://sg.jobsdb.com/Data-Analyst-jobs?page=2
2025-05-26 23:11:04,316 - extract.jobdbsg - INFO - Scraping role: Data-Analyst, page: 3
2025-05-26 23:11:04,316 - extract.jobdbsg - INFO - Scraping role: Data-Analyst, page: 3, URL: https://sg.jobsdb.com/Data-Analyst-jobs?page=3
2025-05-26 23:11:10,410 - extract.jobdbsg - INFO - Scraping role: AI-Engineer, page: 1
2025-05-26 23:11:10,410 - extract.jobdbsg - INFO - Scraping role: AI-Engineer, page: 1, URL: https://sg.jobsdb.com/AI-Engineer-jobs?page=1
2025-05-26 23:11:15,344 - extract.jobdbsg - INFO - Scraping role: AI-Engineer, page: 2
2025-05-26 23:11:15,344 - extract.jobdbsg - INFO - Scraping role: AI-Engineer, page: 2, URL: https://sg.jobsdb.com/AI-Engineer-jobs?page=2
2025-05-26 23:11:20,461 - extract.jobdbsg - INFO - Scraping role: AI-Engineer, page: 3
2025-05-26 23:11:20,461 - extract.jobdbsg - INFO - Scraping role: AI-Engineer, page: 3, URL: https://sg.jobsdb.com/AI-Engineer-jobs?page=3
2025-05-26 23:11:24,962 - extract.jobdbsg - INFO - Scraping role: Machine-Learning-Engineer, page: 1
2025-05-26 23:11:24,963 - extract.jobdbsg - INFO - Scraping role: Machine-Learning-Engineer, page: 1, URL: https://sg.jobsdb.com/Machine-Learning-Engineer-jobs?page=1
2025-05-26 23:11:29,443 - extract.jobdbsg - INFO - Scraping role: Machine-Learning-Engineer, page: 2
2025-05-26 23:11:29,443 - extract.jobdbsg - INFO - Scraping role: Machine-Learning-Engineer, page: 2, URL: https://sg.jobsdb.com/Machine-Learning-Engineer-jobs?page=2
2025-05-26 23:11:34,573 - extract.jobdbsg - INFO - Scraping role: Machine-Learning-Engineer, page: 3
2025-05-26 23:11:34,573 - extract.jobdbsg - INFO - Scraping role: Machine-Learning-Engineer, page: 3, URL: https://sg.jobsdb.com/Machine-Learning-Engineer-jobs?page=3
2025-05-26 23:11:39,519 - extract.jobdbsg - INFO - Scraping role: DevOps-Engineer, page: 1
2025-05-26 23:11:39,519 - extract.jobdbsg - INFO - Scraping role: DevOps-Engineer, page: 1, URL: https://sg.jobsdb.com/DevOps-Engineer-jobs?page=1
2025-05-26 23:11:45,355 - extract.jobdbsg - INFO - Scraping role: DevOps-Engineer, page: 2
2025-05-26 23:11:45,355 - extract.jobdbsg - INFO - Scraping role: DevOps-Engineer, page: 2, URL: https://sg.jobsdb.com/DevOps-Engineer-jobs?page=2
2025-05-26 23:11:50,216 - extract.jobdbsg - INFO - Scraping role: DevOps-Engineer, page: 3
2025-05-26 23:11:50,216 - extract.jobdbsg - INFO - Scraping role: DevOps-Engineer, page: 3, URL: https://sg.jobsdb.com/DevOps-Engineer-jobs?page=3
2025-05-26 23:11:56,065 - extract.jobdbsg - INFO - Scraping role: Cloud-Engineer, page: 1
2025-05-26 23:11:56,065 - extract.jobdbsg - INFO - Scraping role: Cloud-Engineer, page: 1, URL: https://sg.jobsdb.com/Cloud-Engineer-jobs?page=1
2025-05-26 23:12:01,599 - extract.jobdbsg - INFO - Scraping role: Cloud-Engineer, page: 2
2025-05-26 23:12:01,599 - extract.jobdbsg - INFO - Scraping role: Cloud-Engineer, page: 2, URL: https://sg.jobsdb.com/Cloud-Engineer-jobs?page=2
2025-05-26 23:12:08,453 - extract.jobdbsg - INFO - Scraping role: Cloud-Engineer, page: 3
2025-05-26 23:12:08,453 - extract.jobdbsg - INFO - Scraping role: Cloud-Engineer, page: 3, URL: https://sg.jobsdb.com/Cloud-Engineer-jobs?page=3
2025-05-26 23:12:13,292 - extract.jobdbsg - INFO - Scraping role: Cybersecurity, page: 1
2025-05-26 23:12:13,292 - extract.jobdbsg - INFO - Scraping role: Cybersecurity, page: 1, URL: https://sg.jobsdb.com/Cybersecurity-jobs?page=1
2025-05-26 23:12:18,130 - extract.jobdbsg - INFO - Scraping role: Cybersecurity, page: 2
2025-05-26 23:12:18,130 - extract.jobdbsg - INFO - Scraping role: Cybersecurity, page: 2, URL: https://sg.jobsdb.com/Cybersecurity-jobs?page=2
2025-05-26 23:12:24,267 - extract.jobdbsg - INFO - Scraping role: Cybersecurity, page: 3
2025-05-26 23:12:24,267 - extract.jobdbsg - INFO - Scraping role: Cybersecurity, page: 3, URL: https://sg.jobsdb.com/Cybersecurity-jobs?page=3
2025-05-26 23:12:32,509 - extract.jobdbsg - INFO - WebDriver closed.
2025-05-26 23:12:32,509 - extract.jobdbsg - INFO - Scraping completed. Total jobs collected: 405
